#
# There is insufficient memory for the Java Runtime Environment to continue.
# Native memory allocation (malloc) failed to allocate 41392 bytes for Chunk::new
# Possible reasons:
#   The system is out of physical RAM or swap space
#   In 32 bit mode, the process size limit was hit
# Possible solutions:
#   Reduce memory load on the system
#   Increase physical memory or swap space
#   Check if swap backing store is full
#   Use 64 bit Java on a 64 bit OS
#   Decrease Java heap size (-Xmx/-Xms)
#   Decrease number of Java threads
#   Decrease Java thread stack sizes (-Xss)
#   Set larger code cache with -XX:ReservedCodeCacheSize=
# This output file may be truncated or incomplete.
#
#  Out of Memory Error (allocation.cpp:390), pid=19192, tid=17252
#
# JRE version: Java(TM) SE Runtime Environment (8.0_25-b18) (build 1.8.0_25-b18)
# Java VM: Java HotSpot(TM) 64-Bit Server VM (25.25-b02 mixed mode windows-amd64 compressed oops)
# Failed to write core dump. Minidumps are not enabled by default on client versions of Windows
#

---------------  T H R E A D  ---------------

Current thread (0x000000001ac9f800):  JavaThread "C2 CompilerThread2" daemon [_thread_in_native, id=17252, stack(0x000000001c7c0000,0x000000001c8c0000)]

Stack: [0x000000001c7c0000,0x000000001c8c0000]
Native frames: (J=compiled Java code, j=interpreted, Vv=VM code, C=native code)
V  [jvm.dll+0x31667a]


Current CompileTask:
C2:  12430 2217       4       sun.java2d.pipe.DrawImage::blitSurfaceData (145 bytes)


---------------  P R O C E S S  ---------------

Java Threads: ( => current thread )
  0x00000000559c9000 JavaThread "TimerQueue" daemon [_thread_blocked, id=12016, stack(0x000000003bf10000,0x000000003c010000)]
  0x000000001cf0f000 JavaThread "pool-2-thread-1" [_thread_in_vm, id=26528, stack(0x00000000215a0000,0x00000000216a0000)]
  0x00000000559f7000 JavaThread "D3D Screen Updater" daemon [_thread_in_native, id=12768, stack(0x0000000020fe0000,0x00000000210e0000)]
  0x000000000030f800 JavaThread "DestroyJavaVM" [_thread_blocked, id=19048, stack(0x00000000020f0000,0x00000000021f0000)]
  0x0000000055c63800 JavaThread "AWT-EventQueue-0" [_thread_blocked, id=16016, stack(0x0000000020ba0000,0x0000000020ca0000)]
  0x000000005591c000 JavaThread "AWT-Shutdown" [_thread_blocked, id=27008, stack(0x0000000020ce0000,0x0000000020de0000)]
  0x000000001cd9c000 JavaThread "AWT-Windows" daemon [_thread_in_native, id=25844, stack(0x000000001cb50000,0x000000001cc50000)]
  0x000000001cd9b000 JavaThread "Java2D Disposer" daemon [_thread_blocked, id=2856, stack(0x000000001d630000,0x000000001d730000)]
  0x000000001ad1f000 JavaThread "Service Thread" daemon [_thread_blocked, id=23184, stack(0x000000001c400000,0x000000001c500000)]
  0x000000001acbd000 JavaThread "C1 CompilerThread3" daemon [_thread_blocked, id=19812, stack(0x000000001c9e0000,0x000000001cae0000)]
=>0x000000001ac9f800 JavaThread "C2 CompilerThread2" daemon [_thread_in_native, id=17252, stack(0x000000001c7c0000,0x000000001c8c0000)]
  0x000000001ac9a800 JavaThread "C2 CompilerThread1" daemon [_thread_in_native, id=23808, stack(0x000000001c640000,0x000000001c740000)]
  0x000000001ac8f000 JavaThread "C2 CompilerThread0" daemon [_thread_in_native, id=5240, stack(0x000000001c510000,0x000000001c610000)]
  0x000000001ac8b800 JavaThread "Attach Listener" daemon [_thread_blocked, id=21464, stack(0x000000001c110000,0x000000001c210000)]
  0x000000001ac8a000 JavaThread "Signal Dispatcher" daemon [_thread_blocked, id=24376, stack(0x000000001c270000,0x000000001c370000)]
  0x0000000001d4e000 JavaThread "Finalizer" daemon [_thread_blocked, id=4756, stack(0x000000001c000000,0x000000001c100000)]
  0x0000000019bd4800 JavaThread "Reference Handler" daemon [_thread_blocked, id=9348, stack(0x000000001be50000,0x000000001bf50000)]

Other Threads:
  0x000000001ac43000 VMThread [stack: 0x000000001bca0000,0x000000001bda0000] [id=18264]
  0x000000001ad20000 WatcherThread [stack: 0x000000001cc70000,0x000000001cd70000] [id=15472]

VM state:not at safepoint (normal execution)

VM Mutex/Monitor currently owned by a thread: None

Heap:
 PSYoungGen      total 57344K, used 45516K [0x0000000780900000, 0x0000000784900000, 0x00000007c0000000)
  eden space 49152K, 79% used [0x0000000780900000,0x0000000782f0b440,0x0000000783900000)
  from space 8192K, 80% used [0x0000000784100000,0x0000000784767f58,0x0000000784900000)
  to   space 8192K, 0% used [0x0000000783900000,0x0000000783900000,0x0000000784100000)
 ParOldGen       total 131072K, used 30K [0x0000000701a00000, 0x0000000709a00000, 0x0000000780900000)
  object space 131072K, 0% used [0x0000000701a00000,0x0000000701a07810,0x0000000709a00000)
 Metaspace       used 15323K, capacity 15564K, committed 15872K, reserved 1062912K
  class space    used 1871K, capacity 1924K, committed 2048K, reserved 1048576K

Card table byte_map: [0x0000000011880000,0x0000000011e80000] byte_map_base: 0x000000000e073000

Marking Bits: (ParMarkBitMap*) 0x000000005aadd490
 Begin Bits: [0x0000000012cc0000, 0x0000000015c58000)
 End Bits:   [0x0000000015c58000, 0x0000000018bf0000)

Polling page: 0x0000000000130000

CodeCache: size=245760Kb used=7122Kb max_used=7122Kb free=238637Kb
 bounds [0x00000000024c0000, 0x0000000002bd0000, 0x00000000114c0000]
 total_blobs=2787 nmethods=2236 adapters=461
 compilation: enabled

Compilation events (10 events):
Event: 12.415 Thread 0x000000001acbd000 2242       3       java.lang.Throwable::<init> (34 bytes)
Event: 12.415 Thread 0x000000001ac9a800 nmethod 2215 0x0000000002bb8310 code [0x0000000002bb86e0, 0x0000000002bbac60]
Event: 12.416 Thread 0x000000001acbd000 nmethod 2242 0x0000000002bb1590 code [0x0000000002bb1720, 0x0000000002bb1cc8]
Event: 12.416 Thread 0x000000001ac9a800 2216       4       sun.java2d.SurfaceData::getSourceSurfaceData (110 bytes)
Event: 12.418 Thread 0x000000001ac9f800 nmethod 2241 0x0000000002badf10 code [0x0000000002bae080, 0x0000000002bae228]
Event: 12.418 Thread 0x000000001ac9f800 2217       4       sun.java2d.pipe.DrawImage::blitSurfaceData (145 bytes)
Event: 12.424 Thread 0x000000001acbd000 2244       3       java.lang.Exception::<init> (6 bytes)
Event: 12.425 Thread 0x000000001acbd000 nmethod 2244 0x0000000002bad5d0 code [0x0000000002bad760, 0x0000000002badd68]
Event: 12.425 Thread 0x000000001acbd000 2245       3       java.io.IOException::<init> (6 bytes)
Event: 12.425 Thread 0x000000001acbd000 nmethod 2245 0x0000000002bad190 code [0x0000000002bad300, 0x0000000002bad4e8]

GC Heap History (4 events):
Event: 2.705 GC heap before
{Heap before GC invocations=1 (full 0):
 PSYoungGen      total 57344K, used 49152K [0x0000000780900000, 0x0000000784900000, 0x00000007c0000000)
  eden space 49152K, 100% used [0x0000000780900000,0x0000000783900000,0x0000000783900000)
  from space 8192K, 0% used [0x0000000784100000,0x0000000784100000,0x0000000784900000)
  to   space 8192K, 0% used [0x0000000783900000,0x0000000783900000,0x0000000784100000)
 ParOldGen       total 131072K, used 0K [0x0000000701a00000, 0x0000000709a00000, 0x0000000780900000)
  object space 131072K, 0% used [0x0000000701a00000,0x0000000701a00000,0x0000000709a00000)
 Metaspace       used 11710K, capacity 11880K, committed 12032K, reserved 1060864K
  class space    used 1443K, capacity 1472K, committed 1536K, reserved 1048576K
Event: 2.721 GC heap after
Heap after GC invocations=1 (full 0):
 PSYoungGen      total 57344K, used 5194K [0x0000000780900000, 0x0000000784900000, 0x00000007c0000000)
  eden space 49152K, 0% used [0x0000000780900000,0x0000000780900000,0x0000000783900000)
  from space 8192K, 63% used [0x0000000783900000,0x0000000783e128a0,0x0000000784100000)
  to   space 8192K, 0% used [0x0000000784100000,0x0000000784100000,0x0000000784900000)
 ParOldGen       total 131072K, used 8K [0x0000000701a00000, 0x0000000709a00000, 0x0000000780900000)
  object space 131072K, 0% used [0x0000000701a00000,0x0000000701a02000,0x0000000709a00000)
 Metaspace       used 11710K, capacity 11880K, committed 12032K, reserved 1060864K
  class space    used 1443K, capacity 1472K, committed 1536K, reserved 1048576K
}
Event: 9.205 GC heap before
{Heap before GC invocations=2 (full 0):
 PSYoungGen      total 57344K, used 54346K [0x0000000780900000, 0x0000000784900000, 0x00000007c0000000)
  eden space 49152K, 100% used [0x0000000780900000,0x0000000783900000,0x0000000783900000)
  from space 8192K, 63% used [0x0000000783900000,0x0000000783e128a0,0x0000000784100000)
  to   space 8192K, 0% used [0x0000000784100000,0x0000000784100000,0x0000000784900000)
 ParOldGen       total 131072K, used 8K [0x0000000701a00000, 0x0000000709a00000, 0x0000000780900000)
  object space 131072K, 0% used [0x0000000701a00000,0x0000000701a02000,0x0000000709a00000)
 Metaspace       used 15140K, capacity 15332K, committed 15488K, reserved 1062912K
  class space    used 1869K, capacity 1892K, committed 1920K, reserved 1048576K
Event: 9.217 GC heap after
Heap after GC invocations=2 (full 0):
 PSYoungGen      total 57344K, used 6559K [0x0000000780900000, 0x0000000784900000, 0x00000007c0000000)
  eden space 49152K, 0% used [0x0000000780900000,0x0000000780900000,0x0000000783900000)
  from space 8192K, 80% used [0x0000000784100000,0x0000000784767f58,0x0000000784900000)
  to   space 8192K, 0% used [0x0000000783900000,0x0000000783900000,0x0000000784100000)
 ParOldGen       total 131072K, used 30K [0x0000000701a00000, 0x0000000709a00000, 0x0000000780900000)
  object space 131072K, 0% used [0x0000000701a00000,0x0000000701a07810,0x0000000709a00000)
 Metaspace       used 15140K, capacity 15332K, committed 15488K, reserved 1062912K
  class space    used 1869K, capacity 1892K, committed 1920K, reserved 1048576K
}

Deoptimization events (10 events):
Event: 2.509 Thread 0x000000000030f800 Uncommon trap: reason=unloaded action=reinterpret pc=0x00000000026c5718 method=java.nio.Buffer.nextGetIndex(I)I @ 13
Event: 2.619 Thread 0x000000000030f800 Uncommon trap: reason=class_check action=maybe_recompile pc=0x0000000002717f70 method=java.util.regex.Pattern$CharProperty.match(Ljava/util/regex/Matcher;ILjava/lang/CharSequence;)Z @ 37
Event: 2.619 Thread 0x000000000030f800 Uncommon trap: reason=class_check action=maybe_recompile pc=0x0000000002717f70 method=java.util.regex.Pattern$CharProperty.match(Ljava/util/regex/Matcher;ILjava/lang/CharSequence;)Z @ 37
Event: 2.644 Thread 0x000000000030f800 Uncommon trap: reason=class_check action=maybe_recompile pc=0x0000000002717f70 method=java.util.regex.Pattern$CharProperty.match(Ljava/util/regex/Matcher;ILjava/lang/CharSequence;)Z @ 37
Event: 2.651 Thread 0x000000000030f800 Uncommon trap: reason=class_check action=maybe_recompile pc=0x0000000002717f70 method=java.util.regex.Pattern$CharProperty.match(Ljava/util/regex/Matcher;ILjava/lang/CharSequence;)Z @ 37
Event: 2.993 Thread 0x000000000030f800 Uncommon trap: reason=class_check action=maybe_recompile pc=0x0000000002677910 method=java.lang.String.equals(Ljava/lang/Object;)Z @ 8
Event: 2.993 Thread 0x000000000030f800 Uncommon trap: reason=class_check action=maybe_recompile pc=0x0000000002677910 method=java.lang.String.equals(Ljava/lang/Object;)Z @ 8
Event: 2.993 Thread 0x000000000030f800 Uncommon trap: reason=class_check action=maybe_recompile pc=0x0000000002677910 method=java.lang.String.equals(Ljava/lang/Object;)Z @ 8
Event: 2.993 Thread 0x000000000030f800 Uncommon trap: reason=class_check action=maybe_recompile pc=0x0000000002677910 method=java.lang.String.equals(Ljava/lang/Object;)Z @ 8
Event: 3.355 Thread 0x000000000030f800 Uncommon trap: reason=predicate action=maybe_recompile pc=0x0000000002746bc4 method=java.util.ArrayList.indexOf(Ljava/lang/Object;)I @ 44

Internal exceptions (10 events):
Event: 12.424 Thread 0x000000001cf0f000 Exception <a 'java/io/IOException'> (0x0000000782e979d0) thrown at [D:\re\workspace\8-2-build-windows-amd64-cygwin\jdk8u25\1677\hotspot\src\share\vm\prims\jni.cpp, line 716]
Event: 12.425 Thread 0x000000001cf0f000 Exception <a 'java/io/IOException'> (0x0000000782e97cb0) thrown at [D:\re\workspace\8-2-build-windows-amd64-cygwin\jdk8u25\1677\hotspot\src\share\vm\prims\jni.cpp, line 716]
Event: 12.425 Thread 0x000000001cf0f000 Exception <a 'java/io/IOException'> (0x0000000782e97f90) thrown at [D:\re\workspace\8-2-build-windows-amd64-cygwin\jdk8u25\1677\hotspot\src\share\vm\prims\jni.cpp, line 716]
Event: 12.425 Thread 0x000000001cf0f000 Exception <a 'java/io/IOException'> (0x0000000782e98270) thrown at [D:\re\workspace\8-2-build-windows-amd64-cygwin\jdk8u25\1677\hotspot\src\share\vm\prims\jni.cpp, line 716]
Event: 12.425 Thread 0x000000001cf0f000 Exception <a 'java/io/IOException'> (0x0000000782e98590) thrown at [D:\re\workspace\8-2-build-windows-amd64-cygwin\jdk8u25\1677\hotspot\src\share\vm\prims\jni.cpp, line 716]
Event: 12.425 Thread 0x000000001cf0f000 Exception <a 'java/io/IOException'> (0x0000000782e98870) thrown at [D:\re\workspace\8-2-build-windows-amd64-cygwin\jdk8u25\1677\hotspot\src\share\vm\prims\jni.cpp, line 716]
Event: 12.425 Thread 0x000000001cf0f000 Exception <a 'java/io/IOException'> (0x0000000782e98b50) thrown at [D:\re\workspace\8-2-build-windows-amd64-cygwin\jdk8u25\1677\hotspot\src\share\vm\prims\jni.cpp, line 716]
Event: 12.425 Thread 0x000000001cf0f000 Exception <a 'java/io/IOException'> (0x0000000782e98e30) thrown at [D:\re\workspace\8-2-build-windows-amd64-cygwin\jdk8u25\1677\hotspot\src\share\vm\prims\jni.cpp, line 716]
Event: 12.425 Thread 0x000000001cf0f000 Exception <a 'java/io/IOException'> (0x0000000782e99110) thrown at [D:\re\workspace\8-2-build-windows-amd64-cygwin\jdk8u25\1677\hotspot\src\share\vm\prims\jni.cpp, line 716]
Event: 12.425 Thread 0x000000001cf0f000 Exception <a 'java/io/IOException'> (0x0000000782e993f0) thrown at [D:\re\workspace\8-2-build-windows-amd64-cygwin\jdk8u25\1677\hotspot\src\share\vm\prims\jni.cpp, line 716]

Events (10 events):
Event: 8.740 loading class java/awt/image/BufferedImageOp
Event: 8.741 loading class java/awt/image/BufferedImageOp done
Event: 9.205 Executing VM operation: ParallelGCFailedAllocation
Event: 9.217 Executing VM operation: ParallelGCFailedAllocation done
Event: 11.062 loading class sun/nio/ch/FileChannelImpl$1
Event: 11.063 loading class sun/misc/JavaNioAccess$BufferPool
Event: 11.063 loading class sun/misc/JavaNioAccess$BufferPool done
Event: 11.063 loading class sun/nio/ch/FileChannelImpl$1 done
Event: 11.194 loading class java/util/ArrayList$1
Event: 11.194 loading class java/util/ArrayList$1 done


Dynamic libraries:
0x000000013f5d0000 - 0x000000013f604000 	C:\Program Files\Java\jdk1.8.0_25\bin\javaw.exe
0x00000000771f0000 - 0x0000000077399000 	C:\Windows\SYSTEM32\ntdll.dll
0x0000000076fd0000 - 0x00000000770ef000 	C:\Windows\system32\kernel32.dll
0x000007fefcfc0000 - 0x000007fefd02c000 	C:\Windows\system32\KERNELBASE.dll
0x000007fefe360000 - 0x000007fefe43b000 	C:\Windows\system32\ADVAPI32.dll
0x000007feff190000 - 0x000007feff22f000 	C:\Windows\system32\msvcrt.dll
0x000007fefe440000 - 0x000007fefe45f000 	C:\Windows\SYSTEM32\sechost.dll
0x000007feff060000 - 0x000007feff18d000 	C:\Windows\system32\RPCRT4.dll
0x00000000770f0000 - 0x00000000771ea000 	C:\Windows\system32\USER32.dll
0x000007fefee30000 - 0x000007fefee97000 	C:\Windows\system32\GDI32.dll
0x000007feff050000 - 0x000007feff05e000 	C:\Windows\system32\LPK.dll
0x000007fefecb0000 - 0x000007fefed79000 	C:\Windows\system32\USP10.dll
0x000007fefb9a0000 - 0x000007fefbb94000 	C:\Windows\WinSxS\amd64_microsoft.windows.common-controls_6595b64144ccf1df_6.0.7601.18837_none_fa3b1e3d17594757\COMCTL32.dll
0x000007fefec30000 - 0x000007fefeca1000 	C:\Windows\system32\SHLWAPI.dll
0x000007fefee00000 - 0x000007fefee2e000 	C:\Windows\system32\IMM32.DLL
0x000007fefeea0000 - 0x000007fefefa9000 	C:\Windows\system32\MSCTF.dll
0x000007fefced0000 - 0x000007fefcf01000 	C:\Windows\system32\nvinitx.dll
0x000007fefcec0000 - 0x000007fefcecc000 	C:\Windows\system32\VERSION.dll
0x000007fef7850000 - 0x000007fef7962000 	C:\Windows\system32\NV\igdumd64.dll
0x000007fefe820000 - 0x000007fefe9f7000 	C:\Windows\system32\SETUPAPI.dll
0x000007fefd2e0000 - 0x000007fefd316000 	C:\Windows\system32\CFGMGR32.dll
0x000007fefe4b0000 - 0x000007fefe587000 	C:\Windows\system32\OLEAUT32.dll
0x000007fefe5b0000 - 0x000007fefe7b3000 	C:\Windows\system32\ole32.dll
0x000007fefd2c0000 - 0x000007fefd2da000 	C:\Windows\system32\DEVOBJ.dll
0x000007fef71e0000 - 0x000007fef72f2000 	C:\Windows\system32\NV\igd10umd64.dll
0x0000000069a70000 - 0x0000000069b42000 	C:\Program Files\Java\jdk1.8.0_25\jre\bin\msvcr100.dll
0x000000005a300000 - 0x000000005ab5a000 	C:\Program Files\Java\jdk1.8.0_25\jre\bin\server\jvm.dll
0x000007fef7830000 - 0x000007fef7839000 	C:\Windows\system32\WSOCK32.dll
0x000007fefe460000 - 0x000007fefe4ad000 	C:\Windows\system32\WS2_32.dll
0x000007fefd360000 - 0x000007fefd368000 	C:\Windows\system32\NSI.dll
0x000007fefad30000 - 0x000007fefad6b000 	C:\Windows\system32\WINMM.dll
0x00000000773b0000 - 0x00000000773b7000 	C:\Windows\system32\PSAPI.DLL
0x00000000731a0000 - 0x00000000731af000 	C:\Program Files\Java\jdk1.8.0_25\jre\bin\verify.dll
0x000000006b080000 - 0x000000006b0a8000 	C:\Program Files\Java\jdk1.8.0_25\jre\bin\java.dll
0x000000006d990000 - 0x000000006d9a6000 	C:\Program Files\Java\jdk1.8.0_25\jre\bin\zip.dll
0x000007fefd5d0000 - 0x000007fefe359000 	C:\Windows\system32\SHELL32.dll
0x000007fefcfb0000 - 0x000007fefcfbf000 	C:\Windows\system32\profapi.dll
0x00000000698d0000 - 0x0000000069a68000 	C:\Program Files\Java\jdk1.8.0_25\jre\bin\awt.dll
0x000007fefb810000 - 0x000007fefb866000 	C:\Windows\system32\uxtheme.dll
0x000007fefaf00000 - 0x000007fefaf18000 	C:\Windows\system32\dwmapi.dll
0x000007fefcdf0000 - 0x000007fefcdff000 	C:\Windows\system32\CRYPTBASE.dll
0x000007fee5cf0000 - 0x000007fee5eef000 	C:\Windows\system32\d3d9.dll
0x000007fefa8d0000 - 0x000007fefa8d7000 	C:\Windows\system32\d3d8thk.dll
0x0000000180000000 - 0x00000001807ca000 	C:\Windows\system32\igdumd64.dll
0x000000006aee0000 - 0x000000006af27000 	C:\Program Files\Java\jdk1.8.0_25\jre\bin\fontmanager.dll
0x000000006ece0000 - 0x000000006ecfa000 	C:\Program Files\Java\jdk1.8.0_25\jre\bin\net.dll
0x000007fefc6f0000 - 0x000007fefc745000 	C:\Windows\system32\mswsock.dll
0x000007fefc6e0000 - 0x000007fefc6e7000 	C:\Windows\System32\wship6.dll
0x000000006b140000 - 0x000000006b151000 	C:\Program Files\Java\jdk1.8.0_25\jre\bin\nio.dll
0x000000006af40000 - 0x000000006af71000 	C:\Program Files\Java\jdk1.8.0_25\jre\bin\jpeg.dll
0x000007fef9780000 - 0x000007fef9820000 	C:\Windows\WinSxS\amd64_microsoft.windows.common-controls_6595b64144ccf1df_5.82.7601.18837_none_a4d981ff711297b6\comctl32.dll
0x0000000069be0000 - 0x0000000069c21000 	C:\Program Files\Java\jdk1.8.0_25\jre\bin\t2k.dll
0x000007fefc750000 - 0x000007fefc768000 	C:\Windows\system32\CRYPTSP.dll
0x000007fefc450000 - 0x000007fefc497000 	C:\Windows\system32\rsaenh.dll
0x000007fefd330000 - 0x000007fefd34e000 	C:\Windows\system32\USERENV.dll
0x000007fefa850000 - 0x000007fefa877000 	C:\Windows\system32\IPHLPAPI.DLL
0x000007fefa840000 - 0x000007fefa84b000 	C:\Windows\system32\WINNSI.DLL
0x000007fefa650000 - 0x000007fefa668000 	C:\Windows\system32\dhcpcsvc.DLL
0x000007fefa630000 - 0x000007fefa641000 	C:\Windows\system32\dhcpcsvc6.DLL
0x000007fefea00000 - 0x000007fefea99000 	C:\Windows\system32\CLBCatQ.DLL
0x000007fefa9a0000 - 0x000007fefab01000 	C:\Windows\system32\WindowsCodecs.dll
0x000007fefcd90000 - 0x000007fefcde7000 	C:\Windows\system32\apphelp.dll
0x000007fef0ab0000 - 0x000007fef0aeb000 	C:\Users\Crigges-Pc\AppData\Roaming\Dropbox\bin\DropboxExt64.27.dll
0x000007fef5cb0000 - 0x000007fef5ce5000 	C:\Windows\system32\EhStorShell.dll
0x000007fefb520000 - 0x000007fefb64c000 	C:\Windows\system32\PROPSYS.dll
0x000007fef5c30000 - 0x000007fef5cae000 	C:\Windows\System32\cscui.dll
0x000007fef5c10000 - 0x000007fef5c1c000 	C:\Windows\System32\CSCDLL.dll
0x000007fef5c00000 - 0x000007fef5c0f000 	C:\Windows\system32\CSCAPI.dll
0x000007fef5b70000 - 0x000007fef5bf0000 	C:\Windows\system32\ntshrui.dll
0x000007fefca10000 - 0x000007fefca33000 	C:\Windows\system32\srvcli.dll
0x000007fefac20000 - 0x000007fefac2b000 	C:\Windows\system32\slc.dll

VM Arguments:
jvm_args: -XX:-DoEscapeAnalysis -Dfile.encoding=Cp1252 
java_command: de.crigges.texturechooser.ui.TextureChooser
java_class_path (initial): C:\Users\Crigges-Pc\git\TextureChooser\bin;C:\Users\Crigges-Pc\git\TextureChooser\jgoodies-forms-1.8.0.jar;C:\Users\Crigges-Pc\git\TextureChooser\miglayout15-swing.jar;C:\Users\Crigges-Pc\git\TextureChooser\lib\guava-14.0-rc1.jar;C:\Users\Crigges-Pc\git\TextureChooser\lib\jmpq3.jar
Launcher Type: SUN_STANDARD

Environment Variables:
PATH=C:/Users/Crigges-Pc/Desktop/Desktop/eclipse 8Java//Java_64/bin/server;C:/Users/Crigges-Pc/Desktop/Desktop/eclipse 8Java//Java_64/bin;C:/Users/Crigges-Pc/Desktop/Desktop/eclipse 8Java//Java_64/lib/amd64;C:\ProgramData\Oracle\Java\javapath;C:\Program Files\Haskell\bin;C:\Program Files\Haskell Platform\2014.2.0.0\lib\extralibs\bin;C:\Program Files\Haskell Platform\2014.2.0.0\bin;C:\Windows\system32;C:\Windows;C:\Windows\System32\Wbem;C:\Windows\System32\WindowsPowerShell\v1.0\;C:\Program Files (x86)\Intel\OpenCL SDK\2.0\bin\x86;C:\Program Files (x86)\Intel\OpenCL SDK\2.0\bin\x64;C:\Program Files\Intel\WiFi\bin\;C:\Program Files\Common Files\Intel\WirelessCommon\;C:\Program Files\Haskell Platform\2014.2.0.0\mingw\bin;C:\Program Files (x86)\Git\cmd;C:\Program Files (x86)\NVIDIA Corporation\PhysX\Common;C:\Windows\system32\config\systemprofile\.dnx\bin;C:\Program Files\Microsoft DNX\Dnvm\;C:\Program Files (x86)\Skype\Phone\;C:\Program Files (x86)\GtkSharp\2.12\bin;C:\Users\Crigges-Pc\Desktop\Desktop\eclipse 8Java;
USERNAME=Crigges-Pc
OS=Windows_NT
PROCESSOR_IDENTIFIER=Intel64 Family 6 Model 58 Stepping 9, GenuineIntel



---------------  S Y S T E M  ---------------

OS: Windows 7 , 64 bit Build 7601 Service Pack 1

CPU:total 8 (4 cores per cpu, 2 threads per core) family 6 model 58 stepping 9, cmov, cx8, fxsr, mmx, sse, sse2, sse3, ssse3, sse4.1, sse4.2, popcnt, avx, aes, clmul, erms, ht, tsc, tscinvbit, tscinv

Memory: 4k page, physical 12472856k(6452576k free), swap 12471016k(5148k free)

vm_info: Java HotSpot(TM) 64-Bit Server VM (25.25-b02) for windows-amd64 JRE (1.8.0_25-b18), built on Oct  7 2014 14:25:37 by "java_re" with MS VC++ 10.0 (VS2010)

time: Fri Oct 02 16:02:05 2015
elapsed time: 12 seconds (0d 0h 0m 12s)

