#
# There is insufficient memory for the Java Runtime Environment to continue.
# Native memory allocation (malloc) failed to allocate 452336 bytes for Chunk::new
# Possible reasons:
#   The system is out of physical RAM or swap space
#   In 32 bit mode, the process size limit was hit
# Possible solutions:
#   Reduce memory load on the system
#   Increase physical memory or swap space
#   Check if swap backing store is full
#   Use 64 bit Java on a 64 bit OS
#   Decrease Java heap size (-Xmx/-Xms)
#   Decrease number of Java threads
#   Decrease Java thread stack sizes (-Xss)
#   Set larger code cache with -XX:ReservedCodeCacheSize=
# This output file may be truncated or incomplete.
#
#  Out of Memory Error (allocation.cpp:390), pid=20068, tid=23692
#
# JRE version: Java(TM) SE Runtime Environment (8.0_25-b18) (build 1.8.0_25-b18)
# Java VM: Java HotSpot(TM) 64-Bit Server VM (25.25-b02 mixed mode windows-amd64 compressed oops)
# Failed to write core dump. Minidumps are not enabled by default on client versions of Windows
#

---------------  T H R E A D  ---------------

Current thread (0x0000000019c5f800):  JavaThread "C2 CompilerThread2" daemon [_thread_in_native, id=23692, stack(0x000000001c730000,0x000000001c830000)]

Stack: [0x000000001c730000,0x000000001c830000]
Native frames: (J=compiled Java code, j=interpreted, Vv=VM code, C=native code)
V  [jvm.dll+0x31667a]


Current CompileTask:
C2:  14143 2314   !   4       sun.java2d.SunGraphics2D::drawImage (145 bytes)


---------------  P R O C E S S  ---------------

Java Threads: ( => current thread )
  0x000000001d06a000 JavaThread "TimerQueue" daemon [_thread_blocked, id=22480, stack(0x000000003c050000,0x000000003c150000)]
  0x000000001cfe6800 JavaThread "pool-2-thread-1" [_thread_in_native, id=25000, stack(0x0000000021530000,0x0000000021630000)]
  0x000000001d2e6000 JavaThread "D3D Screen Updater" daemon [_thread_in_native, id=5356, stack(0x00000000210b0000,0x00000000211b0000)]
  0x0000000001e6f800 JavaThread "DestroyJavaVM" [_thread_blocked, id=20788, stack(0x0000000001ec0000,0x0000000001fc0000)]
  0x00000000559a3000 JavaThread "AWT-EventQueue-0" [_thread_blocked, id=21784, stack(0x000000001d4a0000,0x000000001d5a0000)]
  0x000000001cf01800 JavaThread "AWT-Shutdown" [_thread_blocked, id=13336, stack(0x000000001dd50000,0x000000001de50000)]
  0x000000001cb25800 JavaThread "AWT-Windows" daemon [_thread_in_native, id=22136, stack(0x000000001d720000,0x000000001d820000)]
  0x000000001cb23000 JavaThread "Java2D Disposer" daemon [_thread_blocked, id=1664, stack(0x000000001d320000,0x000000001d420000)]
  0x000000001ad8e000 JavaThread "Service Thread" daemon [_thread_blocked, id=24792, stack(0x000000001c8d0000,0x000000001c9d0000)]
  0x000000001ad2d800 JavaThread "C1 CompilerThread3" daemon [_thread_blocked, id=19472, stack(0x000000001bc00000,0x000000001bd00000)]
=>0x0000000019c5f800 JavaThread "C2 CompilerThread2" daemon [_thread_in_native, id=23692, stack(0x000000001c730000,0x000000001c830000)]
  0x000000001ad0e000 JavaThread "C2 CompilerThread1" daemon [_thread_in_native, id=21412, stack(0x000000001c550000,0x000000001c650000)]
  0x000000001ad06800 JavaThread "C2 CompilerThread0" daemon [_thread_blocked, id=16344, stack(0x000000001c450000,0x000000001c550000)]
  0x000000001ad05000 JavaThread "Attach Listener" daemon [_thread_blocked, id=23992, stack(0x000000001be80000,0x000000001bf80000)]
  0x000000001ad04000 JavaThread "Signal Dispatcher" daemon [_thread_blocked, id=26860, stack(0x000000001c2c0000,0x000000001c3c0000)]
  0x0000000001e0f800 JavaThread "Finalizer" daemon [_thread_blocked, id=23460, stack(0x000000001c0c0000,0x000000001c1c0000)]
  0x0000000019c44000 JavaThread "Reference Handler" daemon [_thread_blocked, id=18732, stack(0x000000001bf90000,0x000000001c090000)]

Other Threads:
  0x000000001acb3800 VMThread [stack: 0x000000001bd10000,0x000000001be10000] [id=18176]
  0x000000001ad93000 WatcherThread [stack: 0x000000001c9f0000,0x000000001caf0000] [id=12088]

VM state:not at safepoint (normal execution)

VM Mutex/Monitor currently owned by a thread: None

Heap:
 PSYoungGen      total 57344K, used 29680K [0x0000000780900000, 0x0000000784900000, 0x00000007c0000000)
  eden space 49152K, 48% used [0x0000000780900000,0x000000078200af78,0x0000000783900000)
  from space 8192K, 74% used [0x0000000784100000,0x00000007846f1100,0x0000000784900000)
  to   space 8192K, 0% used [0x0000000783900000,0x0000000783900000,0x0000000784100000)
 ParOldGen       total 131072K, used 32K [0x0000000701a00000, 0x0000000709a00000, 0x0000000780900000)
  object space 131072K, 0% used [0x0000000701a00000,0x0000000701a08000,0x0000000709a00000)
 Metaspace       used 15423K, capacity 15596K, committed 15744K, reserved 1062912K
  class space    used 1868K, capacity 1892K, committed 1920K, reserved 1048576K

Card table byte_map: [0x0000000011650000,0x0000000011c50000] byte_map_base: 0x000000000de43000

Marking Bits: (ParMarkBitMap*) 0x000000006a08d490
 Begin Bits: [0x0000000012d30000, 0x0000000015cc8000)
 End Bits:   [0x0000000015cc8000, 0x0000000018c60000)

Polling page: 0x0000000000210000

CodeCache: size=245760Kb used=7709Kb max_used=7728Kb free=238050Kb
 bounds [0x0000000002290000, 0x0000000002a30000, 0x0000000011290000]
 total_blobs=2860 nmethods=2312 adapters=461
 compilation: enabled

Compilation events (10 events):
Event: 14.075 Thread 0x000000001ad2d800 nmethod 2317 0x00000000029fbc50 code [0x00000000029fbdc0, 0x00000000029fbfa8]
Event: 14.092 Thread 0x000000001ad2d800 2318       3       java.awt.Component::processComponentEvent (82 bytes)
Event: 14.092 Thread 0x000000001ad2d800 nmethod 2318 0x0000000002a18a50 code [0x0000000002a18c00, 0x0000000002a191b8]
Event: 14.092 Thread 0x000000001ad2d800 2319       3       java.awt.Container::createChildHierarchyEvents (76 bytes)
Event: 14.093 Thread 0x000000001ad0e000 2320       4       java.awt.Component::getInputContext (16 bytes)
Event: 14.094 Thread 0x000000001ad0e000 nmethod 2320 0x00000000029d2490 code [0x00000000029d25e0, 0x00000000029d2678]
Event: 14.094 Thread 0x000000001ad2d800 nmethod 2319 0x0000000002a17bd0 code [0x0000000002a17dc0, 0x0000000002a186b8]
Event: 14.098 Thread 0x000000001ad0e000 2321   !   4       de.crigges.texturechooser.ui.ImageListMpqModel$2::run (61 bytes)
Event: 14.110 Thread 0x000000001ad2d800 2322       3       java.util.AbstractSequentialList::iterator (5 bytes)
Event: 14.110 Thread 0x000000001ad2d800 nmethod 2322 0x0000000002a0ef10 code [0x0000000002a0f080, 0x0000000002a0f368]

GC Heap History (4 events):
Event: 2.871 GC heap before
{Heap before GC invocations=1 (full 0):
 PSYoungGen      total 57344K, used 49152K [0x0000000780900000, 0x0000000784900000, 0x00000007c0000000)
  eden space 49152K, 100% used [0x0000000780900000,0x0000000783900000,0x0000000783900000)
  from space 8192K, 0% used [0x0000000784100000,0x0000000784100000,0x0000000784900000)
  to   space 8192K, 0% used [0x0000000783900000,0x0000000783900000,0x0000000784100000)
 ParOldGen       total 131072K, used 0K [0x0000000701a00000, 0x0000000709a00000, 0x0000000780900000)
  object space 131072K, 0% used [0x0000000701a00000,0x0000000701a00000,0x0000000709a00000)
 Metaspace       used 11808K, capacity 11976K, committed 12032K, reserved 1060864K
  class space    used 1451K, capacity 1504K, committed 1536K, reserved 1048576K
Event: 2.879 GC heap after
Heap after GC invocations=1 (full 0):
 PSYoungGen      total 57344K, used 5258K [0x0000000780900000, 0x0000000784900000, 0x00000007c0000000)
  eden space 49152K, 0% used [0x0000000780900000,0x0000000780900000,0x0000000783900000)
  from space 8192K, 64% used [0x0000000783900000,0x0000000783e22880,0x0000000784100000)
  to   space 8192K, 0% used [0x0000000784100000,0x0000000784100000,0x0000000784900000)
 ParOldGen       total 131072K, used 16K [0x0000000701a00000, 0x0000000709a00000, 0x0000000780900000)
  object space 131072K, 0% used [0x0000000701a00000,0x0000000701a04000,0x0000000709a00000)
 Metaspace       used 11808K, capacity 11976K, committed 12032K, reserved 1060864K
  class space    used 1451K, capacity 1504K, committed 1536K, reserved 1048576K
}
Event: 12.543 GC heap before
{Heap before GC invocations=2 (full 0):
 PSYoungGen      total 57344K, used 54410K [0x0000000780900000, 0x0000000784900000, 0x00000007c0000000)
  eden space 49152K, 100% used [0x0000000780900000,0x0000000783900000,0x0000000783900000)
  from space 8192K, 64% used [0x0000000783900000,0x0000000783e22880,0x0000000784100000)
  to   space 8192K, 0% used [0x0000000784100000,0x0000000784100000,0x0000000784900000)
 ParOldGen       total 131072K, used 16K [0x0000000701a00000, 0x0000000709a00000, 0x0000000780900000)
  object space 131072K, 0% used [0x0000000701a00000,0x0000000701a04000,0x0000000709a00000)
 Metaspace       used 15328K, capacity 15532K, committed 15744K, reserved 1062912K
  class space    used 1868K, capacity 1892K, committed 1920K, reserved 1048576K
Event: 12.572 GC heap after
Heap after GC invocations=2 (full 0):
 PSYoungGen      total 57344K, used 6084K [0x0000000780900000, 0x0000000784900000, 0x00000007c0000000)
  eden space 49152K, 0% used [0x0000000780900000,0x0000000780900000,0x0000000783900000)
  from space 8192K, 74% used [0x0000000784100000,0x00000007846f1100,0x0000000784900000)
  to   space 8192K, 0% used [0x0000000783900000,0x0000000783900000,0x0000000784100000)
 ParOldGen       total 131072K, used 32K [0x0000000701a00000, 0x0000000709a00000, 0x0000000780900000)
  object space 131072K, 0% used [0x0000000701a00000,0x0000000701a08000,0x0000000709a00000)
 Metaspace       used 15328K, capacity 15532K, committed 15744K, reserved 1062912K
  class space    used 1868K, capacity 1892K, committed 1920K, reserved 1048576K
}

Deoptimization events (10 events):
Event: 9.435 Thread 0x00000000559a3000 Uncommon trap: reason=class_check action=maybe_recompile pc=0x00000000027bfa68 method=java.awt.Component.notifyNewBounds(ZZ)V @ 73
Event: 9.435 Thread 0x00000000559a3000 Uncommon trap: reason=unreached action=reinterpret pc=0x00000000027b607c method=java.awt.Component.areBoundsValid()Z @ 20
Event: 9.435 Thread 0x00000000559a3000 Uncommon trap: reason=class_check action=maybe_recompile pc=0x00000000027cfc38 method=java.awt.Component.reshape(IIII)V @ 237
Event: 9.435 Thread 0x00000000559a3000 Uncommon trap: reason=class_check action=maybe_recompile pc=0x00000000027bfa68 method=java.awt.Component.notifyNewBounds(ZZ)V @ 73
Event: 9.440 Thread 0x00000000559a3000 Uncommon trap: reason=unreached action=reinterpret pc=0x0000000002742a58 method=java.awt.Component.getBackground()Ljava/awt/Color; @ 6
Event: 9.441 Thread 0x00000000559a3000 Uncommon trap: reason=class_check action=maybe_recompile pc=0x000000000282def8 method=sun.java2d.pipe.BufferedContext.validate(Lsun/java2d/pipe/hw/AccelSurface;Lsun/java2d/pipe/hw/AccelSurface;Lsun/java2d/pipe/Region;Ljava/awt/Composite;Ljava/awt/geom/AffiÝ$Pôá"@
Event: 9.441 Thread 0x00000000559a3000 Uncommon trap: reason=class_check action=maybe_recompile pc=0x000000000282def8 method=sun.java2d.pipe.BufferedContext.validate(Lsun/java2d/pipe/hw/AccelSurface;Lsun/java2d/pipe/hw/AccelSurface;Lsun/java2d/pipe/Region;Ljava/awt/Composite;Ljava/awt/geom/AffiÎËŽMyã"@
Event: 9.444 Thread 0x00000000559a3000 Uncommon trap: reason=class_check action=maybe_recompile pc=0x000000000282def8 method=sun.java2d.pipe.BufferedContext.validate(Lsun/java2d/pipe/hw/AccelSurface;Lsun/java2d/pipe/hw/AccelSurface;Lsun/java2d/pipe/Region;Ljava/awt/Composite;Ljava/awt/geom/Affi»©§Öcæ"@
Event: 9.450 Thread 0x00000000559a3000 Uncommon trap: reason=unreached action=reinterpret pc=0x00000000028551b4 method=sun.awt.image.SurfaceManager.getCacheData(Ljava/lang/Object;)Ljava/lang/Object; @ 4
Event: 9.631 Thread 0x00000000559a3000 Uncommon trap: reason=class_check action=maybe_recompile pc=0x000000000282def8 method=sun.java2d.pipe.BufferedContext.validate(Lsun/java2d/pipe/hw/AccelSurface;Lsun/java2d/pipe/hw/AccelSurface;Lsun/java2d/pipe/Region;Ljava/awt/Composite;Ljava/awt/geom/Affi„7jÚÞ"@

Internal exceptions (10 events):
Event: 14.113 Thread 0x000000001cfe6800 Exception <a 'java/io/IOException'> (0x0000000781ffbf28) thrown at [D:\re\workspace\8-2-build-windows-amd64-cygwin\jdk8u25\1677\hotspot\src\share\vm\prims\jni.cpp, line 716]
Event: 14.113 Thread 0x000000001cfe6800 Exception <a 'java/io/IOException'> (0x0000000781ffc1c8) thrown at [D:\re\workspace\8-2-build-windows-amd64-cygwin\jdk8u25\1677\hotspot\src\share\vm\prims\jni.cpp, line 716]
Event: 14.113 Thread 0x000000001cfe6800 Exception <a 'java/io/IOException'> (0x0000000781ffc468) thrown at [D:\re\workspace\8-2-build-windows-amd64-cygwin\jdk8u25\1677\hotspot\src\share\vm\prims\jni.cpp, line 716]
Event: 14.113 Thread 0x000000001cfe6800 Exception <a 'java/io/IOException'> (0x0000000781ffc708) thrown at [D:\re\workspace\8-2-build-windows-amd64-cygwin\jdk8u25\1677\hotspot\src\share\vm\prims\jni.cpp, line 716]
Event: 14.113 Thread 0x000000001cfe6800 Exception <a 'java/io/IOException'> (0x0000000781ffc9a8) thrown at [D:\re\workspace\8-2-build-windows-amd64-cygwin\jdk8u25\1677\hotspot\src\share\vm\prims\jni.cpp, line 716]
Event: 14.113 Thread 0x000000001cfe6800 Exception <a 'java/io/IOException'> (0x0000000781ffcc48) thrown at [D:\re\workspace\8-2-build-windows-amd64-cygwin\jdk8u25\1677\hotspot\src\share\vm\prims\jni.cpp, line 716]
Event: 14.113 Thread 0x000000001cfe6800 Exception <a 'java/io/IOException'> (0x0000000781ffcee8) thrown at [D:\re\workspace\8-2-build-windows-amd64-cygwin\jdk8u25\1677\hotspot\src\share\vm\prims\jni.cpp, line 716]
Event: 14.113 Thread 0x000000001cfe6800 Exception <a 'java/io/IOException'> (0x0000000781ffd188) thrown at [D:\re\workspace\8-2-build-windows-amd64-cygwin\jdk8u25\1677\hotspot\src\share\vm\prims\jni.cpp, line 716]
Event: 14.113 Thread 0x000000001cfe6800 Exception <a 'java/io/IOException'> (0x0000000781ffd428) thrown at [D:\re\workspace\8-2-build-windows-amd64-cygwin\jdk8u25\1677\hotspot\src\share\vm\prims\jni.cpp, line 716]
Event: 14.113 Thread 0x000000001cfe6800 Exception <a 'java/io/IOException'> (0x0000000781ffd6c8) thrown at [D:\re\workspace\8-2-build-windows-amd64-cygwin\jdk8u25\1677\hotspot\src\share\vm\prims\jni.cpp, line 716]

Events (10 events):
Event: 11.509 loading class com/google/common/cache/RemovalCause$2
Event: 11.510 loading class com/google/common/cache/RemovalCause$2 done
Event: 11.510 loading class com/google/common/cache/RemovalCause$3
Event: 11.510 loading class com/google/common/cache/RemovalCause$3 done
Event: 11.511 loading class com/google/common/cache/RemovalCause$4
Event: 11.511 loading class com/google/common/cache/RemovalCause$4 done
Event: 11.512 loading class com/google/common/cache/RemovalCause$5
Event: 11.512 loading class com/google/common/cache/RemovalCause$5 done
Event: 12.542 Executing VM operation: ParallelGCFailedAllocation
Event: 12.572 Executing VM operation: ParallelGCFailedAllocation done


Dynamic libraries:
0x000000013f9a0000 - 0x000000013f9d4000 	C:\Program Files\Java\jdk1.8.0_25\bin\javaw.exe
0x00000000771f0000 - 0x0000000077399000 	C:\Windows\SYSTEM32\ntdll.dll
0x0000000076fd0000 - 0x00000000770ef000 	C:\Windows\system32\kernel32.dll
0x000007fefcfc0000 - 0x000007fefd02c000 	C:\Windows\system32\KERNELBASE.dll
0x000007fefe360000 - 0x000007fefe43b000 	C:\Windows\system32\ADVAPI32.dll
0x000007feff190000 - 0x000007feff22f000 	C:\Windows\system32\msvcrt.dll
0x000007fefe440000 - 0x000007fefe45f000 	C:\Windows\SYSTEM32\sechost.dll
0x000007feff060000 - 0x000007feff18d000 	C:\Windows\system32\RPCRT4.dll
0x00000000770f0000 - 0x00000000771ea000 	C:\Windows\system32\USER32.dll
0x000007fefee30000 - 0x000007fefee97000 	C:\Windows\system32\GDI32.dll
0x000007feff050000 - 0x000007feff05e000 	C:\Windows\system32\LPK.dll
0x000007fefecb0000 - 0x000007fefed79000 	C:\Windows\system32\USP10.dll
0x000007fefb9a0000 - 0x000007fefbb94000 	C:\Windows\WinSxS\amd64_microsoft.windows.common-controls_6595b64144ccf1df_6.0.7601.18837_none_fa3b1e3d17594757\COMCTL32.dll
0x000007fefec30000 - 0x000007fefeca1000 	C:\Windows\system32\SHLWAPI.dll
0x000007fefee00000 - 0x000007fefee2e000 	C:\Windows\system32\IMM32.DLL
0x000007fefeea0000 - 0x000007fefefa9000 	C:\Windows\system32\MSCTF.dll
0x000007fefced0000 - 0x000007fefcf01000 	C:\Windows\system32\nvinitx.dll
0x000007fefcec0000 - 0x000007fefcecc000 	C:\Windows\system32\VERSION.dll
0x000007fef7850000 - 0x000007fef7962000 	C:\Windows\system32\NV\igdumd64.dll
0x000007fefe820000 - 0x000007fefe9f7000 	C:\Windows\system32\SETUPAPI.dll
0x000007fefd2e0000 - 0x000007fefd316000 	C:\Windows\system32\CFGMGR32.dll
0x000007fefe4b0000 - 0x000007fefe587000 	C:\Windows\system32\OLEAUT32.dll
0x000007fefe5b0000 - 0x000007fefe7b3000 	C:\Windows\system32\ole32.dll
0x000007fefd2c0000 - 0x000007fefd2da000 	C:\Windows\system32\DEVOBJ.dll
0x000007fef71e0000 - 0x000007fef72f2000 	C:\Windows\system32\NV\igd10umd64.dll
0x000000006aef0000 - 0x000000006afc2000 	C:\Program Files\Java\jdk1.8.0_25\jre\bin\msvcr100.dll
0x00000000698b0000 - 0x000000006a10a000 	C:\Program Files\Java\jdk1.8.0_25\jre\bin\server\jvm.dll
0x000007fef7830000 - 0x000007fef7839000 	C:\Windows\system32\WSOCK32.dll
0x000007fefe460000 - 0x000007fefe4ad000 	C:\Windows\system32\WS2_32.dll
0x000007fefd360000 - 0x000007fefd368000 	C:\Windows\system32\NSI.dll
0x000007fefad30000 - 0x000007fefad6b000 	C:\Windows\system32\WINMM.dll
0x00000000773b0000 - 0x00000000773b7000 	C:\Windows\system32\PSAPI.DLL
0x00000000731a0000 - 0x00000000731af000 	C:\Program Files\Java\jdk1.8.0_25\jre\bin\verify.dll
0x000000006d9b0000 - 0x000000006d9d8000 	C:\Program Files\Java\jdk1.8.0_25\jre\bin\java.dll
0x0000000071c90000 - 0x0000000071ca6000 	C:\Program Files\Java\jdk1.8.0_25\jre\bin\zip.dll
0x000007fefd5d0000 - 0x000007fefe359000 	C:\Windows\system32\SHELL32.dll
0x000007fefcfb0000 - 0x000007fefcfbf000 	C:\Windows\system32\profapi.dll
0x0000000069570000 - 0x0000000069708000 	C:\Program Files\Java\jdk1.8.0_25\jre\bin\awt.dll
0x000007fefb810000 - 0x000007fefb866000 	C:\Windows\system32\uxtheme.dll
0x000007fefaf00000 - 0x000007fefaf18000 	C:\Windows\system32\dwmapi.dll
0x000007fefcdf0000 - 0x000007fefcdff000 	C:\Windows\system32\CRYPTBASE.dll
0x000007fee5cf0000 - 0x000007fee5eef000 	C:\Windows\system32\d3d9.dll
0x000007fefa8d0000 - 0x000007fefa8d7000 	C:\Windows\system32\d3d8thk.dll
0x0000000180000000 - 0x00000001807ca000 	C:\Windows\system32\igdumd64.dll
0x000000006b060000 - 0x000000006b0a7000 	C:\Program Files\Java\jdk1.8.0_25\jre\bin\fontmanager.dll
0x0000000072470000 - 0x000000007248a000 	C:\Program Files\Java\jdk1.8.0_25\jre\bin\net.dll
0x000007fefc6f0000 - 0x000007fefc745000 	C:\Windows\system32\mswsock.dll
0x000007fefc6e0000 - 0x000007fefc6e7000 	C:\Windows\System32\wship6.dll
0x0000000071c70000 - 0x0000000071c81000 	C:\Program Files\Java\jdk1.8.0_25\jre\bin\nio.dll
0x000000006b020000 - 0x000000006b051000 	C:\Program Files\Java\jdk1.8.0_25\jre\bin\jpeg.dll
0x000007fef9780000 - 0x000007fef9820000 	C:\Windows\WinSxS\amd64_microsoft.windows.common-controls_6595b64144ccf1df_5.82.7601.18837_none_a4d981ff711297b6\comctl32.dll
0x000000006afd0000 - 0x000000006b011000 	C:\Program Files\Java\jdk1.8.0_25\jre\bin\t2k.dll
0x000007fefc750000 - 0x000007fefc768000 	C:\Windows\system32\CRYPTSP.dll
0x000007fefc450000 - 0x000007fefc497000 	C:\Windows\system32\rsaenh.dll
0x000007fefd330000 - 0x000007fefd34e000 	C:\Windows\system32\USERENV.dll
0x000007fefa850000 - 0x000007fefa877000 	C:\Windows\system32\IPHLPAPI.DLL
0x000007fefa840000 - 0x000007fefa84b000 	C:\Windows\system32\WINNSI.DLL
0x000007fefa650000 - 0x000007fefa668000 	C:\Windows\system32\dhcpcsvc.DLL
0x000007fefa630000 - 0x000007fefa641000 	C:\Windows\system32\dhcpcsvc6.DLL
0x000007fefea00000 - 0x000007fefea99000 	C:\Windows\system32\CLBCatQ.DLL
0x000007fefa9a0000 - 0x000007fefab01000 	C:\Windows\system32\WindowsCodecs.dll
0x000007fefcd90000 - 0x000007fefcde7000 	C:\Windows\system32\apphelp.dll
0x000007feef930000 - 0x000007feef96b000 	C:\Users\Crigges-Pc\AppData\Roaming\Dropbox\bin\DropboxExt64.27.dll
0x000007fef5cb0000 - 0x000007fef5ce5000 	C:\Windows\system32\EhStorShell.dll
0x000007fefb520000 - 0x000007fefb64c000 	C:\Windows\system32\PROPSYS.dll
0x000007fef5c30000 - 0x000007fef5cae000 	C:\Windows\System32\cscui.dll
0x000007fef5c10000 - 0x000007fef5c1c000 	C:\Windows\System32\CSCDLL.dll
0x000007fef5c00000 - 0x000007fef5c0f000 	C:\Windows\system32\CSCAPI.dll
0x000007fef5b70000 - 0x000007fef5bf0000 	C:\Windows\system32\ntshrui.dll
0x000007fefca10000 - 0x000007fefca33000 	C:\Windows\system32\srvcli.dll
0x000007fefac20000 - 0x000007fefac2b000 	C:\Windows\system32\slc.dll
0x000007feedb80000 - 0x000007feedca5000 	C:\Windows\system32\dbghelp.dll

VM Arguments:
jvm_args: -Dfile.encoding=Cp1252 
java_command: de.crigges.texturechooser.ui.TextureChooser
java_class_path (initial): C:\Users\Crigges-Pc\git\TextureChooser\bin;C:\Users\Crigges-Pc\git\TextureChooser\jgoodies-forms-1.8.0.jar;C:\Users\Crigges-Pc\git\TextureChooser\miglayout15-swing.jar;C:\Users\Crigges-Pc\git\TextureChooser\lib\guava-14.0-rc1.jar;C:\Users\Crigges-Pc\git\TextureChooser\lib\jmpq3.jar
Launcher Type: SUN_STANDARD

Environment Variables:
PATH=C:/Users/Crigges-Pc/Desktop/Desktop/eclipse 8Java//Java_64/bin/server;C:/Users/Crigges-Pc/Desktop/Desktop/eclipse 8Java//Java_64/bin;C:/Users/Crigges-Pc/Desktop/Desktop/eclipse 8Java//Java_64/lib/amd64;C:\ProgramData\Oracle\Java\javapath;C:\Program Files\Haskell\bin;C:\Program Files\Haskell Platform\2014.2.0.0\lib\extralibs\bin;C:\Program Files\Haskell Platform\2014.2.0.0\bin;C:\Windows\system32;C:\Windows;C:\Windows\System32\Wbem;C:\Windows\System32\WindowsPowerShell\v1.0\;C:\Program Files (x86)\Intel\OpenCL SDK\2.0\bin\x86;C:\Program Files (x86)\Intel\OpenCL SDK\2.0\bin\x64;C:\Program Files\Intel\WiFi\bin\;C:\Program Files\Common Files\Intel\WirelessCommon\;C:\Program Files\Haskell Platform\2014.2.0.0\mingw\bin;C:\Program Files (x86)\Git\cmd;C:\Program Files (x86)\NVIDIA Corporation\PhysX\Common;C:\Windows\system32\config\systemprofile\.dnx\bin;C:\Program Files\Microsoft DNX\Dnvm\;C:\Program Files (x86)\Skype\Phone\;C:\Program Files (x86)\GtkSharp\2.12\bin;C:\Users\Crigges-Pc\Desktop\Desktop\eclipse 8Java;
USERNAME=Crigges-Pc
OS=Windows_NT
PROCESSOR_IDENTIFIER=Intel64 Family 6 Model 58 Stepping 9, GenuineIntel



---------------  S Y S T E M  ---------------

OS: Windows 7 , 64 bit Build 7601 Service Pack 1

CPU:total 8 (4 cores per cpu, 2 threads per core) family 6 model 58 stepping 9, cmov, cx8, fxsr, mmx, sse, sse2, sse3, ssse3, sse4.1, sse4.2, popcnt, avx, aes, clmul, erms, ht, tsc, tscinvbit, tscinv

Memory: 4k page, physical 12472856k(4338300k free), swap 12471016k(5232k free)

vm_info: Java HotSpot(TM) 64-Bit Server VM (25.25-b02) for windows-amd64 JRE (1.8.0_25-b18), built on Oct  7 2014 14:25:37 by "java_re" with MS VC++ 10.0 (VS2010)

time: Fri Oct 02 02:47:58 2015
elapsed time: 14 seconds (0d 0h 0m 14s)

