#
# There is insufficient memory for the Java Runtime Environment to continue.
# Native memory allocation (malloc) failed to allocate 412256 bytes for Chunk::new
# Possible reasons:
#   The system is out of physical RAM or swap space
#   In 32 bit mode, the process size limit was hit
# Possible solutions:
#   Reduce memory load on the system
#   Increase physical memory or swap space
#   Check if swap backing store is full
#   Use 64 bit Java on a 64 bit OS
#   Decrease Java heap size (-Xmx/-Xms)
#   Decrease number of Java threads
#   Decrease Java thread stack sizes (-Xss)
#   Set larger code cache with -XX:ReservedCodeCacheSize=
# This output file may be truncated or incomplete.
#
#  Out of Memory Error (allocation.cpp:390), pid=26092, tid=22748
#
# JRE version: Java(TM) SE Runtime Environment (8.0_25-b18) (build 1.8.0_25-b18)
# Java VM: Java HotSpot(TM) 64-Bit Server VM (25.25-b02 mixed mode windows-amd64 compressed oops)
# Failed to write core dump. Minidumps are not enabled by default on client versions of Windows
#

---------------  T H R E A D  ---------------

Current thread (0x000000005860f000):  JavaThread "C2 CompilerThread2" daemon [_thread_in_native, id=22748, stack(0x000000005a280000,0x000000005a380000)]

Stack: [0x000000005a280000,0x000000005a380000]
Native frames: (J=compiled Java code, j=interpreted, Vv=VM code, C=native code)
V  [jvm.dll+0x31667a]


Current CompileTask:
C2:   7766 1766       4       sun.java2d.pipe.DrawImage::copyImage (60 bytes)


---------------  P R O C E S S  ---------------

Java Threads: ( => current thread )
  0x000000005aac9000 JavaThread "TimerQueue" daemon [_thread_blocked, id=22632, stack(0x0000000060610000,0x0000000060710000)]
  0x000000005b02f800 JavaThread "pool-2-thread-1" [_thread_in_native, id=21484, stack(0x0000000060de0000,0x0000000060ee0000)]
  0x000000005ab21800 JavaThread "D3D Screen Updater" daemon [_thread_blocked, id=21780, stack(0x000000005bcb0000,0x000000005bdb0000)]
  0x00000000003ff800 JavaThread "DestroyJavaVM" [_thread_blocked, id=22944, stack(0x0000000001f50000,0x0000000002050000)]
  0x000000005e9fb000 JavaThread "AWT-EventQueue-0" [_thread_in_Java, id=24432, stack(0x000000005b740000,0x000000005b840000)]
  0x000000005ea5f000 JavaThread "AWT-Shutdown" [_thread_blocked, id=22600, stack(0x000000005b200000,0x000000005b300000)]
  0x000000005a942000 JavaThread "Image Fetcher 0" daemon [_thread_blocked, id=26024, stack(0x000000005d9f0000,0x000000005daf0000)]
  0x000000005a889000 JavaThread "AWT-Windows" daemon [_thread_in_native, id=15080, stack(0x000000005b440000,0x000000005b540000)]
  0x000000005894d000 JavaThread "Java2D Disposer" daemon [_thread_blocked, id=8692, stack(0x000000005b100000,0x000000005b200000)]
  0x000000005868d000 JavaThread "Service Thread" daemon [_thread_blocked, id=24384, stack(0x000000005a580000,0x000000005a680000)]
  0x0000000058628800 JavaThread "C1 CompilerThread3" daemon [_thread_blocked, id=11144, stack(0x000000005a420000,0x000000005a520000)]
=>0x000000005860f000 JavaThread "C2 CompilerThread2" daemon [_thread_in_native, id=22748, stack(0x000000005a280000,0x000000005a380000)]
  0x0000000058607800 JavaThread "C2 CompilerThread1" daemon [_thread_in_native, id=13956, stack(0x000000005a080000,0x000000005a180000)]
  0x0000000058600800 JavaThread "C2 CompilerThread0" daemon [_thread_in_native, id=15444, stack(0x0000000059f80000,0x000000005a080000)]
  0x00000000585fd800 JavaThread "Attach Listener" daemon [_thread_blocked, id=4628, stack(0x0000000059d20000,0x0000000059e20000)]
  0x00000000585fc000 JavaThread "Signal Dispatcher" daemon [_thread_blocked, id=20112, stack(0x0000000059ac0000,0x0000000059bc0000)]
  0x000000005765b000 JavaThread "Finalizer" daemon [_thread_blocked, id=15256, stack(0x00000000598e0000,0x00000000599e0000)]
  0x0000000001def000 JavaThread "Reference Handler" daemon [_thread_blocked, id=21588, stack(0x0000000059710000,0x0000000059810000)]

Other Threads:
  0x00000000585b3000 VMThread [stack: 0x0000000059540000,0x0000000059640000] [id=17056]
  0x000000005868e000 WatcherThread [stack: 0x000000005a760000,0x000000005a860000] [id=14180]

VM state:not at safepoint (normal execution)

VM Mutex/Monitor currently owned by a thread: None

Heap:
 PSYoungGen      total 57344K, used 52176K [0x00000000d5580000, 0x00000000d9580000, 0x0000000100000000)
  eden space 49152K, 95% used [0x00000000d5580000,0x00000000d833ad08,0x00000000d8580000)
  from space 8192K, 65% used [0x00000000d8580000,0x00000000d8ab9650,0x00000000d8d80000)
  to   space 8192K, 0% used [0x00000000d8d80000,0x00000000d8d80000,0x00000000d9580000)
 ParOldGen       total 131072K, used 16K [0x0000000080000000, 0x0000000088000000, 0x00000000d5580000)
  object space 131072K, 0% used [0x0000000080000000,0x0000000080004000,0x0000000088000000)
 Metaspace       used 15026K, capacity 15204K, committed 15488K, reserved 1062912K
  class space    used 1867K, capacity 1892K, committed 1920K, reserved 1048576K

Card table byte_map: [0x00000000116e0000,0x0000000011af0000] byte_map_base: 0x00000000112e0000

Marking Bits: (ParMarkBitMap*) 0x000000006a08d490
 Begin Bits: [0x0000000012870000, 0x0000000014870000)
 End Bits:   [0x0000000014870000, 0x0000000016870000)

Polling page: 0x0000000000110000

CodeCache: size=245760Kb used=5231Kb max_used=5231Kb free=240528Kb
 bounds [0x0000000002320000, 0x0000000002850000, 0x0000000011320000]
 total_blobs=2308 nmethods=1760 adapters=461
 compilation: enabled

Compilation events (10 events):
Event: 7.714 Thread 0x0000000058628800 1771       3       java.util.LinkedList::listIterator (15 bytes)
Event: 7.720 Thread 0x0000000058628800 nmethod 1771 0x0000000002838710 code [0x00000000028388c0, 0x0000000002838d28]
Event: 7.720 Thread 0x0000000058628800 1772       3       java.util.LinkedList$ListItr::<init> (47 bytes)
Event: 7.721 Thread 0x0000000058628800 nmethod 1772 0x00000000028381d0 code [0x0000000002838340, 0x0000000002838608]
Event: 7.749 Thread 0x0000000058628800 1773       3       sun.swing.ImageCache::getEntry (148 bytes)
Event: 7.753 Thread 0x0000000058628800 nmethod 1773 0x000000000283f6d0 code [0x000000000283f9c0, 0x0000000002840d88]
Event: 7.753 Thread 0x0000000058628800 1774       3       java.util.LinkedList::addFirst (6 bytes)
Event: 7.754 Thread 0x0000000058628800 nmethod 1774 0x000000000283aa90 code [0x000000000283ac00, 0x000000000283ad88]
Event: 7.754 Thread 0x0000000058628800 1775       3       java.util.LinkedList::linkFirst (59 bytes)
Event: 7.754 Thread 0x0000000058628800 nmethod 1775 0x000000000283f0d0 code [0x000000000283f240, 0x000000000283f570]

GC Heap History (2 events):
Event: 3.213 GC heap before
{Heap before GC invocations=1 (full 0):
 PSYoungGen      total 57344K, used 49152K [0x00000000d5580000, 0x00000000d9580000, 0x0000000100000000)
  eden space 49152K, 100% used [0x00000000d5580000,0x00000000d8580000,0x00000000d8580000)
  from space 8192K, 0% used [0x00000000d8d80000,0x00000000d8d80000,0x00000000d9580000)
  to   space 8192K, 0% used [0x00000000d8580000,0x00000000d8580000,0x00000000d8d80000)
 ParOldGen       total 131072K, used 0K [0x0000000080000000, 0x0000000088000000, 0x00000000d5580000)
  object space 131072K, 0% used [0x0000000080000000,0x0000000080000000,0x0000000088000000)
 Metaspace       used 11808K, capacity 11976K, committed 12032K, reserved 1060864K
  class space    used 1451K, capacity 1504K, committed 1536K, reserved 1048576K
Event: 3.220 GC heap after
Heap after GC invocations=1 (full 0):
 PSYoungGen      total 57344K, used 5349K [0x00000000d5580000, 0x00000000d9580000, 0x0000000100000000)
  eden space 49152K, 0% used [0x00000000d5580000,0x00000000d5580000,0x00000000d8580000)
  from space 8192K, 65% used [0x00000000d8580000,0x00000000d8ab9650,0x00000000d8d80000)
  to   space 8192K, 0% used [0x00000000d8d80000,0x00000000d8d80000,0x00000000d9580000)
 ParOldGen       total 131072K, used 16K [0x0000000080000000, 0x0000000088000000, 0x00000000d5580000)
  object space 131072K, 0% used [0x0000000080000000,0x0000000080004000,0x0000000088000000)
 Metaspace       used 11808K, capacity 11976K, committed 12032K, reserved 1060864K
  class space    used 1451K, capacity 1504K, committed 1536K, reserved 1048576K
}

Deoptimization events (6 events):
Event: 3.029 Thread 0x00000000003ff800 Uncommon trap: reason=unloaded action=reinterpret pc=0x00000000025248c8 method=java.nio.Buffer.nextGetIndex(I)I @ 13
Event: 3.408 Thread 0x00000000003ff800 Uncommon trap: reason=class_check action=maybe_recompile pc=0x00000000024d34cc method=java.lang.String.equals(Ljava/lang/Object;)Z @ 8
Event: 3.408 Thread 0x00000000003ff800 Uncommon trap: reason=class_check action=maybe_recompile pc=0x00000000024d34cc method=java.lang.String.equals(Ljava/lang/Object;)Z @ 8
Event: 3.408 Thread 0x00000000003ff800 Uncommon trap: reason=class_check action=maybe_recompile pc=0x00000000024d34cc method=java.lang.String.equals(Ljava/lang/Object;)Z @ 8
Event: 3.408 Thread 0x00000000003ff800 Uncommon trap: reason=class_check action=maybe_recompile pc=0x00000000024d34cc method=java.lang.String.equals(Ljava/lang/Object;)Z @ 8
Event: 3.736 Thread 0x00000000003ff800 Uncommon trap: reason=predicate action=maybe_recompile pc=0x000000000259605c method=java.util.ArrayList.indexOf(Ljava/lang/Object;)I @ 44

Internal exceptions (10 events):
Event: 7.759 Thread 0x000000005b02f800 Exception <a 'java/io/IOException'> (0x00000000d8227928) thrown at [D:\re\workspace\8-2-build-windows-amd64-cygwin\jdk8u25\1677\hotspot\src\share\vm\prims\jni.cpp, line 716]
Event: 7.759 Thread 0x000000005b02f800 Exception <a 'java/io/IOException'> (0x00000000d8227bc8) thrown at [D:\re\workspace\8-2-build-windows-amd64-cygwin\jdk8u25\1677\hotspot\src\share\vm\prims\jni.cpp, line 716]
Event: 7.759 Thread 0x000000005b02f800 Exception <a 'java/io/IOException'> (0x00000000d8227e68) thrown at [D:\re\workspace\8-2-build-windows-amd64-cygwin\jdk8u25\1677\hotspot\src\share\vm\prims\jni.cpp, line 716]
Event: 7.759 Thread 0x000000005b02f800 Exception <a 'java/io/IOException'> (0x00000000d8228108) thrown at [D:\re\workspace\8-2-build-windows-amd64-cygwin\jdk8u25\1677\hotspot\src\share\vm\prims\jni.cpp, line 716]
Event: 7.759 Thread 0x000000005b02f800 Exception <a 'java/io/IOException'> (0x00000000d82283a8) thrown at [D:\re\workspace\8-2-build-windows-amd64-cygwin\jdk8u25\1677\hotspot\src\share\vm\prims\jni.cpp, line 716]
Event: 7.759 Thread 0x000000005b02f800 Exception <a 'java/io/IOException'> (0x00000000d8228648) thrown at [D:\re\workspace\8-2-build-windows-amd64-cygwin\jdk8u25\1677\hotspot\src\share\vm\prims\jni.cpp, line 716]
Event: 7.760 Thread 0x000000005b02f800 Exception <a 'java/io/IOException'> (0x00000000d82288e8) thrown at [D:\re\workspace\8-2-build-windows-amd64-cygwin\jdk8u25\1677\hotspot\src\share\vm\prims\jni.cpp, line 716]
Event: 7.760 Thread 0x000000005b02f800 Exception <a 'java/io/IOException'> (0x00000000d8228b88) thrown at [D:\re\workspace\8-2-build-windows-amd64-cygwin\jdk8u25\1677\hotspot\src\share\vm\prims\jni.cpp, line 716]
Event: 7.760 Thread 0x000000005b02f800 Exception <a 'java/io/IOException'> (0x00000000d8228e28) thrown at [D:\re\workspace\8-2-build-windows-amd64-cygwin\jdk8u25\1677\hotspot\src\share\vm\prims\jni.cpp, line 716]
Event: 7.760 Thread 0x000000005b02f800 Exception <a 'java/io/IOException'> (0x00000000d82290c8) thrown at [D:\re\workspace\8-2-build-windows-amd64-cygwin\jdk8u25\1677\hotspot\src\share\vm\prims\jni.cpp, line 716]

Events (10 events):
Event: 6.941 loading class com/google/common/cache/RemovalCause$2
Event: 6.941 loading class com/google/common/cache/RemovalCause$2 done
Event: 6.942 loading class com/google/common/cache/RemovalCause$3
Event: 6.942 loading class com/google/common/cache/RemovalCause$3 done
Event: 6.943 loading class com/google/common/cache/RemovalCause$4
Event: 6.943 loading class com/google/common/cache/RemovalCause$4 done
Event: 6.944 loading class com/google/common/cache/RemovalCause$5
Event: 6.944 loading class com/google/common/cache/RemovalCause$5 done
Event: 7.034 Executing VM operation: ForceSafepoint
Event: 7.034 Executing VM operation: ForceSafepoint done


Dynamic libraries:
0x000000013f340000 - 0x000000013f374000 	C:\Program Files\Java\jdk1.8.0_25\bin\javaw.exe
0x00000000771f0000 - 0x0000000077399000 	C:\Windows\SYSTEM32\ntdll.dll
0x0000000076fd0000 - 0x00000000770ef000 	C:\Windows\system32\kernel32.dll
0x000007fefcfc0000 - 0x000007fefd02c000 	C:\Windows\system32\KERNELBASE.dll
0x000007fefe360000 - 0x000007fefe43b000 	C:\Windows\system32\ADVAPI32.dll
0x000007feff190000 - 0x000007feff22f000 	C:\Windows\system32\msvcrt.dll
0x000007fefe440000 - 0x000007fefe45f000 	C:\Windows\SYSTEM32\sechost.dll
0x000007feff060000 - 0x000007feff18d000 	C:\Windows\system32\RPCRT4.dll
0x00000000770f0000 - 0x00000000771ea000 	C:\Windows\system32\USER32.dll
0x000007fefee30000 - 0x000007fefee97000 	C:\Windows\system32\GDI32.dll
0x000007feff050000 - 0x000007feff05e000 	C:\Windows\system32\LPK.dll
0x000007fefecb0000 - 0x000007fefed79000 	C:\Windows\system32\USP10.dll
0x000007fefb9a0000 - 0x000007fefbb94000 	C:\Windows\WinSxS\amd64_microsoft.windows.common-controls_6595b64144ccf1df_6.0.7601.18837_none_fa3b1e3d17594757\COMCTL32.dll
0x000007fefec30000 - 0x000007fefeca1000 	C:\Windows\system32\SHLWAPI.dll
0x000007fefee00000 - 0x000007fefee2e000 	C:\Windows\system32\IMM32.DLL
0x000007fefeea0000 - 0x000007fefefa9000 	C:\Windows\system32\MSCTF.dll
0x000007fefced0000 - 0x000007fefcf01000 	C:\Windows\system32\nvinitx.dll
0x000007fefcec0000 - 0x000007fefcecc000 	C:\Windows\system32\VERSION.dll
0x000007fef7850000 - 0x000007fef7962000 	C:\Windows\system32\NV\igdumd64.dll
0x000007fefe820000 - 0x000007fefe9f7000 	C:\Windows\system32\SETUPAPI.dll
0x000007fefd2e0000 - 0x000007fefd316000 	C:\Windows\system32\CFGMGR32.dll
0x000007fefe4b0000 - 0x000007fefe587000 	C:\Windows\system32\OLEAUT32.dll
0x000007fefe5b0000 - 0x000007fefe7b3000 	C:\Windows\system32\ole32.dll
0x000007fefd2c0000 - 0x000007fefd2da000 	C:\Windows\system32\DEVOBJ.dll
0x000007fef71e0000 - 0x000007fef72f2000 	C:\Windows\system32\NV\igd10umd64.dll
0x000000006afd0000 - 0x000000006b0a2000 	C:\Program Files\Java\jdk1.8.0_25\jre\bin\msvcr100.dll
0x00000000698b0000 - 0x000000006a10a000 	C:\Program Files\Java\jdk1.8.0_25\jre\bin\server\jvm.dll
0x000007fef7830000 - 0x000007fef7839000 	C:\Windows\system32\WSOCK32.dll
0x000007fefe460000 - 0x000007fefe4ad000 	C:\Windows\system32\WS2_32.dll
0x000007fefd360000 - 0x000007fefd368000 	C:\Windows\system32\NSI.dll
0x000007fefad30000 - 0x000007fefad6b000 	C:\Windows\system32\WINMM.dll
0x00000000773b0000 - 0x00000000773b7000 	C:\Windows\system32\PSAPI.DLL
0x00000000731e0000 - 0x00000000731ef000 	C:\Program Files\Java\jdk1.8.0_25\jre\bin\verify.dll
0x0000000071c80000 - 0x0000000071ca8000 	C:\Program Files\Java\jdk1.8.0_25\jre\bin\java.dll
0x0000000072470000 - 0x0000000072486000 	C:\Program Files\Java\jdk1.8.0_25\jre\bin\zip.dll
0x000007fefd5d0000 - 0x000007fefe359000 	C:\Windows\system32\SHELL32.dll
0x000007fefcfb0000 - 0x000007fefcfbf000 	C:\Windows\system32\profapi.dll
0x0000000069710000 - 0x00000000698a8000 	C:\Program Files\Java\jdk1.8.0_25\jre\bin\awt.dll
0x000007fefb810000 - 0x000007fefb866000 	C:\Windows\system32\uxtheme.dll
0x000007fefaf00000 - 0x000007fefaf18000 	C:\Windows\system32\dwmapi.dll
0x000007fefcdf0000 - 0x000007fefcdff000 	C:\Windows\system32\CRYPTBASE.dll
0x000007fee5cf0000 - 0x000007fee5eef000 	C:\Windows\system32\d3d9.dll
0x000007fefa8d0000 - 0x000007fefa8d7000 	C:\Windows\system32\d3d8thk.dll
0x0000000180000000 - 0x00000001807ca000 	C:\Windows\system32\igdumd64.dll
0x000000006d990000 - 0x000000006d9d7000 	C:\Program Files\Java\jdk1.8.0_25\jre\bin\fontmanager.dll
0x000000006ece0000 - 0x000000006ecfa000 	C:\Program Files\Java\jdk1.8.0_25\jre\bin\net.dll
0x000007fefc6f0000 - 0x000007fefc745000 	C:\Windows\system32\mswsock.dll
0x000007fefc6e0000 - 0x000007fefc6e7000 	C:\Windows\System32\wship6.dll
0x000000006d940000 - 0x000000006d951000 	C:\Program Files\Java\jdk1.8.0_25\jre\bin\nio.dll
0x000000006af90000 - 0x000000006afc1000 	C:\Program Files\Java\jdk1.8.0_25\jre\bin\jpeg.dll
0x000007fef9780000 - 0x000007fef9820000 	C:\Windows\WinSxS\amd64_microsoft.windows.common-controls_6595b64144ccf1df_5.82.7601.18837_none_a4d981ff711297b6\comctl32.dll
0x000000006af40000 - 0x000000006af81000 	C:\Program Files\Java\jdk1.8.0_25\jre\bin\t2k.dll
0x000007fefc750000 - 0x000007fefc768000 	C:\Windows\system32\CRYPTSP.dll
0x000007fefc450000 - 0x000007fefc497000 	C:\Windows\system32\rsaenh.dll
0x000007fefd330000 - 0x000007fefd34e000 	C:\Windows\system32\USERENV.dll
0x000007fefa850000 - 0x000007fefa877000 	C:\Windows\system32\IPHLPAPI.DLL
0x000007fefa840000 - 0x000007fefa84b000 	C:\Windows\system32\WINNSI.DLL
0x000007fefa650000 - 0x000007fefa668000 	C:\Windows\system32\dhcpcsvc.DLL
0x000007fefa630000 - 0x000007fefa641000 	C:\Windows\system32\dhcpcsvc6.DLL
0x000007fefea00000 - 0x000007fefea99000 	C:\Windows\system32\CLBCatQ.DLL
0x000007fefa9a0000 - 0x000007fefab01000 	C:\Windows\system32\WindowsCodecs.dll
0x000007fefcd90000 - 0x000007fefcde7000 	C:\Windows\system32\apphelp.dll
0x000007feef430000 - 0x000007feef46b000 	C:\Users\Crigges-Pc\AppData\Roaming\Dropbox\bin\DropboxExt64.27.dll
0x000007fef5cb0000 - 0x000007fef5ce5000 	C:\Windows\system32\EhStorShell.dll
0x000007fefb520000 - 0x000007fefb64c000 	C:\Windows\system32\PROPSYS.dll
0x000007fef5c30000 - 0x000007fef5cae000 	C:\Windows\System32\cscui.dll
0x000007fef5c10000 - 0x000007fef5c1c000 	C:\Windows\System32\CSCDLL.dll
0x000007fef5c00000 - 0x000007fef5c0f000 	C:\Windows\system32\CSCAPI.dll
0x000007fef5b70000 - 0x000007fef5bf0000 	C:\Windows\system32\ntshrui.dll
0x000007fefca10000 - 0x000007fefca33000 	C:\Windows\system32\srvcli.dll
0x000007fefac20000 - 0x000007fefac2b000 	C:\Windows\system32\slc.dll

VM Arguments:
jvm_args: -Xmx2G -Dfile.encoding=Cp1252 
java_command: de.crigges.texturechooser.ui.TextureChooser
java_class_path (initial): C:\Users\Crigges-Pc\git\TextureChooser\bin;C:\Users\Crigges-Pc\git\TextureChooser\jgoodies-forms-1.8.0.jar;C:\Users\Crigges-Pc\git\TextureChooser\miglayout15-swing.jar;C:\Users\Crigges-Pc\git\TextureChooser\lib\guava-14.0-rc1.jar;C:\Users\Crigges-Pc\git\TextureChooser\lib\jmpq3.jar
Launcher Type: SUN_STANDARD

Environment Variables:
PATH=C:/Users/Crigges-Pc/Desktop/Desktop/eclipse 8Java//Java_64/bin/server;C:/Users/Crigges-Pc/Desktop/Desktop/eclipse 8Java//Java_64/bin;C:/Users/Crigges-Pc/Desktop/Desktop/eclipse 8Java//Java_64/lib/amd64;C:\ProgramData\Oracle\Java\javapath;C:\Program Files\Haskell\bin;C:\Program Files\Haskell Platform\2014.2.0.0\lib\extralibs\bin;C:\Program Files\Haskell Platform\2014.2.0.0\bin;C:\Windows\system32;C:\Windows;C:\Windows\System32\Wbem;C:\Windows\System32\WindowsPowerShell\v1.0\;C:\Program Files (x86)\Intel\OpenCL SDK\2.0\bin\x86;C:\Program Files (x86)\Intel\OpenCL SDK\2.0\bin\x64;C:\Program Files\Intel\WiFi\bin\;C:\Program Files\Common Files\Intel\WirelessCommon\;C:\Program Files\Haskell Platform\2014.2.0.0\mingw\bin;C:\Program Files (x86)\Git\cmd;C:\Program Files (x86)\NVIDIA Corporation\PhysX\Common;C:\Windows\system32\config\systemprofile\.dnx\bin;C:\Program Files\Microsoft DNX\Dnvm\;C:\Program Files (x86)\Skype\Phone\;C:\Program Files (x86)\GtkSharp\2.12\bin;C:\Users\Crigges-Pc\Desktop\Desktop\eclipse 8Java;
USERNAME=Crigges-Pc
OS=Windows_NT
PROCESSOR_IDENTIFIER=Intel64 Family 6 Model 58 Stepping 9, GenuineIntel



---------------  S Y S T E M  ---------------

OS: Windows 7 , 64 bit Build 7601 Service Pack 1

CPU:total 8 (4 cores per cpu, 2 threads per core) family 6 model 58 stepping 9, cmov, cx8, fxsr, mmx, sse, sse2, sse3, ssse3, sse4.1, sse4.2, popcnt, avx, aes, clmul, erms, ht, tsc, tscinvbit, tscinv

Memory: 4k page, physical 12472856k(4310472k free), swap 12471016k(5196k free)

vm_info: Java HotSpot(TM) 64-Bit Server VM (25.25-b02) for windows-amd64 JRE (1.8.0_25-b18), built on Oct  7 2014 14:25:37 by "java_re" with MS VC++ 10.0 (VS2010)

time: Fri Oct 02 02:50:27 2015
elapsed time: 7 seconds (0d 0h 0m 7s)

