#
# There is insufficient memory for the Java Runtime Environment to continue.
# Native memory allocation (malloc) failed to allocate 1050096 bytes for Chunk::new
# Possible reasons:
#   The system is out of physical RAM or swap space
#   In 32 bit mode, the process size limit was hit
# Possible solutions:
#   Reduce memory load on the system
#   Increase physical memory or swap space
#   Check if swap backing store is full
#   Use 64 bit Java on a 64 bit OS
#   Decrease Java heap size (-Xmx/-Xms)
#   Decrease number of Java threads
#   Decrease Java thread stack sizes (-Xss)
#   Set larger code cache with -XX:ReservedCodeCacheSize=
# This output file may be truncated or incomplete.
#
#  Out of Memory Error (allocation.cpp:390), pid=23088, tid=20120
#
# JRE version: Java(TM) SE Runtime Environment (8.0_25-b18) (build 1.8.0_25-b18)
# Java VM: Java HotSpot(TM) 64-Bit Server VM (25.25-b02 mixed mode windows-amd64 compressed oops)
# Failed to write core dump. Minidumps are not enabled by default on client versions of Windows
#

---------------  T H R E A D  ---------------

Current thread (0x000000001acbf000):  JavaThread "C2 CompilerThread2" daemon [_thread_in_native, id=20120, stack(0x000000001c7e0000,0x000000001c8e0000)]

Stack: [0x000000001c7e0000,0x000000001c8e0000]
Native frames: (J=compiled Java code, j=interpreted, Vv=VM code, C=native code)
V  [jvm.dll+0x31667a]


Current CompileTask:
C2:   9952 1959   !   4       javax.swing.JComponent::paint (409 bytes)


---------------  P R O C E S S  ---------------

Java Threads: ( => current thread )
  0x0000000055e8d800 JavaThread "TimerQueue" daemon [_thread_blocked, id=6492, stack(0x0000000020990000,0x0000000020a90000)]
  0x0000000055e77800 JavaThread "pool-2-thread-1" [_thread_blocked, id=14308, stack(0x00000000213f0000,0x00000000214f0000)]
  0x000000001d04c000 JavaThread "D3D Screen Updater" daemon [_thread_blocked, id=4936, stack(0x0000000020240000,0x0000000020340000)]
  0x0000000001caf800 JavaThread "DestroyJavaVM" [_thread_blocked, id=14484, stack(0x0000000001eb0000,0x0000000001fb0000)]
  0x0000000055a7f800 JavaThread "AWT-EventQueue-0" [_thread_in_native, id=24296, stack(0x000000001dc00000,0x000000001dd00000)]
  0x0000000055952800 JavaThread "AWT-Shutdown" [_thread_blocked, id=26556, stack(0x000000001da10000,0x000000001db10000)]
  0x000000001ccbb800 JavaThread "AWT-Windows" daemon [_thread_in_native, id=16864, stack(0x000000001d860000,0x000000001d960000)]
  0x000000001ccb8800 JavaThread "Java2D Disposer" daemon [_thread_blocked, id=25496, stack(0x000000001d4a0000,0x000000001d5a0000)]
  0x000000001ad3d000 JavaThread "Service Thread" daemon [_thread_blocked, id=17148, stack(0x000000001c950000,0x000000001ca50000)]
  0x000000001acc0800 JavaThread "C1 CompilerThread3" daemon [_thread_blocked, id=23308, stack(0x000000001ca60000,0x000000001cb60000)]
=>0x000000001acbf000 JavaThread "C2 CompilerThread2" daemon [_thread_in_native, id=20120, stack(0x000000001c7e0000,0x000000001c8e0000)]
  0x000000001acb7800 JavaThread "C2 CompilerThread1" daemon [_thread_blocked, id=23952, stack(0x000000001c4e0000,0x000000001c5e0000)]
  0x000000001acb0800 JavaThread "C2 CompilerThread0" daemon [_thread_blocked, id=18056, stack(0x000000001c600000,0x000000001c700000)]
  0x000000001acad800 JavaThread "Attach Listener" daemon [_thread_blocked, id=6540, stack(0x000000001c3c0000,0x000000001c4c0000)]
  0x000000001acac000 JavaThread "Signal Dispatcher" daemon [_thread_blocked, id=16136, stack(0x000000001c240000,0x000000001c340000)]
  0x0000000019bfb000 JavaThread "Finalizer" daemon [_thread_blocked, id=20528, stack(0x000000001c090000,0x000000001c190000)]
  0x0000000001daf000 JavaThread "Reference Handler" daemon [_thread_blocked, id=23332, stack(0x000000001be40000,0x000000001bf40000)]

Other Threads:
  0x000000001ac63000 VMThread [stack: 0x000000001bc80000,0x000000001bd80000] [id=16796]
  0x000000001ad3e000 WatcherThread [stack: 0x000000001cb90000,0x000000001cc90000] [id=15808]

VM state:not at safepoint (normal execution)

VM Mutex/Monitor currently owned by a thread: None

Heap:
 PSYoungGen      total 57344K, used 54270K [0x0000000780900000, 0x0000000784900000, 0x00000007c0000000)
  eden space 49152K, 99% used [0x0000000780900000,0x00000007838f1268,0x0000000783900000)
  from space 8192K, 63% used [0x0000000783900000,0x0000000783e0e890,0x0000000784100000)
  to   space 8192K, 0% used [0x0000000784100000,0x0000000784100000,0x0000000784900000)
 ParOldGen       total 131072K, used 16K [0x0000000701a00000, 0x0000000709a00000, 0x0000000780900000)
  object space 131072K, 0% used [0x0000000701a00000,0x0000000701a04000,0x0000000709a00000)
 Metaspace       used 15125K, capacity 15276K, committed 15488K, reserved 1062912K
  class space    used 1868K, capacity 1892K, committed 1920K, reserved 1048576K

Card table byte_map: [0x0000000011640000,0x0000000011c40000] byte_map_base: 0x000000000de33000

Marking Bits: (ParMarkBitMap*) 0x000000006a08d490
 Begin Bits: [0x0000000012ce0000, 0x0000000015c78000)
 End Bits:   [0x0000000015c78000, 0x0000000018c10000)

Polling page: 0x0000000000110000

CodeCache: size=245760Kb used=5840Kb max_used=5853Kb free=239919Kb
 bounds [0x0000000002280000, 0x0000000002840000, 0x0000000011280000]
 total_blobs=2514 nmethods=1966 adapters=461
 compilation: enabled

Compilation events (10 events):
Event: 9.837 Thread 0x000000001acb7800 nmethod 1968 0x000000000282fa50 code [0x000000000282fba0, 0x000000000282fc38]
Event: 9.837 Thread 0x000000001acb7800 1970       4       java.security.AccessControlContext::optimize (318 bytes)
Event: 9.840 Thread 0x000000001acb0800 nmethod 1960 0x0000000002839350 code [0x0000000002839520, 0x0000000002839b80]
Event: 9.845 Thread 0x000000001acb0800 1971       4       javax.swing.JComponent::getWidth (5 bytes)
Event: 9.847 Thread 0x000000001acb0800 nmethod 1971 0x00000000027d3f90 code [0x00000000027d40c0, 0x00000000027d4118]
Event: 9.848 Thread 0x000000001acc0800 1972       3       javax.swing.JComponent::getBounds (50 bytes)
Event: 9.850 Thread 0x000000001acc0800 nmethod 1972 0x0000000002835a10 code [0x0000000002835c00, 0x00000000028368f0]
Event: 9.869 Thread 0x000000001acb7800 nmethod 1970 0x000000000283c690 code [0x000000000283c840, 0x000000000283d460]
Event: 9.916 Thread 0x000000001acb0800 1973       4       java.lang.Integer::getChars (131 bytes)
Event: 9.926 Thread 0x000000001acb0800 nmethod 1973 0x0000000002833550 code [0x00000000028336a0, 0x0000000002833b98]

GC Heap History (2 events):
Event: 2.853 GC heap before
{Heap before GC invocations=1 (full 0):
 PSYoungGen      total 57344K, used 49152K [0x0000000780900000, 0x0000000784900000, 0x00000007c0000000)
  eden space 49152K, 100% used [0x0000000780900000,0x0000000783900000,0x0000000783900000)
  from space 8192K, 0% used [0x0000000784100000,0x0000000784100000,0x0000000784900000)
  to   space 8192K, 0% used [0x0000000783900000,0x0000000783900000,0x0000000784100000)
 ParOldGen       total 131072K, used 0K [0x0000000701a00000, 0x0000000709a00000, 0x0000000780900000)
  object space 131072K, 0% used [0x0000000701a00000,0x0000000701a00000,0x0000000709a00000)
 Metaspace       used 11804K, capacity 11976K, committed 12032K, reserved 1060864K
  class space    used 1451K, capacity 1504K, committed 1536K, reserved 1048576K
Event: 2.861 GC heap after
Heap after GC invocations=1 (full 0):
 PSYoungGen      total 57344K, used 5178K [0x0000000780900000, 0x0000000784900000, 0x00000007c0000000)
  eden space 49152K, 0% used [0x0000000780900000,0x0000000780900000,0x0000000783900000)
  from space 8192K, 63% used [0x0000000783900000,0x0000000783e0e890,0x0000000784100000)
  to   space 8192K, 0% used [0x0000000784100000,0x0000000784100000,0x0000000784900000)
 ParOldGen       total 131072K, used 16K [0x0000000701a00000, 0x0000000709a00000, 0x0000000780900000)
  object space 131072K, 0% used [0x0000000701a00000,0x0000000701a04000,0x0000000709a00000)
 Metaspace       used 11804K, capacity 11976K, committed 12032K, reserved 1060864K
  class space    used 1451K, capacity 1504K, committed 1536K, reserved 1048576K
}

Deoptimization events (10 events):
Event: 2.769 Thread 0x0000000001caf800 Uncommon trap: reason=class_check action=maybe_recompile pc=0x00000000024da730 method=java.util.regex.Pattern$CharProperty.match(Ljava/util/regex/Matcher;ILjava/lang/CharSequence;)Z @ 37
Event: 2.795 Thread 0x0000000001caf800 Uncommon trap: reason=class_check action=maybe_recompile pc=0x00000000024da730 method=java.util.regex.Pattern$CharProperty.match(Ljava/util/regex/Matcher;ILjava/lang/CharSequence;)Z @ 37
Event: 2.803 Thread 0x0000000001caf800 Uncommon trap: reason=class_check action=maybe_recompile pc=0x00000000024da730 method=java.util.regex.Pattern$CharProperty.match(Ljava/util/regex/Matcher;ILjava/lang/CharSequence;)Z @ 37
Event: 2.867 Thread 0x0000000001caf800 Uncommon trap: reason=unreached action=reinterpret pc=0x00000000024fd634 method=java.util.LinkedList.linkLast(Ljava/lang/Object;)V @ 22
Event: 3.105 Thread 0x0000000001caf800 Uncommon trap: reason=class_check action=maybe_recompile pc=0x000000000243a390 method=java.lang.String.equals(Ljava/lang/Object;)Z @ 8
Event: 3.105 Thread 0x0000000001caf800 Uncommon trap: reason=class_check action=maybe_recompile pc=0x000000000243a390 method=java.lang.String.equals(Ljava/lang/Object;)Z @ 8
Event: 3.106 Thread 0x0000000001caf800 Uncommon trap: reason=class_check action=maybe_recompile pc=0x000000000243a390 method=java.lang.String.equals(Ljava/lang/Object;)Z @ 8
Event: 3.106 Thread 0x0000000001caf800 Uncommon trap: reason=class_check action=maybe_recompile pc=0x000000000243a390 method=java.lang.String.equals(Ljava/lang/Object;)Z @ 8
Event: 3.464 Thread 0x0000000001caf800 Uncommon trap: reason=predicate action=maybe_recompile pc=0x0000000002507904 method=java.util.ArrayList.indexOf(Ljava/lang/Object;)I @ 44
Event: 3.729 Thread 0x0000000055a7f800 Uncommon trap: reason=unreached action=reinterpret pc=0x00000000024f8cb8 method=java.util.LinkedList.linkLast(Ljava/lang/Object;)V @ 22

Internal exceptions (10 events):
Event: 9.920 Thread 0x0000000055e77800 Exception <a 'java/io/IOException'> (0x00000007838c9318) thrown at [D:\re\workspace\8-2-build-windows-amd64-cygwin\jdk8u25\1677\hotspot\src\share\vm\prims\jni.cpp, line 716]
Event: 9.920 Thread 0x0000000055e77800 Exception <a 'java/io/IOException'> (0x00000007838c9848) thrown at [D:\re\workspace\8-2-build-windows-amd64-cygwin\jdk8u25\1677\hotspot\src\share\vm\prims\jni.cpp, line 716]
Event: 9.920 Thread 0x0000000055e77800 Exception <a 'java/io/IOException'> (0x00000007838c9d78) thrown at [D:\re\workspace\8-2-build-windows-amd64-cygwin\jdk8u25\1677\hotspot\src\share\vm\prims\jni.cpp, line 716]
Event: 9.920 Thread 0x0000000055e77800 Exception <a 'java/io/IOException'> (0x00000007838ca2a8) thrown at [D:\re\workspace\8-2-build-windows-amd64-cygwin\jdk8u25\1677\hotspot\src\share\vm\prims\jni.cpp, line 716]
Event: 9.920 Thread 0x0000000055e77800 Exception <a 'java/io/IOException'> (0x00000007838ca7d8) thrown at [D:\re\workspace\8-2-build-windows-amd64-cygwin\jdk8u25\1677\hotspot\src\share\vm\prims\jni.cpp, line 716]
Event: 9.920 Thread 0x0000000055e77800 Exception <a 'java/io/IOException'> (0x00000007838cad08) thrown at [D:\re\workspace\8-2-build-windows-amd64-cygwin\jdk8u25\1677\hotspot\src\share\vm\prims\jni.cpp, line 716]
Event: 9.920 Thread 0x0000000055e77800 Exception <a 'java/io/IOException'> (0x00000007838cb238) thrown at [D:\re\workspace\8-2-build-windows-amd64-cygwin\jdk8u25\1677\hotspot\src\share\vm\prims\jni.cpp, line 716]
Event: 9.920 Thread 0x0000000055e77800 Exception <a 'java/io/IOException'> (0x00000007838cb768) thrown at [D:\re\workspace\8-2-build-windows-amd64-cygwin\jdk8u25\1677\hotspot\src\share\vm\prims\jni.cpp, line 716]
Event: 9.920 Thread 0x0000000055e77800 Exception <a 'java/io/IOException'> (0x00000007838cbc98) thrown at [D:\re\workspace\8-2-build-windows-amd64-cygwin\jdk8u25\1677\hotspot\src\share\vm\prims\jni.cpp, line 716]
Event: 9.920 Thread 0x0000000055e77800 Exception <a 'java/io/IOException'> (0x00000007838cc1c8) thrown at [D:\re\workspace\8-2-build-windows-amd64-cygwin\jdk8u25\1677\hotspot\src\share\vm\prims\jni.cpp, line 716]

Events (10 events):
Event: 8.308 loading class com/google/common/cache/RemovalCause$3
Event: 8.308 loading class com/google/common/cache/RemovalCause$3 done
Event: 8.309 loading class com/google/common/cache/RemovalCause$4
Event: 8.309 loading class com/google/common/cache/RemovalCause$4 done
Event: 8.310 loading class com/google/common/cache/RemovalCause$5
Event: 8.310 loading class com/google/common/cache/RemovalCause$5 done
Event: 9.004 Executing VM operation: ForceSafepoint
Event: 9.005 Executing VM operation: ForceSafepoint done
Event: 9.342 loading class java/awt/image/BufferedImageOp
Event: 9.342 loading class java/awt/image/BufferedImageOp done


Dynamic libraries:
0x000000013f0c0000 - 0x000000013f0f4000 	C:\Program Files\Java\jdk1.8.0_25\bin\javaw.exe
0x00000000771f0000 - 0x0000000077399000 	C:\Windows\SYSTEM32\ntdll.dll
0x0000000076fd0000 - 0x00000000770ef000 	C:\Windows\system32\kernel32.dll
0x000007fefcfc0000 - 0x000007fefd02c000 	C:\Windows\system32\KERNELBASE.dll
0x000007fefe360000 - 0x000007fefe43b000 	C:\Windows\system32\ADVAPI32.dll
0x000007feff190000 - 0x000007feff22f000 	C:\Windows\system32\msvcrt.dll
0x000007fefe440000 - 0x000007fefe45f000 	C:\Windows\SYSTEM32\sechost.dll
0x000007feff060000 - 0x000007feff18d000 	C:\Windows\system32\RPCRT4.dll
0x00000000770f0000 - 0x00000000771ea000 	C:\Windows\system32\USER32.dll
0x000007fefee30000 - 0x000007fefee97000 	C:\Windows\system32\GDI32.dll
0x000007feff050000 - 0x000007feff05e000 	C:\Windows\system32\LPK.dll
0x000007fefecb0000 - 0x000007fefed79000 	C:\Windows\system32\USP10.dll
0x000007fefb9a0000 - 0x000007fefbb94000 	C:\Windows\WinSxS\amd64_microsoft.windows.common-controls_6595b64144ccf1df_6.0.7601.18837_none_fa3b1e3d17594757\COMCTL32.dll
0x000007fefec30000 - 0x000007fefeca1000 	C:\Windows\system32\SHLWAPI.dll
0x000007fefee00000 - 0x000007fefee2e000 	C:\Windows\system32\IMM32.DLL
0x000007fefeea0000 - 0x000007fefefa9000 	C:\Windows\system32\MSCTF.dll
0x000007fefced0000 - 0x000007fefcf01000 	C:\Windows\system32\nvinitx.dll
0x000007fefcec0000 - 0x000007fefcecc000 	C:\Windows\system32\VERSION.dll
0x000007fef7850000 - 0x000007fef7962000 	C:\Windows\system32\NV\igdumd64.dll
0x000007fefe820000 - 0x000007fefe9f7000 	C:\Windows\system32\SETUPAPI.dll
0x000007fefd2e0000 - 0x000007fefd316000 	C:\Windows\system32\CFGMGR32.dll
0x000007fefe4b0000 - 0x000007fefe587000 	C:\Windows\system32\OLEAUT32.dll
0x000007fefe5b0000 - 0x000007fefe7b3000 	C:\Windows\system32\ole32.dll
0x000007fefd2c0000 - 0x000007fefd2da000 	C:\Windows\system32\DEVOBJ.dll
0x000007fef71e0000 - 0x000007fef72f2000 	C:\Windows\system32\NV\igd10umd64.dll
0x000000006afd0000 - 0x000000006b0a2000 	C:\Program Files\Java\jdk1.8.0_25\jre\bin\msvcr100.dll
0x00000000698b0000 - 0x000000006a10a000 	C:\Program Files\Java\jdk1.8.0_25\jre\bin\server\jvm.dll
0x000007fef7830000 - 0x000007fef7839000 	C:\Windows\system32\WSOCK32.dll
0x000007fefe460000 - 0x000007fefe4ad000 	C:\Windows\system32\WS2_32.dll
0x000007fefd360000 - 0x000007fefd368000 	C:\Windows\system32\NSI.dll
0x000007fefad30000 - 0x000007fefad6b000 	C:\Windows\system32\WINMM.dll
0x00000000773b0000 - 0x00000000773b7000 	C:\Windows\system32\PSAPI.DLL
0x00000000731e0000 - 0x00000000731ef000 	C:\Program Files\Java\jdk1.8.0_25\jre\bin\verify.dll
0x0000000071c80000 - 0x0000000071ca8000 	C:\Program Files\Java\jdk1.8.0_25\jre\bin\java.dll
0x0000000072470000 - 0x0000000072486000 	C:\Program Files\Java\jdk1.8.0_25\jre\bin\zip.dll
0x000007fefd5d0000 - 0x000007fefe359000 	C:\Windows\system32\SHELL32.dll
0x000007fefcfb0000 - 0x000007fefcfbf000 	C:\Windows\system32\profapi.dll
0x0000000069710000 - 0x00000000698a8000 	C:\Program Files\Java\jdk1.8.0_25\jre\bin\awt.dll
0x000007fefb810000 - 0x000007fefb866000 	C:\Windows\system32\uxtheme.dll
0x000007fefaf00000 - 0x000007fefaf18000 	C:\Windows\system32\dwmapi.dll
0x000007fefcdf0000 - 0x000007fefcdff000 	C:\Windows\system32\CRYPTBASE.dll
0x000007fee5cf0000 - 0x000007fee5eef000 	C:\Windows\system32\d3d9.dll
0x000007fefa8d0000 - 0x000007fefa8d7000 	C:\Windows\system32\d3d8thk.dll
0x0000000180000000 - 0x00000001807ca000 	C:\Windows\system32\igdumd64.dll
0x000000006d990000 - 0x000000006d9d7000 	C:\Program Files\Java\jdk1.8.0_25\jre\bin\fontmanager.dll
0x000000006ece0000 - 0x000000006ecfa000 	C:\Program Files\Java\jdk1.8.0_25\jre\bin\net.dll
0x000007fefc6f0000 - 0x000007fefc745000 	C:\Windows\system32\mswsock.dll
0x000007fefc6e0000 - 0x000007fefc6e7000 	C:\Windows\System32\wship6.dll
0x000000006d940000 - 0x000000006d951000 	C:\Program Files\Java\jdk1.8.0_25\jre\bin\nio.dll
0x000000006af90000 - 0x000000006afc1000 	C:\Program Files\Java\jdk1.8.0_25\jre\bin\jpeg.dll
0x000007fef9780000 - 0x000007fef9820000 	C:\Windows\WinSxS\amd64_microsoft.windows.common-controls_6595b64144ccf1df_5.82.7601.18837_none_a4d981ff711297b6\comctl32.dll
0x000000006af40000 - 0x000000006af81000 	C:\Program Files\Java\jdk1.8.0_25\jre\bin\t2k.dll
0x000007fefc750000 - 0x000007fefc768000 	C:\Windows\system32\CRYPTSP.dll
0x000007fefc450000 - 0x000007fefc497000 	C:\Windows\system32\rsaenh.dll
0x000007fefd330000 - 0x000007fefd34e000 	C:\Windows\system32\USERENV.dll
0x000007fefa850000 - 0x000007fefa877000 	C:\Windows\system32\IPHLPAPI.DLL
0x000007fefa840000 - 0x000007fefa84b000 	C:\Windows\system32\WINNSI.DLL
0x000007fefa650000 - 0x000007fefa668000 	C:\Windows\system32\dhcpcsvc.DLL
0x000007fefa630000 - 0x000007fefa641000 	C:\Windows\system32\dhcpcsvc6.DLL
0x000007fefea00000 - 0x000007fefea99000 	C:\Windows\system32\CLBCatQ.DLL
0x000007fefa9a0000 - 0x000007fefab01000 	C:\Windows\system32\WindowsCodecs.dll
0x000007fefcd90000 - 0x000007fefcde7000 	C:\Windows\system32\apphelp.dll
0x000007feef0d0000 - 0x000007feef10b000 	C:\Users\Crigges-Pc\AppData\Roaming\Dropbox\bin\DropboxExt64.27.dll
0x000007fef5cb0000 - 0x000007fef5ce5000 	C:\Windows\system32\EhStorShell.dll
0x000007fefb520000 - 0x000007fefb64c000 	C:\Windows\system32\PROPSYS.dll
0x000007fef5c30000 - 0x000007fef5cae000 	C:\Windows\System32\cscui.dll
0x000007fef5c10000 - 0x000007fef5c1c000 	C:\Windows\System32\CSCDLL.dll
0x000007fef5c00000 - 0x000007fef5c0f000 	C:\Windows\system32\CSCAPI.dll
0x000007fef5b70000 - 0x000007fef5bf0000 	C:\Windows\system32\ntshrui.dll
0x000007fefca10000 - 0x000007fefca33000 	C:\Windows\system32\srvcli.dll
0x000007fefac20000 - 0x000007fefac2b000 	C:\Windows\system32\slc.dll
0x000007feedb80000 - 0x000007feedca5000 	C:\Windows\system32\dbghelp.dll

VM Arguments:
jvm_args: -Dfile.encoding=Cp1252 
java_command: de.crigges.texturechooser.ui.TextureChooser
java_class_path (initial): C:\Users\Crigges-Pc\git\TextureChooser\bin;C:\Users\Crigges-Pc\git\TextureChooser\jgoodies-forms-1.8.0.jar;C:\Users\Crigges-Pc\git\TextureChooser\miglayout15-swing.jar;C:\Users\Crigges-Pc\git\TextureChooser\lib\guava-14.0-rc1.jar;C:\Users\Crigges-Pc\git\TextureChooser\lib\jmpq3.jar
Launcher Type: SUN_STANDARD

Environment Variables:
PATH=C:/Users/Crigges-Pc/Desktop/Desktop/eclipse 8Java//Java_64/bin/server;C:/Users/Crigges-Pc/Desktop/Desktop/eclipse 8Java//Java_64/bin;C:/Users/Crigges-Pc/Desktop/Desktop/eclipse 8Java//Java_64/lib/amd64;C:\ProgramData\Oracle\Java\javapath;C:\Program Files\Haskell\bin;C:\Program Files\Haskell Platform\2014.2.0.0\lib\extralibs\bin;C:\Program Files\Haskell Platform\2014.2.0.0\bin;C:\Windows\system32;C:\Windows;C:\Windows\System32\Wbem;C:\Windows\System32\WindowsPowerShell\v1.0\;C:\Program Files (x86)\Intel\OpenCL SDK\2.0\bin\x86;C:\Program Files (x86)\Intel\OpenCL SDK\2.0\bin\x64;C:\Program Files\Intel\WiFi\bin\;C:\Program Files\Common Files\Intel\WirelessCommon\;C:\Program Files\Haskell Platform\2014.2.0.0\mingw\bin;C:\Program Files (x86)\Git\cmd;C:\Program Files (x86)\NVIDIA Corporation\PhysX\Common;C:\Windows\system32\config\systemprofile\.dnx\bin;C:\Program Files\Microsoft DNX\Dnvm\;C:\Program Files (x86)\Skype\Phone\;C:\Program Files (x86)\GtkSharp\2.12\bin;C:\Users\Crigges-Pc\Desktop\Desktop\eclipse 8Java;
USERNAME=Crigges-Pc
OS=Windows_NT
PROCESSOR_IDENTIFIER=Intel64 Family 6 Model 58 Stepping 9, GenuineIntel



---------------  S Y S T E M  ---------------

OS: Windows 7 , 64 bit Build 7601 Service Pack 1

CPU:total 8 (4 cores per cpu, 2 threads per core) family 6 model 58 stepping 9, cmov, cx8, fxsr, mmx, sse, sse2, sse3, ssse3, sse4.1, sse4.2, popcnt, avx, aes, clmul, erms, ht, tsc, tscinvbit, tscinv

Memory: 4k page, physical 12472856k(4323660k free), swap 12471016k(5120k free)

vm_info: Java HotSpot(TM) 64-Bit Server VM (25.25-b02) for windows-amd64 JRE (1.8.0_25-b18), built on Oct  7 2014 14:25:37 by "java_re" with MS VC++ 10.0 (VS2010)

time: Fri Oct 02 02:47:16 2015
elapsed time: 9 seconds (0d 0h 0m 9s)

