#
# There is insufficient memory for the Java Runtime Environment to continue.
# Native memory allocation (malloc) failed to allocate 131088 bytes for Chunk::new
# Possible reasons:
#   The system is out of physical RAM or swap space
#   In 32 bit mode, the process size limit was hit
# Possible solutions:
#   Reduce memory load on the system
#   Increase physical memory or swap space
#   Check if swap backing store is full
#   Use 64 bit Java on a 64 bit OS
#   Decrease Java heap size (-Xmx/-Xms)
#   Decrease number of Java threads
#   Decrease Java thread stack sizes (-Xss)
#   Set larger code cache with -XX:ReservedCodeCacheSize=
# This output file may be truncated or incomplete.
#
#  Out of Memory Error (allocation.cpp:390), pid=17852, tid=15916
#
# JRE version: Java(TM) SE Runtime Environment (8.0_25-b18) (build 1.8.0_25-b18)
# Java VM: Java HotSpot(TM) 64-Bit Server VM (25.25-b02 mixed mode windows-amd64 compressed oops)
# Failed to write core dump. Minidumps are not enabled by default on client versions of Windows
#

---------------  T H R E A D  ---------------

Current thread (0x000000001ab81000):  JavaThread "C2 CompilerThread0" daemon [_thread_in_native, id=15916, stack(0x000000001c460000,0x000000001c560000)]

Stack: [0x000000001c460000,0x000000001c560000]
Native frames: (J=compiled Java code, j=interpreted, Vv=VM code, C=native code)
V  [jvm.dll+0x31667a]


Current CompileTask:
C2:  20418 2766   !   4       java.awt.Container::validate (105 bytes)


---------------  P R O C E S S  ---------------

Java Threads: ( => current thread )
  0x000000001ce92000 JavaThread "pool-2-thread-2" [_thread_in_native, id=14672, stack(0x0000000039a10000,0x0000000039b10000)]
  0x000000001ce90000 JavaThread "pool-2-thread-1" [_thread_in_Java, id=20388, stack(0x00000000398a0000,0x00000000399a0000)]
  0x000000001d0e1800 JavaThread "pool-1-thread-1" [_thread_in_vm, id=13260, stack(0x000000001e170000,0x000000001e270000)]
  0x0000000053b63800 JavaThread "TimerQueue" daemon [_thread_blocked, id=21096, stack(0x000000001c7a0000,0x000000001c8a0000)]
  0x0000000001f3f800 JavaThread "DestroyJavaVM" [_thread_blocked, id=20760, stack(0x0000000001dc0000,0x0000000001ec0000)]
  0x000000001cd46000 JavaThread "AWT-EventQueue-0" [_thread_in_Java, id=17528, stack(0x000000001e3c0000,0x000000001e4c0000)]
  0x000000001ccf5000 JavaThread "AWT-Windows" daemon [_thread_in_native, id=4940, stack(0x000000001d8d0000,0x000000001d9d0000)]
  0x000000001ccf4000 JavaThread "AWT-Shutdown" [_thread_blocked, id=27132, stack(0x000000001d700000,0x000000001d800000)]
  0x000000001aecf000 JavaThread "Java2D Disposer" daemon [_thread_blocked, id=15120, stack(0x000000001d4e0000,0x000000001d5e0000)]
  0x000000001ac0d800 JavaThread "Service Thread" daemon [_thread_blocked, id=23632, stack(0x000000001c9f0000,0x000000001caf0000)]
  0x000000001abb0800 JavaThread "C1 CompilerThread3" daemon [_thread_blocked, id=14536, stack(0x000000001c8c0000,0x000000001c9c0000)]
  0x000000001ab8f800 JavaThread "C2 CompilerThread2" daemon [_thread_blocked, id=12340, stack(0x000000001bc40000,0x000000001bd40000)]
  0x000000001ab88000 JavaThread "C2 CompilerThread1" daemon [_thread_blocked, id=9528, stack(0x000000001c650000,0x000000001c750000)]
=>0x000000001ab81000 JavaThread "C2 CompilerThread0" daemon [_thread_in_native, id=15916, stack(0x000000001c460000,0x000000001c560000)]
  0x000000001ab7d800 JavaThread "Attach Listener" daemon [_thread_blocked, id=21416, stack(0x000000001c280000,0x000000001c380000)]
  0x000000001ab7c800 JavaThread "Signal Dispatcher" daemon [_thread_blocked, id=16484, stack(0x000000001c090000,0x000000001c190000)]
  0x00000000199bb800 JavaThread "Finalizer" daemon [_thread_blocked, id=27084, stack(0x000000001bf30000,0x000000001c030000)]
  0x0000000001d3f000 JavaThread "Reference Handler" daemon [_thread_blocked, id=1264, stack(0x000000001bd50000,0x000000001be50000)]

Other Threads:
  0x000000001ab33000 VMThread [stack: 0x000000001bad0000,0x000000001bbd0000] [id=26188]
  0x000000001ac0e000 WatcherThread [stack: 0x000000001cb90000,0x000000001cc90000] [id=18072]

VM state:not at safepoint (normal execution)

VM Mutex/Monitor currently owned by a thread: None

Heap:
 PSYoungGen      total 961536K, used 891804K [0x0000000780900000, 0x00000007bf800000, 0x00000007c0000000)
  eden space 901120K, 95% used [0x0000000780900000,0x00000007b52f6918,0x00000007b7900000)
  from space 60416K, 49% used [0x00000007bbd00000,0x00000007bd9f0ab8,0x00000007bf800000)
  to   space 65024K, 0% used [0x00000007b7900000,0x00000007b7900000,0x00000007bb880000)
 ParOldGen       total 287744K, used 178720K [0x0000000701a00000, 0x0000000713300000, 0x0000000780900000)
  object space 287744K, 62% used [0x0000000701a00000,0x000000070c8881d0,0x0000000713300000)
 Metaspace       used 14176K, capacity 14352K, committed 14592K, reserved 1062912K
  class space    used 1672K, capacity 1696K, committed 1792K, reserved 1048576K

Card table byte_map: [0x00000000115d0000,0x0000000011bd0000] byte_map_base: 0x000000000ddc3000

Marking Bits: (ParMarkBitMap*) 0x000000005884d490
 Begin Bits: [0x0000000012aa0000, 0x0000000015a38000)
 End Bits:   [0x0000000015a38000, 0x00000000189d0000)

Polling page: 0x00000000000a0000

CodeCache: size=245760Kb used=9374Kb max_used=9384Kb free=236385Kb
 bounds [0x0000000002210000, 0x0000000002b50000, 0x0000000011210000]
 total_blobs=3254 nmethods=2750 adapters=416
 compilation: enabled

Compilation events (10 events):
Event: 20.194 Thread 0x000000001abb0800 nmethod 2761 0x0000000002b423d0 code [0x0000000002b425e0, 0x0000000002b42f48]
Event: 20.194 Thread 0x000000001abb0800 2762       3       sun.awt.GlobalCursorManager::updateCursorLater (23 bytes)
Event: 20.195 Thread 0x000000001abb0800 nmethod 2762 0x0000000002b41790 code [0x0000000002b41960, 0x0000000002b42038]
Event: 20.220 Thread 0x000000001ab8f800 2763       4       java.awt.Container::adjustListeningChildren (108 bytes)
Event: 20.224 Thread 0x000000001ab8f800 nmethod 2763 0x0000000002b40ed0 code [0x0000000002b41040, 0x0000000002b41348]
Event: 20.300 Thread 0x000000001ab88000 2764       4       java.awt.AWTEvent::<init> (81 bytes)
Event: 20.302 Thread 0x000000001ab88000 nmethod 2764 0x0000000002b40a90 code [0x0000000002b40be0, 0x0000000002b40d58]
Event: 20.351 Thread 0x000000001abb0800 2765       1       sun.awt.image.IntegerInterleavedRaster::getDataOffset (7 bytes)
Event: 20.351 Thread 0x000000001abb0800 nmethod 2765 0x0000000002b46090 code [0x0000000002b461e0, 0x0000000002b46310]
Event: 20.389 Thread 0x000000001ab81000 2766   !   4       java.awt.Container::validate (105 bytes)

GC Heap History (10 events):
Event: 17.893 GC heap before
{Heap before GC invocations=24 (full 3):
 PSYoungGen      total 981504K, used 944729K [0x0000000780900000, 0x00000007c0000000, 0x00000007c0000000)
  eden space 924672K, 100% used [0x0000000780900000,0x00000007b9000000,0x00000007b9000000)
  from space 56832K, 35% used [0x00000007bc580000,0x00000007bd916568,0x00000007bfd00000)
  to   space 54784K, 0% used [0x00000007b9000000,0x00000007b9000000,0x00000007bc580000)
 ParOldGen       total 287744K, used 156978K [0x0000000701a00000, 0x0000000713300000, 0x0000000780900000)
  object space 287744K, 54% used [0x0000000701a00000,0x000000070b34c9f8,0x0000000713300000)
 Metaspace       used 14166K, capacity 14352K, committed 14592K, reserved 1062912K
  class space    used 1672K, capacity 1696K, committed 1792K, reserved 1048576K
Event: 17.903 GC heap after
Heap after GC invocations=24 (full 3):
 PSYoungGen      total 979456K, used 17431K [0x0000000780900000, 0x00000007bfb00000, 0x00000007c0000000)
  eden space 924672K, 0% used [0x0000000780900000,0x0000000780900000,0x00000007b9000000)
  from space 54784K, 31% used [0x00000007b9000000,0x00000007ba105f68,0x00000007bc580000)
  to   space 53248K, 0% used [0x00000007bc700000,0x00000007bc700000,0x00000007bfb00000)
 ParOldGen       total 287744K, used 169557K [0x0000000701a00000, 0x0000000713300000, 0x0000000780900000)
  object space 287744K, 58% used [0x0000000701a00000,0x000000070bf95458,0x0000000713300000)
 Metaspace       used 14166K, capacity 14352K, committed 14592K, reserved 1062912K
  class space    used 1672K, capacity 1696K, committed 1792K, reserved 1048576K
}
Event: 18.436 GC heap before
{Heap before GC invocations=25 (full 3):
 PSYoungGen      total 979456K, used 942103K [0x0000000780900000, 0x00000007bfb00000, 0x00000007c0000000)
  eden space 924672K, 100% used [0x0000000780900000,0x00000007b9000000,0x00000007b9000000)
  from space 54784K, 31% used [0x00000007b9000000,0x00000007ba105f68,0x00000007bc580000)
  to   space 53248K, 0% used [0x00000007bc700000,0x00000007bc700000,0x00000007bfb00000)
 ParOldGen       total 287744K, used 169560K [0x0000000701a00000, 0x0000000713300000, 0x0000000780900000)
  object space 287744K, 58% used [0x0000000701a00000,0x000000070bf96380,0x0000000713300000)
 Metaspace       used 14166K, capacity 14352K, committed 14592K, reserved 1062912K
  class space    used 1672K, capacity 1696K, committed 1792K, reserved 1048576K
Event: 18.453 GC heap after
Heap after GC invocations=25 (full 3):
 PSYoungGen      total 953344K, used 53241K [0x0000000780900000, 0x00000007c0000000, 0x00000007c0000000)
  eden space 900096K, 0% used [0x0000000780900000,0x0000000780900000,0x00000007b7800000)
  from space 53248K, 99% used [0x00000007bc700000,0x00000007bfafe5b8,0x00000007bfb00000)
  to   space 69632K, 0% used [0x00000007b7800000,0x00000007b7800000,0x00000007bbc00000)
 ParOldGen       total 287744K, used 192807K [0x0000000701a00000, 0x0000000713300000, 0x0000000780900000)
  object space 287744K, 67% used [0x0000000701a00000,0x000000070d649e40,0x0000000713300000)
 Metaspace       used 14166K, capacity 14352K, committed 14592K, reserved 1062912K
  class space    used 1672K, capacity 1696K, committed 1792K, reserved 1048576K
}
Event: 19.041 GC heap before
{Heap before GC invocations=26 (full 3):
 PSYoungGen      total 953344K, used 953337K [0x0000000780900000, 0x00000007c0000000, 0x00000007c0000000)
  eden space 900096K, 100% used [0x0000000780900000,0x00000007b7800000,0x00000007b7800000)
  from space 53248K, 99% used [0x00000007bc700000,0x00000007bfafe5b8,0x00000007bfb00000)
  to   space 69632K, 0% used [0x00000007b7800000,0x00000007b7800000,0x00000007bbc00000)
 ParOldGen       total 287744K, used 192807K [0x0000000701a00000, 0x0000000713300000, 0x0000000780900000)
  object space 287744K, 67% used [0x0000000701a00000,0x000000070d649f78,0x0000000713300000)
 Metaspace       used 14169K, capacity 14352K, committed 14592K, reserved 1062912K
  class space    used 1672K, capacity 1696K, committed 1792K, reserved 1048576K
Event: 19.058 GC heap after
Heap after GC invocations=26 (full 3):
 PSYoungGen      total 969728K, used 14111K [0x0000000780900000, 0x00000007c0000000, 0x00000007c0000000)
  eden space 900096K, 0% used [0x0000000780900000,0x0000000780900000,0x00000007b7800000)
  from space 69632K, 20% used [0x00000007b7800000,0x00000007b85c7c68,0x00000007bbc00000)
  to   space 68608K, 0% used [0x00000007bbd00000,0x00000007bbd00000,0x00000007c0000000)
 ParOldGen       total 287744K, used 240683K [0x0000000701a00000, 0x0000000713300000, 0x0000000780900000)
  object space 287744K, 83% used [0x0000000701a00000,0x000000071050ae20,0x0000000713300000)
 Metaspace       used 14169K, capacity 14352K, committed 14592K, reserved 1062912K
  class space    used 1672K, capacity 1696K, committed 1792K, reserved 1048576K
}
Event: 19.059 GC heap before
{Heap before GC invocations=27 (full 4):
 PSYoungGen      total 969728K, used 14111K [0x0000000780900000, 0x00000007c0000000, 0x00000007c0000000)
  eden space 900096K, 0% used [0x0000000780900000,0x0000000780900000,0x00000007b7800000)
  from space 69632K, 20% used [0x00000007b7800000,0x00000007b85c7c68,0x00000007bbc00000)
  to   space 68608K, 0% used [0x00000007bbd00000,0x00000007bbd00000,0x00000007c0000000)
 ParOldGen       total 287744K, used 240683K [0x0000000701a00000, 0x0000000713300000, 0x0000000780900000)
  object space 287744K, 83% used [0x0000000701a00000,0x000000071050ae20,0x0000000713300000)
 Metaspace       used 14169K, capacity 14352K, committed 14592K, reserved 1062912K
  class space    used 1672K, capacity 1696K, committed 1792K, reserved 1048576K
Event: 19.133 GC heap after
Heap after GC invocations=27 (full 4):
 PSYoungGen      total 969728K, used 0K [0x0000000780900000, 0x00000007c0000000, 0x00000007c0000000)
  eden space 900096K, 0% used [0x0000000780900000,0x0000000780900000,0x00000007b7800000)
  from space 69632K, 0% used [0x00000007b7800000,0x00000007b7800000,0x00000007bbc00000)
  to   space 68608K, 0% used [0x00000007bbd00000,0x00000007bbd00000,0x00000007c0000000)
 ParOldGen       total 287744K, used 178717K [0x0000000701a00000, 0x0000000713300000, 0x0000000780900000)
  object space 287744K, 62% used [0x0000000701a00000,0x000000070c887538,0x0000000713300000)
 Metaspace       used 14169K, capacity 14352K, committed 14592K, reserved 1062912K
  class space    used 1672K, capacity 1696K, committed 1792K, reserved 1048576K
}
Event: 19.758 GC heap before
{Heap before GC invocations=28 (full 4):
 PSYoungGen      total 969728K, used 900096K [0x0000000780900000, 0x00000007c0000000, 0x00000007c0000000)
  eden space 900096K, 100% used [0x0000000780900000,0x00000007b7800000,0x00000007b7800000)
  from space 69632K, 0% used [0x00000007b7800000,0x00000007b7800000,0x00000007bbc00000)
  to   space 68608K, 0% used [0x00000007bbd00000,0x00000007bbd00000,0x00000007c0000000)
 ParOldGen       total 287744K, used 178720K [0x0000000701a00000, 0x0000000713300000, 0x0000000780900000)
  object space 287744K, 62% used [0x0000000701a00000,0x000000070c8881d0,0x0000000713300000)
 Metaspace       used 14174K, capacity 14352K, committed 14592K, reserved 1062912K
  class space    used 1672K, capacity 1696K, committed 1792K, reserved 1048576K
Event: 19.766 GC heap after
Heap after GC invocations=28 (full 4):
 PSYoungGen      total 961536K, used 29634K [0x0000000780900000, 0x00000007bf800000, 0x00000007c0000000)
  eden space 901120K, 0% used [0x0000000780900000,0x0000000780900000,0x00000007b7900000)
  from space 60416K, 49% used [0x00000007bbd00000,0x00000007bd9f0ab8,0x00000007bf800000)
  to   space 65024K, 0% used [0x00000007b7900000,0x00000007b7900000,0x00000007bb880000)
 ParOldGen       total 287744K, used 178720K [0x0000000701a00000, 0x0000000713300000, 0x0000000780900000)
  object space 287744K, 62% used [0x0000000701a00000,0x000000070c8881d0,0x0000000713300000)
 Metaspace       used 14174K, capacity 14352K, committed 14592K, reserved 1062912K
  class space    used 1672K, capacity 1696K, committed 1792K, reserved 1048576K
}

Deoptimization events (10 events):
Event: 6.731 Thread 0x000000001cd46000 Uncommon trap: reason=unreached action=reinterpret pc=0x000000000269e200 method=javax.swing.UIDefaults.get(Ljava/lang/Object;Ljava/util/Locale;)Ljava/lang/Object; @ 7
Event: 6.737 Thread 0x000000001cd46000 Uncommon trap: reason=unreached action=reinterpret pc=0x0000000002683c04 method=javax.swing.UIDefaults.get(Ljava/lang/Object;Ljava/util/Locale;)Ljava/lang/Object; @ 7
Event: 6.796 Thread 0x000000001cd46000 Uncommon trap: reason=unreached action=reinterpret pc=0x000000000263da14 method=javax.swing.UIDefaults.get(Ljava/lang/Object;Ljava/util/Locale;)Ljava/lang/Object; @ 7
Event: 7.374 Thread 0x000000001cd46000 Uncommon trap: reason=class_check action=maybe_recompile pc=0x00000000026be7e0 method=javax.swing.JComponent.adjustPaintFlags()V @ 85
Event: 7.376 Thread 0x000000001cd46000 Uncommon trap: reason=unreached action=reinterpret pc=0x00000000026bed24 method=javax.swing.JComponent.getComponentGraphics(Ljava/awt/Graphics;)Ljava/awt/Graphics; @ 6
Event: 15.187 Thread 0x000000001ce90000 Uncommon trap: reason=range_check action=make_not_entrant pc=0x0000000002a76348 method=java.awt.image.PackedColorModel.DecomposeMask(IILjava/lang/String;)V @ 8
Event: 15.187 Thread 0x000000001ce92000 Uncommon trap: reason=range_check action=make_not_entrant pc=0x0000000002a76348 method=java.awt.image.PackedColorModel.DecomposeMask(IILjava/lang/String;)V @ 8
Event: 18.926 Thread 0x000000001cd46000 Uncommon trap: reason=unreached action=reinterpret pc=0x000000000274e114 method=java.awt.KeyboardFocusManager.getFocusOwner()Ljava/awt/Component; @ 8
Event: 18.926 Thread 0x000000001cd46000 Uncommon trap: reason=unreached action=reinterpret pc=0x00000000026a0134 method=java.awt.KeyboardFocusManager.getFocusOwner()Ljava/awt/Component; @ 8
Event: 19.372 Thread 0x000000001ce90000 Uncommon trap: reason=unreached action=reinterpret pc=0x0000000002a9aa18 method=sun.awt.PostEventQueue.flush()V @ 23

Internal exceptions (10 events):
Event: 20.413 Thread 0x000000001d0e1800 Exception <a 'java/io/IOException'> (0x00000007acd7e5f8) thrown at [D:\re\workspace\8-2-build-windows-amd64-cygwin\jdk8u25\1677\hotspot\src\share\vm\prims\jni.cpp, line 716]
Event: 20.413 Thread 0x000000001d0e1800 Exception <a 'java/io/IOException'> (0x00000007acd7e8d0) thrown at [D:\re\workspace\8-2-build-windows-amd64-cygwin\jdk8u25\1677\hotspot\src\share\vm\prims\jni.cpp, line 716]
Event: 20.413 Thread 0x000000001d0e1800 Exception <a 'java/io/IOException'> (0x00000007acd7eba8) thrown at [D:\re\workspace\8-2-build-windows-amd64-cygwin\jdk8u25\1677\hotspot\src\share\vm\prims\jni.cpp, line 716]
Event: 20.413 Thread 0x000000001d0e1800 Exception <a 'java/io/IOException'> (0x00000007acd7ee80) thrown at [D:\re\workspace\8-2-build-windows-amd64-cygwin\jdk8u25\1677\hotspot\src\share\vm\prims\jni.cpp, line 716]
Event: 20.413 Thread 0x000000001d0e1800 Exception <a 'java/io/IOException'> (0x00000007acd7f158) thrown at [D:\re\workspace\8-2-build-windows-amd64-cygwin\jdk8u25\1677\hotspot\src\share\vm\prims\jni.cpp, line 716]
Event: 20.413 Thread 0x000000001d0e1800 Exception <a 'java/io/IOException'> (0x00000007acd7f430) thrown at [D:\re\workspace\8-2-build-windows-amd64-cygwin\jdk8u25\1677\hotspot\src\share\vm\prims\jni.cpp, line 716]
Event: 20.413 Thread 0x000000001d0e1800 Exception <a 'java/io/IOException'> (0x00000007acd7f708) thrown at [D:\re\workspace\8-2-build-windows-amd64-cygwin\jdk8u25\1677\hotspot\src\share\vm\prims\jni.cpp, line 716]
Event: 20.413 Thread 0x000000001d0e1800 Exception <a 'java/io/IOException'> (0x00000007acd7f9e0) thrown at [D:\re\workspace\8-2-build-windows-amd64-cygwin\jdk8u25\1677\hotspot\src\share\vm\prims\jni.cpp, line 716]
Event: 20.413 Thread 0x000000001d0e1800 Exception <a 'java/io/IOException'> (0x00000007acd7fcb8) thrown at [D:\re\workspace\8-2-build-windows-amd64-cygwin\jdk8u25\1677\hotspot\src\share\vm\prims\jni.cpp, line 716]
Event: 20.413 Thread 0x000000001d0e1800 Exception <a 'java/io/IOException'> (0x00000007acd7ff90) thrown at [D:\re\workspace\8-2-build-windows-amd64-cygwin\jdk8u25\1677\hotspot\src\share\vm\prims\jni.cpp, line 716]

Events (10 events):
Event: 19.142 Thread 0x000000001abb0800 flushing nmethod 0x0000000002311190
Event: 19.142 Thread 0x000000001abb0800 flushing nmethod 0x000000000231d5d0
Event: 19.142 Thread 0x000000001abb0800 flushing nmethod 0x000000000231ec90
Event: 19.142 Thread 0x000000001abb0800 flushing nmethod 0x000000000231efd0
Event: 19.142 Thread 0x000000001abb0800 flushing nmethod 0x000000000233c3d0
Event: 19.372 Thread 0x000000001ce90000 Uncommon trap: trap_request=0xffffffad fr.pc=0x0000000002a9aa18
Event: 19.372 Thread 0x000000001ce90000 DEOPT PACKING pc=0x0000000002a9aa18 sp=0x000000003999ef60
Event: 19.372 Thread 0x000000001ce90000 DEOPT UNPACKING pc=0x000000000225556a sp=0x000000003999ed08 mode 2
Event: 19.757 Executing VM operation: ParallelGCFailedAllocation
Event: 19.767 Executing VM operation: ParallelGCFailedAllocation done


Dynamic libraries:
0x000000013f1b0000 - 0x000000013f1e4000 	C:\Program Files\Java\jdk1.8.0_25\bin\javaw.exe
0x00000000771f0000 - 0x0000000077399000 	C:\Windows\SYSTEM32\ntdll.dll
0x0000000076fd0000 - 0x00000000770ef000 	C:\Windows\system32\kernel32.dll
0x000007fefcfc0000 - 0x000007fefd02c000 	C:\Windows\system32\KERNELBASE.dll
0x000007fefe360000 - 0x000007fefe43b000 	C:\Windows\system32\ADVAPI32.dll
0x000007feff190000 - 0x000007feff22f000 	C:\Windows\system32\msvcrt.dll
0x000007fefe440000 - 0x000007fefe45f000 	C:\Windows\SYSTEM32\sechost.dll
0x000007feff060000 - 0x000007feff18d000 	C:\Windows\system32\RPCRT4.dll
0x00000000770f0000 - 0x00000000771ea000 	C:\Windows\system32\USER32.dll
0x000007fefee30000 - 0x000007fefee97000 	C:\Windows\system32\GDI32.dll
0x000007feff050000 - 0x000007feff05e000 	C:\Windows\system32\LPK.dll
0x000007fefecb0000 - 0x000007fefed79000 	C:\Windows\system32\USP10.dll
0x000007fefb9a0000 - 0x000007fefbb94000 	C:\Windows\WinSxS\amd64_microsoft.windows.common-controls_6595b64144ccf1df_6.0.7601.18837_none_fa3b1e3d17594757\COMCTL32.dll
0x000007fefec30000 - 0x000007fefeca1000 	C:\Windows\system32\SHLWAPI.dll
0x000007fefee00000 - 0x000007fefee2e000 	C:\Windows\system32\IMM32.DLL
0x000007fefeea0000 - 0x000007fefefa9000 	C:\Windows\system32\MSCTF.dll
0x000007fefced0000 - 0x000007fefcf01000 	C:\Windows\system32\nvinitx.dll
0x000007fefcec0000 - 0x000007fefcecc000 	C:\Windows\system32\VERSION.dll
0x000007fef7850000 - 0x000007fef7962000 	C:\Windows\system32\NV\igdumd64.dll
0x000007fefe820000 - 0x000007fefe9f7000 	C:\Windows\system32\SETUPAPI.dll
0x000007fefd2e0000 - 0x000007fefd316000 	C:\Windows\system32\CFGMGR32.dll
0x000007fefe4b0000 - 0x000007fefe587000 	C:\Windows\system32\OLEAUT32.dll
0x000007fefe5b0000 - 0x000007fefe7b3000 	C:\Windows\system32\ole32.dll
0x000007fefd2c0000 - 0x000007fefd2da000 	C:\Windows\system32\DEVOBJ.dll
0x000007fef71e0000 - 0x000007fef72f2000 	C:\Windows\system32\NV\igd10umd64.dll
0x0000000065e90000 - 0x0000000065f62000 	C:\Program Files\Java\jdk1.8.0_25\jre\bin\msvcr100.dll
0x0000000058070000 - 0x00000000588ca000 	C:\Program Files\Java\jdk1.8.0_25\jre\bin\server\jvm.dll
0x000007fef7830000 - 0x000007fef7839000 	C:\Windows\system32\WSOCK32.dll
0x000007fefe460000 - 0x000007fefe4ad000 	C:\Windows\system32\WS2_32.dll
0x000007fefd360000 - 0x000007fefd368000 	C:\Windows\system32\NSI.dll
0x000007fefad30000 - 0x000007fefad6b000 	C:\Windows\system32\WINMM.dll
0x00000000773b0000 - 0x00000000773b7000 	C:\Windows\system32\PSAPI.DLL
0x0000000072140000 - 0x000000007214f000 	C:\Program Files\Java\jdk1.8.0_25\jre\bin\verify.dll
0x00000000696a0000 - 0x00000000696c8000 	C:\Program Files\Java\jdk1.8.0_25\jre\bin\java.dll
0x0000000069680000 - 0x0000000069696000 	C:\Program Files\Java\jdk1.8.0_25\jre\bin\zip.dll
0x000007fefd5d0000 - 0x000007fefe359000 	C:\Windows\system32\SHELL32.dll
0x000007fefcfb0000 - 0x000007fefcfbf000 	C:\Windows\system32\profapi.dll
0x000000005b440000 - 0x000000005b5d8000 	C:\Program Files\Java\jdk1.8.0_25\jre\bin\awt.dll
0x000007fefb810000 - 0x000007fefb866000 	C:\Windows\system32\uxtheme.dll
0x000007fefaf00000 - 0x000007fefaf18000 	C:\Windows\system32\dwmapi.dll
0x000007fefcdf0000 - 0x000007fefcdff000 	C:\Windows\system32\CRYPTBASE.dll
0x0000000069630000 - 0x0000000069677000 	C:\Program Files\Java\jdk1.8.0_25\jre\bin\fontmanager.dll
0x0000000069610000 - 0x000000006962a000 	C:\Program Files\Java\jdk1.8.0_25\jre\bin\net.dll
0x000007fefc6f0000 - 0x000007fefc745000 	C:\Windows\system32\mswsock.dll
0x000007fefc6e0000 - 0x000007fefc6e7000 	C:\Windows\System32\wship6.dll
0x00000000695f0000 - 0x0000000069601000 	C:\Program Files\Java\jdk1.8.0_25\jre\bin\nio.dll
0x000007fefc750000 - 0x000007fefc768000 	C:\Windows\system32\CRYPTSP.dll
0x000007fefc450000 - 0x000007fefc497000 	C:\Windows\system32\rsaenh.dll
0x000007fefd330000 - 0x000007fefd34e000 	C:\Windows\system32\USERENV.dll
0x000007fefa850000 - 0x000007fefa877000 	C:\Windows\system32\IPHLPAPI.DLL
0x000007fefa840000 - 0x000007fefa84b000 	C:\Windows\system32\WINNSI.DLL
0x000007fefa650000 - 0x000007fefa668000 	C:\Windows\system32\dhcpcsvc.DLL
0x000007fefa630000 - 0x000007fefa641000 	C:\Windows\system32\dhcpcsvc6.DLL
0x00000000695a0000 - 0x00000000695e1000 	C:\Program Files\Java\jdk1.8.0_25\jre\bin\t2k.dll
0x000007fefea00000 - 0x000007fefea99000 	C:\Windows\system32\CLBCatQ.DLL
0x000007fefa9a0000 - 0x000007fefab01000 	C:\Windows\system32\WindowsCodecs.dll
0x000007fefcd90000 - 0x000007fefcde7000 	C:\Windows\system32\apphelp.dll
0x000007fef5cb0000 - 0x000007fef5ce5000 	C:\Windows\system32\EhStorShell.dll
0x000007fefb520000 - 0x000007fefb64c000 	C:\Windows\system32\PROPSYS.dll
0x000007fef5c30000 - 0x000007fef5cae000 	C:\Windows\System32\cscui.dll
0x000007fef5c10000 - 0x000007fef5c1c000 	C:\Windows\System32\CSCDLL.dll
0x000007fef5c00000 - 0x000007fef5c0f000 	C:\Windows\system32\CSCAPI.dll
0x000007fef5b70000 - 0x000007fef5bf0000 	C:\Windows\system32\ntshrui.dll
0x000007fefca10000 - 0x000007fefca33000 	C:\Windows\system32\srvcli.dll
0x000007fefac20000 - 0x000007fefac2b000 	C:\Windows\system32\slc.dll
0x0000000069560000 - 0x0000000069591000 	C:\Program Files\Java\jdk1.8.0_25\jre\bin\jpeg.dll

VM Arguments:
jvm_args: -Dfile.encoding=Cp1252 
java_command: de.crigges.texturechooser.ui.MpqImageChooser
java_class_path (initial): C:\Users\Crigges-Pc\git\TextureChooser\bin;C:\Users\Crigges-Pc\git\TextureChooser\jgoodies-forms-1.8.0.jar;C:\Users\Crigges-Pc\git\TextureChooser\miglayout15-swing.jar;C:\Users\Crigges-Pc\git\TextureChooser\lib\guava-14.0-rc1.jar;C:\Users\Crigges-Pc\git\TextureChooser\lib\jmpq3.jar
Launcher Type: SUN_STANDARD

Environment Variables:
PATH=C:/Users/Crigges-Pc/Desktop/Desktop/eclipse 8Java//Java_64/bin/server;C:/Users/Crigges-Pc/Desktop/Desktop/eclipse 8Java//Java_64/bin;C:/Users/Crigges-Pc/Desktop/Desktop/eclipse 8Java//Java_64/lib/amd64;C:\ProgramData\Oracle\Java\javapath;C:\Program Files\Haskell\bin;C:\Program Files\Haskell Platform\2014.2.0.0\lib\extralibs\bin;C:\Program Files\Haskell Platform\2014.2.0.0\bin;C:\Windows\system32;C:\Windows;C:\Windows\System32\Wbem;C:\Windows\System32\WindowsPowerShell\v1.0\;C:\Program Files (x86)\Intel\OpenCL SDK\2.0\bin\x86;C:\Program Files (x86)\Intel\OpenCL SDK\2.0\bin\x64;C:\Program Files\Intel\WiFi\bin\;C:\Program Files\Common Files\Intel\WirelessCommon\;C:\Program Files\Haskell Platform\2014.2.0.0\mingw\bin;C:\Program Files (x86)\Git\cmd;C:\Program Files (x86)\NVIDIA Corporation\PhysX\Common;C:\Users\Crigges-Pc\.dnx\bin;C:\Program Files\Microsoft DNX\Dnvm\;C:\Program Files (x86)\Skype\Phone\;C:\Program Files (x86)\GtkSharp\2.12\bin;C:\Users\Crigges-Pc\Desktop\Desktop\eclipse 8Java;
USERNAME=Crigges-Pc
OS=Windows_NT
PROCESSOR_IDENTIFIER=Intel64 Family 6 Model 58 Stepping 9, GenuineIntel



---------------  S Y S T E M  ---------------

OS: Windows 7 , 64 bit Build 7601 Service Pack 1

CPU:total 8 (4 cores per cpu, 2 threads per core) family 6 model 58 stepping 9, cmov, cx8, fxsr, mmx, sse, sse2, sse3, ssse3, sse4.1, sse4.2, popcnt, avx, aes, clmul, erms, ht, tsc, tscinvbit, tscinv

Memory: 4k page, physical 12472856k(5999684k free), swap 12471016k(5116k free)

vm_info: Java HotSpot(TM) 64-Bit Server VM (25.25-b02) for windows-amd64 JRE (1.8.0_25-b18), built on Oct  7 2014 14:25:37 by "java_re" with MS VC++ 10.0 (VS2010)

time: Sat Oct 03 00:45:31 2015
elapsed time: 20 seconds (0d 0h 0m 20s)

