#
# There is insufficient memory for the Java Runtime Environment to continue.
# Native memory allocation (malloc) failed to allocate 81040 bytes for Chunk::new
# Possible reasons:
#   The system is out of physical RAM or swap space
#   In 32 bit mode, the process size limit was hit
# Possible solutions:
#   Reduce memory load on the system
#   Increase physical memory or swap space
#   Check if swap backing store is full
#   Use 64 bit Java on a 64 bit OS
#   Decrease Java heap size (-Xmx/-Xms)
#   Decrease number of Java threads
#   Decrease Java thread stack sizes (-Xss)
#   Set larger code cache with -XX:ReservedCodeCacheSize=
# This output file may be truncated or incomplete.
#
#  Out of Memory Error (allocation.cpp:390), pid=20016, tid=22760
#
# JRE version: Java(TM) SE Runtime Environment (8.0_25-b18) (build 1.8.0_25-b18)
# Java VM: Java HotSpot(TM) 64-Bit Server VM (25.25-b02 mixed mode windows-amd64 compressed oops)
# Failed to write core dump. Minidumps are not enabled by default on client versions of Windows
#

---------------  T H R E A D  ---------------

Current thread (0x000000001ab98000):  JavaThread "C2 CompilerThread1" daemon [_thread_in_native, id=22760, stack(0x000000001c540000,0x000000001c640000)]

Stack: [0x000000001c540000,0x000000001c640000]
Native frames: (J=compiled Java code, j=interpreted, Vv=VM code, C=native code)
V  [jvm.dll+0x31667a]


Current CompileTask:
C2:  24362 2483       4       java.awt.geom.AffineTransform::createInverse (569 bytes)


---------------  P R O C E S S  ---------------

Java Threads: ( => current thread )
  0x000000001d334000 JavaThread "pool-2-thread-53" [_thread_blocked, id=15332, stack(0x000000003a220000,0x000000003a320000)]
  0x000000001d34e000 JavaThread "pool-2-thread-52" [_thread_blocked, id=20504, stack(0x000000003e400000,0x000000003e500000)]
  0x00000000537a1800 JavaThread "pool-2-thread-51" [_thread_blocked, id=17960, stack(0x000000003ceb0000,0x000000003cfb0000)]
  0x00000000537a1000 JavaThread "pool-2-thread-50" [_thread_blocked, id=18924, stack(0x000000003cfd0000,0x000000003d0d0000)]
  0x00000000537a0000 JavaThread "pool-2-thread-49" [_thread_in_Java, id=3076, stack(0x000000003c5a0000,0x000000003c6a0000)]
  0x000000005379f800 JavaThread "pool-2-thread-48" [_thread_in_Java, id=12048, stack(0x000000001ddb0000,0x000000001deb0000)]
  0x000000005379e800 JavaThread "pool-2-thread-47" [_thread_blocked, id=16296, stack(0x000000003c380000,0x000000003c480000)]
  0x000000001d358000 JavaThread "pool-2-thread-46" [_thread_blocked, id=20472, stack(0x000000001db30000,0x000000001dc30000)]
  0x000000001d357000 JavaThread "pool-2-thread-45" [_thread_blocked, id=22304, stack(0x000000003cd60000,0x000000003ce60000)]
  0x000000001d356800 JavaThread "pool-2-thread-44" [_thread_blocked, id=16844, stack(0x000000003b5e0000,0x000000003b6e0000)]
  0x000000001d355800 JavaThread "pool-2-thread-43" [_thread_in_Java, id=16152, stack(0x000000003cc00000,0x000000003cd00000)]
  0x000000001d355000 JavaThread "pool-2-thread-42" [_thread_blocked, id=24600, stack(0x000000001dc90000,0x000000001dd90000)]
  0x000000001d354000 JavaThread "pool-2-thread-41" [_thread_in_Java, id=15800, stack(0x000000001da30000,0x000000001db30000)]
  0x000000001d353800 JavaThread "pool-2-thread-40" [_thread_blocked, id=3760, stack(0x000000001d900000,0x000000001da00000)]
  0x000000001d352800 JavaThread "pool-2-thread-39" [_thread_blocked, id=23892, stack(0x000000001d730000,0x000000001d830000)]
  0x000000001d352000 JavaThread "pool-2-thread-38" [_thread_blocked, id=23388, stack(0x000000003cab0000,0x000000003cbb0000)]
  0x000000001d351000 JavaThread "pool-2-thread-37" [_thread_in_Java, id=16168, stack(0x000000003b800000,0x000000003b900000)]
  0x000000001d350800 JavaThread "pool-2-thread-36" [_thread_blocked, id=18676, stack(0x000000003c8f0000,0x000000003c9f0000)]
  0x000000001d34f800 JavaThread "pool-2-thread-35" [_thread_blocked, id=17352, stack(0x000000003a910000,0x000000003aa10000)]
  0x000000001d34f000 JavaThread "pool-2-thread-34" [_thread_blocked, id=19096, stack(0x000000003c6d0000,0x000000003c7d0000)]
  0x000000001d34d800 JavaThread "pool-2-thread-32" [_thread_in_Java, id=4288, stack(0x000000003c280000,0x000000003c380000)]
  0x000000001d34c800 JavaThread "pool-2-thread-31" [_thread_blocked, id=23220, stack(0x000000003c140000,0x000000003c240000)]
  0x000000001d34c000 JavaThread "pool-2-thread-30" [_thread_blocked, id=14392, stack(0x000000003bfe0000,0x000000003c0e0000)]
  0x000000001d34b000 JavaThread "pool-2-thread-29" [_thread_in_Java, id=25544, stack(0x000000003bd90000,0x000000003be90000)]
  0x000000001d34a800 JavaThread "pool-2-thread-28" [_thread_blocked, id=3608, stack(0x000000003bea0000,0x000000003bfa0000)]
  0x000000001d349800 JavaThread "pool-2-thread-27" [_thread_blocked, id=27280, stack(0x000000003bc90000,0x000000003bd90000)]
  0x000000001d349000 JavaThread "pool-2-thread-26" [_thread_blocked, id=26484, stack(0x000000003b430000,0x000000003b530000)]
  0x000000001d340000 JavaThread "pool-2-thread-25" [_thread_blocked, id=13960, stack(0x000000003bae0000,0x000000003bbe0000)]
  0x000000001d33f000 JavaThread "pool-2-thread-24" [_thread_blocked, id=15808, stack(0x000000003b910000,0x000000003ba10000)]
  0x000000001d33e800 JavaThread "pool-2-thread-23" [_thread_blocked, id=888, stack(0x000000003b6e0000,0x000000003b7e0000)]
  0x000000001d33d800 JavaThread "pool-2-thread-22" [_thread_blocked, id=3844, stack(0x000000003a460000,0x000000003a560000)]
  0x000000001d33d000 JavaThread "pool-2-thread-21" [_thread_blocked, id=26012, stack(0x000000003b080000,0x000000003b180000)]
  0x000000001d33c000 JavaThread "pool-2-thread-20" [_thread_in_Java, id=17684, stack(0x000000003b310000,0x000000003b410000)]
  0x000000001d33b800 JavaThread "pool-2-thread-19" [_thread_in_Java, id=6132, stack(0x000000003b200000,0x000000003b300000)]
  0x000000001d33a800 JavaThread "pool-2-thread-18" [_thread_blocked, id=12544, stack(0x000000003ab10000,0x000000003ac10000)]
  0x000000001d33a000 JavaThread "pool-2-thread-17" [_thread_in_Java, id=19336, stack(0x000000003af70000,0x000000003b070000)]
  0x000000001d339000 JavaThread "pool-2-thread-16" [_thread_blocked, id=13520, stack(0x000000003ad80000,0x000000003ae80000)]
  0x000000001d338800 JavaThread "pool-2-thread-15" [_thread_in_Java, id=18260, stack(0x000000003ac50000,0x000000003ad50000)]
  0x000000001d337800 JavaThread "pool-2-thread-14" [_thread_in_Java, id=26376, stack(0x000000003a6b0000,0x000000003a7b0000)]
  0x000000001d337000 JavaThread "pool-2-thread-13" [_thread_blocked, id=5532, stack(0x000000003aa10000,0x000000003ab10000)]
  0x000000001d336000 JavaThread "pool-2-thread-12" [_thread_blocked, id=22192, stack(0x000000003a7f0000,0x000000003a8f0000)]
  0x000000001d335800 JavaThread "pool-2-thread-11" [_thread_in_Java, id=23252, stack(0x000000003a560000,0x000000003a660000)]
  0x000000001d334800 JavaThread "pool-2-thread-10" [_thread_blocked, id=17336, stack(0x000000003a340000,0x000000003a440000)]
  0x000000001d333000 JavaThread "pool-2-thread-8" [_thread_blocked, id=7024, stack(0x0000000039fc0000,0x000000003a0c0000)]
  0x000000001d331800 JavaThread "pool-2-thread-6" [_thread_blocked, id=26848, stack(0x0000000039e70000,0x0000000039f70000)]
  0x000000001d331000 JavaThread "pool-2-thread-5" [_thread_blocked, id=14676, stack(0x0000000039ce0000,0x0000000039de0000)]
  0x000000001d27e000 JavaThread "pool-2-thread-4" [_thread_in_Java, id=5884, stack(0x00000000399f0000,0x0000000039af0000)]
  0x00000000534b0800 JavaThread "pool-2-thread-3" [_thread_in_Java, id=23280, stack(0x000000001eda0000,0x000000001eea0000)]
  0x00000000534b0000 JavaThread "pool-2-thread-2" [_thread_blocked, id=22404, stack(0x00000000398d0000,0x00000000399d0000)]
  0x00000000534a8000 JavaThread "pool-2-thread-1" [_thread_in_Java, id=25296, stack(0x0000000039700000,0x0000000039800000)]
  0x00000000534b3000 JavaThread "pool-1-thread-1" [_thread_in_native, id=27204, stack(0x000000001ef40000,0x000000001f040000)]
  0x000000001d052800 JavaThread "TimerQueue" daemon [_thread_blocked, id=11460, stack(0x000000001e8d0000,0x000000001e9d0000)]
  0x0000000001c2f800 JavaThread "DestroyJavaVM" [_thread_blocked, id=19496, stack(0x0000000002000000,0x0000000002100000)]
  0x000000001ccde000 JavaThread "AWT-EventQueue-0" [_thread_in_Java, id=23012, stack(0x000000001df00000,0x000000001e000000)]
  0x000000001cc8b000 JavaThread "AWT-Windows" daemon [_thread_in_native, id=27320, stack(0x000000001d5a0000,0x000000001d6a0000)]
  0x000000001cc89800 JavaThread "AWT-Shutdown" [_thread_blocked, id=4760, stack(0x000000001ca00000,0x000000001cb00000)]
  0x000000001cc88800 JavaThread "Java2D Disposer" daemon [_thread_blocked, id=14056, stack(0x000000001d4a0000,0x000000001d5a0000)]
  0x000000001ac20800 JavaThread "Service Thread" daemon [_thread_blocked, id=27080, stack(0x000000001c8f0000,0x000000001c9f0000)]
  0x000000001abc0000 JavaThread "C1 CompilerThread3" daemon [_thread_blocked, id=15696, stack(0x000000001c6a0000,0x000000001c7a0000)]
  0x000000001aba5000 JavaThread "C2 CompilerThread2" daemon [_thread_blocked, id=19516, stack(0x000000001c060000,0x000000001c160000)]
=>0x000000001ab98000 JavaThread "C2 CompilerThread1" daemon [_thread_in_native, id=22760, stack(0x000000001c540000,0x000000001c640000)]
  0x000000001ab90000 JavaThread "C2 CompilerThread0" daemon [_thread_blocked, id=15536, stack(0x000000001c430000,0x000000001c530000)]
  0x000000001ab8d000 JavaThread "Attach Listener" daemon [_thread_blocked, id=15404, stack(0x000000001c200000,0x000000001c300000)]
  0x000000001ab8b800 JavaThread "Signal Dispatcher" daemon [_thread_blocked, id=22184, stack(0x000000001bb40000,0x000000001bc40000)]
  0x0000000001d2e000 JavaThread "Finalizer" daemon [_thread_blocked, id=13608, stack(0x000000001bf60000,0x000000001c060000)]
  0x00000000199c4800 JavaThread "Reference Handler" daemon [_thread_blocked, id=17028, stack(0x000000001bd70000,0x000000001be70000)]

Other Threads:
  0x000000001ab43000 VMThread [stack: 0x000000001bc40000,0x000000001bd40000] [id=12556]
  0x000000001ac25800 WatcherThread [stack: 0x000000001cb20000,0x000000001cc20000] [id=8340]

VM state:not at safepoint (normal execution)

VM Mutex/Monitor currently owned by a thread: None

Heap:
 PSYoungGen      total 1003520K, used 814674K [0x0000000780900000, 0x00000007c0000000, 0x00000007c0000000)
  eden space 969728K, 81% used [0x0000000780900000,0x00000007b0babd18,0x00000007bbc00000)
  from space 33792K, 75% used [0x00000007bdf00000,0x00000007bf7e8ed0,0x00000007c0000000)
  to   space 34816K, 0% used [0x00000007bbc00000,0x00000007bbc00000,0x00000007bde00000)
 ParOldGen       total 225792K, used 61590K [0x0000000701a00000, 0x000000070f680000, 0x0000000780900000)
  object space 225792K, 27% used [0x0000000701a00000,0x0000000705625a40,0x000000070f680000)
 Metaspace       used 13974K, capacity 14160K, committed 14336K, reserved 1062912K
  class space    used 1672K, capacity 1696K, committed 1792K, reserved 1048576K

Card table byte_map: [0x0000000011790000,0x0000000011d90000] byte_map_base: 0x000000000df83000

Marking Bits: (ParMarkBitMap*) 0x000000005884d490
 Begin Bits: [0x0000000012ab0000, 0x0000000015a48000)
 End Bits:   [0x0000000015a48000, 0x00000000189e0000)

Polling page: 0x0000000000310000

CodeCache: size=245760Kb used=7199Kb max_used=7615Kb free=238560Kb
 bounds [0x00000000023d0000, 0x0000000002b80000, 0x00000000113d0000]
 total_blobs=2674 nmethods=2171 adapters=416
 compilation: enabled

Compilation events (10 events):
Event: 24.317 Thread 0x000000001abc0000 nmethod 2478 0x00000000027cfd50 code [0x00000000027cfec0, 0x00000000027d00c8]
Event: 24.317 Thread 0x000000001abc0000 2479   !   3       sun.java2d.SunGraphics2D::untransformShape (44 bytes)
Event: 24.317 Thread 0x000000001abc0000 nmethod 2479 0x00000000026b8990 code [0x00000000026b8b20, 0x00000000026b8e08]
Event: 24.325 Thread 0x000000001abc0000 2482   !   3       java.awt.Container::addImpl (364 bytes)
Event: 24.329 Thread 0x000000001abc0000 nmethod 2482 0x000000000281da90 code [0x000000000281dec0, 0x0000000002820d28]
Event: 24.329 Thread 0x000000001abc0000 2480       3       java.awt.Container::add (9 bytes)
Event: 24.329 Thread 0x000000001abc0000 nmethod 2480 0x00000000026c0790 code [0x00000000026c0900, 0x00000000026c0b28]
Event: 24.329 Thread 0x000000001abc0000 2481       3       javax.swing.CellRendererPane::addImpl (17 bytes)
Event: 24.330 Thread 0x000000001abc0000 nmethod 2481 0x000000000274f190 code [0x000000000274f300, 0x000000000274f5b8]
Event: 24.354 Thread 0x000000001ab98000 2483       4       java.awt.geom.AffineTransform::createInverse (569 bytes)

GC Heap History (10 events):
Event: 22.329 GC heap before
{Heap before GC invocations=38 (full 5):
 PSYoungGen      total 1007104K, used 998083K [0x0000000780900000, 0x00000007bff80000, 0x00000007c0000000)
  eden space 975872K, 100% used [0x0000000780900000,0x00000007bc200000,0x00000007bc200000)
  from space 31232K, 71% used [0x00000007be080000,0x00000007bf630d38,0x00000007bff00000)
  to   space 31232K, 0% used [0x00000007bc200000,0x00000007bc200000,0x00000007be080000)
 ParOldGen       total 159744K, used 37065K [0x0000000701a00000, 0x000000070b600000, 0x0000000780900000)
  object space 159744K, 23% used [0x0000000701a00000,0x0000000703e325d8,0x000000070b600000)
 Metaspace       used 13916K, capacity 14096K, committed 14336K, reserved 1062912K
  class space    used 1672K, capacity 1696K, committed 1792K, reserved 1048576K
Event: 22.337 GC heap after
Heap after GC invocations=38 (full 5):
 PSYoungGen      total 1007104K, used 31131K [0x0000000780900000, 0x00000007c0000000, 0x00000007c0000000)
  eden space 975872K, 0% used [0x0000000780900000,0x0000000780900000,0x00000007bc200000)
  from space 31232K, 99% used [0x00000007bc200000,0x00000007be066e10,0x00000007be080000)
  to   space 32256K, 0% used [0x00000007be080000,0x00000007be080000,0x00000007c0000000)
 ParOldGen       total 159744K, used 49879K [0x0000000701a00000, 0x000000070b600000, 0x0000000780900000)
  object space 159744K, 31% used [0x0000000701a00000,0x0000000704ab5d58,0x000000070b600000)
 Metaspace       used 13916K, capacity 14096K, committed 14336K, reserved 1062912K
  class space    used 1672K, capacity 1696K, committed 1792K, reserved 1048576K
}
Event: 22.763 GC heap before
{Heap before GC invocations=39 (full 5):
 PSYoungGen      total 1007104K, used 1007003K [0x0000000780900000, 0x00000007c0000000, 0x00000007c0000000)
  eden space 975872K, 100% used [0x0000000780900000,0x00000007bc200000,0x00000007bc200000)
  from space 31232K, 99% used [0x00000007bc200000,0x00000007be066e10,0x00000007be080000)
  to   space 32256K, 0% used [0x00000007be080000,0x00000007be080000,0x00000007c0000000)
 ParOldGen       total 159744K, used 59487K [0x0000000701a00000, 0x000000070b600000, 0x0000000780900000)
  object space 159744K, 37% used [0x0000000701a00000,0x0000000705417d90,0x000000070b600000)
 Metaspace       used 13925K, capacity 14096K, committed 14336K, reserved 1062912K
  class space    used 1672K, capacity 1696K, committed 1792K, reserved 1048576K
Event: 22.770 GC heap after
Heap after GC invocations=39 (full 5):
 PSYoungGen      total 1004032K, used 21215K [0x0000000780900000, 0x00000007c0000000, 0x00000007c0000000)
  eden space 971776K, 0% used [0x0000000780900000,0x0000000780900000,0x00000007bbe00000)
  from space 32256K, 65% used [0x00000007be080000,0x00000007bf537c30,0x00000007c0000000)
  to   space 33792K, 0% used [0x00000007bbe00000,0x00000007bbe00000,0x00000007bdf00000)
 ParOldGen       total 159744K, used 80214K [0x0000000701a00000, 0x000000070b600000, 0x0000000780900000)
  object space 159744K, 50% used [0x0000000701a00000,0x00000007068558e0,0x000000070b600000)
 Metaspace       used 13925K, capacity 14096K, committed 14336K, reserved 1062912K
  class space    used 1672K, capacity 1696K, committed 1792K, reserved 1048576K
}
Event: 23.264 GC heap before
{Heap before GC invocations=40 (full 5):
 PSYoungGen      total 1004032K, used 992991K [0x0000000780900000, 0x00000007c0000000, 0x00000007c0000000)
  eden space 971776K, 100% used [0x0000000780900000,0x00000007bbe00000,0x00000007bbe00000)
  from space 32256K, 65% used [0x00000007be080000,0x00000007bf537c30,0x00000007c0000000)
  to   space 33792K, 0% used [0x00000007bbe00000,0x00000007bbe00000,0x00000007bdf00000)
 ParOldGen       total 159744K, used 107183K [0x0000000701a00000, 0x000000070b600000, 0x0000000780900000)
  object space 159744K, 67% used [0x0000000701a00000,0x00000007082abcf8,0x000000070b600000)
 Metaspace       used 13940K, capacity 14096K, committed 14336K, reserved 1062912K
  class space    used 1672K, capacity 1696K, committed 1792K, reserved 1048576K
Event: 23.271 GC heap after
Heap after GC invocations=40 (full 5):
 PSYoungGen      total 1005568K, used 10255K [0x0000000780900000, 0x00000007c0000000, 0x00000007c0000000)
  eden space 971776K, 0% used [0x0000000780900000,0x0000000780900000,0x00000007bbe00000)
  from space 33792K, 30% used [0x00000007bbe00000,0x00000007bc803f90,0x00000007bdf00000)
  to   space 33792K, 0% used [0x00000007bdf00000,0x00000007bdf00000,0x00000007c0000000)
 ParOldGen       total 159744K, used 124928K [0x0000000701a00000, 0x000000070b600000, 0x0000000780900000)
  object space 159744K, 78% used [0x0000000701a00000,0x0000000709400158,0x000000070b600000)
 Metaspace       used 13940K, capacity 14096K, committed 14336K, reserved 1062912K
  class space    used 1672K, capacity 1696K, committed 1792K, reserved 1048576K
}
Event: 23.722 GC heap before
{Heap before GC invocations=41 (full 6):
 PSYoungGen      total 1005568K, used 982031K [0x0000000780900000, 0x00000007c0000000, 0x00000007c0000000)
  eden space 971776K, 100% used [0x0000000780900000,0x00000007bbe00000,0x00000007bbe00000)
  from space 33792K, 30% used [0x00000007bbe00000,0x00000007bc803f90,0x00000007bdf00000)
  to   space 33792K, 0% used [0x00000007bdf00000,0x00000007bdf00000,0x00000007c0000000)
 ParOldGen       total 159744K, used 134433K [0x0000000701a00000, 0x000000070b600000, 0x0000000780900000)
  object space 159744K, 84% used [0x0000000701a00000,0x0000000709d485b0,0x000000070b600000)
 Metaspace       used 13952K, capacity 14160K, committed 14336K, reserved 1062912K
  class space    used 1672K, capacity 1696K, committed 1792K, reserved 1048576K
Event: 23.753 GC heap after
Heap after GC invocations=41 (full 6):
 PSYoungGen      total 1005568K, used 0K [0x0000000780900000, 0x00000007c0000000, 0x00000007c0000000)
  eden space 971776K, 0% used [0x0000000780900000,0x0000000780900000,0x00000007bbe00000)
  from space 33792K, 0% used [0x00000007bbe00000,0x00000007bbe00000,0x00000007bdf00000)
  to   space 33792K, 0% used [0x00000007bdf00000,0x00000007bdf00000,0x00000007c0000000)
 ParOldGen       total 225792K, used 59870K [0x0000000701a00000, 0x000000070f680000, 0x0000000780900000)
  object space 225792K, 26% used [0x0000000701a00000,0x00000007054778d8,0x000000070f680000)
 Metaspace       used 13952K, capacity 14160K, committed 14336K, reserved 1062912K
  class space    used 1672K, capacity 1696K, committed 1792K, reserved 1048576K
}
Event: 24.089 GC heap before
{Heap before GC invocations=42 (full 6):
 PSYoungGen      total 1005568K, used 971776K [0x0000000780900000, 0x00000007c0000000, 0x00000007c0000000)
  eden space 971776K, 100% used [0x0000000780900000,0x00000007bbe00000,0x00000007bbe00000)
  from space 33792K, 0% used [0x00000007bbe00000,0x00000007bbe00000,0x00000007bdf00000)
  to   space 33792K, 0% used [0x00000007bdf00000,0x00000007bdf00000,0x00000007c0000000)
 ParOldGen       total 225792K, used 61590K [0x0000000701a00000, 0x000000070f680000, 0x0000000780900000)
  object space 225792K, 27% used [0x0000000701a00000,0x0000000705625a40,0x000000070f680000)
 Metaspace       used 13974K, capacity 14160K, committed 14336K, reserved 1062912K
  class space    used 1672K, capacity 1696K, committed 1792K, reserved 1048576K
Event: 24.094 GC heap after
Heap after GC invocations=42 (full 6):
 PSYoungGen      total 1003520K, used 25507K [0x0000000780900000, 0x00000007c0000000, 0x00000007c0000000)
  eden space 969728K, 0% used [0x0000000780900000,0x0000000780900000,0x00000007bbc00000)
  from space 33792K, 75% used [0x00000007bdf00000,0x00000007bf7e8ed0,0x00000007c0000000)
  to   space 34816K, 0% used [0x00000007bbc00000,0x00000007bbc00000,0x00000007bde00000)
 ParOldGen       total 225792K, used 61590K [0x0000000701a00000, 0x000000070f680000, 0x0000000780900000)
  object space 225792K, 27% used [0x0000000701a00000,0x0000000705625a40,0x000000070f680000)
 Metaspace       used 13974K, capacity 14160K, committed 14336K, reserved 1062912K
  class space    used 1672K, capacity 1696K, committed 1792K, reserved 1048576K
}

Deoptimization events (10 events):
Event: 2.283 Thread 0x000000001ccde000 Uncommon trap: reason=predicate action=maybe_recompile pc=0x000000000263ca44 method=java.util.ArrayList.indexOf(Ljava/lang/Object;)I @ 44
Event: 2.376 Thread 0x000000001ccde000 Uncommon trap: reason=class_check action=maybe_recompile pc=0x000000000257c990 method=java.lang.String.equals(Ljava/lang/Object;)Z @ 8
Event: 2.376 Thread 0x000000001ccde000 Uncommon trap: reason=class_check action=maybe_recompile pc=0x000000000257c990 method=java.lang.String.equals(Ljava/lang/Object;)Z @ 8
Event: 2.376 Thread 0x000000001ccde000 Uncommon trap: reason=class_check action=maybe_recompile pc=0x000000000257c990 method=java.lang.String.equals(Ljava/lang/Object;)Z @ 8
Event: 2.378 Thread 0x000000001ccde000 Uncommon trap: reason=class_check action=maybe_recompile pc=0x000000000257c990 method=java.lang.String.equals(Ljava/lang/Object;)Z @ 8
Event: 2.500 Thread 0x000000001ccde000 Uncommon trap: reason=unreached action=reinterpret pc=0x000000000262f478 method=java.util.LinkedList.linkLast(Ljava/lang/Object;)V @ 22
Event: 5.254 Thread 0x000000001d33f000 Uncommon trap: reason=unloaded action=reinterpret pc=0x00000000025b4b98 method=java.nio.Buffer.nextGetIndex(I)I @ 13
Event: 7.263 Thread 0x000000001ccde000 Uncommon trap: reason=unreached action=reinterpret pc=0x00000000028c3a94 method=javax.swing.UIDefaults.get(Ljava/lang/Object;Ljava/util/Locale;)Ljava/lang/Object; @ 7
Event: 14.045 Thread 0x000000001d33b800 Uncommon trap: reason=range_check action=make_not_entrant pc=0x0000000002a87188 method=java.awt.image.PackedColorModel.DecomposeMask(IILjava/lang/String;)V @ 8
Event: 21.745 Thread 0x000000001d332800 Uncommon trap: reason=null_check action=maybe_recompile pc=0x0000000002608ba4 method=de.crigges.texturechooser.ui.ImageListMpqModel$LoadTask.run()V @ 8

Internal exceptions (10 events):
Event: 24.087 Thread 0x00000000534b3000 Exception <a 'java/io/IOException'> (0x00000007ae22e718) thrown at [D:\re\workspace\8-2-build-windows-amd64-cygwin\jdk8u25\1677\hotspot\src\share\vm\prims\jni.cpp, line 716]
Event: 24.087 Thread 0x00000000534b3000 Exception <a 'java/io/IOException'> (0x00000007ae22e9e8) thrown at [D:\re\workspace\8-2-build-windows-amd64-cygwin\jdk8u25\1677\hotspot\src\share\vm\prims\jni.cpp, line 716]
Event: 24.087 Thread 0x00000000534b3000 Exception <a 'java/io/IOException'> (0x00000007ae22ecb8) thrown at [D:\re\workspace\8-2-build-windows-amd64-cygwin\jdk8u25\1677\hotspot\src\share\vm\prims\jni.cpp, line 716]
Event: 24.087 Thread 0x00000000534b3000 Exception <a 'java/io/IOException'> (0x00000007ae22ef88) thrown at [D:\re\workspace\8-2-build-windows-amd64-cygwin\jdk8u25\1677\hotspot\src\share\vm\prims\jni.cpp, line 716]
Event: 24.087 Thread 0x00000000534b3000 Exception <a 'java/io/IOException'> (0x00000007ae22f258) thrown at [D:\re\workspace\8-2-build-windows-amd64-cygwin\jdk8u25\1677\hotspot\src\share\vm\prims\jni.cpp, line 716]
Event: 24.087 Thread 0x00000000534b3000 Exception <a 'java/io/IOException'> (0x00000007054dd938) thrown at [D:\re\workspace\8-2-build-windows-amd64-cygwin\jdk8u25\1677\hotspot\src\share\vm\prims\jni.cpp, line 716]
Event: 24.087 Thread 0x00000000534b3000 Exception <a 'java/io/IOException'> (0x00000007054e0130) thrown at [D:\re\workspace\8-2-build-windows-amd64-cygwin\jdk8u25\1677\hotspot\src\share\vm\prims\jni.cpp, line 716]
Event: 24.087 Thread 0x00000000534b3000 Exception <a 'java/io/IOException'> (0x00000007054e24a8) thrown at [D:\re\workspace\8-2-build-windows-amd64-cygwin\jdk8u25\1677\hotspot\src\share\vm\prims\jni.cpp, line 716]
Event: 24.087 Thread 0x00000000534b3000 Exception <a 'java/io/IOException'> (0x00000007054e48b0) thrown at [D:\re\workspace\8-2-build-windows-amd64-cygwin\jdk8u25\1677\hotspot\src\share\vm\prims\jni.cpp, line 716]
Event: 24.088 Thread 0x00000000534b3000 Exception <a 'java/io/IOException'> (0x00000007054e6bb8) thrown at [D:\re\workspace\8-2-build-windows-amd64-cygwin\jdk8u25\1677\hotspot\src\share\vm\prims\jni.cpp, line 716]

Events (10 events):
Event: 23.263 Executing VM operation: ParallelGCSystemGC
Event: 23.271 Executing VM operation: ParallelGCSystemGC done
Event: 23.710 Executing VM operation: ParallelGCFailedAllocation
Event: 23.711 Executing VM operation: ParallelGCFailedAllocation done
Event: 23.722 Executing VM operation: ParallelGCSystemGC
Event: 23.753 Executing VM operation: ParallelGCSystemGC done
Event: 24.084 Executing VM operation: ParallelGCFailedAllocation
Event: 24.085 Executing VM operation: ParallelGCFailedAllocation done
Event: 24.089 Executing VM operation: ParallelGCSystemGC
Event: 24.094 Executing VM operation: ParallelGCSystemGC done


Dynamic libraries:
0x000000013f810000 - 0x000000013f844000 	C:\Program Files\Java\jdk1.8.0_25\bin\javaw.exe
0x00000000771f0000 - 0x0000000077399000 	C:\Windows\SYSTEM32\ntdll.dll
0x0000000076fd0000 - 0x00000000770ef000 	C:\Windows\system32\kernel32.dll
0x000007fefcfc0000 - 0x000007fefd02c000 	C:\Windows\system32\KERNELBASE.dll
0x000007fefe360000 - 0x000007fefe43b000 	C:\Windows\system32\ADVAPI32.dll
0x000007feff190000 - 0x000007feff22f000 	C:\Windows\system32\msvcrt.dll
0x000007fefe440000 - 0x000007fefe45f000 	C:\Windows\SYSTEM32\sechost.dll
0x000007feff060000 - 0x000007feff18d000 	C:\Windows\system32\RPCRT4.dll
0x00000000770f0000 - 0x00000000771ea000 	C:\Windows\system32\USER32.dll
0x000007fefee30000 - 0x000007fefee97000 	C:\Windows\system32\GDI32.dll
0x000007feff050000 - 0x000007feff05e000 	C:\Windows\system32\LPK.dll
0x000007fefecb0000 - 0x000007fefed79000 	C:\Windows\system32\USP10.dll
0x000007fefb9a0000 - 0x000007fefbb94000 	C:\Windows\WinSxS\amd64_microsoft.windows.common-controls_6595b64144ccf1df_6.0.7601.18837_none_fa3b1e3d17594757\COMCTL32.dll
0x000007fefec30000 - 0x000007fefeca1000 	C:\Windows\system32\SHLWAPI.dll
0x000007fefee00000 - 0x000007fefee2e000 	C:\Windows\system32\IMM32.DLL
0x000007fefeea0000 - 0x000007fefefa9000 	C:\Windows\system32\MSCTF.dll
0x000007fefced0000 - 0x000007fefcf01000 	C:\Windows\system32\nvinitx.dll
0x000007fefcec0000 - 0x000007fefcecc000 	C:\Windows\system32\VERSION.dll
0x000007fef7850000 - 0x000007fef7962000 	C:\Windows\system32\NV\igdumd64.dll
0x000007fefe820000 - 0x000007fefe9f7000 	C:\Windows\system32\SETUPAPI.dll
0x000007fefd2e0000 - 0x000007fefd316000 	C:\Windows\system32\CFGMGR32.dll
0x000007fefe4b0000 - 0x000007fefe587000 	C:\Windows\system32\OLEAUT32.dll
0x000007fefe5b0000 - 0x000007fefe7b3000 	C:\Windows\system32\ole32.dll
0x000007fefd2c0000 - 0x000007fefd2da000 	C:\Windows\system32\DEVOBJ.dll
0x000007fef71e0000 - 0x000007fef72f2000 	C:\Windows\system32\NV\igd10umd64.dll
0x0000000065e90000 - 0x0000000065f62000 	C:\Program Files\Java\jdk1.8.0_25\jre\bin\msvcr100.dll
0x0000000058070000 - 0x00000000588ca000 	C:\Program Files\Java\jdk1.8.0_25\jre\bin\server\jvm.dll
0x000007fef7830000 - 0x000007fef7839000 	C:\Windows\system32\WSOCK32.dll
0x000007fefe460000 - 0x000007fefe4ad000 	C:\Windows\system32\WS2_32.dll
0x000007fefd360000 - 0x000007fefd368000 	C:\Windows\system32\NSI.dll
0x000007fefad30000 - 0x000007fefad6b000 	C:\Windows\system32\WINMM.dll
0x00000000773b0000 - 0x00000000773b7000 	C:\Windows\system32\PSAPI.DLL
0x0000000072140000 - 0x000000007214f000 	C:\Program Files\Java\jdk1.8.0_25\jre\bin\verify.dll
0x00000000696a0000 - 0x00000000696c8000 	C:\Program Files\Java\jdk1.8.0_25\jre\bin\java.dll
0x0000000069680000 - 0x0000000069696000 	C:\Program Files\Java\jdk1.8.0_25\jre\bin\zip.dll
0x000007fefd5d0000 - 0x000007fefe359000 	C:\Windows\system32\SHELL32.dll
0x000007fefcfb0000 - 0x000007fefcfbf000 	C:\Windows\system32\profapi.dll
0x000000005b440000 - 0x000000005b5d8000 	C:\Program Files\Java\jdk1.8.0_25\jre\bin\awt.dll
0x000007fefb810000 - 0x000007fefb866000 	C:\Windows\system32\uxtheme.dll
0x000007fefaf00000 - 0x000007fefaf18000 	C:\Windows\system32\dwmapi.dll
0x000007fefcdf0000 - 0x000007fefcdff000 	C:\Windows\system32\CRYPTBASE.dll
0x0000000069630000 - 0x0000000069677000 	C:\Program Files\Java\jdk1.8.0_25\jre\bin\fontmanager.dll
0x0000000069610000 - 0x000000006962a000 	C:\Program Files\Java\jdk1.8.0_25\jre\bin\net.dll
0x000007fefc6f0000 - 0x000007fefc745000 	C:\Windows\system32\mswsock.dll
0x000007fefc6e0000 - 0x000007fefc6e7000 	C:\Windows\System32\wship6.dll
0x00000000695f0000 - 0x0000000069601000 	C:\Program Files\Java\jdk1.8.0_25\jre\bin\nio.dll
0x000007fefc750000 - 0x000007fefc768000 	C:\Windows\system32\CRYPTSP.dll
0x000007fefc450000 - 0x000007fefc497000 	C:\Windows\system32\rsaenh.dll
0x000007fefd330000 - 0x000007fefd34e000 	C:\Windows\system32\USERENV.dll
0x000007fefa850000 - 0x000007fefa877000 	C:\Windows\system32\IPHLPAPI.DLL
0x000007fefa840000 - 0x000007fefa84b000 	C:\Windows\system32\WINNSI.DLL
0x000007fefa650000 - 0x000007fefa668000 	C:\Windows\system32\dhcpcsvc.DLL
0x000007fefa630000 - 0x000007fefa641000 	C:\Windows\system32\dhcpcsvc6.DLL
0x00000000695a0000 - 0x00000000695e1000 	C:\Program Files\Java\jdk1.8.0_25\jre\bin\t2k.dll
0x000007fefea00000 - 0x000007fefea99000 	C:\Windows\system32\CLBCatQ.DLL
0x000007fefa9a0000 - 0x000007fefab01000 	C:\Windows\system32\WindowsCodecs.dll
0x000007fefcd90000 - 0x000007fefcde7000 	C:\Windows\system32\apphelp.dll
0x000007fef5cb0000 - 0x000007fef5ce5000 	C:\Windows\system32\EhStorShell.dll
0x000007fefb520000 - 0x000007fefb64c000 	C:\Windows\system32\PROPSYS.dll
0x000007fef5c30000 - 0x000007fef5cae000 	C:\Windows\System32\cscui.dll
0x000007fef5c10000 - 0x000007fef5c1c000 	C:\Windows\System32\CSCDLL.dll
0x000007fef5c00000 - 0x000007fef5c0f000 	C:\Windows\system32\CSCAPI.dll
0x000007fef5b70000 - 0x000007fef5bf0000 	C:\Windows\system32\ntshrui.dll
0x000007fefca10000 - 0x000007fefca33000 	C:\Windows\system32\srvcli.dll
0x000007fefac20000 - 0x000007fefac2b000 	C:\Windows\system32\slc.dll
0x0000000069560000 - 0x0000000069591000 	C:\Program Files\Java\jdk1.8.0_25\jre\bin\jpeg.dll

VM Arguments:
jvm_args: -Dfile.encoding=Cp1252 
java_command: de.crigges.texturechooser.ui.MpqImageChooser
java_class_path (initial): C:\Users\Crigges-Pc\git\TextureChooser\bin;C:\Users\Crigges-Pc\git\TextureChooser\jgoodies-forms-1.8.0.jar;C:\Users\Crigges-Pc\git\TextureChooser\miglayout15-swing.jar;C:\Users\Crigges-Pc\git\TextureChooser\lib\guava-14.0-rc1.jar;C:\Users\Crigges-Pc\git\TextureChooser\lib\jmpq3.jar
Launcher Type: SUN_STANDARD

Environment Variables:



---------------  S Y S T E M  ---------------

OS: Windows 7 , 64 bit Build 7601 Service Pack 1

CPU:total 8 (4 cores per cpu, 2 threads per core) family 6 model 58 stepping 9, cmov, cx8, fxsr, mmx, sse, sse2, sse3, ssse3, sse4.1, sse4.2, popcnt, avx, aes, clmul, erms, ht, tsc, tscinvbit, tscinv

Memory: 4k page, physical 12472856k(6222740k free), swap 12471016k(3020k free)

vm_info: Java HotSpot(TM) 64-Bit Server VM (25.25-b02) for windows-amd64 JRE (1.8.0_25-b18), built on Oct  7 2014 14:25:37 by "java_re" with MS VC++ 10.0 (VS2010)

time: Sat Oct 03 00:25:37 2015
elapsed time: 24 seconds (0d 0h 0m 24s)

