#
# There is insufficient memory for the Java Runtime Environment to continue.
# Native memory allocation (malloc) failed to allocate 165616 bytes for Chunk::new
# Possible reasons:
#   The system is out of physical RAM or swap space
#   In 32 bit mode, the process size limit was hit
# Possible solutions:
#   Reduce memory load on the system
#   Increase physical memory or swap space
#   Check if swap backing store is full
#   Use 64 bit Java on a 64 bit OS
#   Decrease Java heap size (-Xmx/-Xms)
#   Decrease number of Java threads
#   Decrease Java thread stack sizes (-Xss)
#   Set larger code cache with -XX:ReservedCodeCacheSize=
# This output file may be truncated or incomplete.
#
#  Out of Memory Error (allocation.cpp:390), pid=25736, tid=14668
#
# JRE version: Java(TM) SE Runtime Environment (8.0_25-b18) (build 1.8.0_25-b18)
# Java VM: Java HotSpot(TM) 64-Bit Server VM (25.25-b02 mixed mode windows-amd64 compressed oops)
# Failed to write core dump. Minidumps are not enabled by default on client versions of Windows
#

---------------  T H R E A D  ---------------

Current thread (0x000000001ac00800):  JavaThread "C2 CompilerThread0" daemon [_thread_in_native, id=14668, stack(0x000000001c2f0000,0x000000001c3f0000)]

Stack: [0x000000001c2f0000,0x000000001c3f0000]
Native frames: (J=compiled Java code, j=interpreted, Vv=VM code, C=native code)
V  [jvm.dll+0x31667a]


Current CompileTask:
C2:  87005 2990       4       com.sun.java.swing.plaf.windows.WindowsScrollBarUI$WindowsArrowButton::paint (576 bytes)


---------------  P R O C E S S  ---------------

Java Threads: ( => current thread )
  0x00000000556e9000 JavaThread "TimerQueue" daemon [_thread_blocked, id=13708, stack(0x000000001daa0000,0x000000001dba0000)]
  0x0000000055a0b800 JavaThread "pool-2-thread-1" [_thread_in_native, id=14380, stack(0x0000000021330000,0x0000000021430000)]
  0x00000000557e3800 JavaThread "D3D Screen Updater" daemon [_thread_in_native, id=20916, stack(0x0000000020de0000,0x0000000020ee0000)]
  0x0000000001d4f800 JavaThread "DestroyJavaVM" [_thread_blocked, id=23736, stack(0x0000000002170000,0x0000000002270000)]
  0x000000005665f800 JavaThread "AWT-EventQueue-0" [_thread_blocked, id=7432, stack(0x0000000020950000,0x0000000020a50000)]
  0x0000000056922000 JavaThread "AWT-Shutdown" [_thread_blocked, id=20696, stack(0x000000001d540000,0x000000001d640000)]
  0x000000001cafa000 JavaThread "AWT-Windows" daemon [_thread_in_native, id=26656, stack(0x000000001d830000,0x000000001d930000)]
  0x000000001af4e000 JavaThread "Java2D Disposer" daemon [_thread_blocked, id=17560, stack(0x000000001d440000,0x000000001d540000)]
  0x000000001ac9e800 JavaThread "Service Thread" daemon [_thread_blocked, id=24952, stack(0x000000001c7a0000,0x000000001c8a0000)]
  0x000000001ac3c000 JavaThread "C1 CompilerThread3" daemon [_thread_blocked, id=21724, stack(0x000000001c8b0000,0x000000001c9b0000)]
  0x000000001ac1f000 JavaThread "C2 CompilerThread2" daemon [_thread_blocked, id=21316, stack(0x000000001c470000,0x000000001c570000)]
  0x000000001ac15800 JavaThread "C2 CompilerThread1" daemon [_thread_blocked, id=7488, stack(0x000000001c5d0000,0x000000001c6d0000)]
=>0x000000001ac00800 JavaThread "C2 CompilerThread0" daemon [_thread_in_native, id=14668, stack(0x000000001c2f0000,0x000000001c3f0000)]
  0x000000001abfd000 JavaThread "Attach Listener" daemon [_thread_blocked, id=13376, stack(0x000000001c190000,0x000000001c290000)]
  0x000000001abfc000 JavaThread "Signal Dispatcher" daemon [_thread_blocked, id=17256, stack(0x000000001bd60000,0x000000001be60000)]
  0x0000000019b4a800 JavaThread "Finalizer" daemon [_thread_blocked, id=15548, stack(0x000000001c050000,0x000000001c150000)]
  0x0000000019b44800 JavaThread "Reference Handler" daemon [_thread_blocked, id=18544, stack(0x000000001be60000,0x000000001bf60000)]

Other Threads:
  0x000000001abb3000 VMThread [stack: 0x000000001bb90000,0x000000001bc90000] [id=7536]
  0x000000001ac9f800 WatcherThread [stack: 0x000000001c9c0000,0x000000001cac0000] [id=19088]

VM state:not at safepoint (normal execution)

VM Mutex/Monitor currently owned by a thread: None

Heap:
 PSYoungGen      total 54784K, used 36424K [0x0000000780900000, 0x0000000784500000, 0x00000007c0000000)
  eden space 48128K, 61% used [0x0000000780900000,0x0000000782620fc8,0x0000000783800000)
  from space 6656K, 99% used [0x0000000783900000,0x0000000783f71400,0x0000000783f80000)
  to   space 5632K, 0% used [0x0000000783f80000,0x0000000783f80000,0x0000000784500000)
 ParOldGen       total 131072K, used 56K [0x0000000701a00000, 0x0000000709a00000, 0x0000000780900000)
  object space 131072K, 0% used [0x0000000701a00000,0x0000000701a0e000,0x0000000709a00000)
 Metaspace       used 15714K, capacity 15948K, committed 16128K, reserved 1062912K
  class space    used 1873K, capacity 1924K, committed 2048K, reserved 1048576K

Card table byte_map: [0x0000000011900000,0x0000000011f00000] byte_map_base: 0x000000000e0f3000

Marking Bits: (ParMarkBitMap*) 0x000000006a08d490
 Begin Bits: [0x0000000012c30000, 0x0000000015bc8000)
 End Bits:   [0x0000000015bc8000, 0x0000000018b60000)

Polling page: 0x0000000000310000

CodeCache: size=245760Kb used=9113Kb max_used=9126Kb free=236646Kb
 bounds [0x0000000002540000, 0x0000000002e60000, 0x0000000011540000]
 total_blobs=3245 nmethods=2696 adapters=462
 compilation: enabled

Compilation events (10 events):
Event: 85.483 Thread 0x000000001ac00800 nmethod 2985 0x00000000028a3450 code [0x00000000028a35a0, 0x00000000028a36c8]
Event: 86.148 Thread 0x000000001ac15800 2986       4       javax.swing.JList::getScrollableTracksViewportHeight (51 bytes)
Event: 86.154 Thread 0x000000001ac15800 nmethod 2986 0x0000000002869790 code [0x0000000002869900, 0x0000000002869ad8]
Event: 86.577 Thread 0x000000001ac1f000 2987       4       sun.java2d.SunGraphics2D::setComposite (223 bytes)
Event: 86.577 Thread 0x000000001ac00800 2988       4       sun.java2d.loops.CompositeType::forAlphaComposite (152 bytes)
Event: 86.580 Thread 0x000000001ac00800 nmethod 2988 0x000000000286b410 code [0x000000000286b600, 0x000000000286b738]
Event: 86.588 Thread 0x000000001ac1f000 nmethod 2987 0x0000000002852110 code [0x0000000002852340, 0x0000000002852858]
Event: 86.618 Thread 0x000000001ac15800 2989   !   4       java.awt.AWTEvent::copyPrivateDataInto (76 bytes)
Event: 86.633 Thread 0x000000001ac15800 nmethod 2989 0x00000000027445d0 code [0x00000000027447e0, 0x0000000002745040]
Event: 86.971 Thread 0x000000001ac00800 2990       4       com.sun.java.swing.plaf.windows.WindowsScrollBarUI$WindowsArrowButton::paint (576 bytes)

GC Heap History (10 events):
Event: 2.504 GC heap before
{Heap before GC invocations=1 (full 0):
 PSYoungGen      total 57344K, used 49152K [0x0000000780900000, 0x0000000784900000, 0x00000007c0000000)
  eden space 49152K, 100% used [0x0000000780900000,0x0000000783900000,0x0000000783900000)
  from space 8192K, 0% used [0x0000000784100000,0x0000000784100000,0x0000000784900000)
  to   space 8192K, 0% used [0x0000000783900000,0x0000000783900000,0x0000000784100000)
 ParOldGen       total 131072K, used 0K [0x0000000701a00000, 0x0000000709a00000, 0x0000000780900000)
  object space 131072K, 0% used [0x0000000701a00000,0x0000000701a00000,0x0000000709a00000)
 Metaspace       used 11805K, capacity 11976K, committed 12032K, reserved 1060864K
  class space    used 1451K, capacity 1504K, committed 1536K, reserved 1048576K
Event: 2.520 GC heap after
Heap after GC invocations=1 (full 0):
 PSYoungGen      total 57344K, used 5226K [0x0000000780900000, 0x0000000784900000, 0x00000007c0000000)
  eden space 49152K, 0% used [0x0000000780900000,0x0000000780900000,0x0000000783900000)
  from space 8192K, 63% used [0x0000000783900000,0x0000000783e1a8a0,0x0000000784100000)
  to   space 8192K, 0% used [0x0000000784100000,0x0000000784100000,0x0000000784900000)
 ParOldGen       total 131072K, used 16K [0x0000000701a00000, 0x0000000709a00000, 0x0000000780900000)
  object space 131072K, 0% used [0x0000000701a00000,0x0000000701a04000,0x0000000709a00000)
 Metaspace       used 11805K, capacity 11976K, committed 12032K, reserved 1060864K
  class space    used 1451K, capacity 1504K, committed 1536K, reserved 1048576K
}
Event: 19.480 GC heap before
{Heap before GC invocations=2 (full 0):
 PSYoungGen      total 57344K, used 54378K [0x0000000780900000, 0x0000000784900000, 0x00000007c0000000)
  eden space 49152K, 100% used [0x0000000780900000,0x0000000783900000,0x0000000783900000)
  from space 8192K, 63% used [0x0000000783900000,0x0000000783e1a8a0,0x0000000784100000)
  to   space 8192K, 0% used [0x0000000784100000,0x0000000784100000,0x0000000784900000)
 ParOldGen       total 131072K, used 16K [0x0000000701a00000, 0x0000000709a00000, 0x0000000780900000)
  object space 131072K, 0% used [0x0000000701a00000,0x0000000701a04000,0x0000000709a00000)
 Metaspace       used 15498K, capacity 15660K, committed 15744K, reserved 1062912K
  class space    used 1868K, capacity 1892K, committed 1920K, reserved 1048576K
Event: 19.500 GC heap after
Heap after GC invocations=2 (full 0):
 PSYoungGen      total 57344K, used 6173K [0x0000000780900000, 0x0000000784900000, 0x00000007c0000000)
  eden space 49152K, 0% used [0x0000000780900000,0x0000000780900000,0x0000000783900000)
  from space 8192K, 75% used [0x0000000784100000,0x0000000784707650,0x0000000784900000)
  to   space 8192K, 0% used [0x0000000783900000,0x0000000783900000,0x0000000784100000)
 ParOldGen       total 131072K, used 32K [0x0000000701a00000, 0x0000000709a00000, 0x0000000780900000)
  object space 131072K, 0% used [0x0000000701a00000,0x0000000701a08000,0x0000000709a00000)
 Metaspace       used 15498K, capacity 15660K, committed 15744K, reserved 1062912K
  class space    used 1868K, capacity 1892K, committed 1920K, reserved 1048576K
}
Event: 52.494 GC heap before
{Heap before GC invocations=3 (full 0):
 PSYoungGen      total 57344K, used 55325K [0x0000000780900000, 0x0000000784900000, 0x00000007c0000000)
  eden space 49152K, 100% used [0x0000000780900000,0x0000000783900000,0x0000000783900000)
  from space 8192K, 75% used [0x0000000784100000,0x0000000784707650,0x0000000784900000)
  to   space 8192K, 0% used [0x0000000783900000,0x0000000783900000,0x0000000784100000)
 ParOldGen       total 131072K, used 32K [0x0000000701a00000, 0x0000000709a00000, 0x0000000780900000)
  object space 131072K, 0% used [0x0000000701a00000,0x0000000701a08000,0x0000000709a00000)
 Metaspace       used 15653K, capacity 15852K, committed 16000K, reserved 1062912K
  class space    used 1869K, capacity 1892K, committed 1920K, reserved 1048576K
Event: 52.504 GC heap after
Heap after GC invocations=3 (full 0):
 PSYoungGen      total 57344K, used 5735K [0x0000000780900000, 0x0000000784900000, 0x00000007c0000000)
  eden space 49152K, 0% used [0x0000000780900000,0x0000000780900000,0x0000000783900000)
  from space 8192K, 70% used [0x0000000783900000,0x0000000783e99d10,0x0000000784100000)
  to   space 8192K, 0% used [0x0000000784100000,0x0000000784100000,0x0000000784900000)
 ParOldGen       total 131072K, used 40K [0x0000000701a00000, 0x0000000709a00000, 0x0000000780900000)
  object space 131072K, 0% used [0x0000000701a00000,0x0000000701a0a000,0x0000000709a00000)
 Metaspace       used 15653K, capacity 15852K, committed 16000K, reserved 1062912K
  class space    used 1869K, capacity 1892K, committed 1920K, reserved 1048576K
}
Event: 70.383 GC heap before
{Heap before GC invocations=4 (full 0):
 PSYoungGen      total 57344K, used 54887K [0x0000000780900000, 0x0000000784900000, 0x00000007c0000000)
  eden space 49152K, 100% used [0x0000000780900000,0x0000000783900000,0x0000000783900000)
  from space 8192K, 70% used [0x0000000783900000,0x0000000783e99d10,0x0000000784100000)
  to   space 8192K, 0% used [0x0000000784100000,0x0000000784100000,0x0000000784900000)
 ParOldGen       total 131072K, used 40K [0x0000000701a00000, 0x0000000709a00000, 0x0000000780900000)
  object space 131072K, 0% used [0x0000000701a00000,0x0000000701a0a000,0x0000000709a00000)
 Metaspace       used 15676K, capacity 15884K, committed 16128K, reserved 1062912K
  class space    used 1872K, capacity 1924K, committed 2048K, reserved 1048576K
Event: 70.397 GC heap after
Heap after GC invocations=4 (full 0):
 PSYoungGen      total 57344K, used 5732K [0x0000000780900000, 0x0000000784900000, 0x00000007c0000000)
  eden space 49152K, 0% used [0x0000000780900000,0x0000000780900000,0x0000000783900000)
  from space 8192K, 69% used [0x0000000784100000,0x0000000784699388,0x0000000784900000)
  to   space 8192K, 0% used [0x0000000783900000,0x0000000783900000,0x0000000784100000)
 ParOldGen       total 131072K, used 48K [0x0000000701a00000, 0x0000000709a00000, 0x0000000780900000)
  object space 131072K, 0% used [0x0000000701a00000,0x0000000701a0c000,0x0000000709a00000)
 Metaspace       used 15676K, capacity 15884K, committed 16128K, reserved 1062912K
  class space    used 1872K, capacity 1924K, committed 2048K, reserved 1048576K
}
Event: 84.583 GC heap before
{Heap before GC invocations=5 (full 0):
 PSYoungGen      total 57344K, used 54884K [0x0000000780900000, 0x0000000784900000, 0x00000007c0000000)
  eden space 49152K, 100% used [0x0000000780900000,0x0000000783900000,0x0000000783900000)
  from space 8192K, 69% used [0x0000000784100000,0x0000000784699388,0x0000000784900000)
  to   space 8192K, 0% used [0x0000000783900000,0x0000000783900000,0x0000000784100000)
 ParOldGen       total 131072K, used 48K [0x0000000701a00000, 0x0000000709a00000, 0x0000000780900000)
  object space 131072K, 0% used [0x0000000701a00000,0x0000000701a0c000,0x0000000709a00000)
 Metaspace       used 15714K, capacity 15948K, committed 16128K, reserved 1062912K
  class space    used 1873K, capacity 1924K, committed 2048K, reserved 1048576K
Event: 84.596 GC heap after
Heap after GC invocations=5 (full 0):
 PSYoungGen      total 54784K, used 6597K [0x0000000780900000, 0x0000000784500000, 0x00000007c0000000)
  eden space 48128K, 0% used [0x0000000780900000,0x0000000780900000,0x0000000783800000)
  from space 6656K, 99% used [0x0000000783900000,0x0000000783f71400,0x0000000783f80000)
  to   space 5632K, 0% used [0x0000000783f80000,0x0000000783f80000,0x0000000784500000)
 ParOldGen       total 131072K, used 56K [0x0000000701a00000, 0x0000000709a00000, 0x0000000780900000)
  object space 131072K, 0% used [0x0000000701a00000,0x0000000701a0e000,0x0000000709a00000)
 Metaspace       used 15714K, capacity 15948K, committed 16128K, reserved 1062912K
  class space    used 1873K, capacity 1924K, committed 2048K, reserved 1048576K
}

Deoptimization events (10 events):
Event: 63.217 Thread 0x000000005665f800 Uncommon trap: reason=unreached action=reinterpret pc=0x0000000002c1a648 method=javax.swing.JComponent.setBorder(Ljavax/swing/border/Border;)V @ 20
Event: 63.356 Thread 0x000000005665f800 Uncommon trap: reason=class_check action=maybe_recompile pc=0x0000000002bfa7b4 method=javax.swing.JComponent.getInsets(Ljava/awt/Insets;)Ljava/awt/Insets; @ 27
Event: 63.733 Thread 0x000000005665f800 Uncommon trap: reason=class_check action=maybe_recompile pc=0x0000000002bfa7b4 method=javax.swing.JComponent.getInsets(Ljava/awt/Insets;)Ljava/awt/Insets; @ 27
Event: 63.813 Thread 0x000000005665f800 Uncommon trap: reason=class_check action=maybe_recompile pc=0x0000000002bfa7b4 method=javax.swing.JComponent.getInsets(Ljava/awt/Insets;)Ljava/awt/Insets; @ 27
Event: 78.618 Thread 0x000000001cafa000 Uncommon trap: reason=unreached action=reinterpret pc=0x0000000002d4a8a4 method=sun.awt.PostEventQueue.flush()V @ 23
Event: 78.778 Thread 0x000000005665f800 Uncommon trap: reason=speculate_class_check action=maybe_recompile pc=0x00000000027691d4 method=java.awt.Component.getHWPeerAboveMe()Ljava/awt/peer/ComponentPeer; @ 5
Event: 78.803 Thread 0x000000005665f800 Uncommon trap: reason=speculate_class_check action=maybe_recompile pc=0x00000000027691d4 method=java.awt.Component.getHWPeerAboveMe()Ljava/awt/peer/ComponentPeer; @ 5
Event: 79.541 Thread 0x000000005665f800 Uncommon trap: reason=speculate_class_check action=maybe_recompile pc=0x00000000027691d4 method=java.awt.Component.getHWPeerAboveMe()Ljava/awt/peer/ComponentPeer; @ 5
Event: 79.569 Thread 0x000000005665f800 Uncommon trap: reason=speculate_class_check action=maybe_recompile pc=0x00000000027691d4 method=java.awt.Component.getHWPeerAboveMe()Ljava/awt/peer/ComponentPeer; @ 5
Event: 84.610 Thread 0x000000005665f800 Uncommon trap: reason=unreached action=reinterpret pc=0x0000000002bcf5fc method=java.util.concurrent.locks.AbstractQueuedSynchronizer.acquireQueued(Ljava/util/concurrent/locks/AbstractQueuedSynchronizer$Node;I)Z @ 17

Internal exceptions (10 events):
Event: 86.979 Thread 0x0000000055a0b800 Exception <a 'java/io/IOException'> (0x000000078260c420) thrown at [D:\re\workspace\8-2-build-windows-amd64-cygwin\jdk8u25\1677\hotspot\src\share\vm\prims\jni.cpp, line 716]
Event: 86.979 Thread 0x0000000055a0b800 Exception <a 'java/io/IOException'> (0x000000078260c700) thrown at [D:\re\workspace\8-2-build-windows-amd64-cygwin\jdk8u25\1677\hotspot\src\share\vm\prims\jni.cpp, line 716]
Event: 86.979 Thread 0x0000000055a0b800 Exception <a 'java/io/IOException'> (0x000000078260c9e0) thrown at [D:\re\workspace\8-2-build-windows-amd64-cygwin\jdk8u25\1677\hotspot\src\share\vm\prims\jni.cpp, line 716]
Event: 86.980 Thread 0x0000000055a0b800 Exception <a 'java/io/IOException'> (0x000000078260ccc0) thrown at [D:\re\workspace\8-2-build-windows-amd64-cygwin\jdk8u25\1677\hotspot\src\share\vm\prims\jni.cpp, line 716]
Event: 86.980 Thread 0x0000000055a0b800 Exception <a 'java/io/IOException'> (0x000000078260cfa0) thrown at [D:\re\workspace\8-2-build-windows-amd64-cygwin\jdk8u25\1677\hotspot\src\share\vm\prims\jni.cpp, line 716]
Event: 86.980 Thread 0x0000000055a0b800 Exception <a 'java/io/IOException'> (0x000000078260d2c0) thrown at [D:\re\workspace\8-2-build-windows-amd64-cygwin\jdk8u25\1677\hotspot\src\share\vm\prims\jni.cpp, line 716]
Event: 86.980 Thread 0x0000000055a0b800 Exception <a 'java/io/IOException'> (0x000000078260d5a0) thrown at [D:\re\workspace\8-2-build-windows-amd64-cygwin\jdk8u25\1677\hotspot\src\share\vm\prims\jni.cpp, line 716]
Event: 86.980 Thread 0x0000000055a0b800 Exception <a 'java/io/IOException'> (0x000000078260d880) thrown at [D:\re\workspace\8-2-build-windows-amd64-cygwin\jdk8u25\1677\hotspot\src\share\vm\prims\jni.cpp, line 716]
Event: 86.980 Thread 0x0000000055a0b800 Exception <a 'java/io/IOException'> (0x000000078260dcc0) thrown at [D:\re\workspace\8-2-build-windows-amd64-cygwin\jdk8u25\1677\hotspot\src\share\vm\prims\jni.cpp, line 716]
Event: 86.980 Thread 0x0000000055a0b800 Exception <a 'java/io/IOException'> (0x000000078260dfa0) thrown at [D:\re\workspace\8-2-build-windows-amd64-cygwin\jdk8u25\1677\hotspot\src\share\vm\prims\jni.cpp, line 716]

Events (10 events):
Event: 79.573 Thread 0x000000001ac3c000 flushing nmethod 0x0000000002930550
Event: 79.573 Thread 0x000000001ac3c000 flushing nmethod 0x0000000002973410
Event: 79.647 Thread 0x000000001ac15800 flushing nmethod 0x0000000002b24210
Event: 80.022 Executing VM operation: RevokeBias
Event: 80.023 Executing VM operation: RevokeBias done
Event: 84.583 Executing VM operation: ParallelGCFailedAllocation
Event: 84.596 Executing VM operation: ParallelGCFailedAllocation done
Event: 84.610 Thread 0x000000005665f800 Uncommon trap: trap_request=0xffffffad fr.pc=0x0000000002bcf5fc
Event: 84.610 Thread 0x000000005665f800 DEOPT PACKING pc=0x0000000002bcf5fc sp=0x0000000020a4c860
Event: 84.610 Thread 0x000000005665f800 DEOPT UNPACKING pc=0x000000000258556a sp=0x0000000020a4c588 mode 2


Dynamic libraries:
0x000000013f460000 - 0x000000013f494000 	C:\Program Files\Java\jdk1.8.0_25\bin\javaw.exe
0x00000000771f0000 - 0x0000000077399000 	C:\Windows\SYSTEM32\ntdll.dll
0x0000000076fd0000 - 0x00000000770ef000 	C:\Windows\system32\kernel32.dll
0x000007fefcfc0000 - 0x000007fefd02c000 	C:\Windows\system32\KERNELBASE.dll
0x000007fefe360000 - 0x000007fefe43b000 	C:\Windows\system32\ADVAPI32.dll
0x000007feff190000 - 0x000007feff22f000 	C:\Windows\system32\msvcrt.dll
0x000007fefe440000 - 0x000007fefe45f000 	C:\Windows\SYSTEM32\sechost.dll
0x000007feff060000 - 0x000007feff18d000 	C:\Windows\system32\RPCRT4.dll
0x00000000770f0000 - 0x00000000771ea000 	C:\Windows\system32\USER32.dll
0x000007fefee30000 - 0x000007fefee97000 	C:\Windows\system32\GDI32.dll
0x000007feff050000 - 0x000007feff05e000 	C:\Windows\system32\LPK.dll
0x000007fefecb0000 - 0x000007fefed79000 	C:\Windows\system32\USP10.dll
0x000007fefb9a0000 - 0x000007fefbb94000 	C:\Windows\WinSxS\amd64_microsoft.windows.common-controls_6595b64144ccf1df_6.0.7601.18837_none_fa3b1e3d17594757\COMCTL32.dll
0x000007fefec30000 - 0x000007fefeca1000 	C:\Windows\system32\SHLWAPI.dll
0x000007fefee00000 - 0x000007fefee2e000 	C:\Windows\system32\IMM32.DLL
0x000007fefeea0000 - 0x000007fefefa9000 	C:\Windows\system32\MSCTF.dll
0x000007fefced0000 - 0x000007fefcf01000 	C:\Windows\system32\nvinitx.dll
0x000007fefcec0000 - 0x000007fefcecc000 	C:\Windows\system32\VERSION.dll
0x000007fef7850000 - 0x000007fef7962000 	C:\Windows\system32\NV\igdumd64.dll
0x000007fefe820000 - 0x000007fefe9f7000 	C:\Windows\system32\SETUPAPI.dll
0x000007fefd2e0000 - 0x000007fefd316000 	C:\Windows\system32\CFGMGR32.dll
0x000007fefe4b0000 - 0x000007fefe587000 	C:\Windows\system32\OLEAUT32.dll
0x000007fefe5b0000 - 0x000007fefe7b3000 	C:\Windows\system32\ole32.dll
0x000007fefd2c0000 - 0x000007fefd2da000 	C:\Windows\system32\DEVOBJ.dll
0x000007fef71e0000 - 0x000007fef72f2000 	C:\Windows\system32\NV\igd10umd64.dll
0x000000006afd0000 - 0x000000006b0a2000 	C:\Program Files\Java\jdk1.8.0_25\jre\bin\msvcr100.dll
0x00000000698b0000 - 0x000000006a10a000 	C:\Program Files\Java\jdk1.8.0_25\jre\bin\server\jvm.dll
0x000007fef7830000 - 0x000007fef7839000 	C:\Windows\system32\WSOCK32.dll
0x000007fefe460000 - 0x000007fefe4ad000 	C:\Windows\system32\WS2_32.dll
0x000007fefd360000 - 0x000007fefd368000 	C:\Windows\system32\NSI.dll
0x000007fefad30000 - 0x000007fefad6b000 	C:\Windows\system32\WINMM.dll
0x00000000773b0000 - 0x00000000773b7000 	C:\Windows\system32\PSAPI.DLL
0x00000000731e0000 - 0x00000000731ef000 	C:\Program Files\Java\jdk1.8.0_25\jre\bin\verify.dll
0x0000000071c80000 - 0x0000000071ca8000 	C:\Program Files\Java\jdk1.8.0_25\jre\bin\java.dll
0x000000006ece0000 - 0x000000006ecf6000 	C:\Program Files\Java\jdk1.8.0_25\jre\bin\zip.dll
0x000007fefd5d0000 - 0x000007fefe359000 	C:\Windows\system32\SHELL32.dll
0x000007fefcfb0000 - 0x000007fefcfbf000 	C:\Windows\system32\profapi.dll
0x0000000069710000 - 0x00000000698a8000 	C:\Program Files\Java\jdk1.8.0_25\jre\bin\awt.dll
0x000007fefb810000 - 0x000007fefb866000 	C:\Windows\system32\uxtheme.dll
0x000007fefaf00000 - 0x000007fefaf18000 	C:\Windows\system32\dwmapi.dll
0x000007fefcdf0000 - 0x000007fefcdff000 	C:\Windows\system32\CRYPTBASE.dll
0x000007fee5cf0000 - 0x000007fee5eef000 	C:\Windows\system32\d3d9.dll
0x000007fefa8d0000 - 0x000007fefa8d7000 	C:\Windows\system32\d3d8thk.dll
0x0000000180000000 - 0x00000001807ca000 	C:\Windows\system32\igdumd64.dll
0x000000006d990000 - 0x000000006d9d7000 	C:\Program Files\Java\jdk1.8.0_25\jre\bin\fontmanager.dll
0x0000000072470000 - 0x000000007248a000 	C:\Program Files\Java\jdk1.8.0_25\jre\bin\net.dll
0x000007fefc6f0000 - 0x000007fefc745000 	C:\Windows\system32\mswsock.dll
0x000007fefc6e0000 - 0x000007fefc6e7000 	C:\Windows\System32\wship6.dll
0x000000006d940000 - 0x000000006d951000 	C:\Program Files\Java\jdk1.8.0_25\jre\bin\nio.dll
0x000000006af90000 - 0x000000006afc1000 	C:\Program Files\Java\jdk1.8.0_25\jre\bin\jpeg.dll
0x000007fef9780000 - 0x000007fef9820000 	C:\Windows\WinSxS\amd64_microsoft.windows.common-controls_6595b64144ccf1df_5.82.7601.18837_none_a4d981ff711297b6\comctl32.dll
0x000000006af40000 - 0x000000006af81000 	C:\Program Files\Java\jdk1.8.0_25\jre\bin\t2k.dll
0x000007fefc750000 - 0x000007fefc768000 	C:\Windows\system32\CRYPTSP.dll
0x000007fefc450000 - 0x000007fefc497000 	C:\Windows\system32\rsaenh.dll
0x000007fefd330000 - 0x000007fefd34e000 	C:\Windows\system32\USERENV.dll
0x000007fefa850000 - 0x000007fefa877000 	C:\Windows\system32\IPHLPAPI.DLL
0x000007fefa840000 - 0x000007fefa84b000 	C:\Windows\system32\WINNSI.DLL
0x000007fefa650000 - 0x000007fefa668000 	C:\Windows\system32\dhcpcsvc.DLL
0x000007fefa630000 - 0x000007fefa641000 	C:\Windows\system32\dhcpcsvc6.DLL
0x000007fefea00000 - 0x000007fefea99000 	C:\Windows\system32\CLBCatQ.DLL
0x000007fefa9a0000 - 0x000007fefab01000 	C:\Windows\system32\WindowsCodecs.dll
0x000007fefcd90000 - 0x000007fefcde7000 	C:\Windows\system32\apphelp.dll
0x000007fef09a0000 - 0x000007fef09db000 	C:\Users\Crigges-Pc\AppData\Roaming\Dropbox\bin\DropboxExt64.27.dll
0x000007fef5cb0000 - 0x000007fef5ce5000 	C:\Windows\system32\EhStorShell.dll
0x000007fefb520000 - 0x000007fefb64c000 	C:\Windows\system32\PROPSYS.dll
0x000007fef5c30000 - 0x000007fef5cae000 	C:\Windows\System32\cscui.dll
0x000007fef5c10000 - 0x000007fef5c1c000 	C:\Windows\System32\CSCDLL.dll
0x000007fef5c00000 - 0x000007fef5c0f000 	C:\Windows\system32\CSCAPI.dll
0x000007fef5b70000 - 0x000007fef5bf0000 	C:\Windows\system32\ntshrui.dll
0x000007fefca10000 - 0x000007fefca33000 	C:\Windows\system32\srvcli.dll
0x000007fefac20000 - 0x000007fefac2b000 	C:\Windows\system32\slc.dll

VM Arguments:
jvm_args: -XX:-DoEscapeAnalysis -Dfile.encoding=Cp1252 
java_command: de.crigges.texturechooser.ui.TextureChooser
java_class_path (initial): C:\Users\Crigges-Pc\git\TextureChooser\bin;C:\Users\Crigges-Pc\git\TextureChooser\jgoodies-forms-1.8.0.jar;C:\Users\Crigges-Pc\git\TextureChooser\miglayout15-swing.jar;C:\Users\Crigges-Pc\git\TextureChooser\lib\guava-14.0-rc1.jar;C:\Users\Crigges-Pc\git\TextureChooser\lib\jmpq3.jar
Launcher Type: SUN_STANDARD

Environment Variables:
PATH=C:/Users/Crigges-Pc/Desktop/Desktop/eclipse 8Java//Java_64/bin/server;C:/Users/Crigges-Pc/Desktop/Desktop/eclipse 8Java//Java_64/bin;C:/Users/Crigges-Pc/Desktop/Desktop/eclipse 8Java//Java_64/lib/amd64;C:\ProgramData\Oracle\Java\javapath;C:\Program Files\Haskell\bin;C:\Program Files\Haskell Platform\2014.2.0.0\lib\extralibs\bin;C:\Program Files\Haskell Platform\2014.2.0.0\bin;C:\Windows\system32;C:\Windows;C:\Windows\System32\Wbem;C:\Windows\System32\WindowsPowerShell\v1.0\;C:\Program Files (x86)\Intel\OpenCL SDK\2.0\bin\x86;C:\Program Files (x86)\Intel\OpenCL SDK\2.0\bin\x64;C:\Program Files\Intel\WiFi\bin\;C:\Program Files\Common Files\Intel\WirelessCommon\;C:\Program Files\Haskell Platform\2014.2.0.0\mingw\bin;C:\Program Files (x86)\Git\cmd;C:\Program Files (x86)\NVIDIA Corporation\PhysX\Common;C:\Windows\system32\config\systemprofile\.dnx\bin;C:\Program Files\Microsoft DNX\Dnvm\;C:\Program Files (x86)\Skype\Phone\;C:\Program Files (x86)\GtkSharp\2.12\bin;C:\Users\Crigges-Pc\Desktop\Desktop\eclipse 8Java;
USERNAME=Crigges-Pc
OS=Windows_NT
PROCESSOR_IDENTIFIER=Intel64 Family 6 Model 58 Stepping 9, GenuineIntel



---------------  S Y S T E M  ---------------

OS: Windows 7 , 64 bit Build 7601 Service Pack 1

CPU:total 8 (4 cores per cpu, 2 threads per core) family 6 model 58 stepping 9, cmov, cx8, fxsr, mmx, sse, sse2, sse3, ssse3, sse4.1, sse4.2, popcnt, avx, aes, clmul, erms, ht, tsc, tscinvbit, tscinv

Memory: 4k page, physical 12472856k(5049292k free), swap 12471016k(3672k free)

vm_info: Java HotSpot(TM) 64-Bit Server VM (25.25-b02) for windows-amd64 JRE (1.8.0_25-b18), built on Oct  7 2014 14:25:37 by "java_re" with MS VC++ 10.0 (VS2010)

time: Fri Oct 02 03:45:55 2015
elapsed time: 86 seconds (0d 0h 1m 26s)

