#
# There is insufficient memory for the Java Runtime Environment to continue.
# Native memory allocation (malloc) failed to allocate 1349856 bytes for Chunk::new
# Possible reasons:
#   The system is out of physical RAM or swap space
#   In 32 bit mode, the process size limit was hit
# Possible solutions:
#   Reduce memory load on the system
#   Increase physical memory or swap space
#   Check if swap backing store is full
#   Use 64 bit Java on a 64 bit OS
#   Decrease Java heap size (-Xmx/-Xms)
#   Decrease number of Java threads
#   Decrease Java thread stack sizes (-Xss)
#   Set larger code cache with -XX:ReservedCodeCacheSize=
# This output file may be truncated or incomplete.
#
#  Out of Memory Error (allocation.cpp:390), pid=22068, tid=1440
#
# JRE version: Java(TM) SE Runtime Environment (8.0_25-b18) (build 1.8.0_25-b18)
# Java VM: Java HotSpot(TM) 64-Bit Server VM (25.25-b02 mixed mode windows-amd64 compressed oops)
# Failed to write core dump. Minidumps are not enabled by default on client versions of Windows
#

---------------  T H R E A D  ---------------

Current thread (0x000000001aec7800):  JavaThread "C2 CompilerThread2" daemon [_thread_in_native, id=1440, stack(0x000000001c590000,0x000000001c690000)]

Stack: [0x000000001c590000,0x000000001c690000]
Native frames: (J=compiled Java code, j=interpreted, Vv=VM code, C=native code)
V  [jvm.dll+0x31667a]


Current CompileTask:
C2:  11564 2339       4       javax.swing.plaf.basic.BasicListUI::paintImpl (493 bytes)


---------------  P R O C E S S  ---------------

Java Threads: ( => current thread )
  0x000000001d0b2800 JavaThread "pool-2-thread-2" [_thread_in_Java, id=26192, stack(0x000000001f390000,0x000000001f490000)]
  0x000000001d0ae000 JavaThread "pool-2-thread-1" [_thread_in_Java, id=15880, stack(0x000000001f270000,0x000000001f370000)]
  0x00000000390be000 JavaThread "pool-1-thread-1" [_thread_in_native, id=17404, stack(0x000000001ef90000,0x000000001f090000)]
  0x00000000391f2000 JavaThread "TimerQueue" daemon [_thread_blocked, id=13992, stack(0x000000001e010000,0x000000001e110000)]
  0x000000000017f800 JavaThread "DestroyJavaVM" [_thread_blocked, id=6484, stack(0x0000000002060000,0x0000000002160000)]
  0x000000001cf9d000 JavaThread "AWT-EventQueue-0" [_thread_in_native, id=25200, stack(0x000000001c970000,0x000000001ca70000)]
  0x000000001cf4c800 JavaThread "AWT-Windows" daemon [_thread_in_native, id=14900, stack(0x000000001d980000,0x000000001da80000)]
  0x000000001b1ef800 JavaThread "AWT-Shutdown" [_thread_blocked, id=17120, stack(0x000000001d820000,0x000000001d920000)]
  0x000000001b1ee800 JavaThread "Java2D Disposer" daemon [_thread_blocked, id=26652, stack(0x000000001d690000,0x000000001d790000)]
  0x000000001af2f000 JavaThread "Service Thread" daemon [_thread_blocked, id=16372, stack(0x000000001cc30000,0x000000001cd30000)]
  0x000000001aef2800 JavaThread "C1 CompilerThread3" daemon [_thread_blocked, id=17036, stack(0x000000001ca90000,0x000000001cb90000)]
=>0x000000001aec7800 JavaThread "C2 CompilerThread2" daemon [_thread_in_native, id=1440, stack(0x000000001c590000,0x000000001c690000)]
  0x000000001aea6000 JavaThread "C2 CompilerThread1" daemon [_thread_blocked, id=7848, stack(0x000000001c840000,0x000000001c940000)]
  0x000000001ae9e800 JavaThread "C2 CompilerThread0" daemon [_thread_blocked, id=15432, stack(0x000000001c700000,0x000000001c800000)]
  0x000000001ae9b000 JavaThread "Attach Listener" daemon [_thread_blocked, id=14804, stack(0x000000001c490000,0x000000001c590000)]
  0x000000001ae9a000 JavaThread "Signal Dispatcher" daemon [_thread_blocked, id=18256, stack(0x000000001c2a0000,0x000000001c3a0000)]
  0x0000000001e5f000 JavaThread "Finalizer" daemon [_thread_blocked, id=12472, stack(0x000000001c050000,0x000000001c150000)]
  0x0000000019de4800 JavaThread "Reference Handler" daemon [_thread_blocked, id=4924, stack(0x000000001bef0000,0x000000001bff0000)]

Other Threads:
  0x000000001ae53000 VMThread [stack: 0x000000001bde0000,0x000000001bee0000] [id=20772]
  0x000000001af30000 WatcherThread [stack: 0x000000001cd90000,0x000000001ce90000] [id=16368]

VM state:not at safepoint (normal execution)

VM Mutex/Monitor currently owned by a thread: None

Heap:
 PSYoungGen      total 817152K, used 470825K [0x0000000780900000, 0x00000007bff80000, 0x00000007c0000000)
  eden space 786432K, 58% used [0x0000000780900000,0x000000079cd43180,0x00000007b0900000)
  from space 30720K, 25% used [0x00000007b0900000,0x00000007b10873c0,0x00000007b2700000)
  to   space 29696K, 0% used [0x00000007be280000,0x00000007be280000,0x00000007bff80000)
 ParOldGen       total 131072K, used 41760K [0x0000000701a00000, 0x0000000709a00000, 0x0000000780900000)
  object space 131072K, 31% used [0x0000000701a00000,0x00000007042c8340,0x0000000709a00000)
 Metaspace       used 13897K, capacity 14098K, committed 14336K, reserved 1062912K
  class space    used 1672K, capacity 1697K, committed 1792K, reserved 1048576K

Card table byte_map: [0x00000000117f0000,0x0000000011df0000] byte_map_base: 0x000000000dfe3000

Marking Bits: (ParMarkBitMap*) 0x0000000050ced490
 Begin Bits: [0x0000000012ed0000, 0x0000000015e68000)
 End Bits:   [0x0000000015e68000, 0x0000000018e00000)

Polling page: 0x0000000000110000

CodeCache: size=245760Kb used=7875Kb max_used=7886Kb free=237884Kb
 bounds [0x0000000002430000, 0x0000000002bf0000, 0x0000000011430000]
 total_blobs=2857 nmethods=2353 adapters=416
 compilation: disabled (not enough contiguous free space left)

Compilation events (10 events):
Event: 11.489 Thread 0x000000001aef2800 nmethod 2361 0x0000000002be8510 code [0x0000000002be8660, 0x0000000002be87b0]
Event: 11.500 Thread 0x000000001aef2800 2362       3       javax.swing.RepaintManager$4::<init> (38 bytes)
Event: 11.500 Thread 0x000000001aef2800 nmethod 2362 0x0000000002be80d0 code [0x0000000002be8220, 0x0000000002be8450]
Event: 11.500 Thread 0x000000001aef2800 2363       3       javax.swing.RepaintManager$4::run (5 bytes)
Event: 11.500 Thread 0x000000001aef2800 nmethod 2363 0x0000000002be7d10 code [0x0000000002be7e80, 0x0000000002be8028]
Event: 11.505 Thread 0x000000001ae9e800 nmethod 2360 0x0000000002beabd0 code [0x0000000002beade0, 0x0000000002beb990]
Event: 11.509 Thread 0x000000001aef2800 2364       3       java.awt.EventQueue::setCurrentEventAndMostRecentTime (8 bytes)
Event: 11.510 Thread 0x000000001aef2800 nmethod 2364 0x0000000002be71d0 code [0x0000000002be73a0, 0x0000000002be79d8]
Event: 11.510 Thread 0x000000001aef2800 2365       1       javax.swing.DefaultBoundedRangeModel::getExtent (5 bytes)
Event: 11.510 Thread 0x000000001aef2800 nmethod 2365 0x0000000002be6f10 code [0x0000000002be7060, 0x0000000002be7170]

GC Heap History (10 events):
Event: 6.751 GC heap before
{Heap before GC invocations=5 (full 0):
 PSYoungGen      total 204800K, used 204787K [0x0000000780900000, 0x000000078d900000, 0x00000007c0000000)
  eden space 196608K, 100% used [0x0000000780900000,0x000000078c900000,0x000000078c900000)
  from space 8192K, 99% used [0x000000078d100000,0x000000078d8fcc30,0x000000078d900000)
  to   space 8192K, 0% used [0x000000078c900000,0x000000078c900000,0x000000078d100000)
 ParOldGen       total 131072K, used 38736K [0x0000000701a00000, 0x0000000709a00000, 0x0000000780900000)
  object space 131072K, 29% used [0x0000000701a00000,0x0000000703fd4248,0x0000000709a00000)
 Metaspace       used 13397K, capacity 13586K, committed 13824K, reserved 1060864K
  class space    used 1660K, capacity 1697K, committed 1792K, reserved 1048576K
Event: 6.763 GC heap after
Heap after GC invocations=5 (full 0):
 PSYoungGen      total 204800K, used 8177K [0x0000000780900000, 0x000000079cc00000, 0x00000007c0000000)
  eden space 196608K, 0% used [0x0000000780900000,0x0000000780900000,0x000000078c900000)
  from space 8192K, 99% used [0x000000078c900000,0x000000078d0fc630,0x000000078d100000)
  to   space 34304K, 0% used [0x000000079aa80000,0x000000079aa80000,0x000000079cc00000)
 ParOldGen       total 131072K, used 38744K [0x0000000701a00000, 0x0000000709a00000, 0x0000000780900000)
  object space 131072K, 29% used [0x0000000701a00000,0x0000000703fd6248,0x0000000709a00000)
 Metaspace       used 13397K, capacity 13586K, committed 13824K, reserved 1060864K
  class space    used 1660K, capacity 1697K, committed 1792K, reserved 1048576K
}
Event: 7.360 GC heap before
{Heap before GC invocations=6 (full 0):
 PSYoungGen      total 204800K, used 204785K [0x0000000780900000, 0x000000079cc00000, 0x00000007c0000000)
  eden space 196608K, 100% used [0x0000000780900000,0x000000078c900000,0x000000078c900000)
  from space 8192K, 99% used [0x000000078c900000,0x000000078d0fc630,0x000000078d100000)
  to   space 34304K, 0% used [0x000000079aa80000,0x000000079aa80000,0x000000079cc00000)
 ParOldGen       total 131072K, used 38744K [0x0000000701a00000, 0x0000000709a00000, 0x0000000780900000)
  object space 131072K, 29% used [0x0000000701a00000,0x0000000703fd6248,0x0000000709a00000)
 Metaspace       used 13472K, capacity 13650K, committed 13824K, reserved 1060864K
  class space    used 1664K, capacity 1697K, committed 1792K, reserved 1048576K
Event: 7.368 GC heap after
Heap after GC invocations=6 (full 0):
 PSYoungGen      total 426496K, used 5566K [0x0000000780900000, 0x000000079cb00000, 0x00000007c0000000)
  eden space 393216K, 0% used [0x0000000780900000,0x0000000780900000,0x0000000798900000)
  from space 33280K, 16% used [0x000000079aa80000,0x000000079afefa90,0x000000079cb00000)
  to   space 33792K, 0% used [0x0000000798900000,0x0000000798900000,0x000000079aa00000)
 ParOldGen       total 131072K, used 38752K [0x0000000701a00000, 0x0000000709a00000, 0x0000000780900000)
  object space 131072K, 29% used [0x0000000701a00000,0x0000000703fd8248,0x0000000709a00000)
 Metaspace       used 13472K, capacity 13650K, committed 13824K, reserved 1060864K
  class space    used 1664K, capacity 1697K, committed 1792K, reserved 1048576K
}
Event: 8.332 GC heap before
{Heap before GC invocations=7 (full 0):
 PSYoungGen      total 426496K, used 398782K [0x0000000780900000, 0x000000079cb00000, 0x00000007c0000000)
  eden space 393216K, 100% used [0x0000000780900000,0x0000000798900000,0x0000000798900000)
  from space 33280K, 16% used [0x000000079aa80000,0x000000079afefa90,0x000000079cb00000)
  to   space 33792K, 0% used [0x0000000798900000,0x0000000798900000,0x000000079aa00000)
 ParOldGen       total 131072K, used 38752K [0x0000000701a00000, 0x0000000709a00000, 0x0000000780900000)
  object space 131072K, 29% used [0x0000000701a00000,0x0000000703fd8248,0x0000000709a00000)
 Metaspace       used 13558K, capacity 13714K, committed 14080K, reserved 1060864K
  class space    used 1664K, capacity 1697K, committed 1792K, reserved 1048576K
Event: 8.341 GC heap after
Heap after GC invocations=7 (full 0):
 PSYoungGen      total 427008K, used 6389K [0x0000000780900000, 0x00000007b4800000, 0x00000007c0000000)
  eden space 393216K, 0% used [0x0000000780900000,0x0000000780900000,0x0000000798900000)
  from space 33792K, 18% used [0x0000000798900000,0x0000000798f3d580,0x000000079aa00000)
  to   space 32256K, 0% used [0x00000007b2880000,0x00000007b2880000,0x00000007b4800000)
 ParOldGen       total 131072K, used 39200K [0x0000000701a00000, 0x0000000709a00000, 0x0000000780900000)
  object space 131072K, 29% used [0x0000000701a00000,0x0000000704048258,0x0000000709a00000)
 Metaspace       used 13558K, capacity 13714K, committed 14080K, reserved 1060864K
  class space    used 1664K, capacity 1697K, committed 1792K, reserved 1048576K
}
Event: 9.876 GC heap before
{Heap before GC invocations=8 (full 0):
 PSYoungGen      total 427008K, used 399605K [0x0000000780900000, 0x00000007b4800000, 0x00000007c0000000)
  eden space 393216K, 100% used [0x0000000780900000,0x0000000798900000,0x0000000798900000)
  from space 33792K, 18% used [0x0000000798900000,0x0000000798f3d580,0x000000079aa00000)
  to   space 32256K, 0% used [0x00000007b2880000,0x00000007b2880000,0x00000007b4800000)
 ParOldGen       total 131072K, used 39200K [0x0000000701a00000, 0x0000000709a00000, 0x0000000780900000)
  object space 131072K, 29% used [0x0000000701a00000,0x0000000704048258,0x0000000709a00000)
 Metaspace       used 13724K, capacity 13906K, committed 14080K, reserved 1060864K
  class space    used 1671K, capacity 1697K, committed 1792K, reserved 1048576K
Event: 9.884 GC heap after
Heap after GC invocations=8 (full 0):
 PSYoungGen      total 815616K, used 8486K [0x0000000780900000, 0x00000007b4500000, 0x00000007c0000000)
  eden space 786432K, 0% used [0x0000000780900000,0x0000000780900000,0x00000007b0900000)
  from space 29184K, 29% used [0x00000007b2880000,0x00000007b30c9ae0,0x00000007b4500000)
  to   space 30720K, 0% used [0x00000007b0900000,0x00000007b0900000,0x00000007b2700000)
 ParOldGen       total 131072K, used 39360K [0x0000000701a00000, 0x0000000709a00000, 0x0000000780900000)
  object space 131072K, 30% used [0x0000000701a00000,0x0000000704070288,0x0000000709a00000)
 Metaspace       used 13724K, capacity 13906K, committed 14080K, reserved 1060864K
  class space    used 1671K, capacity 1697K, committed 1792K, reserved 1048576K
}
Event: 10.822 GC heap before
{Heap before GC invocations=9 (full 0):
 PSYoungGen      total 815616K, used 794918K [0x0000000780900000, 0x00000007b4500000, 0x00000007c0000000)
  eden space 786432K, 100% used [0x0000000780900000,0x00000007b0900000,0x00000007b0900000)
  from space 29184K, 29% used [0x00000007b2880000,0x00000007b30c9ae0,0x00000007b4500000)
  to   space 30720K, 0% used [0x00000007b0900000,0x00000007b0900000,0x00000007b2700000)
 ParOldGen       total 131072K, used 39360K [0x0000000701a00000, 0x0000000709a00000, 0x0000000780900000)
  object space 131072K, 30% used [0x0000000701a00000,0x0000000704070288,0x0000000709a00000)
 Metaspace       used 13832K, capacity 14034K, committed 14336K, reserved 1062912K
  class space    used 1671K, capacity 1697K, committed 1792K, reserved 1048576K
Event: 10.828 GC heap after
Heap after GC invocations=9 (full 0):
 PSYoungGen      total 817152K, used 7708K [0x0000000780900000, 0x00000007bff80000, 0x00000007c0000000)
  eden space 786432K, 0% used [0x0000000780900000,0x0000000780900000,0x00000007b0900000)
  from space 30720K, 25% used [0x00000007b0900000,0x00000007b10873c0,0x00000007b2700000)
  to   space 29696K, 0% used [0x00000007be280000,0x00000007be280000,0x00000007bff80000)
 ParOldGen       total 131072K, used 41760K [0x0000000701a00000, 0x0000000709a00000, 0x0000000780900000)
  object space 131072K, 31% used [0x0000000701a00000,0x00000007042c8340,0x0000000709a00000)
 Metaspace       used 13832K, capacity 14034K, committed 14336K, reserved 1062912K
  class space    used 1671K, capacity 1697K, committed 1792K, reserved 1048576K
}

Deoptimization events (10 events):
Event: 9.486 Thread 0x000000001cf9d000 Uncommon trap: reason=bimorphic action=maybe_recompile pc=0x00000000029a8fac method=javax.swing.JComponent.rectangleIsObscured(IIII)Z @ 26
Event: 9.487 Thread 0x000000001cf9d000 Uncommon trap: reason=bimorphic action=maybe_recompile pc=0x00000000029aa628 method=javax.swing.JComponent.paintChildren(Ljava/awt/Graphics;)V @ 85
Event: 9.487 Thread 0x000000001cf9d000 Uncommon trap: reason=bimorphic action=maybe_recompile pc=0x00000000029a8fac method=javax.swing.JComponent.rectangleIsObscured(IIII)Z @ 26
Event: 9.487 Thread 0x000000001cf9d000 Uncommon trap: reason=bimorphic action=maybe_recompile pc=0x00000000029aa628 method=javax.swing.JComponent.paintChildren(Ljava/awt/Graphics;)V @ 85
Event: 9.588 Thread 0x000000001cf9d000 Uncommon trap: reason=bimorphic action=maybe_recompile pc=0x00000000029a8fac method=javax.swing.JComponent.rectangleIsObscured(IIII)Z @ 26
Event: 9.589 Thread 0x000000001cf9d000 Uncommon trap: reason=bimorphic action=maybe_recompile pc=0x00000000029aa628 method=javax.swing.JComponent.paintChildren(Ljava/awt/Graphics;)V @ 85
Event: 9.590 Thread 0x000000001cf9d000 Uncommon trap: reason=bimorphic action=maybe_recompile pc=0x00000000029a8fac method=javax.swing.JComponent.rectangleIsObscured(IIII)Z @ 26
Event: 9.590 Thread 0x000000001cf9d000 Uncommon trap: reason=bimorphic action=maybe_recompile pc=0x00000000029aa628 method=javax.swing.JComponent.paintChildren(Ljava/awt/Graphics;)V @ 85
Event: 10.492 Thread 0x00000000390be000 Uncommon trap: reason=unloaded action=reinterpret pc=0x0000000002b2ea00 method=de.peeeq.jmpq3.HashTable.getBlockIndexOfFile(Ljava/lang/String;)I @ 106
Event: 10.570 Thread 0x000000001cf9d000 Uncommon trap: reason=unreached action=reinterpret pc=0x0000000002ac1460 method=javax.swing.JComponent.getComponentGraphics(Ljava/awt/Graphics;)Ljava/awt/Graphics; @ 6

Internal exceptions (10 events):
Event: 6.496 Thread 0x000000001d0b2800 Exception <a 'java/security/PrivilegedActionException'> (0x00000007874e7f68) thrown at [D:\re\workspace\8-2-build-windows-amd64-cygwin\jdk8u25\1677\hotspot\src\share\vm\prims\jvm.cpp, line 1312]
Event: 9.636 Thread 0x000000001cf9d000 Exception <a 'java/security/PrivilegedActionException'> (0x000000078c5abfc0) thrown at [D:\re\workspace\8-2-build-windows-amd64-cygwin\jdk8u25\1677\hotspot\src\share\vm\prims\jvm.cpp, line 1312]
Event: 9.645 Thread 0x000000001cf9d000 Exception <a 'java/security/PrivilegedActionException'> (0x000000078c5b0260) thrown at [D:\re\workspace\8-2-build-windows-amd64-cygwin\jdk8u25\1677\hotspot\src\share\vm\prims\jvm.cpp, line 1312]
Event: 9.646 Thread 0x000000001cf9d000 Exception <a 'java/security/PrivilegedActionException'> (0x000000078c5b4328) thrown at [D:\re\workspace\8-2-build-windows-amd64-cygwin\jdk8u25\1677\hotspot\src\share\vm\prims\jvm.cpp, line 1312]
Event: 9.647 Thread 0x000000001cf9d000 Exception <a 'java/security/PrivilegedActionException'> (0x000000078c5b7be0) thrown at [D:\re\workspace\8-2-build-windows-amd64-cygwin\jdk8u25\1677\hotspot\src\share\vm\prims\jvm.cpp, line 1312]
Event: 9.649 Thread 0x000000001cf9d000 Exception <a 'java/security/PrivilegedActionException'> (0x000000078c5bb998) thrown at [D:\re\workspace\8-2-build-windows-amd64-cygwin\jdk8u25\1677\hotspot\src\share\vm\prims\jvm.cpp, line 1312]
Event: 9.650 Thread 0x000000001cf9d000 Exception <a 'java/security/PrivilegedActionException'> (0x000000078c5be900) thrown at [D:\re\workspace\8-2-build-windows-amd64-cygwin\jdk8u25\1677\hotspot\src\share\vm\prims\jvm.cpp, line 1312]
Event: 9.650 Thread 0x000000001cf9d000 Exception <a 'java/security/PrivilegedActionException'> (0x000000078c5c18d0) thrown at [D:\re\workspace\8-2-build-windows-amd64-cygwin\jdk8u25\1677\hotspot\src\share\vm\prims\jvm.cpp, line 1312]
Event: 9.651 Thread 0x000000001cf9d000 Exception <a 'java/security/PrivilegedActionException'> (0x000000078c5c48a0) thrown at [D:\re\workspace\8-2-build-windows-amd64-cygwin\jdk8u25\1677\hotspot\src\share\vm\prims\jvm.cpp, line 1312]
Event: 9.658 Thread 0x000000001cf9d000 Exception <a 'java/security/PrivilegedActionException'> (0x000000078c5c7870) thrown at [D:\re\workspace\8-2-build-windows-amd64-cygwin\jdk8u25\1677\hotspot\src\share\vm\prims\jvm.cpp, line 1312]

Events (10 events):
Event: 10.570 Thread 0x000000001cf9d000 DEOPT PACKING pc=0x0000000002ac1460 sp=0x000000001ca6cd20
Event: 10.570 Thread 0x000000001cf9d000 DEOPT UNPACKING pc=0x000000000247556a sp=0x000000001ca6cc60 mode 2
Event: 10.822 Executing VM operation: ParallelGCFailedAllocation
Event: 10.829 Executing VM operation: ParallelGCFailedAllocation done
Event: 10.902 loading class sun/nio/ch/FileChannelImpl$1
Event: 10.903 loading class sun/misc/JavaNioAccess$BufferPool
Event: 10.904 loading class sun/misc/JavaNioAccess$BufferPool done
Event: 10.904 loading class sun/nio/ch/FileChannelImpl$1 done
Event: 11.339 Thread 0x000000001cf9d000 DEOPT PACKING pc=0x0000000002a497cd sp=0x000000001ca6cc00
Event: 11.339 Thread 0x000000001cf9d000 DEOPT UNPACKING pc=0x00000000024775bf sp=0x000000001ca6ca28 mode 0


Dynamic libraries:
0x000000013fa80000 - 0x000000013fab4000 	C:\Program Files\Java\jdk1.8.0_25\bin\javaw.exe
0x00000000771f0000 - 0x0000000077399000 	C:\Windows\SYSTEM32\ntdll.dll
0x0000000076fd0000 - 0x00000000770ef000 	C:\Windows\system32\kernel32.dll
0x000007fefcfc0000 - 0x000007fefd02c000 	C:\Windows\system32\KERNELBASE.dll
0x000007fefe360000 - 0x000007fefe43b000 	C:\Windows\system32\ADVAPI32.dll
0x000007feff190000 - 0x000007feff22f000 	C:\Windows\system32\msvcrt.dll
0x000007fefe440000 - 0x000007fefe45f000 	C:\Windows\SYSTEM32\sechost.dll
0x000007feff060000 - 0x000007feff18d000 	C:\Windows\system32\RPCRT4.dll
0x00000000770f0000 - 0x00000000771ea000 	C:\Windows\system32\USER32.dll
0x000007fefee30000 - 0x000007fefee97000 	C:\Windows\system32\GDI32.dll
0x000007feff050000 - 0x000007feff05e000 	C:\Windows\system32\LPK.dll
0x000007fefecb0000 - 0x000007fefed79000 	C:\Windows\system32\USP10.dll
0x000007fefb9a0000 - 0x000007fefbb94000 	C:\Windows\WinSxS\amd64_microsoft.windows.common-controls_6595b64144ccf1df_6.0.7601.18837_none_fa3b1e3d17594757\COMCTL32.dll
0x000007fefec30000 - 0x000007fefeca1000 	C:\Windows\system32\SHLWAPI.dll
0x000007fefee00000 - 0x000007fefee2e000 	C:\Windows\system32\IMM32.DLL
0x000007fefeea0000 - 0x000007fefefa9000 	C:\Windows\system32\MSCTF.dll
0x000007fefced0000 - 0x000007fefcf01000 	C:\Windows\system32\nvinitx.dll
0x000007fefcec0000 - 0x000007fefcecc000 	C:\Windows\system32\VERSION.dll
0x000007fef7850000 - 0x000007fef7962000 	C:\Windows\system32\NV\igdumd64.dll
0x000007fefe820000 - 0x000007fefe9f7000 	C:\Windows\system32\SETUPAPI.dll
0x000007fefd2e0000 - 0x000007fefd316000 	C:\Windows\system32\CFGMGR32.dll
0x000007fefe4b0000 - 0x000007fefe587000 	C:\Windows\system32\OLEAUT32.dll
0x000007fefe5b0000 - 0x000007fefe7b3000 	C:\Windows\system32\ole32.dll
0x000007fefd2c0000 - 0x000007fefd2da000 	C:\Windows\system32\DEVOBJ.dll
0x000007fef71e0000 - 0x000007fef72f2000 	C:\Windows\system32\NV\igd10umd64.dll
0x00000000695f0000 - 0x00000000696c2000 	C:\Program Files\Java\jdk1.8.0_25\jre\bin\msvcr100.dll
0x0000000050510000 - 0x0000000050d6a000 	C:\Program Files\Java\jdk1.8.0_25\jre\bin\server\jvm.dll
0x000007fef7830000 - 0x000007fef7839000 	C:\Windows\system32\WSOCK32.dll
0x000007fefe460000 - 0x000007fefe4ad000 	C:\Windows\system32\WS2_32.dll
0x000007fefd360000 - 0x000007fefd368000 	C:\Windows\system32\NSI.dll
0x000007fefad30000 - 0x000007fefad6b000 	C:\Windows\system32\WINMM.dll
0x00000000773b0000 - 0x00000000773b7000 	C:\Windows\system32\PSAPI.DLL
0x000000006d990000 - 0x000000006d99f000 	C:\Program Files\Java\jdk1.8.0_25\jre\bin\verify.dll
0x00000000695c0000 - 0x00000000695e8000 	C:\Program Files\Java\jdk1.8.0_25\jre\bin\java.dll
0x00000000695a0000 - 0x00000000695b6000 	C:\Program Files\Java\jdk1.8.0_25\jre\bin\zip.dll
0x000007fefd5d0000 - 0x000007fefe359000 	C:\Windows\system32\SHELL32.dll
0x000007fefcfb0000 - 0x000007fefcfbf000 	C:\Windows\system32\profapi.dll
0x000000005b860000 - 0x000000005b9f8000 	C:\Program Files\Java\jdk1.8.0_25\jre\bin\awt.dll
0x000007fefb810000 - 0x000007fefb866000 	C:\Windows\system32\uxtheme.dll
0x000007fefaf00000 - 0x000007fefaf18000 	C:\Windows\system32\dwmapi.dll
0x000007fefcdf0000 - 0x000007fefcdff000 	C:\Windows\system32\CRYPTBASE.dll
0x0000000065f20000 - 0x0000000065f67000 	C:\Program Files\Java\jdk1.8.0_25\jre\bin\fontmanager.dll
0x0000000069580000 - 0x000000006959a000 	C:\Program Files\Java\jdk1.8.0_25\jre\bin\net.dll
0x000007fefc6f0000 - 0x000007fefc745000 	C:\Windows\system32\mswsock.dll
0x000007fefc6e0000 - 0x000007fefc6e7000 	C:\Windows\System32\wship6.dll
0x0000000069560000 - 0x0000000069571000 	C:\Program Files\Java\jdk1.8.0_25\jre\bin\nio.dll
0x000007fefc750000 - 0x000007fefc768000 	C:\Windows\system32\CRYPTSP.dll
0x000007fefc450000 - 0x000007fefc497000 	C:\Windows\system32\rsaenh.dll
0x000007fefd330000 - 0x000007fefd34e000 	C:\Windows\system32\USERENV.dll
0x000007fefa850000 - 0x000007fefa877000 	C:\Windows\system32\IPHLPAPI.DLL
0x000007fefa840000 - 0x000007fefa84b000 	C:\Windows\system32\WINNSI.DLL
0x000007fefa650000 - 0x000007fefa668000 	C:\Windows\system32\dhcpcsvc.DLL
0x000007fefa630000 - 0x000007fefa641000 	C:\Windows\system32\dhcpcsvc6.DLL
0x0000000065ed0000 - 0x0000000065f11000 	C:\Program Files\Java\jdk1.8.0_25\jre\bin\t2k.dll
0x000007fefea00000 - 0x000007fefea99000 	C:\Windows\system32\CLBCatQ.DLL
0x000007fefa9a0000 - 0x000007fefab01000 	C:\Windows\system32\WindowsCodecs.dll
0x000007fefcd90000 - 0x000007fefcde7000 	C:\Windows\system32\apphelp.dll
0x000007fef5cb0000 - 0x000007fef5ce5000 	C:\Windows\system32\EhStorShell.dll
0x000007fefb520000 - 0x000007fefb64c000 	C:\Windows\system32\PROPSYS.dll
0x000007fef5c30000 - 0x000007fef5cae000 	C:\Windows\System32\cscui.dll
0x000007fef5c10000 - 0x000007fef5c1c000 	C:\Windows\System32\CSCDLL.dll
0x000007fef5c00000 - 0x000007fef5c0f000 	C:\Windows\system32\CSCAPI.dll
0x000007fef5b70000 - 0x000007fef5bf0000 	C:\Windows\system32\ntshrui.dll
0x000007fefca10000 - 0x000007fefca33000 	C:\Windows\system32\srvcli.dll
0x000007fefac20000 - 0x000007fefac2b000 	C:\Windows\system32\slc.dll
0x0000000067580000 - 0x00000000675b1000 	C:\Program Files\Java\jdk1.8.0_25\jre\bin\jpeg.dll
0x000007feedb80000 - 0x000007feedca5000 	C:\Windows\system32\dbghelp.dll

VM Arguments:
jvm_args: -Dfile.encoding=Cp1252 
java_command: de.crigges.texturechooser.ui.MpqImageChooser
java_class_path (initial): C:\Users\Crigges-Pc\git\TextureChooser\bin;C:\Users\Crigges-Pc\git\TextureChooser\jgoodies-forms-1.8.0.jar;C:\Users\Crigges-Pc\git\TextureChooser\miglayout15-swing.jar;C:\Users\Crigges-Pc\git\TextureChooser\lib\guava-14.0-rc1.jar;C:\Users\Crigges-Pc\git\TextureChooser\lib\jmpq3.jar
Launcher Type: SUN_STANDARD

Environment Variables:
PATH=C:/Users/Crigges-Pc/Desktop/Desktop/eclipse 8Java//Java_64/bin/server;C:/Users/Crigges-Pc/Desktop/Desktop/eclipse 8Java//Java_64/bin;C:/Users/Crigges-Pc/Desktop/Desktop/eclipse 8Java//Java_64/lib/amd64;C:\ProgramData\Oracle\Java\javapath;C:\Program Files\Haskell\bin;C:\Program Files\Haskell Platform\2014.2.0.0\lib\extralibs\bin;C:\Program Files\Haskell Platform\2014.2.0.0\bin;C:\Windows\system32;C:\Windows;C:\Windows\System32\Wbem;C:\Windows\System32\WindowsPowerShell\v1.0\;C:\Program Files (x86)\Intel\OpenCL SDK\2.0\bin\x86;C:\Program Files (x86)\Intel\OpenCL SDK\2.0\bin\x64;C:\Program Files\Intel\WiFi\bin\;C:\Program Files\Common Files\Intel\WirelessCommon\;C:\Program Files\Haskell Platform\2014.2.0.0\mingw\bin;C:\Program Files (x86)\Git\cmd;C:\Program Files (x86)\NVIDIA Corporation\PhysX\Common;C:\Users\Crigges-Pc\.dnx\bin;C:\Program Files\Microsoft DNX\Dnvm\;C:\Program Files (x86)\Skype\Phone\;C:\Program Files (x86)\GtkSharp\2.12\bin;C:\Users\Crigges-Pc\Desktop\Desktop\eclipse 8Java;
USERNAME=Crigges-Pc
OS=Windows_NT
PROCESSOR_IDENTIFIER=Intel64 Family 6 Model 58 Stepping 9, GenuineIntel



---------------  S Y S T E M  ---------------

OS: Windows 7 , 64 bit Build 7601 Service Pack 1

CPU:total 8 (4 cores per cpu, 2 threads per core) family 6 model 58 stepping 9, cmov, cx8, fxsr, mmx, sse, sse2, sse3, ssse3, sse4.1, sse4.2, popcnt, avx, aes, clmul, erms, ht, tsc, tscinvbit, tscinv

Memory: 4k page, physical 12472856k(6221516k free), swap 12471016k(5084k free)

vm_info: Java HotSpot(TM) 64-Bit Server VM (25.25-b02) for windows-amd64 JRE (1.8.0_25-b18), built on Oct  7 2014 14:25:37 by "java_re" with MS VC++ 10.0 (VS2010)

time: Fri Oct 02 23:46:57 2015
elapsed time: 11 seconds (0d 0h 0m 11s)

