#
# There is insufficient memory for the Java Runtime Environment to continue.
# Native memory allocation (malloc) failed to allocate 476688 bytes for Chunk::new
# Possible reasons:
#   The system is out of physical RAM or swap space
#   In 32 bit mode, the process size limit was hit
# Possible solutions:
#   Reduce memory load on the system
#   Increase physical memory or swap space
#   Check if swap backing store is full
#   Use 64 bit Java on a 64 bit OS
#   Decrease Java heap size (-Xmx/-Xms)
#   Decrease number of Java threads
#   Decrease Java thread stack sizes (-Xss)
#   Set larger code cache with -XX:ReservedCodeCacheSize=
# This output file may be truncated or incomplete.
#
#  Out of Memory Error (allocation.cpp:390), pid=7156, tid=17796
#
# JRE version: Java(TM) SE Runtime Environment (8.0_25-b18) (build 1.8.0_25-b18)
# Java VM: Java HotSpot(TM) 64-Bit Server VM (25.25-b02 mixed mode windows-amd64 compressed oops)
# Failed to write core dump. Minidumps are not enabled by default on client versions of Windows
#

---------------  T H R E A D  ---------------

Current thread (0x000000001ace7800):  JavaThread "C2 CompilerThread1" daemon [_thread_in_native, id=17796, stack(0x0000000012980000,0x0000000012a80000)]

Stack: [0x0000000012980000,0x0000000012a80000]
Native frames: (J=compiled Java code, j=interpreted, Vv=VM code, C=native code)
V  [jvm.dll+0x31667a]
V  [jvm.dll+0x267073]
V  [jvm.dll+0x267cb3]
V  [jvm.dll+0x25f5b5]
V  [jvm.dll+0xbf165]
V  [jvm.dll+0xbf60c]
V  [jvm.dll+0x44af32]
V  [jvm.dll+0x4c06e5]
V  [jvm.dll+0x4c131f]
V  [jvm.dll+0x451121]
V  [jvm.dll+0x4538f8]
V  [jvm.dll+0x437372]
V  [jvm.dll+0x98a02]
V  [jvm.dll+0x991f3]
V  [jvm.dll+0x22bde4]
V  [jvm.dll+0x2852fa]
C  [msvcr100.dll+0x21d9f]
C  [msvcr100.dll+0x21e3b]
C  [kernel32.dll+0x15a4d]
C  [ntdll.dll+0x2b831]


Current CompileTask:
C2:   9210 2468   !   4       de.crigges.texturechooser.ui.ImageListMpqModel$2::run (90 bytes)


---------------  P R O C E S S  ---------------

Java Threads: ( => current thread )
  0x000000001cd49800 JavaThread "TimerQueue" daemon [_thread_blocked, id=21692, stack(0x0000000021a70000,0x0000000021b70000)]
  0x000000003b0a2000 JavaThread "pool-3-thread-2" [_thread_in_Java, id=14156, stack(0x0000000021420000,0x0000000021520000)]
  0x000000003b034800 JavaThread "pool-3-thread-1" [_thread_in_Java, id=15688, stack(0x0000000021550000,0x0000000021650000)]
  0x000000003b038800 JavaThread "pool-2-thread-1" [_thread_in_native, id=19500, stack(0x0000000021260000,0x0000000021360000)]
  0x000000001cd50800 JavaThread "D3D Screen Updater" daemon [_thread_in_native, id=5804, stack(0x0000000020cb0000,0x0000000020db0000)]
  0x0000000001e6f800 JavaThread "DestroyJavaVM" [_thread_blocked, id=12804, stack(0x0000000001fa0000,0x00000000020a0000)]
  0x000000003b2cd000 JavaThread "AWT-EventQueue-0" [_thread_blocked, id=18256, stack(0x00000000203f0000,0x00000000204f0000)]
  0x000000003b857800 JavaThread "AWT-Shutdown" [_thread_blocked, id=20036, stack(0x00000000207e0000,0x00000000208e0000)]
  0x000000001cb43000 JavaThread "AWT-Windows" daemon [_thread_in_native, id=19852, stack(0x000000001d510000,0x000000001d610000)]
  0x000000001cb41800 JavaThread "Java2D Disposer" daemon [_thread_blocked, id=21512, stack(0x000000001bfd0000,0x000000001c0d0000)]
  0x000000001ad6c800 JavaThread "Service Thread" daemon [_thread_blocked, id=11628, stack(0x000000001c590000,0x000000001c690000)]
  0x000000001ad0e000 JavaThread "C1 CompilerThread3" daemon [_thread_blocked, id=24588, stack(0x000000001c800000,0x000000001c900000)]
  0x000000001acf3000 JavaThread "C2 CompilerThread2" daemon [_thread_in_native, id=21748, stack(0x000000001c6b0000,0x000000001c7b0000)]
=>0x000000001ace7800 JavaThread "C2 CompilerThread1" daemon [_thread_in_native, id=17796, stack(0x0000000012980000,0x0000000012a80000)]
  0x000000001ace0000 JavaThread "C2 CompilerThread0" daemon [_thread_blocked, id=21208, stack(0x000000001c490000,0x000000001c590000)]
  0x000000001acdc800 JavaThread "Attach Listener" daemon [_thread_blocked, id=16624, stack(0x000000001c320000,0x000000001c420000)]
  0x000000001acdb800 JavaThread "Signal Dispatcher" daemon [_thread_blocked, id=19096, stack(0x000000001c130000,0x000000001c230000)]
  0x0000000001d2f000 JavaThread "Finalizer" daemon [_thread_blocked, id=22744, stack(0x000000001bd50000,0x000000001be50000)]
  0x0000000019e44800 JavaThread "Reference Handler" daemon [_thread_blocked, id=22268, stack(0x000000001bec0000,0x000000001bfc0000)]

Other Threads:
  0x000000001ac93000 VMThread [stack: 0x000000001bc10000,0x000000001bd10000] [id=25960]
  0x000000001ad71800 WatcherThread [stack: 0x000000001ca10000,0x000000001cb10000] [id=23692]

VM state:not at safepoint (normal execution)

VM Mutex/Monitor currently owned by a thread: None

Heap:
 PSYoungGen      total 793600K, used 552445K [0x0000000780900000, 0x00000007c0000000, 0x00000007c0000000)
  eden space 783360K, 69% used [0x0000000780900000,0x00000007a1fa96c8,0x00000007b0600000)
  from space 10240K, 48% used [0x00000007b0600000,0x00000007b0ad5d40,0x00000007b1000000)
  to   space 10240K, 0% used [0x00000007bf600000,0x00000007bf600000,0x00000007c0000000)
 ParOldGen       total 131072K, used 6659K [0x0000000701a00000, 0x0000000709a00000, 0x0000000780900000)
  object space 131072K, 5% used [0x0000000701a00000,0x0000000702080c08,0x0000000709a00000)
 Metaspace       used 15491K, capacity 15696K, committed 15872K, reserved 1062912K
  class space    used 1882K, capacity 1924K, committed 2048K, reserved 1048576K

Card table byte_map: [0x0000000011730000,0x0000000011d30000] byte_map_base: 0x000000000df23000

Marking Bits: (ParMarkBitMap*) 0x0000000053c6d490
 Begin Bits: [0x0000000012f30000, 0x0000000015ec8000)
 End Bits:   [0x0000000015ec8000, 0x0000000018e60000)

Polling page: 0x0000000000210000

CodeCache: size=245760Kb used=7848Kb max_used=7863Kb free=237911Kb
 bounds [0x0000000002370000, 0x0000000002b30000, 0x0000000011370000]
 total_blobs=3019 nmethods=2470 adapters=461
 compilation: enabled

Compilation events (10 events):
Event: 9.033 Thread 0x000000001ad0e000 nmethod 2470 0x0000000002b076d0 code [0x0000000002b07bc0, 0x0000000002b09dd8]
Event: 9.033 Thread 0x000000001ad0e000 2471       3       sun.java2d.loops.MaskBlit::getFromCache (132 bytes)
Event: 9.037 Thread 0x000000001ad0e000 nmethod 2471 0x0000000002b1e750 code [0x0000000002b1eb80, 0x0000000002b214f8]
Event: 9.052 Thread 0x000000001ace0000 nmethod 2465 0x0000000002b25790 code [0x0000000002b25980, 0x0000000002b270f0]
Event: 9.052 Thread 0x000000001ace0000 2472       4       java.util.concurrent.ThreadPoolExecutor$Worker::unlock (7 bytes)
Event: 9.058 Thread 0x000000001ace0000 nmethod 2472 0x0000000002b07310 code [0x0000000002b07460, 0x0000000002b075a8]
Event: 9.058 Thread 0x000000001ace0000 2473       4       java.util.concurrent.ThreadPoolExecutor$Worker::lock (6 bytes)
Event: 9.061 Thread 0x000000001ace0000 nmethod 2473 0x0000000002b06f50 code [0x0000000002b070a0, 0x0000000002b071c8]
Event: 9.061 Thread 0x000000001ace0000 2474       4       java.util.concurrent.ThreadPoolExecutor::runStateAtLeast (11 bytes)
Event: 9.062 Thread 0x000000001ace0000 nmethod 2474 0x0000000002aab290 code [0x0000000002aab3c0, 0x0000000002aab418]

GC Heap History (10 events):
Event: 5.850 GC heap before
{Heap before GC invocations=5 (full 0):
 PSYoungGen      total 204800K, used 203166K [0x0000000780900000, 0x000000078d900000, 0x00000007c0000000)
  eden space 196608K, 100% used [0x0000000780900000,0x000000078c900000,0x000000078c900000)
  from space 8192K, 80% used [0x000000078d100000,0x000000078d7679d0,0x000000078d900000)
  to   space 8192K, 0% used [0x000000078c900000,0x000000078c900000,0x000000078d100000)
 ParOldGen       total 131072K, used 176K [0x0000000701a00000, 0x0000000709a00000, 0x0000000780900000)
  object space 131072K, 0% used [0x0000000701a00000,0x0000000701a2c0e0,0x0000000709a00000)
 Metaspace       used 15088K, capacity 15300K, committed 15616K, reserved 1062912K
  class space    used 1875K, capacity 1924K, committed 2048K, reserved 1048576K
Event: 5.860 GC heap after
Heap after GC invocations=5 (full 0):
 PSYoungGen      total 204800K, used 8096K [0x0000000780900000, 0x0000000799a00000, 0x00000007c0000000)
  eden space 196608K, 0% used [0x0000000780900000,0x0000000780900000,0x000000078c900000)
  from space 8192K, 98% used [0x000000078c900000,0x000000078d0e81d0,0x000000078d100000)
  to   space 8704K, 0% used [0x0000000799180000,0x0000000799180000,0x0000000799a00000)
 ParOldGen       total 131072K, used 184K [0x0000000701a00000, 0x0000000709a00000, 0x0000000780900000)
  object space 131072K, 0% used [0x0000000701a00000,0x0000000701a2e0e0,0x0000000709a00000)
 Metaspace       used 15088K, capacity 15300K, committed 15616K, reserved 1062912K
  class space    used 1875K, capacity 1924K, committed 2048K, reserved 1048576K
}
Event: 6.287 GC heap before
{Heap before GC invocations=6 (full 0):
 PSYoungGen      total 204800K, used 204704K [0x0000000780900000, 0x0000000799a00000, 0x00000007c0000000)
  eden space 196608K, 100% used [0x0000000780900000,0x000000078c900000,0x000000078c900000)
  from space 8192K, 98% used [0x000000078c900000,0x000000078d0e81d0,0x000000078d100000)
  to   space 8704K, 0% used [0x0000000799180000,0x0000000799180000,0x0000000799a00000)
 ParOldGen       total 131072K, used 186K [0x0000000701a00000, 0x0000000709a00000, 0x0000000780900000)
  object space 131072K, 0% used [0x0000000701a00000,0x0000000701a2e860,0x0000000709a00000)
 Metaspace       used 15139K, capacity 15364K, committed 15616K, reserved 1062912K
  class space    used 1876K, capacity 1924K, committed 2048K, reserved 1048576K
Event: 6.298 GC heap after
Heap after GC invocations=6 (full 0):
 PSYoungGen      total 400384K, used 8698K [0x0000000780900000, 0x0000000799d00000, 0x00000007c0000000)
  eden space 391680K, 0% used [0x0000000780900000,0x0000000780900000,0x0000000798780000)
  from space 8704K, 99% used [0x0000000799180000,0x00000007999febf8,0x0000000799a00000)
  to   space 10240K, 0% used [0x0000000798780000,0x0000000798780000,0x0000000799180000)
 ParOldGen       total 131072K, used 1707K [0x0000000701a00000, 0x0000000709a00000, 0x0000000780900000)
  object space 131072K, 1% used [0x0000000701a00000,0x0000000701baad10,0x0000000709a00000)
 Metaspace       used 15139K, capacity 15364K, committed 15616K, reserved 1062912K
  class space    used 1876K, capacity 1924K, committed 2048K, reserved 1048576K
}
Event: 7.684 GC heap before
{Heap before GC invocations=7 (full 0):
 PSYoungGen      total 400384K, used 400378K [0x0000000780900000, 0x0000000799d00000, 0x00000007c0000000)
  eden space 391680K, 100% used [0x0000000780900000,0x0000000798780000,0x0000000798780000)
  from space 8704K, 99% used [0x0000000799180000,0x00000007999febf8,0x0000000799a00000)
  to   space 10240K, 0% used [0x0000000798780000,0x0000000798780000,0x0000000799180000)
 ParOldGen       total 131072K, used 1709K [0x0000000701a00000, 0x0000000709a00000, 0x0000000780900000)
  object space 131072K, 1% used [0x0000000701a00000,0x0000000701bab470,0x0000000709a00000)
 Metaspace       used 15366K, capacity 15560K, committed 15872K, reserved 1062912K
  class space    used 1882K, capacity 1924K, committed 2048K, reserved 1048576K
Event: 7.697 GC heap after
Heap after GC invocations=7 (full 0):
 PSYoungGen      total 401920K, used 7522K [0x0000000780900000, 0x00000007b1a00000, 0x00000007c0000000)
  eden space 391680K, 0% used [0x0000000780900000,0x0000000780900000,0x0000000798780000)
  from space 10240K, 73% used [0x0000000798780000,0x0000000798ed8b38,0x0000000799180000)
  to   space 10240K, 0% used [0x00000007b1000000,0x00000007b1000000,0x00000007b1a00000)
 ParOldGen       total 131072K, used 6128K [0x0000000701a00000, 0x0000000709a00000, 0x0000000780900000)
  object space 131072K, 4% used [0x0000000701a00000,0x0000000701ffc1d8,0x0000000709a00000)
 Metaspace       used 15366K, capacity 15560K, committed 15872K, reserved 1062912K
  class space    used 1882K, capacity 1924K, committed 2048K, reserved 1048576K
}
Event: 8.334 GC heap before
{Heap before GC invocations=8 (full 0):
 PSYoungGen      total 401920K, used 399202K [0x0000000780900000, 0x00000007b1a00000, 0x00000007c0000000)
  eden space 391680K, 100% used [0x0000000780900000,0x0000000798780000,0x0000000798780000)
  from space 10240K, 73% used [0x0000000798780000,0x0000000798ed8b38,0x0000000799180000)
  to   space 10240K, 0% used [0x00000007b1000000,0x00000007b1000000,0x00000007b1a00000)
 ParOldGen       total 131072K, used 6130K [0x0000000701a00000, 0x0000000709a00000, 0x0000000780900000)
  object space 131072K, 4% used [0x0000000701a00000,0x0000000701ffc958,0x0000000709a00000)
 Metaspace       used 15463K, capacity 15696K, committed 15872K, reserved 1062912K
  class space    used 1882K, capacity 1924K, committed 2048K, reserved 1048576K
Event: 8.342 GC heap after
Heap after GC invocations=8 (full 0):
 PSYoungGen      total 793600K, used 4071K [0x0000000780900000, 0x00000007b1a00000, 0x00000007c0000000)
  eden space 783360K, 0% used [0x0000000780900000,0x0000000780900000,0x00000007b0600000)
  from space 10240K, 39% used [0x00000007b1000000,0x00000007b13f9d50,0x00000007b1a00000)
  to   space 10240K, 0% used [0x00000007b0600000,0x00000007b0600000,0x00000007b1000000)
 ParOldGen       total 131072K, used 6498K [0x0000000701a00000, 0x0000000709a00000, 0x0000000780900000)
  object space 131072K, 4% used [0x0000000701a00000,0x0000000702058bb8,0x0000000709a00000)
 Metaspace       used 15463K, capacity 15696K, committed 15872K, reserved 1062912K
  class space    used 1882K, capacity 1924K, committed 2048K, reserved 1048576K
}
Event: 8.342 GC heap before
{Heap before GC invocations=9 (full 0):
 PSYoungGen      total 793600K, used 11872K [0x0000000780900000, 0x00000007b1a00000, 0x00000007c0000000)
  eden space 783360K, 0% used [0x0000000780900000,0x000000078109e490,0x00000007b0600000)
  from space 10240K, 39% used [0x00000007b1000000,0x00000007b13f9d50,0x00000007b1a00000)
  to   space 10240K, 0% used [0x00000007b0600000,0x00000007b0600000,0x00000007b1000000)
 ParOldGen       total 131072K, used 6498K [0x0000000701a00000, 0x0000000709a00000, 0x0000000780900000)
  object space 131072K, 4% used [0x0000000701a00000,0x0000000702058bb8,0x0000000709a00000)
 Metaspace       used 15463K, capacity 15696K, committed 15872K, reserved 1062912K
  class space    used 1882K, capacity 1924K, committed 2048K, reserved 1048576K
Event: 8.377 GC heap after
Heap after GC invocations=9 (full 0):
 PSYoungGen      total 793600K, used 4951K [0x0000000780900000, 0x00000007c0000000, 0x00000007c0000000)
  eden space 783360K, 0% used [0x0000000780900000,0x0000000780900000,0x00000007b0600000)
  from space 10240K, 48% used [0x00000007b0600000,0x00000007b0ad5d40,0x00000007b1000000)
  to   space 10240K, 0% used [0x00000007bf600000,0x00000007bf600000,0x00000007c0000000)
 ParOldGen       total 131072K, used 6659K [0x0000000701a00000, 0x0000000709a00000, 0x0000000780900000)
  object space 131072K, 5% used [0x0000000701a00000,0x0000000702080c08,0x0000000709a00000)
 Metaspace       used 15463K, capacity 15696K, committed 15872K, reserved 1062912K
  class space    used 1882K, capacity 1924K, committed 2048K, reserved 1048576K
}

Deoptimization events (10 events):
Event: 2.856 Thread 0x000000003b0a2000 Uncommon trap: reason=class_check action=maybe_recompile pc=0x0000000002649e28 method=java.io.BufferedInputStream.read1([BII)I @ 39
Event: 2.892 Thread 0x000000003b034800 Uncommon trap: reason=class_check action=maybe_recompile pc=0x0000000002649e28 method=java.io.BufferedInputStream.read1([BII)I @ 39
Event: 2.943 Thread 0x000000003b0a2000 Uncommon trap: reason=class_check action=maybe_recompile pc=0x0000000002649e28 method=java.io.BufferedInputStream.read1([BII)I @ 39
Event: 2.945 Thread 0x000000003b034800 Uncommon trap: reason=class_check action=maybe_recompile pc=0x0000000002649e28 method=java.io.BufferedInputStream.read1([BII)I @ 39
Event: 3.022 Thread 0x000000003b0a2000 Uncommon trap: reason=unloaded action=reinterpret pc=0x0000000002574498 method=java.nio.Buffer.nextGetIndex(I)I @ 13
Event: 5.305 Thread 0x000000003b2cd000 Uncommon trap: reason=unreached action=reinterpret pc=0x0000000002735c58 method=java.awt.Component.getBackground()Ljava/awt/Color; @ 6
Event: 7.228 Thread 0x000000003b2cd000 Uncommon trap: reason=unreached action=reinterpret pc=0x000000000297c680 method=javax.swing.UIDefaults.get(Ljava/lang/Object;Ljava/util/Locale;)Ljava/lang/Object; @ 7
Event: 7.229 Thread 0x000000003b2cd000 Uncommon trap: reason=unreached action=reinterpret pc=0x00000000028d7bcc method=java.awt.Component.notifyNewBounds(ZZ)V @ 4
Event: 7.282 Thread 0x000000003b2cd000 Uncommon trap: reason=unreached action=reinterpret pc=0x000000000296cb04 method=javax.swing.UIDefaults.get(Ljava/lang/Object;Ljava/util/Locale;)Ljava/lang/Object; @ 7
Event: 7.291 Thread 0x000000003b2cd000 Uncommon trap: reason=unreached action=reinterpret pc=0x00000000028cf894 method=javax.swing.UIDefaults.get(Ljava/lang/Object;Ljava/util/Locale;)Ljava/lang/Object; @ 7

Internal exceptions (10 events):
Event: 9.080 Thread 0x000000003b038800 Exception <a 'java/io/IOException'> (0x000000079c4c4aa0) thrown at [D:\re\workspace\8-2-build-windows-amd64-cygwin\jdk8u25\1677\hotspot\src\share\vm\prims\jni.cpp, line 716]
Event: 9.080 Thread 0x000000003b038800 Exception <a 'java/io/IOException'> (0x000000079c4c4db0) thrown at [D:\re\workspace\8-2-build-windows-amd64-cygwin\jdk8u25\1677\hotspot\src\share\vm\prims\jni.cpp, line 716]
Event: 9.080 Thread 0x000000003b038800 Exception <a 'java/io/IOException'> (0x000000079c4c50c0) thrown at [D:\re\workspace\8-2-build-windows-amd64-cygwin\jdk8u25\1677\hotspot\src\share\vm\prims\jni.cpp, line 716]
Event: 9.080 Thread 0x000000003b038800 Exception <a 'java/io/IOException'> (0x000000079c4c53d0) thrown at [D:\re\workspace\8-2-build-windows-amd64-cygwin\jdk8u25\1677\hotspot\src\share\vm\prims\jni.cpp, line 716]
Event: 9.080 Thread 0x000000003b038800 Exception <a 'java/io/IOException'> (0x000000079c4c56e0) thrown at [D:\re\workspace\8-2-build-windows-amd64-cygwin\jdk8u25\1677\hotspot\src\share\vm\prims\jni.cpp, line 716]
Event: 9.080 Thread 0x000000003b038800 Exception <a 'java/io/IOException'> (0x000000079c4c5a30) thrown at [D:\re\workspace\8-2-build-windows-amd64-cygwin\jdk8u25\1677\hotspot\src\share\vm\prims\jni.cpp, line 716]
Event: 9.081 Thread 0x000000003b038800 Exception <a 'java/io/IOException'> (0x000000079c4c5d40) thrown at [D:\re\workspace\8-2-build-windows-amd64-cygwin\jdk8u25\1677\hotspot\src\share\vm\prims\jni.cpp, line 716]
Event: 9.081 Thread 0x000000003b038800 Exception <a 'java/io/IOException'> (0x000000079c4c6050) thrown at [D:\re\workspace\8-2-build-windows-amd64-cygwin\jdk8u25\1677\hotspot\src\share\vm\prims\jni.cpp, line 716]
Event: 9.081 Thread 0x000000003b038800 Exception <a 'java/io/IOException'> (0x000000079c4c6360) thrown at [D:\re\workspace\8-2-build-windows-amd64-cygwin\jdk8u25\1677\hotspot\src\share\vm\prims\jni.cpp, line 716]
Event: 9.081 Thread 0x000000003b038800 Exception <a 'java/io/IOException'> (0x000000079c4c6670) thrown at [D:\re\workspace\8-2-build-windows-amd64-cygwin\jdk8u25\1677\hotspot\src\share\vm\prims\jni.cpp, line 716]

Events (10 events):
Event: 8.334 Executing VM operation: ParallelGCFailedAllocation
Event: 8.334 Executing VM operation: ParallelGCFailedAllocation done
Event: 8.334 Executing VM operation: ParallelGCFailedAllocation
Event: 8.342 Executing VM operation: ParallelGCFailedAllocation done
Event: 8.342 Executing VM operation: ParallelGCSystemGC
Event: 8.377 Executing VM operation: ParallelGCSystemGC done
Event: 8.563 Thread 0x000000003b034800 DEOPT PACKING pc=0x00000000028cf21b sp=0x000000002164e260
Event: 8.563 Thread 0x000000003b034800 DEOPT UNPACKING pc=0x00000000023b75bf sp=0x000000002164df58 mode 0
Event: 8.755 Thread 0x000000003b2cd000 DEOPT PACKING pc=0x0000000002acd634 sp=0x00000000204ec530
Event: 8.755 Thread 0x000000003b2cd000 DEOPT UNPACKING pc=0x00000000023b75bf sp=0x00000000204ec248 mode 0


Dynamic libraries:
0x000000013f600000 - 0x000000013f634000 	C:\Program Files\Java\jdk1.8.0_25\bin\javaw.exe
0x00000000771f0000 - 0x0000000077399000 	C:\Windows\SYSTEM32\ntdll.dll
0x0000000076fd0000 - 0x00000000770ef000 	C:\Windows\system32\kernel32.dll
0x000007fefcfc0000 - 0x000007fefd02c000 	C:\Windows\system32\KERNELBASE.dll
0x000007fefe360000 - 0x000007fefe43b000 	C:\Windows\system32\ADVAPI32.dll
0x000007feff190000 - 0x000007feff22f000 	C:\Windows\system32\msvcrt.dll
0x000007fefe440000 - 0x000007fefe45f000 	C:\Windows\SYSTEM32\sechost.dll
0x000007feff060000 - 0x000007feff18d000 	C:\Windows\system32\RPCRT4.dll
0x00000000770f0000 - 0x00000000771ea000 	C:\Windows\system32\USER32.dll
0x000007fefee30000 - 0x000007fefee97000 	C:\Windows\system32\GDI32.dll
0x000007feff050000 - 0x000007feff05e000 	C:\Windows\system32\LPK.dll
0x000007fefecb0000 - 0x000007fefed79000 	C:\Windows\system32\USP10.dll
0x000007fefb9a0000 - 0x000007fefbb94000 	C:\Windows\WinSxS\amd64_microsoft.windows.common-controls_6595b64144ccf1df_6.0.7601.18837_none_fa3b1e3d17594757\COMCTL32.dll
0x000007fefec30000 - 0x000007fefeca1000 	C:\Windows\system32\SHLWAPI.dll
0x000007fefee00000 - 0x000007fefee2e000 	C:\Windows\system32\IMM32.DLL
0x000007fefeea0000 - 0x000007fefefa9000 	C:\Windows\system32\MSCTF.dll
0x000007fefced0000 - 0x000007fefcf01000 	C:\Windows\system32\nvinitx.dll
0x000007fefcec0000 - 0x000007fefcecc000 	C:\Windows\system32\VERSION.dll
0x000007fef7850000 - 0x000007fef7962000 	C:\Windows\system32\NV\igdumd64.dll
0x000007fefe820000 - 0x000007fefe9f7000 	C:\Windows\system32\SETUPAPI.dll
0x000007fefd2e0000 - 0x000007fefd316000 	C:\Windows\system32\CFGMGR32.dll
0x000007fefe4b0000 - 0x000007fefe587000 	C:\Windows\system32\OLEAUT32.dll
0x000007fefe5b0000 - 0x000007fefe7b3000 	C:\Windows\system32\ole32.dll
0x000007fefd2c0000 - 0x000007fefd2da000 	C:\Windows\system32\DEVOBJ.dll
0x000007fef71e0000 - 0x000007fef72f2000 	C:\Windows\system32\NV\igd10umd64.dll
0x0000000069b50000 - 0x0000000069c22000 	C:\Program Files\Java\jdk1.8.0_25\jre\bin\msvcr100.dll
0x0000000053490000 - 0x0000000053cea000 	C:\Program Files\Java\jdk1.8.0_25\jre\bin\server\jvm.dll
0x000007fef7830000 - 0x000007fef7839000 	C:\Windows\system32\WSOCK32.dll
0x000007fefe460000 - 0x000007fefe4ad000 	C:\Windows\system32\WS2_32.dll
0x000007fefd360000 - 0x000007fefd368000 	C:\Windows\system32\NSI.dll
0x000007fefad30000 - 0x000007fefad6b000 	C:\Windows\system32\WINMM.dll
0x00000000773b0000 - 0x00000000773b7000 	C:\Windows\system32\PSAPI.DLL
0x0000000072140000 - 0x000000007214f000 	C:\Program Files\Java\jdk1.8.0_25\jre\bin\verify.dll
0x000000006b130000 - 0x000000006b158000 	C:\Program Files\Java\jdk1.8.0_25\jre\bin\java.dll
0x000000006ece0000 - 0x000000006ecf6000 	C:\Program Files\Java\jdk1.8.0_25\jre\bin\zip.dll
0x000007fefd5d0000 - 0x000007fefe359000 	C:\Windows\system32\SHELL32.dll
0x000007fefcfb0000 - 0x000007fefcfbf000 	C:\Windows\system32\profapi.dll
0x00000000699b0000 - 0x0000000069b48000 	C:\Program Files\Java\jdk1.8.0_25\jre\bin\awt.dll
0x000007fefb810000 - 0x000007fefb866000 	C:\Windows\system32\uxtheme.dll
0x000007fefaf00000 - 0x000007fefaf18000 	C:\Windows\system32\dwmapi.dll
0x000007fefcdf0000 - 0x000007fefcdff000 	C:\Windows\system32\CRYPTBASE.dll
0x000007fee5cf0000 - 0x000007fee5eef000 	C:\Windows\system32\d3d9.dll
0x000007fefa8d0000 - 0x000007fefa8d7000 	C:\Windows\system32\d3d8thk.dll
0x0000000180000000 - 0x00000001807ca000 	C:\Windows\system32\igdumd64.dll
0x000000006af30000 - 0x000000006af77000 	C:\Program Files\Java\jdk1.8.0_25\jre\bin\fontmanager.dll
0x000000006d990000 - 0x000000006d9aa000 	C:\Program Files\Java\jdk1.8.0_25\jre\bin\net.dll
0x000007fefc6f0000 - 0x000007fefc745000 	C:\Windows\system32\mswsock.dll
0x000007fefc6e0000 - 0x000007fefc6e7000 	C:\Windows\System32\wship6.dll
0x000000006d940000 - 0x000000006d951000 	C:\Program Files\Java\jdk1.8.0_25\jre\bin\nio.dll
0x000000006b070000 - 0x000000006b0a1000 	C:\Program Files\Java\jdk1.8.0_25\jre\bin\jpeg.dll
0x000007fef9780000 - 0x000007fef9820000 	C:\Windows\WinSxS\amd64_microsoft.windows.common-controls_6595b64144ccf1df_5.82.7601.18837_none_a4d981ff711297b6\comctl32.dll
0x000000006aee0000 - 0x000000006af21000 	C:\Program Files\Java\jdk1.8.0_25\jre\bin\t2k.dll
0x000007fefc750000 - 0x000007fefc768000 	C:\Windows\system32\CRYPTSP.dll
0x000007fefc450000 - 0x000007fefc497000 	C:\Windows\system32\rsaenh.dll
0x000007fefd330000 - 0x000007fefd34e000 	C:\Windows\system32\USERENV.dll
0x000007fefa850000 - 0x000007fefa877000 	C:\Windows\system32\IPHLPAPI.DLL
0x000007fefa840000 - 0x000007fefa84b000 	C:\Windows\system32\WINNSI.DLL
0x000007fefa650000 - 0x000007fefa668000 	C:\Windows\system32\dhcpcsvc.DLL
0x000007fefa630000 - 0x000007fefa641000 	C:\Windows\system32\dhcpcsvc6.DLL
0x000007fefea00000 - 0x000007fefea99000 	C:\Windows\system32\CLBCatQ.DLL
0x000007fefa9a0000 - 0x000007fefab01000 	C:\Windows\system32\WindowsCodecs.dll
0x000007fefcd90000 - 0x000007fefcde7000 	C:\Windows\system32\apphelp.dll
0x000007fef0af0000 - 0x000007fef0b2b000 	C:\Users\Crigges-Pc\AppData\Roaming\Dropbox\bin\DropboxExt64.27.dll
0x000007fef5cb0000 - 0x000007fef5ce5000 	C:\Windows\system32\EhStorShell.dll
0x000007fefb520000 - 0x000007fefb64c000 	C:\Windows\system32\PROPSYS.dll
0x000007fef5c30000 - 0x000007fef5cae000 	C:\Windows\System32\cscui.dll
0x000007fef5c10000 - 0x000007fef5c1c000 	C:\Windows\System32\CSCDLL.dll
0x000007fef5c00000 - 0x000007fef5c0f000 	C:\Windows\system32\CSCAPI.dll
0x000007fef5b70000 - 0x000007fef5bf0000 	C:\Windows\system32\ntshrui.dll
0x000007fefca10000 - 0x000007fefca33000 	C:\Windows\system32\srvcli.dll
0x000007fefac20000 - 0x000007fefac2b000 	C:\Windows\system32\slc.dll
0x000007feedb80000 - 0x000007feedca5000 	C:\Windows\system32\dbghelp.dll

VM Arguments:
jvm_args: -XX:-DoEscapeAnalysis -Dfile.encoding=Cp1252 
java_command: de.crigges.texturechooser.ui.TextureChooser
java_class_path (initial): C:\Users\Crigges-Pc\git\TextureChooser\bin;C:\Users\Crigges-Pc\git\TextureChooser\jgoodies-forms-1.8.0.jar;C:\Users\Crigges-Pc\git\TextureChooser\miglayout15-swing.jar;C:\Users\Crigges-Pc\git\TextureChooser\lib\guava-14.0-rc1.jar;C:\Users\Crigges-Pc\git\TextureChooser\lib\jmpq3.jar
Launcher Type: SUN_STANDARD

Environment Variables:
PATH=C:/Users/Crigges-Pc/Desktop/Desktop/eclipse 8Java//Java_64/bin/server;C:/Users/Crigges-Pc/Desktop/Desktop/eclipse 8Java//Java_64/bin;C:/Users/Crigges-Pc/Desktop/Desktop/eclipse 8Java//Java_64/lib/amd64;C:\ProgramData\Oracle\Java\javapath;C:\Program Files\Haskell\bin;C:\Program Files\Haskell Platform\2014.2.0.0\lib\extralibs\bin;C:\Program Files\Haskell Platform\2014.2.0.0\bin;C:\Windows\system32;C:\Windows;C:\Windows\System32\Wbem;C:\Windows\System32\WindowsPowerShell\v1.0\;C:\Program Files (x86)\Intel\OpenCL SDK\2.0\bin\x86;C:\Program Files (x86)\Intel\OpenCL SDK\2.0\bin\x64;C:\Program Files\Intel\WiFi\bin\;C:\Program Files\Common Files\Intel\WirelessCommon\;C:\Program Files\Haskell Platform\2014.2.0.0\mingw\bin;C:\Program Files (x86)\Git\cmd;C:\Program Files (x86)\NVIDIA Corporation\PhysX\Common;C:\Windows\system32\config\systemprofile\.dnx\bin;C:\Program Files\Microsoft DNX\Dnvm\;C:\Program Files (x86)\Skype\Phone\;C:\Program Files (x86)\GtkSharp\2.12\bin;C:\Users\Crigges-Pc\Desktop\Desktop\eclipse 8Java;
USERNAME=Crigges-Pc
OS=Windows_NT
PROCESSOR_IDENTIFIER=Intel64 Family 6 Model 58 Stepping 9, GenuineIntel



---------------  S Y S T E M  ---------------

OS: Windows 7 , 64 bit Build 7601 Service Pack 1

CPU:total 8 (4 cores per cpu, 2 threads per core) family 6 model 58 stepping 9, cmov, cx8, fxsr, mmx, sse, sse2, sse3, ssse3, sse4.1, sse4.2, popcnt, avx, aes, clmul, erms, ht, tsc, tscinvbit, tscinv

Memory: 4k page, physical 12472856k(4474568k free), swap 12471016k(4596k free)

vm_info: Java HotSpot(TM) 64-Bit Server VM (25.25-b02) for windows-amd64 JRE (1.8.0_25-b18), built on Oct  7 2014 14:25:37 by "java_re" with MS VC++ 10.0 (VS2010)

time: Fri Oct 02 15:59:16 2015
elapsed time: 9 seconds (0d 0h 0m 9s)

