#
# There is insufficient memory for the Java Runtime Environment to continue.
# Native memory allocation (malloc) failed to allocate 32744 bytes for ChunkPool::allocate
# Possible reasons:
#   The system is out of physical RAM or swap space
#   In 32 bit mode, the process size limit was hit
# Possible solutions:
#   Reduce memory load on the system
#   Increase physical memory or swap space
#   Check if swap backing store is full
#   Use 64 bit Java on a 64 bit OS
#   Decrease Java heap size (-Xmx/-Xms)
#   Decrease number of Java threads
#   Decrease Java thread stack sizes (-Xss)
#   Set larger code cache with -XX:ReservedCodeCacheSize=
# This output file may be truncated or incomplete.
#
#  Out of Memory Error (allocation.cpp:273), pid=16500, tid=19948
#
# JRE version: Java(TM) SE Runtime Environment (8.0_25-b18) (build 1.8.0_25-b18)
# Java VM: Java HotSpot(TM) 64-Bit Server VM (25.25-b02 mixed mode windows-amd64 compressed oops)
# Failed to write core dump. Minidumps are not enabled by default on client versions of Windows
#

---------------  T H R E A D  ---------------

Current thread (0x000000001ac14800):  JavaThread "C2 CompilerThread2" daemon [_thread_in_native, id=19948, stack(0x000000001c580000,0x000000001c680000)]

Stack: [0x000000001c580000,0x000000001c680000]
Native frames: (J=compiled Java code, j=interpreted, Vv=VM code, C=native code)
V  [jvm.dll+0x31667a]


Current CompileTask:
C2:  15938 2208       4       java.awt.image.BufferedImage::<init> (926 bytes)


---------------  P R O C E S S  ---------------

Java Threads: ( => current thread )
  0x000000001cc2f000 JavaThread "pool-2-thread-10" [_thread_in_Java, id=23416, stack(0x000000001d980000,0x000000001da80000)]
  0x000000001cc2e800 JavaThread "pool-2-thread-9" [_thread_in_Java, id=14952, stack(0x000000001d6e0000,0x000000001d7e0000)]
  0x000000001cc2d800 JavaThread "pool-2-thread-8" [_thread_in_Java, id=27136, stack(0x0000000039760000,0x0000000039860000)]
  0x000000001cc2d000 JavaThread "pool-2-thread-7" [_thread_in_Java, id=21012, stack(0x0000000039c00000,0x0000000039d00000)]
  0x000000001cc2c000 JavaThread "pool-2-thread-6" [_thread_in_Java, id=13924, stack(0x00000000399d0000,0x0000000039ad0000)]
  0x000000001cc2b800 JavaThread "pool-2-thread-5" [_thread_in_Java, id=20624, stack(0x0000000039ae0000,0x0000000039be0000)]
  0x00000000534d2000 JavaThread "pool-2-thread-2" [_thread_in_Java, id=19492, stack(0x0000000039520000,0x0000000039620000)]
  0x00000000534d1000 JavaThread "pool-2-thread-1" [_thread_in_native, id=4412, stack(0x0000000039410000,0x0000000039510000)]
  0x00000000534d0800 JavaThread "pool-1-thread-1" [_thread_blocked, id=15544, stack(0x000000001eb60000,0x000000001ec60000)]
  0x00000000533b8000 JavaThread "TimerQueue" daemon [_thread_blocked, id=23600, stack(0x000000001e6f0000,0x000000001e7f0000)]
  0x0000000001e3f800 JavaThread "DestroyJavaVM" [_thread_blocked, id=9440, stack(0x0000000002130000,0x0000000002230000)]
  0x000000001cad4000 JavaThread "AWT-EventQueue-0" [_thread_in_native, id=15000, stack(0x000000001dea0000,0x000000001dfa0000)]
  0x000000001ca81800 JavaThread "AWT-Windows" daemon [_thread_in_native, id=6192, stack(0x000000001d5b0000,0x000000001d6b0000)]
  0x000000001ca81000 JavaThread "AWT-Shutdown" [_thread_blocked, id=20364, stack(0x000000001d340000,0x000000001d440000)]
  0x000000001af3f000 JavaThread "Java2D Disposer" daemon [_thread_blocked, id=26860, stack(0x000000001c6d0000,0x000000001c7d0000)]
  0x000000001ac7e000 JavaThread "Service Thread" daemon [_thread_blocked, id=22936, stack(0x000000001c7f0000,0x000000001c8f0000)]
  0x000000001ac2d800 JavaThread "C1 CompilerThread3" daemon [_thread_blocked, id=7920, stack(0x000000001c2b0000,0x000000001c3b0000)]
=>0x000000001ac14800 JavaThread "C2 CompilerThread2" daemon [_thread_in_native, id=19948, stack(0x000000001c580000,0x000000001c680000)]
  0x000000001ac05000 JavaThread "C2 CompilerThread1" daemon [_thread_blocked, id=5140, stack(0x000000001bff0000,0x000000001c0f0000)]
  0x000000001abf0800 JavaThread "C2 CompilerThread0" daemon [_thread_blocked, id=17340, stack(0x000000001c3c0000,0x000000001c4c0000)]
  0x000000001abed000 JavaThread "Attach Listener" daemon [_thread_blocked, id=5024, stack(0x000000001c130000,0x000000001c230000)]
  0x000000001abeb800 JavaThread "Signal Dispatcher" daemon [_thread_blocked, id=20476, stack(0x000000001bdd0000,0x000000001bed0000)]
  0x0000000001cde000 JavaThread "Finalizer" daemon [_thread_blocked, id=16768, stack(0x000000001bef0000,0x000000001bff0000)]
  0x0000000019a24800 JavaThread "Reference Handler" daemon [_thread_blocked, id=27128, stack(0x000000001bb60000,0x000000001bc60000)]

Other Threads:
  0x000000001aba3000 VMThread [stack: 0x000000001bca0000,0x000000001bda0000] [id=6384]
  0x000000001ac93000 WatcherThread [stack: 0x000000001c910000,0x000000001ca10000] [id=26716]

VM state:not at safepoint (normal execution)

VM Mutex/Monitor currently owned by a thread: None

Heap:
 PSYoungGen      total 1014272K, used 449927K [0x0000000780900000, 0x00000007c0000000, 0x00000007c0000000)
  eden space 989184K, 44% used [0x0000000780900000,0x000000079b7a0c58,0x00000007bcf00000)
  from space 25088K, 35% used [0x00000007bcf00000,0x00000007bd7c10e8,0x00000007be780000)
  to   space 24576K, 0% used [0x00000007be800000,0x00000007be800000,0x00000007c0000000)
 ParOldGen       total 96768K, used 26156K [0x0000000701a00000, 0x0000000707880000, 0x0000000780900000)
  object space 96768K, 27% used [0x0000000701a00000,0x000000070338b270,0x0000000707880000)
 Metaspace       used 13741K, capacity 13904K, committed 14080K, reserved 1060864K
  class space    used 1672K, capacity 1696K, committed 1792K, reserved 1048576K

Card table byte_map: [0x00000000118c0000,0x0000000011ec0000] byte_map_base: 0x000000000e0b3000

Marking Bits: (ParMarkBitMap*) 0x000000005884d490
 Begin Bits: [0x0000000012b10000, 0x0000000015aa8000)
 End Bits:   [0x0000000015aa8000, 0x0000000018a40000)

Polling page: 0x0000000000110000

CodeCache: size=245760Kb used=7115Kb max_used=7126Kb free=238644Kb
 bounds [0x0000000002500000, 0x0000000002c00000, 0x0000000011500000]
 total_blobs=2702 nmethods=2199 adapters=416
 compilation: enabled

Compilation events (10 events):
Event: 15.867 Thread 0x000000001abf0800 nmethod 2203 0x0000000002bf7910 code [0x0000000002bf7a80, 0x0000000002bf7f08]
Event: 15.876 Thread 0x000000001ac05000 2204       4       sun.awt.image.codec.JPEGParam::setDCHuffmanTable (27 bytes)
Event: 15.877 Thread 0x000000001ac05000 nmethod 2204 0x0000000002bfb4d0 code [0x0000000002bfb600, 0x0000000002bfb6d8]
Event: 15.887 Thread 0x000000001ac14800 2205       4       sun.awt.image.codec.JPEGParam::setQTable (27 bytes)
Event: 15.888 Thread 0x000000001ac14800 nmethod 2205 0x0000000002bf7610 code [0x0000000002bf7740, 0x0000000002bf7818]
Event: 15.918 Thread 0x000000001abf0800 2206       4       com.sun.java.swing.SwingUtilities3::getDelegateRepaintManager (72 bytes)
Event: 15.919 Thread 0x000000001ac05000 2207       4       java.awt.Image::<init> (11 bytes)
Event: 15.919 Thread 0x000000001ac05000 nmethod 2207 0x0000000002bf2510 code [0x0000000002bf2640, 0x0000000002bf2698]
Event: 15.920 Thread 0x000000001abf0800 nmethod 2206 0x0000000002bf7190 code [0x0000000002bf7300, 0x0000000002bf7438]
Event: 15.931 Thread 0x000000001ac14800 2208       4       java.awt.image.BufferedImage::<init> (926 bytes)

GC Heap History (10 events):
Event: 14.281 GC heap before
{Heap before GC invocations=18 (full 0):
 PSYoungGen      total 1013248K, used 1003271K [0x0000000780900000, 0x00000007bfe80000, 0x00000007c0000000)
  eden space 990208K, 100% used [0x0000000780900000,0x00000007bd000000,0x00000007bd000000)
  from space 23040K, 56% used [0x00000007bd000000,0x00000007bdcc1df8,0x00000007be680000)
  to   space 22528K, 0% used [0x00000007be880000,0x00000007be880000,0x00000007bfe80000)
 ParOldGen       total 131072K, used 103706K [0x0000000701a00000, 0x0000000709a00000, 0x0000000780900000)
  object space 131072K, 79% used [0x0000000701a00000,0x0000000707f468b0,0x0000000709a00000)
 Metaspace       used 13703K, capacity 13906K, committed 14080K, reserved 1060864K
  class space    used 1672K, capacity 1697K, committed 1792K, reserved 1048576K
Event: 14.290 GC heap after
Heap after GC invocations=18 (full 0):
 PSYoungGen      total 1013760K, used 19890K [0x0000000780900000, 0x00000007c0000000, 0x00000007c0000000)
  eden space 991232K, 0% used [0x0000000780900000,0x0000000780900000,0x00000007bd100000)
  from space 22528K, 88% used [0x00000007be880000,0x00000007bfbecbe0,0x00000007bfe80000)
  to   space 24064K, 0% used [0x00000007bd100000,0x00000007bd100000,0x00000007be880000)
 ParOldGen       total 131072K, used 106436K [0x0000000701a00000, 0x0000000709a00000, 0x0000000780900000)
  object space 131072K, 81% used [0x0000000701a00000,0x00000007081f12c0,0x0000000709a00000)
 Metaspace       used 13703K, capacity 13906K, committed 14080K, reserved 1060864K
  class space    used 1672K, capacity 1697K, committed 1792K, reserved 1048576K
}
Event: 14.739 GC heap before
{Heap before GC invocations=19 (full 0):
 PSYoungGen      total 1013760K, used 1011122K [0x0000000780900000, 0x00000007c0000000, 0x00000007c0000000)
  eden space 991232K, 100% used [0x0000000780900000,0x00000007bd100000,0x00000007bd100000)
  from space 22528K, 88% used [0x00000007be880000,0x00000007bfbecbe0,0x00000007bfe80000)
  to   space 24064K, 0% used [0x00000007bd100000,0x00000007bd100000,0x00000007be880000)
 ParOldGen       total 131072K, used 106436K [0x0000000701a00000, 0x0000000709a00000, 0x0000000780900000)
  object space 131072K, 81% used [0x0000000701a00000,0x00000007081f12c0,0x0000000709a00000)
 Metaspace       used 13709K, capacity 13906K, committed 14080K, reserved 1060864K
  class space    used 1672K, capacity 1697K, committed 1792K, reserved 1048576K
Event: 14.744 GC heap after
Heap after GC invocations=19 (full 0):
 PSYoungGen      total 1015296K, used 10160K [0x0000000780900000, 0x00000007c0000000, 0x00000007c0000000)
  eden space 991232K, 0% used [0x0000000780900000,0x0000000780900000,0x00000007bd100000)
  from space 24064K, 42% used [0x00000007bd100000,0x00000007bdaec230,0x00000007be880000)
  to   space 23552K, 0% used [0x00000007be900000,0x00000007be900000,0x00000007c0000000)
 ParOldGen       total 131072K, used 115901K [0x0000000701a00000, 0x0000000709a00000, 0x0000000780900000)
  object space 131072K, 88% used [0x0000000701a00000,0x0000000708b2f610,0x0000000709a00000)
 Metaspace       used 13709K, capacity 13906K, committed 14080K, reserved 1060864K
  class space    used 1672K, capacity 1697K, committed 1792K, reserved 1048576K
}
Event: 14.744 GC heap before
{Heap before GC invocations=20 (full 1):
 PSYoungGen      total 1015296K, used 10160K [0x0000000780900000, 0x00000007c0000000, 0x00000007c0000000)
  eden space 991232K, 0% used [0x0000000780900000,0x0000000780900000,0x00000007bd100000)
  from space 24064K, 42% used [0x00000007bd100000,0x00000007bdaec230,0x00000007be880000)
  to   space 23552K, 0% used [0x00000007be900000,0x00000007be900000,0x00000007c0000000)
 ParOldGen       total 131072K, used 115901K [0x0000000701a00000, 0x0000000709a00000, 0x0000000780900000)
  object space 131072K, 88% used [0x0000000701a00000,0x0000000708b2f610,0x0000000709a00000)
 Metaspace       used 13709K, capacity 13906K, committed 14080K, reserved 1060864K
  class space    used 1672K, capacity 1697K, committed 1792K, reserved 1048576K
Event: 14.782 GC heap after
Heap after GC invocations=20 (full 1):
 PSYoungGen      total 1015296K, used 0K [0x0000000780900000, 0x00000007c0000000, 0x00000007c0000000)
  eden space 991232K, 0% used [0x0000000780900000,0x0000000780900000,0x00000007bd100000)
  from space 24064K, 0% used [0x00000007bd100000,0x00000007bd100000,0x00000007be880000)
  to   space 23552K, 0% used [0x00000007be900000,0x00000007be900000,0x00000007c0000000)
 ParOldGen       total 96768K, used 21873K [0x0000000701a00000, 0x0000000707880000, 0x0000000780900000)
  object space 96768K, 22% used [0x0000000701a00000,0x0000000702f5c4f0,0x0000000707880000)
 Metaspace       used 13707K, capacity 13904K, committed 14080K, reserved 1060864K
  class space    used 1672K, capacity 1696K, committed 1792K, reserved 1048576K
}
Event: 15.240 GC heap before
{Heap before GC invocations=21 (full 1):
 PSYoungGen      total 1015296K, used 991232K [0x0000000780900000, 0x00000007c0000000, 0x00000007c0000000)
  eden space 991232K, 100% used [0x0000000780900000,0x00000007bd100000,0x00000007bd100000)
  from space 24064K, 0% used [0x00000007bd100000,0x00000007bd100000,0x00000007be880000)
  to   space 23552K, 0% used [0x00000007be900000,0x00000007be900000,0x00000007c0000000)
 ParOldGen       total 96768K, used 21873K [0x0000000701a00000, 0x0000000707880000, 0x0000000780900000)
  object space 96768K, 22% used [0x0000000701a00000,0x0000000702f5c4f0,0x0000000707880000)
 Metaspace       used 13721K, capacity 13904K, committed 14080K, reserved 1060864K
  class space    used 1672K, capacity 1696K, committed 1792K, reserved 1048576K
Event: 15.244 GC heap after
Heap after GC invocations=21 (full 1):
 PSYoungGen      total 1012736K, used 19184K [0x0000000780900000, 0x00000007c0000000, 0x00000007c0000000)
  eden space 989184K, 0% used [0x0000000780900000,0x0000000780900000,0x00000007bcf00000)
  from space 23552K, 81% used [0x00000007be900000,0x00000007bfbbc098,0x00000007c0000000)
  to   space 25088K, 0% used [0x00000007bcf00000,0x00000007bcf00000,0x00000007be780000)
 ParOldGen       total 96768K, used 21873K [0x0000000701a00000, 0x0000000707880000, 0x0000000780900000)
  object space 96768K, 22% used [0x0000000701a00000,0x0000000702f5c4f0,0x0000000707880000)
 Metaspace       used 13721K, capacity 13904K, committed 14080K, reserved 1060864K
  class space    used 1672K, capacity 1696K, committed 1792K, reserved 1048576K
}
Event: 15.747 GC heap before
{Heap before GC invocations=22 (full 1):
 PSYoungGen      total 1012736K, used 1008368K [0x0000000780900000, 0x00000007c0000000, 0x00000007c0000000)
  eden space 989184K, 100% used [0x0000000780900000,0x00000007bcf00000,0x00000007bcf00000)
  from space 23552K, 81% used [0x00000007be900000,0x00000007bfbbc098,0x00000007c0000000)
  to   space 25088K, 0% used [0x00000007bcf00000,0x00000007bcf00000,0x00000007be780000)
 ParOldGen       total 96768K, used 21873K [0x0000000701a00000, 0x0000000707880000, 0x0000000780900000)
  object space 96768K, 22% used [0x0000000701a00000,0x0000000702f5c4f0,0x0000000707880000)
 Metaspace       used 13737K, capacity 13904K, committed 14080K, reserved 1060864K
  class space    used 1672K, capacity 1696K, committed 1792K, reserved 1048576K
Event: 15.751 GC heap after
Heap after GC invocations=22 (full 1):
 PSYoungGen      total 1014272K, used 8964K [0x0000000780900000, 0x00000007c0000000, 0x00000007c0000000)
  eden space 989184K, 0% used [0x0000000780900000,0x0000000780900000,0x00000007bcf00000)
  from space 25088K, 35% used [0x00000007bcf00000,0x00000007bd7c10e8,0x00000007be780000)
  to   space 24576K, 0% used [0x00000007be800000,0x00000007be800000,0x00000007c0000000)
 ParOldGen       total 96768K, used 26156K [0x0000000701a00000, 0x0000000707880000, 0x0000000780900000)
  object space 96768K, 27% used [0x0000000701a00000,0x000000070338b270,0x0000000707880000)
 Metaspace       used 13737K, capacity 13904K, committed 14080K, reserved 1060864K
  class space    used 1672K, capacity 1696K, committed 1792K, reserved 1048576K
}

Deoptimization events (10 events):
Event: 6.092 Thread 0x00000000534d2000 Uncommon trap: reason=unloaded action=reinterpret pc=0x00000000026e6298 method=java.nio.Buffer.nextGetIndex(I)I @ 13
Event: 8.303 Thread 0x000000001cad4000 Uncommon trap: reason=unreached action=reinterpret pc=0x000000000298fa54 method=javax.swing.UIDefaults.get(Ljava/lang/Object;Ljava/util/Locale;)Ljava/lang/Object; @ 7
Event: 8.377 Thread 0x000000001cad4000 Uncommon trap: reason=speculate_class_check action=maybe_recompile pc=0x00000000029ba0f8 method=java.awt.Component.invalidateIfValid()V @ 8
Event: 8.435 Thread 0x000000001cad4000 Uncommon trap: reason=unreached action=reinterpret pc=0x00000000029ba130 method=java.awt.Component.notifyNewBounds(ZZ)V @ 4
Event: 15.069 Thread 0x000000001cad4000 Uncommon trap: reason=class_check action=maybe_recompile pc=0x0000000002b0e3ac method=javax.swing.JComponent.adjustPaintFlags()V @ 85
Event: 15.069 Thread 0x000000001cad4000 Uncommon trap: reason=speculate_class_check action=maybe_recompile pc=0x0000000002ac2c70 method=javax.swing.JComponent.rectangleIsObscured(IIII)Z @ 97
Event: 15.070 Thread 0x000000001cad4000 Uncommon trap: reason=unreached action=reinterpret pc=0x0000000002b0f048 method=javax.swing.JComponent.getComponentGraphics(Ljava/awt/Graphics;)Ljava/awt/Graphics; @ 6
Event: 15.071 Thread 0x000000001cad4000 Uncommon trap: reason=speculate_class_check action=maybe_recompile pc=0x0000000002ac2c70 method=javax.swing.JComponent.rectangleIsObscured(IIII)Z @ 97
Event: 15.071 Thread 0x000000001cad4000 Uncommon trap: reason=speculate_class_check action=maybe_recompile pc=0x0000000002ac2c70 method=javax.swing.JComponent.rectangleIsObscured(IIII)Z @ 97
Event: 15.904 Thread 0x000000001cc2b800 Uncommon trap: reason=range_check action=make_not_entrant pc=0x0000000002bbd388 method=java.awt.image.PackedColorModel.DecomposeMask(IILjava/lang/String;)V @ 8

Internal exceptions (10 events):
Event: 15.897 Thread 0x00000000534d0800 Exception <a 'java/io/IOException'> (0x0000000794377338) thrown at [D:\re\workspace\8-2-build-windows-amd64-cygwin\jdk8u25\1677\hotspot\src\share\vm\prims\jni.cpp, line 716]
Event: 15.897 Thread 0x00000000534d0800 Exception <a 'java/io/IOException'> (0x0000000794377608) thrown at [D:\re\workspace\8-2-build-windows-amd64-cygwin\jdk8u25\1677\hotspot\src\share\vm\prims\jni.cpp, line 716]
Event: 15.897 Thread 0x00000000534d0800 Exception <a 'java/io/IOException'> (0x00000007943778d8) thrown at [D:\re\workspace\8-2-build-windows-amd64-cygwin\jdk8u25\1677\hotspot\src\share\vm\prims\jni.cpp, line 716]
Event: 15.897 Thread 0x00000000534d0800 Exception <a 'java/io/IOException'> (0x0000000794377ba8) thrown at [D:\re\workspace\8-2-build-windows-amd64-cygwin\jdk8u25\1677\hotspot\src\share\vm\prims\jni.cpp, line 716]
Event: 15.897 Thread 0x00000000534d0800 Exception <a 'java/io/IOException'> (0x0000000794377e78) thrown at [D:\re\workspace\8-2-build-windows-amd64-cygwin\jdk8u25\1677\hotspot\src\share\vm\prims\jni.cpp, line 716]
Event: 15.897 Thread 0x00000000534d0800 Exception <a 'java/io/IOException'> (0x0000000794378148) thrown at [D:\re\workspace\8-2-build-windows-amd64-cygwin\jdk8u25\1677\hotspot\src\share\vm\prims\jni.cpp, line 716]
Event: 15.897 Thread 0x00000000534d0800 Exception <a 'java/io/IOException'> (0x0000000794378418) thrown at [D:\re\workspace\8-2-build-windows-amd64-cygwin\jdk8u25\1677\hotspot\src\share\vm\prims\jni.cpp, line 716]
Event: 15.898 Thread 0x00000000534d0800 Exception <a 'java/io/IOException'> (0x00000007943786e8) thrown at [D:\re\workspace\8-2-build-windows-amd64-cygwin\jdk8u25\1677\hotspot\src\share\vm\prims\jni.cpp, line 716]
Event: 15.898 Thread 0x00000000534d0800 Exception <a 'java/io/IOException'> (0x00000007943789b8) thrown at [D:\re\workspace\8-2-build-windows-amd64-cygwin\jdk8u25\1677\hotspot\src\share\vm\prims\jni.cpp, line 716]
Event: 15.898 Thread 0x00000000534d0800 Exception <a 'java/io/IOException'> (0x0000000794378c88) thrown at [D:\re\workspace\8-2-build-windows-amd64-cygwin\jdk8u25\1677\hotspot\src\share\vm\prims\jni.cpp, line 716]

Events (10 events):
Event: 15.071 Thread 0x000000001cad4000 Uncommon trap: trap_request=0xffffff76 fr.pc=0x0000000002ac2c70
Event: 15.071 Thread 0x000000001cad4000 DEOPT PACKING pc=0x0000000002ac2c70 sp=0x000000001df9c6b0
Event: 15.071 Thread 0x000000001cad4000 DEOPT UNPACKING pc=0x000000000254556a sp=0x000000001df9c650 mode 2
Event: 15.240 Executing VM operation: ParallelGCFailedAllocation
Event: 15.244 Executing VM operation: ParallelGCFailedAllocation done
Event: 15.747 Executing VM operation: ParallelGCFailedAllocation
Event: 15.751 Executing VM operation: ParallelGCFailedAllocation done
Event: 15.904 Thread 0x000000001cc2b800 Uncommon trap: trap_request=0xffffffe4 fr.pc=0x0000000002bbd388
Event: 15.904 Thread 0x000000001cc2b800 DEOPT PACKING pc=0x0000000002bbd388 sp=0x0000000039bdf4c0
Event: 15.904 Thread 0x000000001cc2b800 DEOPT UNPACKING pc=0x000000000254556a sp=0x0000000039bdf2f8 mode 2


Dynamic libraries:
0x000000013f870000 - 0x000000013f8a4000 	C:\Program Files\Java\jdk1.8.0_25\bin\javaw.exe
0x00000000771f0000 - 0x0000000077399000 	C:\Windows\SYSTEM32\ntdll.dll
0x0000000076fd0000 - 0x00000000770ef000 	C:\Windows\system32\kernel32.dll
0x000007fefcfc0000 - 0x000007fefd02c000 	C:\Windows\system32\KERNELBASE.dll
0x000007fefe360000 - 0x000007fefe43b000 	C:\Windows\system32\ADVAPI32.dll
0x000007feff190000 - 0x000007feff22f000 	C:\Windows\system32\msvcrt.dll
0x000007fefe440000 - 0x000007fefe45f000 	C:\Windows\SYSTEM32\sechost.dll
0x000007feff060000 - 0x000007feff18d000 	C:\Windows\system32\RPCRT4.dll
0x00000000770f0000 - 0x00000000771ea000 	C:\Windows\system32\USER32.dll
0x000007fefee30000 - 0x000007fefee97000 	C:\Windows\system32\GDI32.dll
0x000007feff050000 - 0x000007feff05e000 	C:\Windows\system32\LPK.dll
0x000007fefecb0000 - 0x000007fefed79000 	C:\Windows\system32\USP10.dll
0x000007fefb9a0000 - 0x000007fefbb94000 	C:\Windows\WinSxS\amd64_microsoft.windows.common-controls_6595b64144ccf1df_6.0.7601.18837_none_fa3b1e3d17594757\COMCTL32.dll
0x000007fefec30000 - 0x000007fefeca1000 	C:\Windows\system32\SHLWAPI.dll
0x000007fefee00000 - 0x000007fefee2e000 	C:\Windows\system32\IMM32.DLL
0x000007fefeea0000 - 0x000007fefefa9000 	C:\Windows\system32\MSCTF.dll
0x000007fefced0000 - 0x000007fefcf01000 	C:\Windows\system32\nvinitx.dll
0x000007fefcec0000 - 0x000007fefcecc000 	C:\Windows\system32\VERSION.dll
0x000007fef7850000 - 0x000007fef7962000 	C:\Windows\system32\NV\igdumd64.dll
0x000007fefe820000 - 0x000007fefe9f7000 	C:\Windows\system32\SETUPAPI.dll
0x000007fefd2e0000 - 0x000007fefd316000 	C:\Windows\system32\CFGMGR32.dll
0x000007fefe4b0000 - 0x000007fefe587000 	C:\Windows\system32\OLEAUT32.dll
0x000007fefe5b0000 - 0x000007fefe7b3000 	C:\Windows\system32\ole32.dll
0x000007fefd2c0000 - 0x000007fefd2da000 	C:\Windows\system32\DEVOBJ.dll
0x000007fef71e0000 - 0x000007fef72f2000 	C:\Windows\system32\NV\igd10umd64.dll
0x0000000065e90000 - 0x0000000065f62000 	C:\Program Files\Java\jdk1.8.0_25\jre\bin\msvcr100.dll
0x0000000058070000 - 0x00000000588ca000 	C:\Program Files\Java\jdk1.8.0_25\jre\bin\server\jvm.dll
0x000007fef7830000 - 0x000007fef7839000 	C:\Windows\system32\WSOCK32.dll
0x000007fefe460000 - 0x000007fefe4ad000 	C:\Windows\system32\WS2_32.dll
0x000007fefd360000 - 0x000007fefd368000 	C:\Windows\system32\NSI.dll
0x000007fefad30000 - 0x000007fefad6b000 	C:\Windows\system32\WINMM.dll
0x00000000773b0000 - 0x00000000773b7000 	C:\Windows\system32\PSAPI.DLL
0x0000000072140000 - 0x000000007214f000 	C:\Program Files\Java\jdk1.8.0_25\jre\bin\verify.dll
0x00000000696a0000 - 0x00000000696c8000 	C:\Program Files\Java\jdk1.8.0_25\jre\bin\java.dll
0x0000000069680000 - 0x0000000069696000 	C:\Program Files\Java\jdk1.8.0_25\jre\bin\zip.dll
0x000007fefd5d0000 - 0x000007fefe359000 	C:\Windows\system32\SHELL32.dll
0x000007fefcfb0000 - 0x000007fefcfbf000 	C:\Windows\system32\profapi.dll
0x000000005b440000 - 0x000000005b5d8000 	C:\Program Files\Java\jdk1.8.0_25\jre\bin\awt.dll
0x000007fefb810000 - 0x000007fefb866000 	C:\Windows\system32\uxtheme.dll
0x000007fefaf00000 - 0x000007fefaf18000 	C:\Windows\system32\dwmapi.dll
0x000007fefcdf0000 - 0x000007fefcdff000 	C:\Windows\system32\CRYPTBASE.dll
0x0000000069630000 - 0x0000000069677000 	C:\Program Files\Java\jdk1.8.0_25\jre\bin\fontmanager.dll
0x0000000069610000 - 0x000000006962a000 	C:\Program Files\Java\jdk1.8.0_25\jre\bin\net.dll
0x000007fefc6f0000 - 0x000007fefc745000 	C:\Windows\system32\mswsock.dll
0x000007fefc6e0000 - 0x000007fefc6e7000 	C:\Windows\System32\wship6.dll
0x00000000695f0000 - 0x0000000069601000 	C:\Program Files\Java\jdk1.8.0_25\jre\bin\nio.dll
0x000007fefc750000 - 0x000007fefc768000 	C:\Windows\system32\CRYPTSP.dll
0x000007fefc450000 - 0x000007fefc497000 	C:\Windows\system32\rsaenh.dll
0x000007fefd330000 - 0x000007fefd34e000 	C:\Windows\system32\USERENV.dll
0x000007fefa850000 - 0x000007fefa877000 	C:\Windows\system32\IPHLPAPI.DLL
0x000007fefa840000 - 0x000007fefa84b000 	C:\Windows\system32\WINNSI.DLL
0x000007fefa650000 - 0x000007fefa668000 	C:\Windows\system32\dhcpcsvc.DLL
0x000007fefa630000 - 0x000007fefa641000 	C:\Windows\system32\dhcpcsvc6.DLL
0x00000000695a0000 - 0x00000000695e1000 	C:\Program Files\Java\jdk1.8.0_25\jre\bin\t2k.dll
0x000007fefea00000 - 0x000007fefea99000 	C:\Windows\system32\CLBCatQ.DLL
0x000007fefa9a0000 - 0x000007fefab01000 	C:\Windows\system32\WindowsCodecs.dll
0x000007fefcd90000 - 0x000007fefcde7000 	C:\Windows\system32\apphelp.dll
0x000007fef5cb0000 - 0x000007fef5ce5000 	C:\Windows\system32\EhStorShell.dll
0x000007fefb520000 - 0x000007fefb64c000 	C:\Windows\system32\PROPSYS.dll
0x000007fef5c30000 - 0x000007fef5cae000 	C:\Windows\System32\cscui.dll
0x000007fef5c10000 - 0x000007fef5c1c000 	C:\Windows\System32\CSCDLL.dll
0x000007fef5c00000 - 0x000007fef5c0f000 	C:\Windows\system32\CSCAPI.dll
0x000007fef5b70000 - 0x000007fef5bf0000 	C:\Windows\system32\ntshrui.dll
0x000007fefca10000 - 0x000007fefca33000 	C:\Windows\system32\srvcli.dll
0x000007fefac20000 - 0x000007fefac2b000 	C:\Windows\system32\slc.dll
0x0000000069560000 - 0x0000000069591000 	C:\Program Files\Java\jdk1.8.0_25\jre\bin\jpeg.dll

VM Arguments:
jvm_args: -Dfile.encoding=Cp1252 
java_command: de.crigges.texturechooser.ui.MpqImageChooser
java_class_path (initial): C:\Users\Crigges-Pc\git\TextureChooser\bin;C:\Users\Crigges-Pc\git\TextureChooser\jgoodies-forms-1.8.0.jar;C:\Users\Crigges-Pc\git\TextureChooser\miglayout15-swing.jar;C:\Users\Crigges-Pc\git\TextureChooser\lib\guava-14.0-rc1.jar;C:\Users\Crigges-Pc\git\TextureChooser\lib\jmpq3.jar
Launcher Type: SUN_STANDARD

Environment Variables:
PATH=C:/Users/Crigges-Pc/Desktop/Desktop/eclipse 8Java//Java_64/bin/server;C:/Users/Crigges-Pc/Desktop/Desktop/eclipse 8Java//Java_64/bin;C:/Users/Crigges-Pc/Desktop/Desktop/eclipse 8Java//Java_64/lib/amd64;C:\ProgramData\Oracle\Java\javapath;C:\Program Files\Haskell\bin;C:\Program Files\Haskell Platform\2014.2.0.0\lib\extralibs\bin;C:\Program Files\Haskell Platform\2014.2.0.0\bin;C:\Windows\system32;C:\Windows;C:\Windows\System32\Wbem;C:\Windows\System32\WindowsPowerShell\v1.0\;C:\Program Files (x86)\Intel\OpenCL SDK\2.0\bin\x86;C:\Program Files (x86)\Intel\OpenCL SDK\2.0\bin\x64;C:\Program Files\Intel\WiFi\bin\;C:\Program Files\Common Files\Intel\WirelessCommon\;C:\Program Files\Haskell Platform\2014.2.0.0\mingw\bin;C:\Program Files (x86)\Git\cmd;C:\Program Files (x86)\NVIDIA Corporation\PhysX\Common;C:\Users\Crigges-Pc\.dnx\bin;C:\Program Files\Microsoft DNX\Dnvm\;C:\Program Files (x86)\Skype\Phone\;C:\Program Files (x86)\GtkSharp\2.12\bin;C:\Users\Crigges-Pc\Desktop\Desktop\eclipse 8Java;
USERNAME=Crigges-Pc
OS=Windows_NT
PROCESSOR_IDENTIFIER=Intel64 Family 6 Model 58 Stepping 9, GenuineIntel



---------------  S Y S T E M  ---------------

OS: Windows 7 , 64 bit Build 7601 Service Pack 1

CPU:total 8 (4 cores per cpu, 2 threads per core) family 6 model 58 stepping 9, cmov, cx8, fxsr, mmx, sse, sse2, sse3, ssse3, sse4.1, sse4.2, popcnt, avx, aes, clmul, erms, ht, tsc, tscinvbit, tscinv

Memory: 4k page, physical 12472856k(6279700k free), swap 12471016k(5040k free)

vm_info: Java HotSpot(TM) 64-Bit Server VM (25.25-b02) for windows-amd64 JRE (1.8.0_25-b18), built on Oct  7 2014 14:25:37 by "java_re" with MS VC++ 10.0 (VS2010)

time: Sat Oct 03 00:16:23 2015
elapsed time: 15 seconds (0d 0h 0m 15s)

