#
# There is insufficient memory for the Java Runtime Environment to continue.
# Native memory allocation (malloc) failed to allocate 406816 bytes for Chunk::new
# Possible reasons:
#   The system is out of physical RAM or swap space
#   In 32 bit mode, the process size limit was hit
# Possible solutions:
#   Reduce memory load on the system
#   Increase physical memory or swap space
#   Check if swap backing store is full
#   Use 64 bit Java on a 64 bit OS
#   Decrease Java heap size (-Xmx/-Xms)
#   Decrease number of Java threads
#   Decrease Java thread stack sizes (-Xss)
#   Set larger code cache with -XX:ReservedCodeCacheSize=
# This output file may be truncated or incomplete.
#
#  Out of Memory Error (allocation.cpp:390), pid=24540, tid=23892
#
# JRE version: Java(TM) SE Runtime Environment (8.0_25-b18) (build 1.8.0_25-b18)
# Java VM: Java HotSpot(TM) 64-Bit Server VM (25.25-b02 mixed mode windows-amd64 compressed oops)
# Failed to write core dump. Minidumps are not enabled by default on client versions of Windows
#

---------------  T H R E A D  ---------------

Current thread (0x000000001ad57800):  JavaThread "C2 CompilerThread0" daemon [_thread_in_native, id=23892, stack(0x000000001c630000,0x000000001c730000)]

Stack: [0x000000001c630000,0x000000001c730000]
Native frames: (J=compiled Java code, j=interpreted, Vv=VM code, C=native code)
V  [jvm.dll+0x31667a]


Current CompileTask:
C2:  10129 2573   !   4       sun.nio.ch.FileChannelImpl::map (777 bytes)


---------------  P R O C E S S  ---------------

Java Threads: ( => current thread )
  0x000000001d121800 JavaThread "TimerQueue" daemon [_thread_blocked, id=14924, stack(0x000000001daf0000,0x000000001dbf0000)]
  0x000000001d39e000 JavaThread "pool-3-thread-2" [_thread_in_native, id=21876, stack(0x000000003bae0000,0x000000003bbe0000)]
  0x000000001d16d000 JavaThread "pool-3-thread-1" [_thread_in_Java, id=10608, stack(0x000000003b930000,0x000000003ba30000)]
  0x000000001d16a000 JavaThread "pool-2-thread-1" [_thread_in_Java, id=8664, stack(0x0000000021150000,0x0000000021250000)]
  0x000000001d135800 JavaThread "D3D Screen Updater" daemon [_thread_blocked, id=20356, stack(0x0000000020c30000,0x0000000020d30000)]
  0x0000000001c1f800 JavaThread "DestroyJavaVM" [_thread_blocked, id=12088, stack(0x0000000002050000,0x0000000002150000)]
  0x000000001d10b000 JavaThread "AWT-EventQueue-0" [_thread_in_Java, id=19164, stack(0x00000000203c0000,0x00000000204c0000)]
  0x000000001cdc3000 JavaThread "AWT-Shutdown" [_thread_blocked, id=21324, stack(0x0000000020740000,0x0000000020840000)]
  0x000000001cc5b000 JavaThread "AWT-Windows" daemon [_thread_in_native, id=1632, stack(0x000000001d740000,0x000000001d840000)]
  0x000000001cc58800 JavaThread "Java2D Disposer" daemon [_thread_blocked, id=26488, stack(0x000000001d4a0000,0x000000001d5a0000)]
  0x0000000019caf800 JavaThread "Service Thread" daemon [_thread_blocked, id=15704, stack(0x000000001c950000,0x000000001ca50000)]
  0x0000000019cad800 JavaThread "C1 CompilerThread3" daemon [_thread_blocked, id=25384, stack(0x000000001c780000,0x000000001c880000)]
  0x000000001ad64000 JavaThread "C2 CompilerThread2" daemon [_thread_in_vm, id=14044, stack(0x000000001c0f0000,0x000000001c1f0000)]
  0x000000001ad5f000 JavaThread "C2 CompilerThread1" daemon [_thread_in_native, id=25856, stack(0x000000001c310000,0x000000001c410000)]
=>0x000000001ad57800 JavaThread "C2 CompilerThread0" daemon [_thread_in_native, id=23892, stack(0x000000001c630000,0x000000001c730000)]
  0x000000001ad54800 JavaThread "Attach Listener" daemon [_thread_blocked, id=19084, stack(0x000000001c420000,0x000000001c520000)]
  0x000000001ad53800 JavaThread "Signal Dispatcher" daemon [_thread_blocked, id=27256, stack(0x000000001bc70000,0x000000001bd70000)]
  0x0000000019c9b800 JavaThread "Finalizer" daemon [_thread_blocked, id=23504, stack(0x000000001c210000,0x000000001c310000)]
  0x0000000019c93800 JavaThread "Reference Handler" daemon [_thread_blocked, id=27380, stack(0x000000001bfa0000,0x000000001c0a0000)]

Other Threads:
  0x0000000001daf800 VMThread [stack: 0x000000001bda0000,0x000000001bea0000] [id=5884]
  0x000000001ade0000 WatcherThread [stack: 0x000000001cb30000,0x000000001cc30000] [id=18860]

VM state:not at safepoint (normal execution)

VM Mutex/Monitor currently owned by a thread: None

Heap:
 PSYoungGen      total 635392K, used 213872K [0x0000000780900000, 0x00000007bef00000, 0x00000007c0000000)
  eden space 624640K, 33% used [0x0000000780900000,0x000000078d864348,0x00000007a6b00000)
  from space 10752K, 13% used [0x00000007a6b00000,0x00000007a6c78030,0x00000007a7580000)
  to   space 11264K, 0% used [0x00000007be400000,0x00000007be400000,0x00000007bef00000)
 ParOldGen       total 131072K, used 6985K [0x0000000701a00000, 0x0000000709a00000, 0x0000000780900000)
  object space 131072K, 5% used [0x0000000701a00000,0x00000007020d2468,0x0000000709a00000)
 Metaspace       used 15592K, capacity 15820K, committed 16128K, reserved 1062912K
  class space    used 1884K, capacity 1924K, committed 2048K, reserved 1048576K

Card table byte_map: [0x00000000117e0000,0x0000000011de0000] byte_map_base: 0x000000000dfd3000

Marking Bits: (ParMarkBitMap*) 0x000000006a08d490
 Begin Bits: [0x0000000012d80000, 0x0000000015d18000)
 End Bits:   [0x0000000015d18000, 0x0000000018cb0000)

Polling page: 0x0000000000310000

CodeCache: size=245760Kb used=8502Kb max_used=8515Kb free=237257Kb
 bounds [0x0000000002420000, 0x0000000002c80000, 0x0000000011420000]
 total_blobs=3118 nmethods=2569 adapters=461
 compilation: enabled

Compilation events (10 events):
Event: 10.089 Thread 0x0000000019cad800 nmethod 2571 0x0000000002c64b10 code [0x0000000002c64ca0, 0x0000000002c65148]
Event: 10.098 Thread 0x000000001ad5f000 2572   !   4       sun.nio.ch.FileChannelImpl::size (239 bytes)
Event: 10.098 Thread 0x000000001ad57800 2573   !   4       sun.nio.ch.FileChannelImpl::map (777 bytes)
Event: 10.102 Thread 0x0000000019cad800 2574       3       sun.java2d.SunGraphics2D::getClip (9 bytes)
Event: 10.103 Thread 0x0000000019cad800 nmethod 2574 0x0000000002c64710 code [0x0000000002c64880, 0x0000000002c64a88]
Event: 10.103 Thread 0x0000000019cad800 2575   !   3       sun.java2d.SunGraphics2D::untransformShape (44 bytes)
Event: 10.104 Thread 0x0000000019cad800 nmethod 2575 0x0000000002c64150 code [0x0000000002c642e0, 0x0000000002c645c8]
Event: 10.112 Thread 0x0000000019cad800 2576       3       java.awt.event.InputEvent::consume (6 bytes)
Event: 10.113 Thread 0x0000000019cad800 nmethod 2576 0x0000000002c3f210 code [0x0000000002c3f360, 0x0000000002c3f4b0]
Event: 10.113 Thread 0x000000001ad64000 2577   !   4       de.peeeq.jmpq3.BlockTable::getBlockAtPos (56 bytes)

GC Heap History (10 events):
Event: 6.168 GC heap before
{Heap before GC invocations=7 (full 0):
 PSYoungGen      total 203776K, used 203769K [0x0000000780900000, 0x000000078dd00000, 0x00000007c0000000)
  eden space 195072K, 100% used [0x0000000780900000,0x000000078c780000,0x000000078c780000)
  from space 8704K, 99% used [0x000000078d180000,0x000000078d9fe7c0,0x000000078da00000)
  to   space 10240K, 0% used [0x000000078c780000,0x000000078c780000,0x000000078d180000)
 ParOldGen       total 131072K, used 1157K [0x0000000701a00000, 0x0000000709a00000, 0x0000000780900000)
  object space 131072K, 0% used [0x0000000701a00000,0x0000000701b216d0,0x0000000709a00000)
 Metaspace       used 15034K, capacity 15236K, committed 15616K, reserved 1062912K
  class space    used 1870K, capacity 1924K, committed 2048K, reserved 1048576K
Event: 6.191 GC heap after
Heap after GC invocations=7 (full 0):
 PSYoungGen      total 205312K, used 4423K [0x0000000780900000, 0x0000000799b00000, 0x00000007c0000000)
  eden space 195072K, 0% used [0x0000000780900000,0x0000000780900000,0x000000078c780000)
  from space 10240K, 43% used [0x000000078c780000,0x000000078cbd1e00,0x000000078d180000)
  to   space 10752K, 0% used [0x0000000799080000,0x0000000799080000,0x0000000799b00000)
 ParOldGen       total 131072K, used 5352K [0x0000000701a00000, 0x0000000709a00000, 0x0000000780900000)
  object space 131072K, 4% used [0x0000000701a00000,0x0000000701f3a228,0x0000000709a00000)
 Metaspace       used 15034K, capacity 15236K, committed 15616K, reserved 1062912K
  class space    used 1870K, capacity 1924K, committed 2048K, reserved 1048576K
}
Event: 6.587 GC heap before
{Heap before GC invocations=8 (full 0):
 PSYoungGen      total 205312K, used 199495K [0x0000000780900000, 0x0000000799b00000, 0x00000007c0000000)
  eden space 195072K, 100% used [0x0000000780900000,0x000000078c780000,0x000000078c780000)
  from space 10240K, 43% used [0x000000078c780000,0x000000078cbd1e00,0x000000078d180000)
  to   space 10752K, 0% used [0x0000000799080000,0x0000000799080000,0x0000000799b00000)
 ParOldGen       total 131072K, used 5352K [0x0000000701a00000, 0x0000000709a00000, 0x0000000780900000)
  object space 131072K, 4% used [0x0000000701a00000,0x0000000701f3a228,0x0000000709a00000)
 Metaspace       used 15133K, capacity 15364K, committed 15616K, reserved 1062912K
  class space    used 1877K, capacity 1924K, committed 2048K, reserved 1048576K
Event: 6.590 GC heap after
Heap after GC invocations=8 (full 0):
 PSYoungGen      total 399872K, used 5204K [0x0000000780900000, 0x0000000799a00000, 0x00000007c0000000)
  eden space 390144K, 0% used [0x0000000780900000,0x0000000780900000,0x0000000798600000)
  from space 9728K, 53% used [0x0000000799080000,0x00000007995952b0,0x0000000799a00000)
  to   space 10240K, 0% used [0x0000000798600000,0x0000000798600000,0x0000000799000000)
 ParOldGen       total 131072K, used 5912K [0x0000000701a00000, 0x0000000709a00000, 0x0000000780900000)
  object space 131072K, 4% used [0x0000000701a00000,0x0000000701fc63f8,0x0000000709a00000)
 Metaspace       used 15133K, capacity 15364K, committed 15616K, reserved 1062912K
  class space    used 1877K, capacity 1924K, committed 2048K, reserved 1048576K
}
Event: 8.213 GC heap before
{Heap before GC invocations=9 (full 0):
 PSYoungGen      total 399872K, used 395348K [0x0000000780900000, 0x0000000799a00000, 0x00000007c0000000)
  eden space 390144K, 100% used [0x0000000780900000,0x0000000798600000,0x0000000798600000)
  from space 9728K, 53% used [0x0000000799080000,0x00000007995952b0,0x0000000799a00000)
  to   space 10240K, 0% used [0x0000000798600000,0x0000000798600000,0x0000000799000000)
 ParOldGen       total 131072K, used 5913K [0x0000000701a00000, 0x0000000709a00000, 0x0000000780900000)
  object space 131072K, 4% used [0x0000000701a00000,0x0000000701fc6460,0x0000000709a00000)
 Metaspace       used 15372K, capacity 15564K, committed 15872K, reserved 1062912K
  class space    used 1883K, capacity 1924K, committed 2048K, reserved 1048576K
Event: 8.219 GC heap after
Heap after GC invocations=9 (full 0):
 PSYoungGen      total 400384K, used 1632K [0x0000000780900000, 0x00000007a8100000, 0x00000007c0000000)
  eden space 390144K, 0% used [0x0000000780900000,0x0000000780900000,0x0000000798600000)
  from space 10240K, 15% used [0x0000000798600000,0x00000007987982a0,0x0000000799000000)
  to   space 11264K, 0% used [0x00000007a7600000,0x00000007a7600000,0x00000007a8100000)
 ParOldGen       total 131072K, used 6401K [0x0000000701a00000, 0x0000000709a00000, 0x0000000780900000)
  object space 131072K, 4% used [0x0000000701a00000,0x00000007020405c0,0x0000000709a00000)
 Metaspace       used 15372K, capacity 15564K, committed 15872K, reserved 1062912K
  class space    used 1883K, capacity 1924K, committed 2048K, reserved 1048576K
}
Event: 8.753 GC heap before
{Heap before GC invocations=10 (full 0):
 PSYoungGen      total 400384K, used 391776K [0x0000000780900000, 0x00000007a8100000, 0x00000007c0000000)
  eden space 390144K, 100% used [0x0000000780900000,0x0000000798600000,0x0000000798600000)
  from space 10240K, 15% used [0x0000000798600000,0x00000007987982a0,0x0000000799000000)
  to   space 11264K, 0% used [0x00000007a7600000,0x00000007a7600000,0x00000007a8100000)
 ParOldGen       total 131072K, used 6403K [0x0000000701a00000, 0x0000000709a00000, 0x0000000780900000)
  object space 131072K, 4% used [0x0000000701a00000,0x0000000702040d08,0x0000000709a00000)
 Metaspace       used 15425K, capacity 15628K, committed 15872K, reserved 1062912K
  class space    used 1883K, capacity 1924K, committed 2048K, reserved 1048576K
Event: 8.759 GC heap after
Heap after GC invocations=10 (full 0):
 PSYoungGen      total 634880K, used 6800K [0x0000000780900000, 0x00000007a8000000, 0x00000007c0000000)
  eden space 624640K, 0% used [0x0000000780900000,0x0000000780900000,0x00000007a6b00000)
  from space 10240K, 66% used [0x00000007a7600000,0x00000007a7ca4260,0x00000007a8000000)
  to   space 10752K, 0% used [0x00000007a6b00000,0x00000007a6b00000,0x00000007a7580000)
 ParOldGen       total 131072K, used 6452K [0x0000000701a00000, 0x0000000709a00000, 0x0000000780900000)
  object space 131072K, 4% used [0x0000000701a00000,0x000000070204d0b0,0x0000000709a00000)
 Metaspace       used 15425K, capacity 15628K, committed 15872K, reserved 1062912K
  class space    used 1883K, capacity 1924K, committed 2048K, reserved 1048576K
}
Event: 9.750 GC heap before
{Heap before GC invocations=11 (full 0):
 PSYoungGen      total 634880K, used 631440K [0x0000000780900000, 0x00000007a8000000, 0x00000007c0000000)
  eden space 624640K, 100% used [0x0000000780900000,0x00000007a6b00000,0x00000007a6b00000)
  from space 10240K, 66% used [0x00000007a7600000,0x00000007a7ca4260,0x00000007a8000000)
  to   space 10752K, 0% used [0x00000007a6b00000,0x00000007a6b00000,0x00000007a7580000)
 ParOldGen       total 131072K, used 6452K [0x0000000701a00000, 0x0000000709a00000, 0x0000000780900000)
  object space 131072K, 4% used [0x0000000701a00000,0x000000070204d0b0,0x0000000709a00000)
 Metaspace       used 15551K, capacity 15756K, committed 16128K, reserved 1062912K
  class space    used 1884K, capacity 1924K, committed 2048K, reserved 1048576K
Event: 9.758 GC heap after
Heap after GC invocations=11 (full 0):
 PSYoungGen      total 635392K, used 1504K [0x0000000780900000, 0x00000007bef00000, 0x00000007c0000000)
  eden space 624640K, 0% used [0x0000000780900000,0x0000000780900000,0x00000007a6b00000)
  from space 10752K, 13% used [0x00000007a6b00000,0x00000007a6c78030,0x00000007a7580000)
  to   space 11264K, 0% used [0x00000007be400000,0x00000007be400000,0x00000007bef00000)
 ParOldGen       total 131072K, used 6985K [0x0000000701a00000, 0x0000000709a00000, 0x0000000780900000)
  object space 131072K, 5% used [0x0000000701a00000,0x00000007020d2468,0x0000000709a00000)
 Metaspace       used 15551K, capacity 15756K, committed 16128K, reserved 1062912K
  class space    used 1884K, capacity 1924K, committed 2048K, reserved 1048576K
}

Deoptimization events (10 events):
Event: 3.349 Thread 0x000000001d16d000 Uncommon trap: reason=class_check action=maybe_recompile pc=0x0000000002701728 method=java.io.BufferedInputStream.read1([BII)I @ 39
Event: 3.371 Thread 0x000000001d39e000 Uncommon trap: reason=class_check action=maybe_recompile pc=0x0000000002701728 method=java.io.BufferedInputStream.read1([BII)I @ 39
Event: 3.419 Thread 0x000000001d16d000 Uncommon trap: reason=unloaded action=reinterpret pc=0x00000000026048d8 method=java.nio.Buffer.nextGetIndex(I)I @ 13
Event: 5.195 Thread 0x000000001d10b000 Uncommon trap: reason=unreached action=reinterpret pc=0x0000000002866918 method=java.awt.Component.getBackground()Ljava/awt/Color; @ 6
Event: 7.515 Thread 0x000000001d10b000 Uncommon trap: reason=unreached action=reinterpret pc=0x0000000002a33d80 method=javax.swing.UIDefaults.get(Ljava/lang/Object;Ljava/util/Locale;)Ljava/lang/Object; @ 7
Event: 7.515 Thread 0x000000001d10b000 Uncommon trap: reason=unreached action=reinterpret pc=0x000000000294705c method=java.awt.Component.notifyNewBounds(ZZ)V @ 4
Event: 7.547 Thread 0x000000001d10b000 Uncommon trap: reason=unreached action=reinterpret pc=0x0000000002a05444 method=javax.swing.UIDefaults.get(Ljava/lang/Object;Ljava/util/Locale;)Ljava/lang/Object; @ 7
Event: 7.547 Thread 0x000000001d10b000 Uncommon trap: reason=unreached action=reinterpret pc=0x0000000002940c3c method=java.awt.Component.notifyNewBounds(ZZ)V @ 4
Event: 7.568 Thread 0x000000001d10b000 Uncommon trap: reason=unreached action=reinterpret pc=0x000000000291ea14 method=javax.swing.UIDefaults.get(Ljava/lang/Object;Ljava/util/Locale;)Ljava/lang/Object; @ 7
Event: 7.568 Thread 0x000000001d10b000 Uncommon trap: reason=unreached action=reinterpret pc=0x000000000291c14c method=java.awt.Component.notifyNewBounds(ZZ)V @ 4

Internal exceptions (10 events):
Event: 10.124 Thread 0x000000001d16a000 Exception <a 'java/io/IOException'> (0x000000078c04e3d8) thrown at [D:\re\workspace\8-2-build-windows-amd64-cygwin\jdk8u25\1677\hotspot\src\share\vm\prims\jni.cpp, line 716]
Event: 10.124 Thread 0x000000001d16a000 Exception <a 'java/io/IOException'> (0x000000078c04e6e8) thrown at [D:\re\workspace\8-2-build-windows-amd64-cygwin\jdk8u25\1677\hotspot\src\share\vm\prims\jni.cpp, line 716]
Event: 10.124 Thread 0x000000001d16a000 Exception <a 'java/io/IOException'> (0x000000078c04e9f8) thrown at [D:\re\workspace\8-2-build-windows-amd64-cygwin\jdk8u25\1677\hotspot\src\share\vm\prims\jni.cpp, line 716]
Event: 10.125 Thread 0x000000001d16a000 Exception <a 'java/io/IOException'> (0x000000078c04ed08) thrown at [D:\re\workspace\8-2-build-windows-amd64-cygwin\jdk8u25\1677\hotspot\src\share\vm\prims\jni.cpp, line 716]
Event: 10.125 Thread 0x000000001d16a000 Exception <a 'java/io/IOException'> (0x000000078c04f018) thrown at [D:\re\workspace\8-2-build-windows-amd64-cygwin\jdk8u25\1677\hotspot\src\share\vm\prims\jni.cpp, line 716]
Event: 10.125 Thread 0x000000001d16a000 Exception <a 'java/io/IOException'> (0x000000078c04f328) thrown at [D:\re\workspace\8-2-build-windows-amd64-cygwin\jdk8u25\1677\hotspot\src\share\vm\prims\jni.cpp, line 716]
Event: 10.125 Thread 0x000000001d16a000 Exception <a 'java/io/IOException'> (0x000000078c04f638) thrown at [D:\re\workspace\8-2-build-windows-amd64-cygwin\jdk8u25\1677\hotspot\src\share\vm\prims\jni.cpp, line 716]
Event: 10.125 Thread 0x000000001d16a000 Exception <a 'java/io/IOException'> (0x000000078c04f948) thrown at [D:\re\workspace\8-2-build-windows-amd64-cygwin\jdk8u25\1677\hotspot\src\share\vm\prims\jni.cpp, line 716]
Event: 10.125 Thread 0x000000001d16a000 Exception <a 'java/io/IOException'> (0x000000078c04fc58) thrown at [D:\re\workspace\8-2-build-windows-amd64-cygwin\jdk8u25\1677\hotspot\src\share\vm\prims\jni.cpp, line 716]
Event: 10.125 Thread 0x000000001d16a000 Exception <a 'java/io/IOException'> (0x000000078c04ff68) thrown at [D:\re\workspace\8-2-build-windows-amd64-cygwin\jdk8u25\1677\hotspot\src\share\vm\prims\jni.cpp, line 716]

Events (10 events):
Event: 8.212 Executing VM operation: ParallelGCFailedAllocation
Event: 8.213 Executing VM operation: ParallelGCFailedAllocation done
Event: 8.213 Executing VM operation: ParallelGCSystemGC
Event: 8.220 Executing VM operation: ParallelGCSystemGC done
Event: 8.753 Executing VM operation: ParallelGCFailedAllocation
Event: 8.759 Executing VM operation: ParallelGCFailedAllocation done
Event: 9.567 Thread 0x000000001d10b000 DEOPT PACKING pc=0x0000000002bc29f4 sp=0x00000000204bc5c0
Event: 9.567 Thread 0x000000001d10b000 DEOPT UNPACKING pc=0x00000000024675bf sp=0x00000000204bc2d8 mode 0
Event: 9.750 Executing VM operation: ParallelGCFailedAllocation
Event: 9.758 Executing VM operation: ParallelGCFailedAllocation done


Dynamic libraries:
0x000000013f890000 - 0x000000013f8c4000 	C:\Program Files\Java\jdk1.8.0_25\bin\javaw.exe
0x00000000771f0000 - 0x0000000077399000 	C:\Windows\SYSTEM32\ntdll.dll
0x0000000076fd0000 - 0x00000000770ef000 	C:\Windows\system32\kernel32.dll
0x000007fefcfc0000 - 0x000007fefd02c000 	C:\Windows\system32\KERNELBASE.dll
0x000007fefe360000 - 0x000007fefe43b000 	C:\Windows\system32\ADVAPI32.dll
0x000007feff190000 - 0x000007feff22f000 	C:\Windows\system32\msvcrt.dll
0x000007fefe440000 - 0x000007fefe45f000 	C:\Windows\SYSTEM32\sechost.dll
0x000007feff060000 - 0x000007feff18d000 	C:\Windows\system32\RPCRT4.dll
0x00000000770f0000 - 0x00000000771ea000 	C:\Windows\system32\USER32.dll
0x000007fefee30000 - 0x000007fefee97000 	C:\Windows\system32\GDI32.dll
0x000007feff050000 - 0x000007feff05e000 	C:\Windows\system32\LPK.dll
0x000007fefecb0000 - 0x000007fefed79000 	C:\Windows\system32\USP10.dll
0x000007fefb9a0000 - 0x000007fefbb94000 	C:\Windows\WinSxS\amd64_microsoft.windows.common-controls_6595b64144ccf1df_6.0.7601.18837_none_fa3b1e3d17594757\COMCTL32.dll
0x000007fefec30000 - 0x000007fefeca1000 	C:\Windows\system32\SHLWAPI.dll
0x000007fefee00000 - 0x000007fefee2e000 	C:\Windows\system32\IMM32.DLL
0x000007fefeea0000 - 0x000007fefefa9000 	C:\Windows\system32\MSCTF.dll
0x000007fefced0000 - 0x000007fefcf01000 	C:\Windows\system32\nvinitx.dll
0x000007fefcec0000 - 0x000007fefcecc000 	C:\Windows\system32\VERSION.dll
0x000007fef7850000 - 0x000007fef7962000 	C:\Windows\system32\NV\igdumd64.dll
0x000007fefe820000 - 0x000007fefe9f7000 	C:\Windows\system32\SETUPAPI.dll
0x000007fefd2e0000 - 0x000007fefd316000 	C:\Windows\system32\CFGMGR32.dll
0x000007fefe4b0000 - 0x000007fefe587000 	C:\Windows\system32\OLEAUT32.dll
0x000007fefe5b0000 - 0x000007fefe7b3000 	C:\Windows\system32\ole32.dll
0x000007fefd2c0000 - 0x000007fefd2da000 	C:\Windows\system32\DEVOBJ.dll
0x000007fef71e0000 - 0x000007fef72f2000 	C:\Windows\system32\NV\igd10umd64.dll
0x000000006aef0000 - 0x000000006afc2000 	C:\Program Files\Java\jdk1.8.0_25\jre\bin\msvcr100.dll
0x00000000698b0000 - 0x000000006a10a000 	C:\Program Files\Java\jdk1.8.0_25\jre\bin\server\jvm.dll
0x000007fef7830000 - 0x000007fef7839000 	C:\Windows\system32\WSOCK32.dll
0x000007fefe460000 - 0x000007fefe4ad000 	C:\Windows\system32\WS2_32.dll
0x000007fefd360000 - 0x000007fefd368000 	C:\Windows\system32\NSI.dll
0x000007fefad30000 - 0x000007fefad6b000 	C:\Windows\system32\WINMM.dll
0x00000000773b0000 - 0x00000000773b7000 	C:\Windows\system32\PSAPI.DLL
0x00000000731a0000 - 0x00000000731af000 	C:\Program Files\Java\jdk1.8.0_25\jre\bin\verify.dll
0x000000006d9b0000 - 0x000000006d9d8000 	C:\Program Files\Java\jdk1.8.0_25\jre\bin\java.dll
0x0000000072470000 - 0x0000000072486000 	C:\Program Files\Java\jdk1.8.0_25\jre\bin\zip.dll
0x000007fefd5d0000 - 0x000007fefe359000 	C:\Windows\system32\SHELL32.dll
0x000007fefcfb0000 - 0x000007fefcfbf000 	C:\Windows\system32\profapi.dll
0x0000000069570000 - 0x0000000069708000 	C:\Program Files\Java\jdk1.8.0_25\jre\bin\awt.dll
0x000007fefb810000 - 0x000007fefb866000 	C:\Windows\system32\uxtheme.dll
0x000007fefaf00000 - 0x000007fefaf18000 	C:\Windows\system32\dwmapi.dll
0x000007fefcdf0000 - 0x000007fefcdff000 	C:\Windows\system32\CRYPTBASE.dll
0x000007fee5cf0000 - 0x000007fee5eef000 	C:\Windows\system32\d3d9.dll
0x000007fefa8d0000 - 0x000007fefa8d7000 	C:\Windows\system32\d3d8thk.dll
0x0000000180000000 - 0x00000001807ca000 	C:\Windows\system32\igdumd64.dll
0x000000006b060000 - 0x000000006b0a7000 	C:\Program Files\Java\jdk1.8.0_25\jre\bin\fontmanager.dll
0x0000000071c90000 - 0x0000000071caa000 	C:\Program Files\Java\jdk1.8.0_25\jre\bin\net.dll
0x000007fefc6f0000 - 0x000007fefc745000 	C:\Windows\system32\mswsock.dll
0x000007fefc6e0000 - 0x000007fefc6e7000 	C:\Windows\System32\wship6.dll
0x0000000071c70000 - 0x0000000071c81000 	C:\Program Files\Java\jdk1.8.0_25\jre\bin\nio.dll
0x000000006b020000 - 0x000000006b051000 	C:\Program Files\Java\jdk1.8.0_25\jre\bin\jpeg.dll
0x000007fef9780000 - 0x000007fef9820000 	C:\Windows\WinSxS\amd64_microsoft.windows.common-controls_6595b64144ccf1df_5.82.7601.18837_none_a4d981ff711297b6\comctl32.dll
0x000000006afd0000 - 0x000000006b011000 	C:\Program Files\Java\jdk1.8.0_25\jre\bin\t2k.dll
0x000007fefc750000 - 0x000007fefc768000 	C:\Windows\system32\CRYPTSP.dll
0x000007fefc450000 - 0x000007fefc497000 	C:\Windows\system32\rsaenh.dll
0x000007fefd330000 - 0x000007fefd34e000 	C:\Windows\system32\USERENV.dll
0x000007fefa850000 - 0x000007fefa877000 	C:\Windows\system32\IPHLPAPI.DLL
0x000007fefa840000 - 0x000007fefa84b000 	C:\Windows\system32\WINNSI.DLL
0x000007fefa650000 - 0x000007fefa668000 	C:\Windows\system32\dhcpcsvc.DLL
0x000007fefa630000 - 0x000007fefa641000 	C:\Windows\system32\dhcpcsvc6.DLL
0x000007fefea00000 - 0x000007fefea99000 	C:\Windows\system32\CLBCatQ.DLL
0x000007fefa9a0000 - 0x000007fefab01000 	C:\Windows\system32\WindowsCodecs.dll
0x000007fefcd90000 - 0x000007fefcde7000 	C:\Windows\system32\apphelp.dll
0x000007fef09a0000 - 0x000007fef09db000 	C:\Users\Crigges-Pc\AppData\Roaming\Dropbox\bin\DropboxExt64.27.dll
0x000007fef5cb0000 - 0x000007fef5ce5000 	C:\Windows\system32\EhStorShell.dll
0x000007fefb520000 - 0x000007fefb64c000 	C:\Windows\system32\PROPSYS.dll
0x000007fef5c30000 - 0x000007fef5cae000 	C:\Windows\System32\cscui.dll
0x000007fef5c10000 - 0x000007fef5c1c000 	C:\Windows\System32\CSCDLL.dll
0x000007fef5c00000 - 0x000007fef5c0f000 	C:\Windows\system32\CSCAPI.dll
0x000007fef5b70000 - 0x000007fef5bf0000 	C:\Windows\system32\ntshrui.dll
0x000007fefca10000 - 0x000007fefca33000 	C:\Windows\system32\srvcli.dll
0x000007fefac20000 - 0x000007fefac2b000 	C:\Windows\system32\slc.dll

VM Arguments:
jvm_args: -XX:-DoEscapeAnalysis -Dfile.encoding=Cp1252 
java_command: de.crigges.texturechooser.ui.TextureChooser
java_class_path (initial): C:\Users\Crigges-Pc\git\TextureChooser\bin;C:\Users\Crigges-Pc\git\TextureChooser\jgoodies-forms-1.8.0.jar;C:\Users\Crigges-Pc\git\TextureChooser\miglayout15-swing.jar;C:\Users\Crigges-Pc\git\TextureChooser\lib\guava-14.0-rc1.jar;C:\Users\Crigges-Pc\git\TextureChooser\lib\jmpq3.jar
Launcher Type: SUN_STANDARD

Environment Variables:
PATH=C:/Users/Crigges-Pc/Desktop/Desktop/eclipse 8Java//Java_64/bin/server;C:/Users/Crigges-Pc/Desktop/Desktop/eclipse 8Java//Java_64/bin;C:/Users/Crigges-Pc/Desktop/Desktop/eclipse 8Java//Java_64/lib/amd64;C:\ProgramData\Oracle\Java\javapath;C:\Program Files\Haskell\bin;C:\Program Files\Haskell Platform\2014.2.0.0\lib\extralibs\bin;C:\Program Files\Haskell Platform\2014.2.0.0\bin;C:\Windows\system32;C:\Windows;C:\Windows\System32\Wbem;C:\Windows\System32\WindowsPowerShell\v1.0\;C:\Program Files (x86)\Intel\OpenCL SDK\2.0\bin\x86;C:\Program Files (x86)\Intel\OpenCL SDK\2.0\bin\x64;C:\Program Files\Intel\WiFi\bin\;C:\Program Files\Common Files\Intel\WirelessCommon\;C:\Program Files\Haskell Platform\2014.2.0.0\mingw\bin;C:\Program Files (x86)\Git\cmd;C:\Program Files (x86)\NVIDIA Corporation\PhysX\Common;C:\Windows\system32\config\systemprofile\.dnx\bin;C:\Program Files\Microsoft DNX\Dnvm\;C:\Program Files (x86)\Skype\Phone\;C:\Program Files (x86)\GtkSharp\2.12\bin;C:\Users\Crigges-Pc\Desktop\Desktop\eclipse 8Java;
USERNAME=Crigges-Pc
OS=Windows_NT
PROCESSOR_IDENTIFIER=Intel64 Family 6 Model 58 Stepping 9, GenuineIntel



---------------  S Y S T E M  ---------------

OS: Windows 7 , 64 bit Build 7601 Service Pack 1

CPU:total 8 (4 cores per cpu, 2 threads per core) family 6 model 58 stepping 9, cmov, cx8, fxsr, mmx, sse, sse2, sse3, ssse3, sse4.1, sse4.2, popcnt, avx, aes, clmul, erms, ht, tsc, tscinvbit, tscinv

Memory: 4k page, physical 12472856k(3868464k free), swap 12471016k(5668k free)

vm_info: Java HotSpot(TM) 64-Bit Server VM (25.25-b02) for windows-amd64 JRE (1.8.0_25-b18), built on Oct  7 2014 14:25:37 by "java_re" with MS VC++ 10.0 (VS2010)

time: Fri Oct 02 15:57:16 2015
elapsed time: 10 seconds (0d 0h 0m 10s)

