#
# There is insufficient memory for the Java Runtime Environment to continue.
# Native memory allocation (malloc) failed to allocate 65552 bytes for Chunk::new
# Possible reasons:
#   The system is out of physical RAM or swap space
#   In 32 bit mode, the process size limit was hit
# Possible solutions:
#   Reduce memory load on the system
#   Increase physical memory or swap space
#   Check if swap backing store is full
#   Use 64 bit Java on a 64 bit OS
#   Decrease Java heap size (-Xmx/-Xms)
#   Decrease number of Java threads
#   Decrease Java thread stack sizes (-Xss)
#   Set larger code cache with -XX:ReservedCodeCacheSize=
# This output file may be truncated or incomplete.
#
#  Out of Memory Error (allocation.cpp:390), pid=12308, tid=17580
#
# JRE version: Java(TM) SE Runtime Environment (8.0_25-b18) (build 1.8.0_25-b18)
# Java VM: Java HotSpot(TM) 64-Bit Server VM (25.25-b02 mixed mode windows-amd64 compressed oops)
# Failed to write core dump. Minidumps are not enabled by default on client versions of Windows
#

---------------  T H R E A D  ---------------

Current thread (0x000000001aabc800):  JavaThread "C2 CompilerThread1" daemon [_thread_in_native, id=17580, stack(0x000000001c410000,0x000000001c510000)]

Stack: [0x000000001c410000,0x000000001c510000]
Native frames: (J=compiled Java code, j=interpreted, Vv=VM code, C=native code)
V  [jvm.dll+0x31667a]


Current CompileTask:
C2:  16626 2278   !   4       de.crigges.texturechooser.ui.ImageListMpqModel$2::run (86 bytes)


---------------  P R O C E S S  ---------------

Java Threads: ( => current thread )
  0x00000000558b9800 JavaThread "TimerQueue" daemon [_thread_blocked, id=2880, stack(0x000000003bd40000,0x000000003be40000)]
  0x0000000055ae5000 JavaThread "pool-2-thread-1" [_thread_blocked, id=27556, stack(0x00000000213f0000,0x00000000214f0000)]
  0x000000001d467000 JavaThread "D3D Screen Updater" daemon [_thread_blocked, id=24980, stack(0x000000001ded0000,0x000000001dfd0000)]
  0x0000000001d1f800 JavaThread "DestroyJavaVM" [_thread_blocked, id=24436, stack(0x00000000020d0000,0x00000000021d0000)]
  0x000000001d41e800 JavaThread "AWT-EventQueue-0" [_thread_blocked, id=15056, stack(0x000000001db10000,0x000000001dc10000)]
  0x000000001d345000 JavaThread "AWT-Shutdown" [_thread_blocked, id=15700, stack(0x000000001d4f0000,0x000000001d5f0000)]
  0x000000001adcf000 JavaThread "AWT-Windows" daemon [_thread_in_native, id=26744, stack(0x000000001d700000,0x000000001d800000)]
  0x000000001adcc800 JavaThread "Java2D Disposer" daemon [_thread_blocked, id=12544, stack(0x000000001cb70000,0x000000001cc70000)]
  0x000000001ab05800 JavaThread "Service Thread" daemon [_thread_blocked, id=22088, stack(0x000000001c890000,0x000000001c990000)]
  0x000000001aad8800 JavaThread "C1 CompilerThread3" daemon [_thread_blocked, id=25132, stack(0x000000001c790000,0x000000001c890000)]
  0x000000001aacf000 JavaThread "C2 CompilerThread2" daemon [_thread_in_native, id=20756, stack(0x000000001c560000,0x000000001c660000)]
=>0x000000001aabc800 JavaThread "C2 CompilerThread1" daemon [_thread_in_native, id=17580, stack(0x000000001c410000,0x000000001c510000)]
  0x000000001aa81000 JavaThread "C2 CompilerThread0" daemon [_thread_in_native, id=7032, stack(0x000000001c240000,0x000000001c340000)]
  0x000000001aa7e000 JavaThread "Attach Listener" daemon [_thread_blocked, id=21088, stack(0x000000001bfb0000,0x000000001c0b0000)]
  0x000000001aa7d000 JavaThread "Signal Dispatcher" daemon [_thread_blocked, id=6968, stack(0x000000001bce0000,0x000000001bde0000)]
  0x00000000198b6000 JavaThread "Finalizer" daemon [_thread_blocked, id=21828, stack(0x000000001be40000,0x000000001bf40000)]
  0x00000000198b3800 JavaThread "Reference Handler" daemon [_thread_blocked, id=24484, stack(0x000000001bb70000,0x000000001bc70000)]

Other Threads:
  0x0000000001c9f800 VMThread [stack: 0x000000001ba30000,0x000000001bb30000] [id=25068]
  0x000000001ab06800 WatcherThread [stack: 0x000000001c9a0000,0x000000001caa0000] [id=17564]

VM state:not at safepoint (normal execution)

VM Mutex/Monitor currently owned by a thread: None

Heap:
 PSYoungGen      total 55808K, used 31494K [0x0000000780900000, 0x0000000787780000, 0x00000007c0000000)
  eden space 49152K, 51% used [0x0000000780900000,0x0000000782194998,0x0000000783900000)
  from space 6656K, 95% used [0x0000000787100000,0x000000078772d110,0x0000000787780000)
  to   space 8192K, 0% used [0x0000000786780000,0x0000000786780000,0x0000000786f80000)
 ParOldGen       total 131072K, used 32K [0x0000000701a00000, 0x0000000709a00000, 0x0000000780900000)
  object space 131072K, 0% used [0x0000000701a00000,0x0000000701a08000,0x0000000709a00000)
 Metaspace       used 15365K, capacity 15532K, committed 15744K, reserved 1062912K
  class space    used 1869K, capacity 1892K, committed 1920K, reserved 1048576K

Card table byte_map: [0x0000000011860000,0x0000000011e60000] byte_map_base: 0x000000000e053000

Marking Bits: (ParMarkBitMap*) 0x000000006a08d490
 Begin Bits: [0x00000000129a0000, 0x0000000015938000)
 End Bits:   [0x0000000015938000, 0x00000000188d0000)

Polling page: 0x0000000000310000

CodeCache: size=245760Kb used=7112Kb max_used=7112Kb free=238647Kb
 bounds [0x00000000024a0000, 0x0000000002ba0000, 0x00000000114a0000]
 total_blobs=2815 nmethods=2264 adapters=461
 compilation: enabled

Compilation events (10 events):
Event: 16.532 Thread 0x000000001aad8800 nmethod 2269 0x0000000002b93910 code [0x0000000002b93a60, 0x0000000002b93b70]
Event: 16.546 Thread 0x000000001aacf000 2270       4       java.util.concurrent.LinkedBlockingQueue$Node::<init> (10 bytes)
Event: 16.547 Thread 0x000000001aabc800 2276       4       com.google.common.cache.LocalCache$Segment::evictEntries (62 bytes)
Event: 16.547 Thread 0x000000001aa81000 2271   !   4       com.google.common.cache.LocalCache$Segment::storeLoadedValue (373 bytes)
Event: 16.548 Thread 0x000000001aacf000 nmethod 2270 0x0000000002b4ffd0 code [0x0000000002b50100, 0x0000000002b50178]
Event: 16.548 Thread 0x000000001aacf000 2272       4       com.google.common.cache.LocalCache$Segment::setValue (82 bytes)
Event: 16.554 Thread 0x000000001aad8800 2277       1       java.util.concurrent.LinkedBlockingQueue::enqueue (14 bytes)
Event: 16.554 Thread 0x000000001aad8800 nmethod 2277 0x0000000002b95d10 code [0x0000000002b95e60, 0x0000000002b95fb0]
Event: 16.589 Thread 0x000000001aabc800 nmethod 2276 0x0000000002b948d0 code [0x0000000002b94aa0, 0x0000000002b95148]
Event: 16.589 Thread 0x000000001aabc800 2278   !   4       de.crigges.texturechooser.ui.ImageListMpqModel$2::run (86 bytes)

GC Heap History (4 events):
Event: 3.334 GC heap before
{Heap before GC invocations=1 (full 0):
 PSYoungGen      total 57344K, used 49152K [0x0000000780900000, 0x0000000784900000, 0x00000007c0000000)
  eden space 49152K, 100% used [0x0000000780900000,0x0000000783900000,0x0000000783900000)
  from space 8192K, 0% used [0x0000000784100000,0x0000000784100000,0x0000000784900000)
  to   space 8192K, 0% used [0x0000000783900000,0x0000000783900000,0x0000000784100000)
 ParOldGen       total 131072K, used 0K [0x0000000701a00000, 0x0000000709a00000, 0x0000000780900000)
  object space 131072K, 0% used [0x0000000701a00000,0x0000000701a00000,0x0000000709a00000)
 Metaspace       used 11813K, capacity 11976K, committed 12032K, reserved 1060864K
  class space    used 1451K, capacity 1504K, committed 1536K, reserved 1048576K
Event: 3.369 GC heap after
Heap after GC invocations=1 (full 0):
 PSYoungGen      total 57344K, used 5424K [0x0000000780900000, 0x0000000787900000, 0x00000007c0000000)
  eden space 49152K, 0% used [0x0000000780900000,0x0000000780900000,0x0000000783900000)
  from space 8192K, 66% used [0x0000000783900000,0x0000000783e4c3f0,0x0000000784100000)
  to   space 8192K, 0% used [0x0000000787100000,0x0000000787100000,0x0000000787900000)
 ParOldGen       total 131072K, used 16K [0x0000000701a00000, 0x0000000709a00000, 0x0000000780900000)
  object space 131072K, 0% used [0x0000000701a00000,0x0000000701a04000,0x0000000709a00000)
 Metaspace       used 11813K, capacity 11976K, committed 12032K, reserved 1060864K
  class space    used 1451K, capacity 1504K, committed 1536K, reserved 1048576K
}
Event: 13.947 GC heap before
{Heap before GC invocations=2 (full 0):
 PSYoungGen      total 57344K, used 54576K [0x0000000780900000, 0x0000000787900000, 0x00000007c0000000)
  eden space 49152K, 100% used [0x0000000780900000,0x0000000783900000,0x0000000783900000)
  from space 8192K, 66% used [0x0000000783900000,0x0000000783e4c3f0,0x0000000784100000)
  to   space 8192K, 0% used [0x0000000787100000,0x0000000787100000,0x0000000787900000)
 ParOldGen       total 131072K, used 16K [0x0000000701a00000, 0x0000000709a00000, 0x0000000780900000)
  object space 131072K, 0% used [0x0000000701a00000,0x0000000701a04000,0x0000000709a00000)
 Metaspace       used 15231K, capacity 15396K, committed 15488K, reserved 1062912K
  class space    used 1869K, capacity 1892K, committed 1920K, reserved 1048576K
Event: 13.963 GC heap after
Heap after GC invocations=2 (full 0):
 PSYoungGen      total 55808K, used 6324K [0x0000000780900000, 0x0000000787780000, 0x00000007c0000000)
  eden space 49152K, 0% used [0x0000000780900000,0x0000000780900000,0x0000000783900000)
  from space 6656K, 95% used [0x0000000787100000,0x000000078772d110,0x0000000787780000)
  to   space 8192K, 0% used [0x0000000786780000,0x0000000786780000,0x0000000786f80000)
 ParOldGen       total 131072K, used 32K [0x0000000701a00000, 0x0000000709a00000, 0x0000000780900000)
  object space 131072K, 0% used [0x0000000701a00000,0x0000000701a08000,0x0000000709a00000)
 Metaspace       used 15231K, capacity 15396K, committed 15488K, reserved 1062912K
  class space    used 1869K, capacity 1892K, committed 1920K, reserved 1048576K
}

Deoptimization events (10 events):
Event: 3.259 Thread 0x0000000001d1f800 Uncommon trap: reason=class_check action=maybe_recompile pc=0x0000000002701c68 method=java.util.regex.Pattern$CharProperty.match(Ljava/util/regex/Matcher;ILjava/lang/CharSequence;)Z @ 37
Event: 3.259 Thread 0x0000000001d1f800 Uncommon trap: reason=class_check action=maybe_recompile pc=0x0000000002701c68 method=java.util.regex.Pattern$CharProperty.match(Ljava/util/regex/Matcher;ILjava/lang/CharSequence;)Z @ 37
Event: 3.281 Thread 0x0000000001d1f800 Uncommon trap: reason=class_check action=maybe_recompile pc=0x0000000002701c68 method=java.util.regex.Pattern$CharProperty.match(Ljava/util/regex/Matcher;ILjava/lang/CharSequence;)Z @ 37
Event: 3.287 Thread 0x0000000001d1f800 Uncommon trap: reason=class_check action=maybe_recompile pc=0x0000000002701c68 method=java.util.regex.Pattern$CharProperty.match(Ljava/util/regex/Matcher;ILjava/lang/CharSequence;)Z @ 37
Event: 3.645 Thread 0x0000000001d1f800 Uncommon trap: reason=class_check action=maybe_recompile pc=0x000000000265be50 method=java.lang.String.equals(Ljava/lang/Object;)Z @ 8
Event: 3.645 Thread 0x0000000001d1f800 Uncommon trap: reason=class_check action=maybe_recompile pc=0x000000000265be50 method=java.lang.String.equals(Ljava/lang/Object;)Z @ 8
Event: 3.645 Thread 0x0000000001d1f800 Uncommon trap: reason=class_check action=maybe_recompile pc=0x000000000265be50 method=java.lang.String.equals(Ljava/lang/Object;)Z @ 8
Event: 3.645 Thread 0x0000000001d1f800 Uncommon trap: reason=class_check action=maybe_recompile pc=0x000000000265be50 method=java.lang.String.equals(Ljava/lang/Object;)Z @ 8
Event: 3.996 Thread 0x0000000001d1f800 Uncommon trap: reason=predicate action=maybe_recompile pc=0x0000000002725284 method=java.util.ArrayList.indexOf(Ljava/lang/Object;)I @ 44
Event: 9.673 Thread 0x000000001d41e800 Uncommon trap: reason=unreached action=reinterpret pc=0x00000000028dc8ec method=javax.swing.DefaultListCellRenderer.firePropertyChange(Ljava/lang/String;Ljava/lang/Object;Ljava/lang/Object;)V @ 20

Internal exceptions (10 events):
Event: 16.604 Thread 0x0000000055ae5000 Exception <a 'java/io/IOException'> (0x0000000782190f48) thrown at [D:\re\workspace\8-2-build-windows-amd64-cygwin\jdk8u25\1677\hotspot\src\share\vm\prims\jni.cpp, line 716]
Event: 16.604 Thread 0x0000000055ae5000 Exception <a 'java/io/IOException'> (0x0000000782191478) thrown at [D:\re\workspace\8-2-build-windows-amd64-cygwin\jdk8u25\1677\hotspot\src\share\vm\prims\jni.cpp, line 716]
Event: 16.604 Thread 0x0000000055ae5000 Exception <a 'java/io/IOException'> (0x00000007821919a8) thrown at [D:\re\workspace\8-2-build-windows-amd64-cygwin\jdk8u25\1677\hotspot\src\share\vm\prims\jni.cpp, line 716]
Event: 16.604 Thread 0x0000000055ae5000 Exception <a 'java/io/IOException'> (0x0000000782191ed8) thrown at [D:\re\workspace\8-2-build-windows-amd64-cygwin\jdk8u25\1677\hotspot\src\share\vm\prims\jni.cpp, line 716]
Event: 16.604 Thread 0x0000000055ae5000 Exception <a 'java/io/IOException'> (0x0000000782192408) thrown at [D:\re\workspace\8-2-build-windows-amd64-cygwin\jdk8u25\1677\hotspot\src\share\vm\prims\jni.cpp, line 716]
Event: 16.605 Thread 0x0000000055ae5000 Exception <a 'java/io/IOException'> (0x0000000782192938) thrown at [D:\re\workspace\8-2-build-windows-amd64-cygwin\jdk8u25\1677\hotspot\src\share\vm\prims\jni.cpp, line 716]
Event: 16.605 Thread 0x0000000055ae5000 Exception <a 'java/io/IOException'> (0x0000000782192e68) thrown at [D:\re\workspace\8-2-build-windows-amd64-cygwin\jdk8u25\1677\hotspot\src\share\vm\prims\jni.cpp, line 716]
Event: 16.605 Thread 0x0000000055ae5000 Exception <a 'java/io/IOException'> (0x0000000782193398) thrown at [D:\re\workspace\8-2-build-windows-amd64-cygwin\jdk8u25\1677\hotspot\src\share\vm\prims\jni.cpp, line 716]
Event: 16.605 Thread 0x0000000055ae5000 Exception <a 'java/io/IOException'> (0x00000007821938c8) thrown at [D:\re\workspace\8-2-build-windows-amd64-cygwin\jdk8u25\1677\hotspot\src\share\vm\prims\jni.cpp, line 716]
Event: 16.605 Thread 0x0000000055ae5000 Exception <a 'java/io/IOException'> (0x0000000782193df8) thrown at [D:\re\workspace\8-2-build-windows-amd64-cygwin\jdk8u25\1677\hotspot\src\share\vm\prims\jni.cpp, line 716]

Events (10 events):
Event: 9.673 loading class com/sun/java/swing/plaf/windows/WindowsBorders
Event: 9.674 loading class com/sun/java/swing/plaf/windows/WindowsBorders done
Event: 9.674 loading class com/sun/java/swing/plaf/windows/WindowsBorders$ComplementDashedBorder
Event: 9.674 loading class com/sun/java/swing/plaf/windows/WindowsBorders$ComplementDashedBorder done
Event: 10.248 loading class javax/swing/Autoscroller
Event: 10.249 loading class javax/swing/Autoscroller done
Event: 13.000 loading class java/awt/image/BufferedImageOp
Event: 13.001 loading class java/awt/image/BufferedImageOp done
Event: 13.946 Executing VM operation: ParallelGCFailedAllocation
Event: 13.963 Executing VM operation: ParallelGCFailedAllocation done


Dynamic libraries:
0x000000013fd20000 - 0x000000013fd54000 	C:\Program Files\Java\jdk1.8.0_25\bin\javaw.exe
0x00000000771f0000 - 0x0000000077399000 	C:\Windows\SYSTEM32\ntdll.dll
0x0000000076fd0000 - 0x00000000770ef000 	C:\Windows\system32\kernel32.dll
0x000007fefcfc0000 - 0x000007fefd02c000 	C:\Windows\system32\KERNELBASE.dll
0x000007fefe360000 - 0x000007fefe43b000 	C:\Windows\system32\ADVAPI32.dll
0x000007feff190000 - 0x000007feff22f000 	C:\Windows\system32\msvcrt.dll
0x000007fefe440000 - 0x000007fefe45f000 	C:\Windows\SYSTEM32\sechost.dll
0x000007feff060000 - 0x000007feff18d000 	C:\Windows\system32\RPCRT4.dll
0x00000000770f0000 - 0x00000000771ea000 	C:\Windows\system32\USER32.dll
0x000007fefee30000 - 0x000007fefee97000 	C:\Windows\system32\GDI32.dll
0x000007feff050000 - 0x000007feff05e000 	C:\Windows\system32\LPK.dll
0x000007fefecb0000 - 0x000007fefed79000 	C:\Windows\system32\USP10.dll
0x000007fefb9a0000 - 0x000007fefbb94000 	C:\Windows\WinSxS\amd64_microsoft.windows.common-controls_6595b64144ccf1df_6.0.7601.18837_none_fa3b1e3d17594757\COMCTL32.dll
0x000007fefec30000 - 0x000007fefeca1000 	C:\Windows\system32\SHLWAPI.dll
0x000007fefee00000 - 0x000007fefee2e000 	C:\Windows\system32\IMM32.DLL
0x000007fefeea0000 - 0x000007fefefa9000 	C:\Windows\system32\MSCTF.dll
0x000007fefced0000 - 0x000007fefcf01000 	C:\Windows\system32\nvinitx.dll
0x000007fefcec0000 - 0x000007fefcecc000 	C:\Windows\system32\VERSION.dll
0x000007fef7850000 - 0x000007fef7962000 	C:\Windows\system32\NV\igdumd64.dll
0x000007fefe820000 - 0x000007fefe9f7000 	C:\Windows\system32\SETUPAPI.dll
0x000007fefd2e0000 - 0x000007fefd316000 	C:\Windows\system32\CFGMGR32.dll
0x000007fefe4b0000 - 0x000007fefe587000 	C:\Windows\system32\OLEAUT32.dll
0x000007fefe5b0000 - 0x000007fefe7b3000 	C:\Windows\system32\ole32.dll
0x000007fefd2c0000 - 0x000007fefd2da000 	C:\Windows\system32\DEVOBJ.dll
0x000007fef71e0000 - 0x000007fef72f2000 	C:\Windows\system32\NV\igd10umd64.dll
0x000000006aef0000 - 0x000000006afc2000 	C:\Program Files\Java\jdk1.8.0_25\jre\bin\msvcr100.dll
0x00000000698b0000 - 0x000000006a10a000 	C:\Program Files\Java\jdk1.8.0_25\jre\bin\server\jvm.dll
0x000007fef7830000 - 0x000007fef7839000 	C:\Windows\system32\WSOCK32.dll
0x000007fefe460000 - 0x000007fefe4ad000 	C:\Windows\system32\WS2_32.dll
0x000007fefd360000 - 0x000007fefd368000 	C:\Windows\system32\NSI.dll
0x000007fefad30000 - 0x000007fefad6b000 	C:\Windows\system32\WINMM.dll
0x00000000773b0000 - 0x00000000773b7000 	C:\Windows\system32\PSAPI.DLL
0x00000000731a0000 - 0x00000000731af000 	C:\Program Files\Java\jdk1.8.0_25\jre\bin\verify.dll
0x000000006d9b0000 - 0x000000006d9d8000 	C:\Program Files\Java\jdk1.8.0_25\jre\bin\java.dll
0x0000000071c90000 - 0x0000000071ca6000 	C:\Program Files\Java\jdk1.8.0_25\jre\bin\zip.dll
0x000007fefd5d0000 - 0x000007fefe359000 	C:\Windows\system32\SHELL32.dll
0x000007fefcfb0000 - 0x000007fefcfbf000 	C:\Windows\system32\profapi.dll
0x0000000069570000 - 0x0000000069708000 	C:\Program Files\Java\jdk1.8.0_25\jre\bin\awt.dll
0x000007fefb810000 - 0x000007fefb866000 	C:\Windows\system32\uxtheme.dll
0x000007fefaf00000 - 0x000007fefaf18000 	C:\Windows\system32\dwmapi.dll
0x000007fefcdf0000 - 0x000007fefcdff000 	C:\Windows\system32\CRYPTBASE.dll
0x000007fee5cf0000 - 0x000007fee5eef000 	C:\Windows\system32\d3d9.dll
0x000007fefa8d0000 - 0x000007fefa8d7000 	C:\Windows\system32\d3d8thk.dll
0x0000000180000000 - 0x00000001807ca000 	C:\Windows\system32\igdumd64.dll
0x000000006b060000 - 0x000000006b0a7000 	C:\Program Files\Java\jdk1.8.0_25\jre\bin\fontmanager.dll
0x0000000072470000 - 0x000000007248a000 	C:\Program Files\Java\jdk1.8.0_25\jre\bin\net.dll
0x000007fefc6f0000 - 0x000007fefc745000 	C:\Windows\system32\mswsock.dll
0x000007fefc6e0000 - 0x000007fefc6e7000 	C:\Windows\System32\wship6.dll
0x0000000071c70000 - 0x0000000071c81000 	C:\Program Files\Java\jdk1.8.0_25\jre\bin\nio.dll
0x000000006b020000 - 0x000000006b051000 	C:\Program Files\Java\jdk1.8.0_25\jre\bin\jpeg.dll
0x000007fef9780000 - 0x000007fef9820000 	C:\Windows\WinSxS\amd64_microsoft.windows.common-controls_6595b64144ccf1df_5.82.7601.18837_none_a4d981ff711297b6\comctl32.dll
0x000000006afd0000 - 0x000000006b011000 	C:\Program Files\Java\jdk1.8.0_25\jre\bin\t2k.dll
0x000007fefc750000 - 0x000007fefc768000 	C:\Windows\system32\CRYPTSP.dll
0x000007fefc450000 - 0x000007fefc497000 	C:\Windows\system32\rsaenh.dll
0x000007fefd330000 - 0x000007fefd34e000 	C:\Windows\system32\USERENV.dll
0x000007fefa850000 - 0x000007fefa877000 	C:\Windows\system32\IPHLPAPI.DLL
0x000007fefa840000 - 0x000007fefa84b000 	C:\Windows\system32\WINNSI.DLL
0x000007fefa650000 - 0x000007fefa668000 	C:\Windows\system32\dhcpcsvc.DLL
0x000007fefa630000 - 0x000007fefa641000 	C:\Windows\system32\dhcpcsvc6.DLL
0x000007fefea00000 - 0x000007fefea99000 	C:\Windows\system32\CLBCatQ.DLL
0x000007fefa9a0000 - 0x000007fefab01000 	C:\Windows\system32\WindowsCodecs.dll
0x000007fefcd90000 - 0x000007fefcde7000 	C:\Windows\system32\apphelp.dll
0x000007feef930000 - 0x000007feef96b000 	C:\Users\Crigges-Pc\AppData\Roaming\Dropbox\bin\DropboxExt64.27.dll
0x000007fef5cb0000 - 0x000007fef5ce5000 	C:\Windows\system32\EhStorShell.dll
0x000007fefb520000 - 0x000007fefb64c000 	C:\Windows\system32\PROPSYS.dll
0x000007fef5c30000 - 0x000007fef5cae000 	C:\Windows\System32\cscui.dll
0x000007fef5c10000 - 0x000007fef5c1c000 	C:\Windows\System32\CSCDLL.dll
0x000007fef5c00000 - 0x000007fef5c0f000 	C:\Windows\system32\CSCAPI.dll
0x000007fef5b70000 - 0x000007fef5bf0000 	C:\Windows\system32\ntshrui.dll
0x000007fefca10000 - 0x000007fefca33000 	C:\Windows\system32\srvcli.dll
0x000007fefac20000 - 0x000007fefac2b000 	C:\Windows\system32\slc.dll

VM Arguments:
jvm_args: -Dfile.encoding=Cp1252 
java_command: de.crigges.texturechooser.ui.TextureChooser
java_class_path (initial): C:\Users\Crigges-Pc\git\TextureChooser\bin;C:\Users\Crigges-Pc\git\TextureChooser\jgoodies-forms-1.8.0.jar;C:\Users\Crigges-Pc\git\TextureChooser\miglayout15-swing.jar;C:\Users\Crigges-Pc\git\TextureChooser\lib\guava-14.0-rc1.jar;C:\Users\Crigges-Pc\git\TextureChooser\lib\jmpq3.jar
Launcher Type: SUN_STANDARD

Environment Variables:
PATH=C:/Users/Crigges-Pc/Desktop/Desktop/eclipse 8Java//Java_64/bin/server;C:/Users/Crigges-Pc/Desktop/Desktop/eclipse 8Java//Java_64/bin;C:/Users/Crigges-Pc/Desktop/Desktop/eclipse 8Java//Java_64/lib/amd64;C:\ProgramData\Oracle\Java\javapath;C:\Program Files\Haskell\bin;C:\Program Files\Haskell Platform\2014.2.0.0\lib\extralibs\bin;C:\Program Files\Haskell Platform\2014.2.0.0\bin;C:\Windows\system32;C:\Windows;C:\Windows\System32\Wbem;C:\Windows\System32\WindowsPowerShell\v1.0\;C:\Program Files (x86)\Intel\OpenCL SDK\2.0\bin\x86;C:\Program Files (x86)\Intel\OpenCL SDK\2.0\bin\x64;C:\Program Files\Intel\WiFi\bin\;C:\Program Files\Common Files\Intel\WirelessCommon\;C:\Program Files\Haskell Platform\2014.2.0.0\mingw\bin;C:\Program Files (x86)\Git\cmd;C:\Program Files (x86)\NVIDIA Corporation\PhysX\Common;C:\Windows\system32\config\systemprofile\.dnx\bin;C:\Program Files\Microsoft DNX\Dnvm\;C:\Program Files (x86)\Skype\Phone\;C:\Program Files (x86)\GtkSharp\2.12\bin;C:\Users\Crigges-Pc\Desktop\Desktop\eclipse 8Java;
USERNAME=Crigges-Pc
OS=Windows_NT
PROCESSOR_IDENTIFIER=Intel64 Family 6 Model 58 Stepping 9, GenuineIntel



---------------  S Y S T E M  ---------------

OS: Windows 7 , 64 bit Build 7601 Service Pack 1

CPU:total 8 (4 cores per cpu, 2 threads per core) family 6 model 58 stepping 9, cmov, cx8, fxsr, mmx, sse, sse2, sse3, ssse3, sse4.1, sse4.2, popcnt, avx, aes, clmul, erms, ht, tsc, tscinvbit, tscinv

Memory: 4k page, physical 12472856k(4312316k free), swap 12471016k(5052k free)

vm_info: Java HotSpot(TM) 64-Bit Server VM (25.25-b02) for windows-amd64 JRE (1.8.0_25-b18), built on Oct  7 2014 14:25:37 by "java_re" with MS VC++ 10.0 (VS2010)

time: Fri Oct 02 02:46:42 2015
elapsed time: 16 seconds (0d 0h 0m 16s)

