JvmtiExport can_access_local_variables 0
JvmtiExport can_hotswap_or_post_breakpoint 0
JvmtiExport can_post_on_exceptions 0
# 131 ciObject found
ciMethod sun/java2d/SurfaceData markDirty ()V 3089 1 18662 0 64
ciMethod sun/java2d/SurfaceData getReplacement ()Lsun/java2d/SurfaceData; 0 0 1 0 -1
ciMethod sun/java2d/SurfaceData getBounds ()Ljava/awt/Rectangle; 0 0 1 0 -1
ciMethod sun/java2d/StateTrackableDelegate markDirty ()V 2753 1 24765 0 0
ciMethod sun/java2d/pipe/PixelFillPipe fillRect (Lsun/java2d/SunGraphics2D;IIII)V 0 0 1 0 -1
ciMethod sun/java2d/pipe/LoopPipe fillRect (Lsun/java2d/SunGraphics2D;IIII)V 2097 1 6406 0 160
ciMethod sun/java2d/SunGraphics2D setDevClip (Ljava/awt/Rectangle;)V 2065 1 5405 0 -1
ciMethod sun/java2d/SunGraphics2D invalidatePipe ()V 4097 1 1560 0 -1
ciMethod sun/java2d/SunGraphics2D validatePipe ()V 2049 1 8267 0 -1
ciMethod sun/java2d/SunGraphics2D getSurfaceData ()Lsun/java2d/SurfaceData; 1025 1 128 0 0
ciMethod sun/java2d/SunGraphics2D validateColor ()V 2745 1 5463 0 -1
ciMethod sun/java2d/SunGraphics2D fillRect (IIII)V 2097 1 5411 0 1472
ciMethod sun/java2d/SunGraphics2D revalidateAll ()V 0 0 1 0 0
ciMethod java/awt/Graphics fillRect (IIII)V 0 0 1 0 -1
ciMethod sun/java2d/loops/XORComposite getXorColor ()Ljava/awt/Color; 0 0 1 0 -1
ciMethod sun/java2d/loops/FillRect FillRect (Lsun/java2d/SunGraphics2D;Lsun/java2d/SurfaceData;IIII)V 3081 1 385 0 -1
ciMethod sun/java2d/pipe/ValidatePipe validate (Lsun/java2d/SunGraphics2D;)Z 2049 1 8266 0 736
ciMethod sun/java2d/pipe/ValidatePipe fillRect (Lsun/java2d/SunGraphics2D;IIII)V 2049 1 496 0 0
ciMethodData sun/java2d/pipe/ValidatePipe fillRect (Lsun/java2d/SunGraphics2D;IIII)V 1 496 orig 264 184 158 172 80 0 0 0 0 216 242 135 25 0 0 0 0 240 1 0 0 0 0 0 0 0 0 0 0 0 0 0 0 0 0 0 0 0 0 0 0 0 0 0 0 0 0 0 0 0 0 0 0 0 0 0 0 0 0 0 0 0 0 0 0 0 0 0 0 0 0 0 0 0 0 0 0 0 0 0 0 77 68 79 32 101 120 116 114 97 32 100 97 116 97 32 108 111 99 107 0 0 0 0 0 0 0 0 0 0 0 0 0 0 0 0 0 0 0 0 0 0 0 0 0 0 0 0 0 0 0 0 0 0 0 0 0 0 0 0 0 0 0 0 0 0 0 0 0 0 0 0 0 0 0 0 0 0 0 0 0 0 0 0 0 0 0 0 0 0 0 0 0 0 0 0 0 0 0 0 0 0 0 0 0 0 0 0 0 0 0 0 0 0 0 0 0 0 0 0 0 0 0 0 0 0 0 0 0 0 0 0 0 0 0 0 0 0 1 0 0 129 7 0 0 1 0 0 0 0 0 0 0 0 0 0 0 2 0 0 0 0 0 9 0 3 0 1 0 128 0 0 0 255 255 255 255 5 0 2 0 0 0 0 0 data 16 0x20005 0x0 0x1b069b20 0xf0 0x0 0x0 0x50007 0x0 0x50 0xf0 0x130005 0x0 0x1b069bd0 0xf0 0x0 0x0 oops 2 2 sun/java2d/pipe/ValidatePipe 12 sun/java2d/pipe/LoopPipe
ciMethodData javax/swing/plaf/basic/BasicGraphicsUtils drawDashedRect (Ljava/awt/Graphics;IIII)V 2 56365 orig 264 184 158 172 80 0 0 0 0 48 124 143 30 0 0 0 0 152 2 0 0 24 1 0 0 0 0 0 0 0 0 0 0 0 0 0 0 0 0 0 0 0 0 0 0 0 0 0 0 0 0 0 0 0 0 0 0 0 0 0 0 0 0 0 0 0 0 0 0 0 0 0 0 0 0 0 0 0 0 0 0 77 68 79 32 101 120 116 114 97 32 100 97 116 97 32 108 111 99 107 0 0 0 0 0 0 0 0 0 0 0 0 0 0 0 0 0 0 0 0 0 0 0 0 0 0 0 0 0 0 0 0 0 0 0 0 0 0 0 0 0 0 0 0 0 0 0 0 0 0 0 0 0 0 0 0 0 0 0 0 0 0 0 0 0 0 0 0 0 0 0 0 0 0 0 0 0 0 0 0 0 0 0 0 0 0 0 0 0 0 0 0 0 0 0 0 0 0 0 0 0 0 0 0 0 0 0 0 0 0 0 0 0 0 0 0 0 26 28 0 0 73 23 0 0 153 0 6 0 0 0 0 0 0 0 0 0 2 0 0 0 2 0 9 0 3 4 1 0 48 1 0 0 255 255 255 255 7 0 8 0 0 0 0 0 data 38 0x80007 0x2e9 0x98 0x6009 0x110005 0x0 0x1d124b40 0x6009 0x0 0x0 0x1f0005 0x0 0x1d124b40 0x6009 0x0 0x0 0x250003 0x6009 0xffffffffffffff80 0x310007 0x2e9 0x98 0x6009 0x3a0005 0x0 0x1d124b40 0x6009 0x0 0x0 0x470005 0x0 0x1d124b40 0x6009 0x0 0x0 0x4d0003 0x6009 0xffffffffffffff80 oops 4 6 sun/java2d/SunGraphics2D 12 sun/java2d/SunGraphics2D 25 sun/java2d/SunGraphics2D 31 sun/java2d/SunGraphics2D
ciMethod javax/swing/plaf/basic/BasicGraphicsUtils drawDashedRect (Ljava/awt/Graphics;IIII)V 873 57553 854 0 -1
ciMethodData sun/java2d/StateTrackableDelegate markDirty ()V 2 24765 orig 264 184 158 172 80 0 0 0 0 48 100 85 25 0 0 0 0 32 1 0 0 0 0 0 0 0 0 0 0 0 0 0 0 0 0 0 0 0 0 0 0 0 0 0 0 0 0 0 0 0 0 0 0 0 0 0 0 0 0 0 0 0 0 0 0 0 0 0 0 0 0 0 0 0 0 0 0 0 0 0 0 77 68 79 32 101 120 116 114 97 32 100 97 116 97 32 108 111 99 107 0 0 0 0 0 0 0 0 0 0 0 0 0 0 0 0 0 0 0 0 0 0 0 0 0 0 0 0 0 0 0 0 0 0 0 0 0 0 0 0 0 0 0 0 0 0 0 0 0 0 0 0 0 0 0 0 0 0 0 0 0 0 0 0 0 0 0 0 0 0 0 0 0 0 0 0 0 0 0 0 0 0 0 0 0 0 0 0 0 0 0 0 0 0 0 0 0 0 0 0 0 0 0 0 0 0 0 0 0 0 0 0 0 0 0 0 0 87 1 0 0 41 251 2 0 1 0 0 0 0 0 0 0 0 0 0 0 2 0 0 0 0 0 3 0 3 0 0 0 0 0 0 0 255 255 255 255 0 0 0 0 0 0 0 0 data 0 oops 0
ciMethodData sun/java2d/SurfaceData markDirty ()V 2 18662 orig 264 184 158 172 80 0 0 0 0 104 60 83 25 0 0 0 0 120 1 0 0 0 0 0 0 0 0 0 0 0 0 0 0 0 0 0 0 0 0 0 0 0 0 0 0 0 0 0 0 0 0 0 0 0 0 0 0 0 0 0 0 0 0 0 0 0 0 0 0 0 0 0 0 0 0 0 0 0 0 0 0 77 68 79 32 101 120 116 114 97 32 100 97 116 97 32 108 111 99 107 0 0 0 0 0 0 0 0 0 0 0 0 0 0 0 0 0 0 0 0 0 0 0 0 0 0 0 0 0 0 0 0 0 0 0 0 0 0 0 0 0 0 0 0 0 0 0 0 0 0 0 0 0 0 0 0 0 0 0 0 0 0 0 0 0 0 0 0 0 0 0 0 0 0 0 0 0 0 0 0 0 0 0 0 0 17 0 0 0 0 0 0 0 0 0 0 0 0 0 0 0 1 0 0 0 0 0 0 0 0 0 0 0 0 0 0 0 130 1 0 0 33 59 2 0 1 0 0 0 0 0 0 0 0 0 0 0 2 0 0 0 0 0 3 0 4 0 1 0 48 0 0 0 255 255 255 255 5 0 4 0 0 0 0 0 data 6 0x40005 0x0 0x1b05ff50 0x4763 0x0 0x0 oops 1 2 sun/java2d/StateTrackableDelegate
ciMethodData sun/java2d/SunGraphics2D fillRect (IIII)V 2 5411 orig 264 184 158 172 80 0 0 0 0 224 80 134 25 0 0 0 0 176 2 0 0 184 0 0 0 0 0 0 0 0 0 0 0 0 0 0 0 0 0 0 0 0 0 0 0 0 0 0 0 0 0 0 0 0 0 0 0 0 0 0 0 0 0 0 0 0 0 0 0 0 0 0 0 0 0 0 0 0 0 0 0 77 68 79 32 101 120 116 114 97 32 100 97 116 97 32 108 111 99 107 0 0 0 0 0 0 0 0 0 0 0 0 0 0 0 0 0 0 0 0 0 0 0 0 0 0 0 0 0 0 0 0 0 0 0 0 0 0 0 0 0 0 0 0 0 0 0 0 0 0 0 0 0 0 0 0 0 0 0 0 0 0 0 0 0 0 0 0 0 0 0 0 0 0 0 0 0 0 0 0 0 0 0 0 0 17 0 0 0 0 0 0 0 0 0 0 0 0 0 0 0 0 0 0 0 0 0 0 0 0 0 0 0 0 0 0 0 6 1 0 0 233 160 0 0 1 0 0 0 0 0 0 0 0 0 0 0 2 0 0 0 0 0 12 0 4 0 1 0 72 1 0 0 255 255 255 255 5 0 10 0 0 0 0 0 data 41 0xa0005 0x0 0x1b069b20 0x178 0x1b069bd0 0x12a5 0x130005 0x2 0x1b069c80 0x141b 0x0 0x0 0x160003 0x141d 0xe8 0x1c0002 0x0 0x290005 0x0 0x0 0x0 0x0 0x0 0x2e0003 0x0 0x18 0x370005 0x0 0x0 0x0 0x0 0x0 0x3a0003 0x0 0x48 0x430005 0x0 0x0 0x0 0x0 0x0 oops 3 2 sun/java2d/pipe/ValidatePipe 4 sun/java2d/pipe/LoopPipe 8 sun/awt/image/BufImgSurfaceData
ciMethodData sun/java2d/pipe/LoopPipe fillRect (Lsun/java2d/SunGraphics2D;IIII)V 2 6406 orig 264 184 158 172 80 0 0 0 0 216 234 85 25 0 0 0 0 208 1 0 0 0 0 0 0 0 0 0 0 0 0 0 0 0 0 0 0 0 0 0 0 0 0 0 0 0 0 0 0 0 0 0 0 0 0 0 0 0 0 0 0 0 0 0 0 0 0 0 0 0 0 0 0 0 0 0 0 0 0 0 0 77 68 79 32 101 120 116 114 97 32 100 97 116 97 32 108 111 99 107 0 0 0 0 0 0 0 0 0 0 0 0 0 0 0 0 0 0 0 0 0 0 0 0 0 0 0 0 0 0 0 0 0 0 0 0 0 0 0 0 0 0 0 0 0 0 0 0 0 0 0 0 0 0 0 0 0 0 0 0 0 0 0 0 0 0 0 0 0 0 0 0 0 0 0 0 0 0 0 0 0 0 0 0 0 0 0 0 0 0 0 0 0 0 0 0 0 0 0 0 0 0 0 0 0 0 0 0 0 0 0 0 0 0 0 0 0 6 1 0 0 1 192 0 0 1 0 0 0 0 0 0 0 0 0 0 0 2 0 0 0 0 0 3 0 4 0 1 0 96 0 0 0 255 255 255 255 5 0 9 0 0 0 0 0 data 12 0x90005 0x0 0x1d124b40 0x1800 0x0 0x0 0x1c0005 0x0 0x1b06e820 0x1800 0x0 0x0 oops 2 2 sun/java2d/SunGraphics2D 8 sun/java2d/loops/FillRect
instanceKlass sun/nio/ch/FileChannelImpl$1
instanceKlass sun/misc/JavaNioAccess$BufferPool
instanceKlass java/util/ArrayList$1
instanceKlass com/google/common/collect/UnmodifiableIterator
instanceKlass java/util/EnumMap$EnumMapIterator
instanceKlass java/util/WeakHashMap$HashIterator
instanceKlass com/sun/java/swing/plaf/windows/AnimationController$AnimationState
instanceKlass com/sun/java/swing/plaf/windows/AnimationController$1
instanceKlass javax/swing/Autoscroller
instanceKlass com/sun/java/swing/plaf/windows/WindowsBorders
instanceKlass java/awt/LightweightDispatcher$2
instanceKlass javax/swing/Timer$1
instanceKlass de/ogerlord/wcdatalib/image/TgaFile
instanceKlass javax/swing/TimerQueue$DelayedTimer
instanceKlass java/util/concurrent/Delayed
instanceKlass java/awt/AWTEvent$2
instanceKlass java/awt/Toolkit$SelectiveAWTEventListener
instanceKlass java/awt/LightweightDispatcher$1
instanceKlass java/awt/Container$MouseEventTargetFilter
instanceKlass java/awt/Container$EventTargetFilter
instanceKlass java/awt/Cursor$CursorDisposer
instanceKlass java/text/AttributedString$AttributedStringIterator
instanceKlass java/text/AttributedCharacterIterator
instanceKlass java/text/AttributedString
instanceKlass sun/awt/im/CompositionAreaHandler
instanceKlass java/awt/KeyboardFocusManager$3
instanceKlass javax/swing/RepaintManager$3
instanceKlass java/awt/KeyboardFocusManager$LightweightFocusRequest
instanceKlass java/awt/DefaultKeyboardFocusManager$TypeAheadMarker
instanceKlass java/awt/KeyboardFocusManager$HeavyweightFocusRequest
instanceKlass sun/java2d/loops/GraphicsPrimitive$GeneralBinaryOp
instanceKlass javax/swing/JComponent$2
instanceKlass java/awt/EventQueue$4
instanceKlass sun/java2d/loops/FontInfo
instanceKlass java/awt/PrintGraphics
instanceKlass java/awt/print/PrinterGraphics
instanceKlass com/sun/java/swing/plaf/windows/WindowsGraphicsUtils
instanceKlass com/sun/java/swing/plaf/windows/WindowsButtonUI$1
instanceKlass sun/util/locale/InternalLocaleBuilder$CaseInsensitiveChar
instanceKlass sun/util/locale/InternalLocaleBuilder
instanceKlass sun/util/locale/StringTokenIterator
instanceKlass sun/util/locale/ParseStatus
instanceKlass sun/awt/im/InputMethodAdapter
instanceKlass java/awt/im/spi/InputMethod
instanceKlass java/util/Vector$1
instanceKlass com/sun/image/codec/jpeg/JPEGHuffmanTable
instanceKlass java/awt/im/spi/InputMethodContext
instanceKlass java/awt/im/InputMethodRequests
instanceKlass com/sun/image/codec/jpeg/JPEGQTable
instanceKlass sun/awt/image/codec/JPEGParam
instanceKlass com/sun/image/codec/jpeg/JPEGEncodeParam
instanceKlass com/sun/image/codec/jpeg/JPEGDecodeParam
instanceKlass java/awt/im/InputContext
instanceKlass sun/awt/image/codec/JPEGImageDecoderImpl$1
instanceKlass sun/awt/image/codec/JPEGImageDecoderImpl
instanceKlass com/sun/image/codec/jpeg/JPEGImageDecoder
instanceKlass com/sun/image/codec/jpeg/JPEGCodec
instanceKlass de/ogerlord/wcdatalib/image/BlpFile
instanceKlass de/crigges/texturechooser/ui/ImageListMpqModel$LoadTask
instanceKlass com/google/common/util/concurrent/Uninterruptibles
instanceKlass de/crigges/texturechooser/ui/ImageListMpqModel$2
instanceKlass com/google/common/cache/LocalCache$StrongEntry
instanceKlass com/google/common/base/Stopwatch
instanceKlass com/google/common/collect/ImmutableCollection
instanceKlass com/google/common/collect/Lists
instanceKlass com/google/common/util/concurrent/ExecutionList
instanceKlass com/google/common/util/concurrent/AbstractFuture
instanceKlass com/google/common/cache/LocalCache$LoadingValueReference
instanceKlass com/google/common/base/Platform
instanceKlass sun/swing/ImageCache$Entry
instanceKlass com/sun/java/swing/plaf/windows/AnimationController$PartUIClientPropertyKey
instanceKlass com/sun/java/swing/plaf/windows/AnimationController
instanceKlass java/awt/geom/RectIterator
instanceKlass java/awt/geom/PathIterator
instanceKlass java/awt/image/BufferedImage$1
instanceKlass sun/java2d/opengl/OGLGraphicsConfig
instanceKlass sun/java2d/pipe/hw/AccelGraphicsConfig
instanceKlass sun/java2d/pipe/hw/BufferedContextProvider
instanceKlass sun/awt/SunGraphicsCallback
instanceKlass javax/swing/RepaintManager$4
instanceKlass javax/swing/RepaintManager$2$1
instanceKlass com/sun/java/swing/plaf/windows/WindowsTextFieldUI$WindowsFieldCaret$SafeScroller
instanceKlass sun/awt/GlobalCursorManager$NativeUpdater
instanceKlass sun/awt/GlobalCursorManager
instanceKlass java/awt/SequencedEvent$1
instanceKlass sun/awt/AWTAccessor$SequencedEventAccessor
instanceKlass java/awt/SplashScreen
instanceKlass com/sun/java/swing/plaf/windows/WindowsLookAndFeel$2
instanceKlass javax/swing/LayoutStyle
instanceKlass javax/swing/GroupLayout$SpringDelta
instanceKlass javax/swing/GroupLayout$1
instanceKlass javax/swing/plaf/basic/BasicGraphicsUtils
instanceKlass javax/swing/GroupLayout$AutoPreferredGapMatch
instanceKlass sun/awt/NullComponentPeer
instanceKlass java/awt/peer/LightweightPeer
instanceKlass sun/awt/im/ExecutableInputMethodManager$3
instanceKlass sun/awt/im/InputMethodLocator
instanceKlass sun/awt/windows/WInputMethodDescriptor
instanceKlass java/awt/im/spi/InputMethodDescriptor
instanceKlass sun/awt/im/InputMethodManager
instanceKlass sun/awt/FontConfiguration$2
instanceKlass sun/awt/NativeLibLoader$1
instanceKlass sun/awt/NativeLibLoader
instanceKlass sun/awt/PlatformFont
instanceKlass java/awt/peer/FontPeer
instanceKlass sun/awt/windows/WColor
instanceKlass sun/java2d/StateTracker$2
instanceKlass sun/java2d/StateTracker$1
instanceKlass sun/java2d/StateTracker
instanceKlass sun/java2d/SurfaceDataProxy
instanceKlass sun/awt/image/SurfaceManager$FlushableCacheData
instanceKlass sun/java2d/windows/GDIRenderer
instanceKlass sun/java2d/ScreenUpdateManager
instanceKlass javax/swing/RepaintManager$2
instanceKlass sun/awt/windows/WComponentPeer$2
instanceKlass sun/awt/im/InputMethodWindow
instanceKlass sun/awt/ExtendedKeyCodes
instanceKlass sun/awt/RepaintArea
instanceKlass sun/awt/windows/WWindowPeer$GuiDisposedListener
instanceKlass sun/awt/windows/WWindowPeer$ActiveWindowListener
instanceKlass java/awt/peer/CanvasPeer
instanceKlass java/awt/peer/PanelPeer
instanceKlass java/awt/peer/FramePeer
instanceKlass java/awt/peer/WindowPeer
instanceKlass java/awt/peer/ContainerPeer
