JvmtiExport can_access_local_variables 0
JvmtiExport can_hotswap_or_post_breakpoint 0
JvmtiExport can_post_on_exceptions 0
# 152 ciObject found
ciMethod java/lang/Object <init> ()V 4097 1 421212 0 0
ciMethod java/lang/Math ceil (D)D 2049 1 12984 0 -1
ciMethodData java/lang/Object <init> ()V 2 421212 orig 264 184 158 98 88 0 0 0 0 136 4 4 25 0 0 0 0 32 1 0 0 0 0 0 0 0 0 0 0 0 0 0 0 0 0 0 0 0 0 0 0 0 0 0 0 0 0 0 0 0 0 0 0 0 0 0 0 0 0 0 0 0 0 0 0 0 0 0 0 0 0 0 0 0 0 0 0 0 0 0 0 77 68 79 32 101 120 116 114 97 32 100 97 116 97 32 108 111 99 107 0 0 0 0 0 0 0 0 0 0 0 0 0 0 0 0 0 0 0 0 0 0 0 0 0 0 0 0 0 0 0 0 0 0 0 0 0 0 0 0 0 0 0 0 0 0 0 0 0 0 0 0 0 0 0 0 0 0 0 0 0 0 0 0 0 0 0 0 0 0 0 0 0 0 0 0 0 0 0 0 0 0 0 0 0 1 0 0 0 0 0 0 0 1 0 0 0 0 0 0 0 1 0 0 0 0 0 0 0 0 0 0 0 0 0 0 0 0 2 0 0 225 90 51 0 1 0 0 0 0 0 0 0 0 0 0 0 2 0 0 0 0 0 3 0 3 0 0 0 0 0 0 0 255 255 255 255 0 0 0 0 0 0 0 0 data 0 oops 0
ciMethod java/awt/image/ColorModel getRGBdefault ()Ljava/awt/image/ColorModel; 1337 1 340 0 -1
ciMethod java/awt/image/ColorModel <init> (I[ILjava/awt/color/ColorSpace;ZZII)V 3081 11593 3459 0 -1
ciMethod java/awt/image/ColorModel createCompatibleWritableRaster (II)Ljava/awt/image/WritableRaster; 0 0 1 0 -1
ciMethod java/awt/image/ColorModel getDefaultTransferType (I)I 2049 1 271 0 -1
ciMethod java/awt/image/DirectColorModel <init> (IIII)V 17 1 2 0 0
ciMethod java/awt/image/DirectColorModel <init> (IIIII)V 801 1 271 0 -1
ciMethod java/awt/image/DirectColorModel <init> (Ljava/awt/color/ColorSpace;IIIIIZI)V 0 0 1 0 -1
ciMethod java/awt/image/DirectColorModel createCompatibleWritableRaster (II)Ljava/awt/image/WritableRaster; 2049 1 610 0 0
ciMethod java/awt/color/ColorSpace getInstance (I)Ljava/awt/color/ColorSpace; 3073 1 5607 0 4288
ciMethod java/awt/color/ColorSpace getNumComponents ()I 1049 1 131 0 -1
ciMethod java/awt/color/ICC_Profile getInstance (I)Ljava/awt/color/ICC_Profile; 9 1 1 0 -1
ciMethod java/awt/color/ICC_ColorSpace <init> (Ljava/awt/color/ICC_Profile;)V 9 1 1 0 -1
ciMethod java/awt/image/IndexColorModel <init> (II[B[B[B)V 0 0 1 0 0
ciMethod java/awt/image/IndexColorModel <init> (II[IIZII)V 17 1 2 0 0
ciMethod java/awt/image/IndexColorModel setRGBs (I[B[B[B[B)V 0 0 1 0 -1
ciMethod java/awt/image/IndexColorModel setRGBs (I[IIZ)V 17 33 2 0 -1
ciMethod java/awt/image/IndexColorModel setTransparentPixel (I)V 17 1 2 0 -1
ciMethod java/awt/image/IndexColorModel calculatePixelMask ()V 17 1 2 0 -1
ciMethod java/awt/Image <init> ()V 4097 1 5634 0 32
ciMethod java/awt/image/BufferedImage <init> (III)V 409 1 5684 0 -1
ciMethod java/awt/image/Raster createInterleavedRaster (IIIILjava/awt/Point;)Ljava/awt/image/WritableRaster; 1241 4913 2810 0 0
ciMethod java/awt/image/Raster createInterleavedRaster (IIIII[ILjava/awt/Point;)Ljava/awt/image/WritableRaster; 3657 1 5602 0 3616
ciMethod java/awt/image/Raster createPackedRaster (III[ILjava/awt/Point;)Ljava/awt/image/WritableRaster; 2041 1 615 0 -1
ciMethod java/awt/image/Raster createPackedRaster (IIIIILjava/awt/Point;)Ljava/awt/image/WritableRaster; 0 0 1 0 0
ciMethod java/awt/image/Raster createInterleavedRaster (Ljava/awt/image/DataBuffer;IIII[ILjava/awt/Point;)Ljava/awt/image/WritableRaster; 4097 1 5607 0 -1
ciMethod java/awt/image/Raster createPackedRaster (Ljava/awt/image/DataBuffer;IIILjava/awt/Point;)Ljava/awt/image/WritableRaster; 0 0 1 0 -1
ciMethod java/awt/image/Raster createWritableRaster (Ljava/awt/image/SampleModel;Ljava/awt/image/DataBuffer;Ljava/awt/Point;)Ljava/awt/image/WritableRaster; 0 0 1 0 -1
ciMethod java/awt/image/DataBufferByte <init> (I)V 4097 1 5601 0 -1
ciMethod java/awt/image/DataBuffer getDataTypeSize (I)I 2881 1 5483 0 64
ciMethod java/awt/image/SampleModel createDataBuffer ()Ljava/awt/image/DataBuffer; 0 0 1 0 -1
ciMethod java/awt/image/DataBufferInt <init> (I)V 2049 1 615 0 -1
ciMethod java/awt/image/ComponentColorModel <init> (Ljava/awt/color/ColorSpace;[IZZII)V 2417 1 5083 0 0
ciMethod java/awt/image/ComponentColorModel bitsHelper (ILjava/awt/color/ColorSpace;Z)I 3129 1 5090 0 0
ciMethod java/awt/image/ComponentColorModel bitsArrayHelper ([IILjava/awt/color/ColorSpace;Z)[I 3145 1 5090 0 -1
ciMethod java/awt/image/ComponentColorModel setupLUTs ()V 3489 1 5559 0 -1
ciMethod java/awt/image/ComponentColorModel createCompatibleWritableRaster (II)Ljava/awt/image/WritableRaster; 0 0 1 0 0
ciMethod java/awt/image/ComponentColorModel createCompatibleSampleModel (II)Ljava/awt/image/SampleModel; 0 0 1 0 -1
ciMethodData java/awt/image/BufferedImage <init> (III)V 2 5684 orig 264 184 158 98 88 0 0 0 0 200 35 110 25 0 0 0 0 80 8 0 0 0 1 0 0 0 0 0 0 0 0 0 0 0 0 0 0 0 0 0 0 0 0 0 0 0 0 0 0 0 0 0 0 0 0 0 0 0 0 0 0 0 0 0 0 0 0 0 0 0 0 0 0 0 0 0 0 0 0 0 0 77 68 79 32 101 120 116 114 97 32 100 97 116 97 32 108 111 99 107 0 0 0 0 0 0 0 0 0 0 0 0 0 0 0 0 0 0 0 0 0 0 0 0 0 0 0 0 0 0 0 0 0 0 0 0 0 0 0 0 0 0 0 0 0 1 0 0 0 0 0 0 0 0 0 0 0 0 0 0 0 0 0 0 0 0 0 0 0 0 0 0 0 0 0 0 0 0 0 0 0 0 0 0 0 0 0 0 0 0 0 0 0 0 0 0 0 0 0 0 0 0 0 0 0 0 0 0 0 0 0 0 0 0 0 0 0 51 0 0 0 9 176 0 0 1 0 0 0 0 0 0 0 0 0 0 0 2 0 0 0 4 0 34 0 4 0 1 0 200 6 0 0 255 255 255 255 2 0 1 0 0 0 0 0 data 217 0x10002 0x1601 0xa0008 0x1c 0x0 0x608 0x7d 0xf0 0xb8 0x148 0x0 0x1a0 0x0 0x208 0x0 0x260 0x184 0x2a8 0x0 0x2f0 0x0 0x558 0x0 0x5b0 0x0 0x338 0x0 0x3a0 0x0 0x408 0x0 0x440 0x5b0002 0x10b 0x680005 0x0 0x1ae5c690 0x10c 0x0 0x0 0x6e0003 0x10c 0x588 0x720002 0x147 0x7f0005 0x0 0x1ae5c690 0x147 0x0 0x0 0x850003 0x147 0x530 0x900002 0x0 0xa00002 0x0 0xad0005 0x0 0x0 0x0 0x0 0x0 0xb30003 0x0 0x4c8 0xc40002 0x0 0xd10005 0x0 0x0 0x0 0x0 0x0 0xd70003 0x0 0x470 0xdd0002 0x0 0x1140002 0x0 0x1250002 0x0 0x12b0003 0x0 0x428 0x1310002 0x13af 0x1710002 0x13b3 0x1820002 0x13b2 0x1880003 0x13b1 0x3e0 0x18e0002 0x0 0x1ce0002 0x0 0x1df0002 0x0 0x1e50003 0x0 0x398 0x1eb0002 0x0 0x2070002 0x0 0x2140005 0x0 0x0 0x0 0x0 0x0 0x21a0003 0x0 0x330 0x2200002 0x0 0x23c0002 0x0 0x2490005 0x0 0x0 0x0 0x0 0x0 0x24f0003 0x0 0x2c8 0x26c0002 0x0 0x2790002 0x0 0x27f0003 0x0 0x290 0x2940007 0x0 0xa8 0x0 0x29f0007 0x0 0x70 0x0 0x2aa0007 0x0 0x38 0x0 0x2c60003 0x0 0xffffffffffffffe0 0x2cc0003 0x0 0xffffffffffffffa8 0x2d20003 0x0 0xffffffffffffff70 0x2ec0007 0x0 0x38 0x0 0x30c0003 0x0 0xffffffffffffffe0 0x31f0002 0x0 0x32b0002 0x0 0x3310003 0x0 0x178 0x3420002 0x0 0x34f0005 0x0 0x0 0x0 0x0 0x0 0x3550003 0x0 0x120 0x3670002 0x0 0x3740005 0x0 0x0 0x0 0x0 0x0 0x37a0003 0x0 0xc8 0x3850002 0x0 0x38a0005 0x0 0x0 0x0 0x0 0x0 0x38e0005 0x0 0x0 0x0 0x0 0x0 0x3910005 0x0 0x0 0x0 0x0 0x0 0x3940002 0x0 oops 2 36 java/awt/image/DirectColorModel 47 java/awt/image/DirectColorModel
ciMethodData java/awt/image/DataBuffer getDataTypeSize (I)I 2 5483 orig 264 184 158 98 88 0 0 0 0 160 184 110 25 0 0 0 0 56 2 0 0 32 0 0 0 0 0 0 0 0 0 0 0 0 0 0 0 0 0 0 0 0 0 0 0 0 0 0 0 0 0 0 0 0 0 0 0 0 0 0 0 0 0 0 0 0 0 0 0 0 0 0 0 0 0 0 0 0 0 0 0 77 68 79 32 101 120 116 114 97 32 100 97 116 97 32 108 111 99 107 0 0 0 0 0 0 0 0 0 0 0 0 0 0 0 0 0 0 0 0 0 0 0 0 0 0 0 0 0 0 0 0 0 0 0 0 0 0 0 0 0 0 0 0 0 0 0 0 0 0 0 0 0 0 0 0 0 0 0 0 0 0 0 0 0 0 0 0 0 0 0 0 0 0 0 0 0 0 0 0 0 0 0 0 0 0 0 0 0 0 0 0 0 0 0 0 0 0 0 0 0 0 0 0 0 0 0 0 0 0 0 0 0 0 0 0 0 104 1 0 0 25 160 0 0 1 0 0 0 0 0 0 0 0 0 0 0 2 0 0 0 0 0 8 0 4 0 1 0 240 0 0 0 255 255 255 255 7 0 1 0 0 0 0 0 data 30 0x10007 0x0 0x40 0x1404 0x60007 0x1404 0xd0 0x0 0x110002 0x0 0x160005 0x0 0x0 0x0 0x0 0x0 0x1a0005 0x0 0x0 0x0 0x0 0x0 0x1d0005 0x0 0x0 0x0 0x0 0x0 0x200002 0x0 oops 0
ciMethodData java/awt/Image <init> ()V 2 5634 orig 264 184 158 98 88 0 0 0 0 48 231 66 25 0 0 0 0 48 1 0 0 0 0 0 0 0 0 0 0 0 0 0 0 0 0 0 0 0 0 0 0 0 0 0 0 0 0 0 0 0 0 0 0 0 0 0 0 0 0 0 0 0 0 0 0 0 0 0 0 0 0 0 0 0 0 0 0 0 0 0 0 77 68 79 32 101 120 116 114 97 32 100 97 116 97 32 108 111 99 107 0 0 0 0 0 0 0 0 0 0 0 0 0 0 0 0 0 0 0 0 0 0 0 0 0 0 0 0 0 0 0 0 0 0 0 0 0 0 0 0 0 0 0 0 0 0 0 0 0 0 0 0 0 0 0 0 0 0 0 0 0 0 0 0 0 0 0 0 0 0 0 0 0 0 0 0 0 0 0 0 0 0 0 0 0 0 0 0 0 0 0 0 0 0 0 0 0 0 0 0 0 0 0 0 0 0 0 0 0 0 0 0 0 0 0 0 0 0 2 0 0 17 160 0 0 1 0 0 0 0 0 0 0 0 0 0 0 2 0 0 0 0 0 3 0 4 0 1 0 16 0 0 0 255 255 255 255 2 0 1 0 0 0 0 0 data 2 0x10002 0x1403 oops 0
ciMethodData java/awt/image/ComponentColorModel <init> (Ljava/awt/color/ColorSpace;[IZZII)V 2 5090 orig 264 184 158 98 88 0 0 0 0 0 40 91 30 0 0 0 0 48 3 0 0 152 1 0 0 0 0 0 0 0 0 0 0 0 0 0 0 0 0 0 0 0 0 0 0 0 0 0 0 0 0 0 0 0 0 0 0 0 0 0 0 0 0 0 0 0 0 0 0 0 0 0 0 0 0 0 0 0 0 0 0 77 68 79 32 101 120 116 114 97 32 100 97 116 97 32 108 111 99 107 0 0 0 0 0 0 0 0 0 0 0 0 0 0 0 0 0 0 0 0 0 0 0 0 0 0 0 0 0 0 0 0 0 0 0 0 0 0 0 0 0 0 0 0 0 0 0 0 0 0 0 0 0 0 0 0 0 0 0 0 0 0 0 0 0 0 0 0 0 0 0 0 0 0 0 0 0 0 0 0 0 0 0 0 0 0 0 0 0 0 0 0 0 0 0 0 0 0 0 0 0 0 0 0 0 0 0 0 0 0 0 0 0 0 0 0 0 46 1 0 0 161 149 0 0 1 0 0 0 0 0 0 0 0 0 0 0 2 0 0 0 0 0 14 0 3 0 1 0 184 1 0 0 255 255 255 255 2 0 5 0 0 0 0 0 data 55 0x50002 0x12b4 0xd0002 0x12b5 0x180002 0x12b5 0x1d0008 0xe 0x0 0xc8 0x89 0x80 0x0 0x80 0x0 0x98 0x0 0x80 0x0 0xb0 0x0 0xb0 0x4e0003 0x12b5 0xf8 0x5b0003 0x0 0xe0 0x720003 0x0 0xc8 0x7d0002 0x0 0x820005 0x0 0x0 0x0 0x0 0x0 0x870005 0x0 0x0 0x0 0x0 0x0 0x8a0005 0x0 0x0 0x0 0x0 0x0 0x8d0002 0x0 0x920002 0x12b5 oops 0
ciMethodData java/awt/image/ComponentColorModel bitsHelper (ILjava/awt/color/ColorSpace;Z)I 2 5090 orig 264 184 158 98 88 0 0 0 0 72 41 91 30 0 0 0 0 184 1 0 0 0 0 0 0 0 0 0 0 0 0 0 0 0 0 0 0 0 0 0 0 0 0 0 0 0 0 0 0 0 0 0 0 0 0 0 0 0 0 0 0 0 0 0 0 0 0 0 0 0 0 0 0 0 0 0 0 0 0 0 0 77 68 79 32 101 120 116 114 97 32 100 97 116 97 32 108 111 99 107 0 0 0 0 0 0 0 0 0 0 0 0 0 0 0 0 0 0 0 0 0 0 0 0 0 0 0 0 0 0 0 0 0 0 0 0 0 0 0 0 0 0 0 0 0 0 0 0 0 0 0 0 0 0 0 0 0 0 0 0 0 0 0 0 0 0 0 0 0 0 0 0 0 0 0 0 0 0 0 0 0 0 0 0 0 0 0 0 0 0 0 0 0 0 0 0 0 0 0 0 0 0 0 0 0 0 0 0 0 0 0 0 0 0 0 0 0 135 1 0 0 217 146 0 0 1 0 0 0 0 0 0 0 0 0 0 0 2 0 0 0 0 0 6 0 3 0 1 0 96 0 0 0 255 255 255 255 2 0 1 0 0 0 0 0 data 12 0x10002 0x125b 0x60005 0x0 0x1d004430 0x125c 0x0 0x0 0xc0007 0x0 0x20 0x125c oops 1 4 java/awt/color/ICC_ColorSpace
instanceKlass java/lang/Throwable$PrintStreamOrWriter
instanceKlass java/util/ArrayList$1
instanceKlass sun/nio/ch/FileChannelImpl$1
instanceKlass sun/misc/JavaNioAccess$BufferPool
instanceKlass java/awt/LightweightDispatcher$2
instanceKlass com/google/common/collect/UnmodifiableIterator
instanceKlass java/util/EnumMap$EnumMapIterator
instanceKlass java/util/WeakHashMap$HashIterator
instanceKlass javax/swing/Timer$1
instanceKlass com/sun/java/swing/plaf/windows/AnimationController$AnimationState
instanceKlass com/sun/java/swing/plaf/windows/AnimationController$1
instanceKlass de/ogerlord/wcdatalib/image/TgaFile
instanceKlass javax/swing/TimerQueue$DelayedTimer
instanceKlass java/util/concurrent/Delayed
instanceKlass java/awt/AWTEvent$2
instanceKlass java/awt/Toolkit$SelectiveAWTEventListener
instanceKlass java/awt/LightweightDispatcher$1
instanceKlass java/awt/Container$MouseEventTargetFilter
instanceKlass java/awt/Container$EventTargetFilter
instanceKlass java/awt/Cursor$CursorDisposer
instanceKlass java/text/AttributedString$AttributedStringIterator
instanceKlass java/text/AttributedCharacterIterator
instanceKlass java/text/AttributedString
instanceKlass sun/awt/im/CompositionAreaHandler
instanceKlass java/awt/KeyboardFocusManager$3
instanceKlass javax/swing/RepaintManager$3
instanceKlass java/awt/KeyboardFocusManager$LightweightFocusRequest
instanceKlass java/awt/DefaultKeyboardFocusManager$TypeAheadMarker
instanceKlass java/awt/KeyboardFocusManager$HeavyweightFocusRequest
instanceKlass javax/swing/JComponent$2
instanceKlass sun/java2d/loops/GraphicsPrimitive$GeneralBinaryOp
instanceKlass java/awt/EventQueue$4
instanceKlass sun/java2d/loops/FontInfo
instanceKlass java/awt/PrintGraphics
instanceKlass java/awt/print/PrinterGraphics
instanceKlass com/sun/java/swing/plaf/windows/WindowsGraphicsUtils
instanceKlass com/sun/java/swing/plaf/windows/WindowsButtonUI$1
instanceKlass sun/util/locale/InternalLocaleBuilder$CaseInsensitiveChar
instanceKlass sun/util/locale/InternalLocaleBuilder
instanceKlass sun/util/locale/StringTokenIterator
instanceKlass sun/util/locale/ParseStatus
instanceKlass sun/awt/im/InputMethodAdapter
instanceKlass java/awt/im/spi/InputMethod
instanceKlass java/util/Vector$1
instanceKlass java/awt/im/spi/InputMethodContext
instanceKlass java/awt/im/InputMethodRequests
instanceKlass java/awt/im/InputContext
instanceKlass com/sun/image/codec/jpeg/JPEGHuffmanTable
instanceKlass com/sun/image/codec/jpeg/JPEGQTable
instanceKlass sun/awt/image/codec/JPEGParam
instanceKlass com/sun/image/codec/jpeg/JPEGEncodeParam
instanceKlass com/sun/image/codec/jpeg/JPEGDecodeParam
instanceKlass sun/awt/image/codec/JPEGImageDecoderImpl$1
instanceKlass sun/awt/image/codec/JPEGImageDecoderImpl
instanceKlass com/sun/image/codec/jpeg/JPEGImageDecoder
instanceKlass com/sun/image/codec/jpeg/JPEGCodec
instanceKlass de/ogerlord/wcdatalib/image/BlpFile
instanceKlass de/crigges/texturechooser/ui/ImageListMpqModel$LoadTask
instanceKlass com/google/common/util/concurrent/Uninterruptibles
instanceKlass de/crigges/texturechooser/ui/ImageListMpqModel$2
instanceKlass com/google/common/cache/LocalCache$StrongEntry
instanceKlass com/google/common/base/Stopwatch
instanceKlass com/google/common/collect/ImmutableCollection
instanceKlass com/google/common/collect/Lists
instanceKlass com/google/common/util/concurrent/ExecutionList
instanceKlass com/google/common/util/concurrent/AbstractFuture
instanceKlass com/google/common/cache/LocalCache$LoadingValueReference
instanceKlass com/google/common/base/Platform
instanceKlass sun/swing/ImageCache$Entry
instanceKlass com/sun/java/swing/plaf/windows/AnimationController$PartUIClientPropertyKey
instanceKlass com/sun/java/swing/plaf/windows/AnimationController
instanceKlass java/awt/geom/RectIterator
instanceKlass java/awt/geom/PathIterator
instanceKlass java/awt/image/BufferedImage$1
instanceKlass sun/java2d/opengl/OGLGraphicsConfig
instanceKlass sun/java2d/pipe/hw/AccelGraphicsConfig
instanceKlass sun/java2d/pipe/hw/BufferedContextProvider
instanceKlass sun/awt/SunGraphicsCallback
instanceKlass javax/swing/RepaintManager$4
instanceKlass javax/swing/RepaintManager$2$1
instanceKlass com/sun/java/swing/plaf/windows/WindowsTextFieldUI$WindowsFieldCaret$SafeScroller
instanceKlass sun/awt/GlobalCursorManager$NativeUpdater
instanceKlass sun/awt/GlobalCursorManager
instanceKlass java/awt/SequencedEvent$1
instanceKlass sun/awt/AWTAccessor$SequencedEventAccessor
instanceKlass java/awt/SplashScreen
instanceKlass com/sun/java/swing/plaf/windows/WindowsLookAndFeel$2
instanceKlass javax/swing/LayoutStyle
instanceKlass javax/swing/GroupLayout$SpringDelta
instanceKlass javax/swing/GroupLayout$1
instanceKlass javax/swing/plaf/basic/BasicGraphicsUtils
instanceKlass javax/swing/GroupLayout$AutoPreferredGapMatch
instanceKlass sun/awt/NullComponentPeer
instanceKlass java/awt/peer/LightweightPeer
instanceKlass sun/awt/im/ExecutableInputMethodManager$3
instanceKlass sun/awt/im/InputMethodLocator
instanceKlass sun/awt/windows/WInputMethodDescriptor
instanceKlass java/awt/im/spi/InputMethodDescriptor
instanceKlass sun/awt/im/InputMethodManager
instanceKlass sun/awt/FontConfiguration$2
instanceKlass sun/awt/NativeLibLoader$1
instanceKlass sun/awt/NativeLibLoader
instanceKlass sun/awt/PlatformFont
instanceKlass java/awt/peer/FontPeer
instanceKlass sun/awt/windows/WColor
instanceKlass sun/java2d/StateTracker$2
instanceKlass sun/java2d/StateTracker$1
instanceKlass sun/java2d/StateTracker
instanceKlass sun/java2d/SurfaceDataProxy
instanceKlass sun/awt/image/SurfaceManager$FlushableCacheData
instanceKlass sun/java2d/windows/GDIRenderer
instanceKlass sun/java2d/ScreenUpdateManager
instanceKlass javax/swing/RepaintManager$2
instanceKlass sun/awt/windows/WComponentPeer$2
instanceKlass sun/awt/im/InputMethodWindow
instanceKlass sun/awt/ExtendedKeyCodes
instanceKlass sun/awt/RepaintArea
instanceKlass sun/awt/windows/WWindowPeer$GuiDisposedListener
instanceKlass sun/awt/windows/WWindowPeer$ActiveWindowListener
instanceKlass java/awt/peer/CanvasPeer
instanceKlass java/awt/peer/PanelPeer
instanceKlass java/awt/peer/FramePeer
instanceKlass java/awt/peer/WindowPeer
instanceKlass java/awt/peer/ContainerPeer
instanceKlass javax/swing/event/UndoableEditListener
instanceKlass java/util/concurrent/locks/LockSupport
instanceKlass javax/swing/text/DefaultCaret$1
instanceKlass javax/swing/TimerQueue$1
instanceKlass javax/swing/TimerQueue
instanceKlass javax/swing/text/AbstractDocument$UndoRedoDocumentEvent
instanceKlass javax/swing/event/DocumentEvent$ElementChange
instanceKlass javax/swing/text/SegmentCache
instanceKlass javax/swing/text/Utilities
instanceKlass javax/swing/text/Segment
instanceKlass java/text/CharacterIterator
instanceKlass javax/swing/event/DocumentEvent$EventType
instanceKlass javax/swing/event/DocumentEvent
instanceKlass javax/swing/undo/AbstractUndoableEdit
instanceKlass javax/swing/undo/UndoableEdit
instanceKlass javax/swing/JTextField$ScrollRepainter
instanceKlass javax/swing/plaf/synth/SynthUI
instanceKlass javax/swing/plaf/synth/SynthConstants
instanceKlass javax/swing/text/JTextComponent$DefaultKeymap
instanceKlass javax/swing/text/Keymap
instanceKlass javax/swing/text/TabExpander
instanceKlass javax/swing/text/StyleContext$KeyEnumeration
instanceKlass javax/swing/text/GapContent$StickyPosition
instanceKlass javax/swing/text/Position
instanceKlass javax/swing/text/AbstractDocument$1
instanceKlass javax/swing/text/AbstractDocument$AbstractElement
instanceKlass javax/swing/tree/TreeNode
instanceKlass javax/swing/text/Element
instanceKlass java/util/Collections$3
instanceKlass javax/swing/text/StyleContext$SmallAttributeSet
instanceKlass java/util/Collections$EmptyEnumeration
instanceKlass javax/swing/text/StyleContext$NamedStyle
instanceKlass javax/swing/text/Style
instanceKlass javax/swing/text/SimpleAttributeSet$EmptyAttributeSet
instanceKlass javax/swing/text/SimpleAttributeSet
instanceKlass javax/swing/text/MutableAttributeSet
instanceKlass javax/swing/text/AttributeSet
instanceKlass javax/swing/text/StyleContext$FontKey
instanceKlass javax/swing/text/AttributeSet$ParagraphAttribute
instanceKlass javax/swing/text/AttributeSet$ColorAttribute
instanceKlass javax/swing/text/AttributeSet$FontAttribute
instanceKlass javax/swing/text/AttributeSet$CharacterAttribute
instanceKlass javax/swing/text/StyleConstants
instanceKlass javax/swing/text/StyleContext
instanceKlass javax/swing/text/AbstractDocument$AttributeContext
instanceKlass javax/swing/text/GapVector
instanceKlass javax/swing/text/AbstractDocument$Content
instanceKlass javax/swing/text/AbstractDocument
instanceKlass javax/swing/text/DefaultHighlighter$SafeDamager
instanceKlass javax/swing/text/LayeredHighlighter$LayerPainter
instanceKlass javax/swing/text/Highlighter$HighlightPainter
instanceKlass javax/swing/text/Highlighter$Highlight
instanceKlass javax/swing/text/LayeredHighlighter
instanceKlass javax/swing/text/Highlighter
instanceKlass javax/swing/text/Document
instanceKlass javax/swing/text/DefaultCaret$Handler
instanceKlass java/awt/datatransfer/ClipboardOwner
instanceKlass javax/swing/text/Caret
instanceKlass javax/swing/plaf/basic/BasicTextUI$UpdateHandler
instanceKlass javax/swing/event/DocumentListener
instanceKlass javax/swing/text/View
instanceKlass javax/swing/text/Position$Bias
instanceKlass javax/swing/text/EditorKit
instanceKlass javax/swing/text/ViewFactory
instanceKlass javax/swing/AbstractAction
instanceKlass com/sun/beans/util/Cache$CacheEntry
instanceKlass com/sun/beans/util/Cache
instanceKlass javax/swing/text/JTextComponent$1
instanceKlass sun/swing/SwingAccessor$JTextComponentAccessor
instanceKlass java/awt/event/ComponentAdapter
instanceKlass sun/font/CMap
instanceKlass sun/font/T2KFontScaler$1
instanceKlass sun/font/FontScaler
instanceKlass sun/font/StrikeCache$DisposableStrike
instanceKlass sun/font/FontStrikeDisposer
instanceKlass sun/java2d/Disposer$PollDisposable
instanceKlass sun/font/FontStrikeDesc
instanceKlass sun/font/FontDesignMetrics$MetricsKey
instanceKlass java/awt/FontMetrics
instanceKlass com/google/common/cache/LocalCache$AbstractReferenceEntry
instanceKlass java/util/concurrent/ConcurrentLinkedQueue$Node
instanceKlass java/util/concurrent/atomic/AtomicReferenceArray
instanceKlass com/google/common/cache/RemovalListener
instanceKlass com/google/common/cache/Weigher
instanceKlass com/google/common/base/Predicate
instanceKlass com/google/common/base/Equivalence
instanceKlass com/google/common/base/Objects
instanceKlass com/google/common/cache/LocalCache$StrongValueReference
